CRITICAL - 2022-11-17 01:55:41 --> Deletes are not allowed unless they contain a "where" or "like" clause.
in SYSTEMPATH\Database\BaseBuilder.php on line 2367.
 1 SYSTEMPATH\Model.php(401): CodeIgniter\Database\BaseBuilder->delete()
 2 SYSTEMPATH\BaseModel.php(983): CodeIgniter\Model->doDelete(null, false)
 3 APPPATH\Controllers\Admin\DatapenggunaController.php(78): CodeIgniter\BaseModel->delete(null)
 4 SYSTEMPATH\CodeIgniter.php(902): App\Controllers\Admin\DatapenggunaController->delete(null)
 5 SYSTEMPATH\CodeIgniter.php(457): CodeIgniter\CodeIgniter->runController(Object(App\Controllers\Admin\DatapenggunaController))
 6 SYSTEMPATH\CodeIgniter.php(340): CodeIgniter\CodeIgniter->handleRequest(null, Object(Config\Cache), false)
 7 FCPATH\index.php(67): CodeIgniter\CodeIgniter->run()
 8 SYSTEMPATH\Commands\Server\rewrite.php(46): require_once('FCPATH\\index.php')
CRITICAL - 2022-11-17 14:07:11 --> Undefined variable $page
in APPPATH\Views\layout\page_layout.php on line 52.
 1 APPPATH\Views\layout\page_layout.php(52): CodeIgniter\Debug\Exceptions->errorHandler(2, 'Undefined variable $page', 'APPPATH\\Views\\layout\\page_layout.php', 52)
 2 SYSTEMPATH\View\View.php(213): include('APPPATH\\Views\\layout\\page_layout.php')
 3 SYSTEMPATH\View\View.php(216): CodeIgniter\View\View->CodeIgniter\View\{closure}()
 4 SYSTEMPATH\View\View.php(229): CodeIgniter\View\View->render('layout/page_layout', [], true)
 5 SYSTEMPATH\Common.php(1142): CodeIgniter\View\View->render('pages/home', [], true)
 6 APPPATH\Controllers\Admin\Pages.php(11): view('pages/home')
 7 SYSTEMPATH\CodeIgniter.php(902): App\Controllers\Admin\Pages->index()
 8 SYSTEMPATH\CodeIgniter.php(457): CodeIgniter\CodeIgniter->runController(Object(App\Controllers\Admin\Pages))
 9 SYSTEMPATH\CodeIgniter.php(340): CodeIgniter\CodeIgniter->handleRequest(null, Object(Config\Cache), false)
10 FCPATH\index.php(67): CodeIgniter\CodeIgniter->run()
11 SYSTEMPATH\Commands\Server\rewrite.php(46): require_once('FCPATH\\index.php')
CRITICAL - 2022-11-17 15:03:15 --> Undefined variable $i
in APPPATH\Views\pages\admin\pengguna\list.php on line 24.
 1 APPPATH\Views\pages\admin\pengguna\list.php(24): CodeIgniter\Debug\Exceptions->errorHandler(2, 'Undefined variable $i', 'APPPATH\\Views\\pages\\admin\\pengguna\\list.php', 24)
 2 SYSTEMPATH\View\View.php(213): include('APPPATH\\Views\\pages\\admin\\pengguna\\list.php')
 3 SYSTEMPATH\View\View.php(216): CodeIgniter\View\View->CodeIgniter\View\{closure}()
 4 SYSTEMPATH\Common.php(1142): CodeIgniter\View\View->render('pages/admin/pengguna/list', [], true)
 5 APPPATH\Controllers\Admin\DatapenggunaController.php(31): view('pages/admin/pengguna/list', [...])
 6 SYSTEMPATH\CodeIgniter.php(902): App\Controllers\Admin\DatapenggunaController->index()
 7 SYSTEMPATH\CodeIgniter.php(457): CodeIgniter\CodeIgniter->runController(Object(App\Controllers\Admin\DatapenggunaController))
 8 SYSTEMPATH\CodeIgniter.php(340): CodeIgniter\CodeIgniter->handleRequest(null, Object(Config\Cache), false)
 9 FCPATH\index.php(67): CodeIgniter\CodeIgniter->run()
10 SYSTEMPATH\Commands\Server\rewrite.php(46): require_once('FCPATH\\index.php')
CRITICAL - 2022-11-17 15:03:40 --> Undefined variable $i
in APPPATH\Views\pages\admin\pengguna\list.php on line 24.
 1 APPPATH\Views\pages\admin\pengguna\list.php(24): CodeIgniter\Debug\Exceptions->errorHandler(2, 'Undefined variable $i', 'APPPATH\\Views\\pages\\admin\\pengguna\\list.php', 24)
 2 SYSTEMPATH\View\View.php(213): include('APPPATH\\Views\\pages\\admin\\pengguna\\list.php')
 3 SYSTEMPATH\View\View.php(216): CodeIgniter\View\View->CodeIgniter\View\{closure}()
 4 SYSTEMPATH\Common.php(1142): CodeIgniter\View\View->render('pages/admin/pengguna/list', [], true)
 5 APPPATH\Controllers\Admin\DatapenggunaController.php(31): view('pages/admin/pengguna/list', [...])
 6 SYSTEMPATH\CodeIgniter.php(902): App\Controllers\Admin\DatapenggunaController->index()
 7 SYSTEMPATH\CodeIgniter.php(457): CodeIgniter\CodeIgniter->runController(Object(App\Controllers\Admin\DatapenggunaController))
 8 SYSTEMPATH\CodeIgniter.php(340): CodeIgniter\CodeIgniter->handleRequest(null, Object(Config\Cache), false)
 9 FCPATH\index.php(67): CodeIgniter\CodeIgniter->run()
10 SYSTEMPATH\Commands\Server\rewrite.php(46): require_once('FCPATH\\index.php')
CRITICAL - 2022-11-17 15:03:43 --> Undefined variable $i
in APPPATH\Views\pages\admin\pengguna\list.php on line 24.
 1 APPPATH\Views\pages\admin\pengguna\list.php(24): CodeIgniter\Debug\Exceptions->errorHandler(2, 'Undefined variable $i', 'APPPATH\\Views\\pages\\admin\\pengguna\\list.php', 24)
 2 SYSTEMPATH\View\View.php(213): include('APPPATH\\Views\\pages\\admin\\pengguna\\list.php')
 3 SYSTEMPATH\View\View.php(216): CodeIgniter\View\View->CodeIgniter\View\{closure}()
 4 SYSTEMPATH\Common.php(1142): CodeIgniter\View\View->render('pages/admin/pengguna/list', [], true)
 5 APPPATH\Controllers\Admin\DatapenggunaController.php(31): view('pages/admin/pengguna/list', [...])
 6 SYSTEMPATH\CodeIgniter.php(902): App\Controllers\Admin\DatapenggunaController->index()
 7 SYSTEMPATH\CodeIgniter.php(457): CodeIgniter\CodeIgniter->runController(Object(App\Controllers\Admin\DatapenggunaController))
 8 SYSTEMPATH\CodeIgniter.php(340): CodeIgniter\CodeIgniter->handleRequest(null, Object(Config\Cache), false)
 9 FCPATH\index.php(67): CodeIgniter\CodeIgniter->run()
10 SYSTEMPATH\Commands\Server\rewrite.php(46): require_once('FCPATH\\index.php')
CRITICAL - 2022-11-17 15:03:44 --> Undefined variable $i
in APPPATH\Views\pages\admin\pengguna\list.php on line 24.
 1 APPPATH\Views\pages\admin\pengguna\list.php(24): CodeIgniter\Debug\Exceptions->errorHandler(2, 'Undefined variable $i', 'APPPATH\\Views\\pages\\admin\\pengguna\\list.php', 24)
 2 SYSTEMPATH\View\View.php(213): include('APPPATH\\Views\\pages\\admin\\pengguna\\list.php')
 3 SYSTEMPATH\View\View.php(216): CodeIgniter\View\View->CodeIgniter\View\{closure}()
 4 SYSTEMPATH\Common.php(1142): CodeIgniter\View\View->render('pages/admin/pengguna/list', [], true)
 5 APPPATH\Controllers\Admin\DatapenggunaController.php(31): view('pages/admin/pengguna/list', [...])
 6 SYSTEMPATH\CodeIgniter.php(902): App\Controllers\Admin\DatapenggunaController->index()
 7 SYSTEMPATH\CodeIgniter.php(457): CodeIgniter\CodeIgniter->runController(Object(App\Controllers\Admin\DatapenggunaController))
 8 SYSTEMPATH\CodeIgniter.php(340): CodeIgniter\CodeIgniter->handleRequest(null, Object(Config\Cache), false)
 9 FCPATH\index.php(67): CodeIgniter\CodeIgniter->run()
10 SYSTEMPATH\Commands\Server\rewrite.php(46): require_once('FCPATH\\index.php')
CRITICAL - 2022-11-17 15:04:01 --> Undefined variable $datapengguna
in APPPATH\Views\pages\admin\pengguna\list.php on line 32.
 1 APPPATH\Views\pages\admin\pengguna\list.php(32): CodeIgniter\Debug\Exceptions->errorHandler(2, 'Undefined variable $datapengguna', 'APPPATH\\Views\\pages\\admin\\pengguna\\list.php', 32)
 2 SYSTEMPATH\View\View.php(213): include('APPPATH\\Views\\pages\\admin\\pengguna\\list.php')
 3 SYSTEMPATH\View\View.php(216): CodeIgniter\View\View->CodeIgniter\View\{closure}()
 4 SYSTEMPATH\Common.php(1142): CodeIgniter\View\View->render('pages/admin/pengguna/list', [], true)
 5 APPPATH\Controllers\Admin\DatapenggunaController.php(31): view('pages/admin/pengguna/list', [...])
 6 SYSTEMPATH\CodeIgniter.php(902): App\Controllers\Admin\DatapenggunaController->index()
 7 SYSTEMPATH\CodeIgniter.php(457): CodeIgniter\CodeIgniter->runController(Object(App\Controllers\Admin\DatapenggunaController))
 8 SYSTEMPATH\CodeIgniter.php(340): CodeIgniter\CodeIgniter->handleRequest(null, Object(Config\Cache), false)
 9 FCPATH\index.php(67): CodeIgniter\CodeIgniter->run()
10 SYSTEMPATH\Commands\Server\rewrite.php(46): require_once('FCPATH\\index.php')
CRITICAL - 2022-11-17 17:57:52 --> Undefined variable $page
in APPPATH\Views\layout\page_layout.php on line 52.
 1 APPPATH\Views\layout\page_layout.php(52): CodeIgniter\Debug\Exceptions->errorHandler(2, 'Undefined variable $page', 'APPPATH\\Views\\layout\\page_layout.php', 52)
 2 SYSTEMPATH\View\View.php(213): include('APPPATH\\Views\\layout\\page_layout.php')
 3 SYSTEMPATH\View\View.php(216): CodeIgniter\View\View->CodeIgniter\View\{closure}()
 4 SYSTEMPATH\View\View.php(229): CodeIgniter\View\View->render('layout/page_layout', [], true)
 5 SYSTEMPATH\Common.php(1142): CodeIgniter\View\View->render('pages/home', [], true)
 6 APPPATH\Controllers\Admin\Pages.php(11): view('pages/home')
 7 SYSTEMPATH\CodeIgniter.php(902): App\Controllers\Admin\Pages->index()
 8 SYSTEMPATH\CodeIgniter.php(457): CodeIgniter\CodeIgniter->runController(Object(App\Controllers\Admin\Pages))
 9 SYSTEMPATH\CodeIgniter.php(340): CodeIgniter\CodeIgniter->handleRequest(null, Object(Config\Cache), false)
10 FCPATH\index.php(67): CodeIgniter\CodeIgniter->run()
11 SYSTEMPATH\Commands\Server\rewrite.php(46): require_once('FCPATH\\index.php')
CRITICAL - 2022-11-17 17:58:03 --> Undefined variable $page
in APPPATH\Views\layout\page_layout.php on line 52.
 1 APPPATH\Views\layout\page_layout.php(52): CodeIgniter\Debug\Exceptions->errorHandler(2, 'Undefined variable $page', 'APPPATH\\Views\\layout\\page_layout.php', 52)
 2 SYSTEMPATH\View\View.php(213): include('APPPATH\\Views\\layout\\page_layout.php')
 3 SYSTEMPATH\View\View.php(216): CodeIgniter\View\View->CodeIgniter\View\{closure}()
 4 SYSTEMPATH\View\View.php(229): CodeIgniter\View\View->render('layout/page_layout', [], true)
 5 SYSTEMPATH\Common.php(1142): CodeIgniter\View\View->render('pages/home', [], true)
 6 APPPATH\Controllers\Admin\Pages.php(11): view('pages/home')
 7 SYSTEMPATH\CodeIgniter.php(902): App\Controllers\Admin\Pages->index()
 8 SYSTEMPATH\CodeIgniter.php(457): CodeIgniter\CodeIgniter->runController(Object(App\Controllers\Admin\Pages))
 9 SYSTEMPATH\CodeIgniter.php(340): CodeIgniter\CodeIgniter->handleRequest(null, Object(Config\Cache), false)
10 FCPATH\index.php(67): CodeIgniter\CodeIgniter->run()
11 SYSTEMPATH\Commands\Server\rewrite.php(46): require_once('FCPATH\\index.php')
CRITICAL - 2022-11-17 18:41:07 --> Deletes are not allowed unless they contain a "where" or "like" clause.
in SYSTEMPATH\Database\BaseBuilder.php on line 2367.
 1 SYSTEMPATH\Model.php(401): CodeIgniter\Database\BaseBuilder->delete()
 2 SYSTEMPATH\BaseModel.php(983): CodeIgniter\Model->doDelete(null, false)
 3 APPPATH\Controllers\Admin\DatapenggunaController.php(79): CodeIgniter\BaseModel->delete(null)
 4 SYSTEMPATH\CodeIgniter.php(902): App\Controllers\Admin\DatapenggunaController->delete(null)
 5 SYSTEMPATH\CodeIgniter.php(457): CodeIgniter\CodeIgniter->runController(Object(App\Controllers\Admin\DatapenggunaController))
 6 SYSTEMPATH\CodeIgniter.php(340): CodeIgniter\CodeIgniter->handleRequest(null, Object(Config\Cache), false)
 7 FCPATH\index.php(67): CodeIgniter\CodeIgniter->run()
 8 SYSTEMPATH\Commands\Server\rewrite.php(46): require_once('FCPATH\\index.php')
CRITICAL - 2022-11-17 18:42:07 --> Deletes are not allowed unless they contain a "where" or "like" clause.
in SYSTEMPATH\Database\BaseBuilder.php on line 2367.
 1 SYSTEMPATH\Model.php(401): CodeIgniter\Database\BaseBuilder->delete()
 2 SYSTEMPATH\BaseModel.php(983): CodeIgniter\Model->doDelete('ROOTPATH\\public', false)
 3 APPPATH\Controllers\Admin\DatapenggunaController.php(79): CodeIgniter\BaseModel->delete('ROOTPATH\\public')
 4 SYSTEMPATH\CodeIgniter.php(902): App\Controllers\Admin\DatapenggunaController->delete('ROOTPATH\\public')
 5 SYSTEMPATH\CodeIgniter.php(457): CodeIgniter\CodeIgniter->runController(Object(App\Controllers\Admin\DatapenggunaController))
 6 SYSTEMPATH\CodeIgniter.php(340): CodeIgniter\CodeIgniter->handleRequest(null, Object(Config\Cache), false)
 7 FCPATH\index.php(67): CodeIgniter\CodeIgniter->run()
 8 SYSTEMPATH\Commands\Server\rewrite.php(46): require_once('FCPATH\\index.php')
CRITICAL - 2022-11-17 18:52:25 --> Undefined variable $page
in APPPATH\Views\layout\page_layout.php on line 52.
 1 APPPATH\Views\layout\page_layout.php(52): CodeIgniter\Debug\Exceptions->errorHandler(2, 'Undefined variable $page', 'APPPATH\\Views\\layout\\page_layout.php', 52)
 2 SYSTEMPATH\View\View.php(213): include('APPPATH\\Views\\layout\\page_layout.php')
 3 SYSTEMPATH\View\View.php(216): CodeIgniter\View\View->CodeIgniter\View\{closure}()
 4 SYSTEMPATH\View\View.php(229): CodeIgniter\View\View->render('layout/page_layout', [], true)
 5 SYSTEMPATH\Common.php(1142): CodeIgniter\View\View->render('pages/tentang', [], true)
 6 APPPATH\Controllers\Admin\Pages.php(21): view('pages/tentang')
 7 SYSTEMPATH\CodeIgniter.php(902): App\Controllers\Admin\Pages->tentang()
 8 SYSTEMPATH\CodeIgniter.php(457): CodeIgniter\CodeIgniter->runController(Object(App\Controllers\Admin\Pages))
 9 SYSTEMPATH\CodeIgniter.php(340): CodeIgniter\CodeIgniter->handleRequest(null, Object(Config\Cache), false)
10 FCPATH\index.php(67): CodeIgniter\CodeIgniter->run()
11 SYSTEMPATH\Commands\Server\rewrite.php(46): require_once('FCPATH\\index.php')
CRITICAL - 2022-11-17 23:33:36 --> Undefined variable $page
in APPPATH\Views\layout\page_layout.php on line 52.
 1 APPPATH\Views\layout\page_layout.php(52): CodeIgniter\Debug\Exceptions->errorHandler(2, 'Undefined variable $page', 'APPPATH\\Views\\layout\\page_layout.php', 52)
 2 SYSTEMPATH\View\View.php(213): include('APPPATH\\Views\\layout\\page_layout.php')
 3 SYSTEMPATH\View\View.php(216): CodeIgniter\View\View->CodeIgniter\View\{closure}()
 4 SYSTEMPATH\View\View.php(229): CodeIgniter\View\View->render('layout/page_layout', [], true)
 5 SYSTEMPATH\Common.php(1142): CodeIgniter\View\View->render('pages/home', [], true)
 6 APPPATH\Controllers\Admin\Pages.php(11): view('pages/home')
 7 SYSTEMPATH\CodeIgniter.php(902): App\Controllers\Admin\Pages->index()
 8 SYSTEMPATH\CodeIgniter.php(457): CodeIgniter\CodeIgniter->runController(Object(App\Controllers\Admin\Pages))
 9 SYSTEMPATH\CodeIgniter.php(340): CodeIgniter\CodeIgniter->handleRequest(null, Object(Config\Cache), false)
10 FCPATH\index.php(67): CodeIgniter\CodeIgniter->run()
11 SYSTEMPATH\Commands\Server\rewrite.php(46): require_once('FCPATH\\index.php')
CRITICAL - 2022-11-17 23:35:31 --> Undefined variable $page
in APPPATH\Views\layout\page_layout.php on line 52.
 1 APPPATH\Views\layout\page_layout.php(52): CodeIgniter\Debug\Exceptions->errorHandler(2, 'Undefined variable $page', 'APPPATH\\Views\\layout\\page_layout.php', 52)
 2 SYSTEMPATH\View\View.php(213): include('APPPATH\\Views\\layout\\page_layout.php')
 3 SYSTEMPATH\View\View.php(216): CodeIgniter\View\View->CodeIgniter\View\{closure}()
 4 SYSTEMPATH\View\View.php(229): CodeIgniter\View\View->render('layout/page_layout', [], true)
 5 SYSTEMPATH\Common.php(1142): CodeIgniter\View\View->render('pages/tentang', [], true)
 6 APPPATH\Controllers\Admin\Pages.php(21): view('pages/tentang')
 7 SYSTEMPATH\CodeIgniter.php(902): App\Controllers\Admin\Pages->tentang()
 8 SYSTEMPATH\CodeIgniter.php(457): CodeIgniter\CodeIgniter->runController(Object(App\Controllers\Admin\Pages))
 9 SYSTEMPATH\CodeIgniter.php(340): CodeIgniter\CodeIgniter->handleRequest(null, Object(Config\Cache), false)
10 FCPATH\index.php(67): CodeIgniter\CodeIgniter->run()
11 SYSTEMPATH\Commands\Server\rewrite.php(46): require_once('FCPATH\\index.php')
