CRITICAL - 2022-10-11 02:43:33 --> syntax error, unexpected token "(", expecting variable
in APPPATH\Controllers\User\Pages.php on line 15.
 1 SYSTEMPATH\Autoloader\Autoloader.php(259): CodeIgniter\Autoloader\Autoloader->includeFile('APPPATH\\Controllers\\User\\Pages.php')
 2 SYSTEMPATH\Autoloader\Autoloader.php(237): CodeIgniter\Autoloader\Autoloader->loadInNamespace('App\\Controllers\\User\\Pages')
 3 [internal function]: CodeIgniter\Autoloader\Autoloader->loadClass('App\\Controllers\\User\\Pages')
 4 SYSTEMPATH\CodeIgniter.php(852): class_exists('\\App\\Controllers\\User\\Pages', true)
 5 SYSTEMPATH\CodeIgniter.php(444): CodeIgniter\CodeIgniter->startController()
 6 SYSTEMPATH\CodeIgniter.php(340): CodeIgniter\CodeIgniter->handleRequest(null, Object(Config\Cache), false)
 7 FCPATH\index.php(67): CodeIgniter\CodeIgniter->run()
 8 SYSTEMPATH\Commands\Server\rewrite.php(46): require_once('FCPATH\\index.php')
CRITICAL - 2022-10-11 02:51:11 --> syntax error, unexpected token "(", expecting variable
in APPPATH\Controllers\User\Pages.php on line 15.
 1 SYSTEMPATH\Autoloader\Autoloader.php(259): CodeIgniter\Autoloader\Autoloader->includeFile('APPPATH\\Controllers\\User\\Pages.php')
 2 SYSTEMPATH\Autoloader\Autoloader.php(237): CodeIgniter\Autoloader\Autoloader->loadInNamespace('App\\Controllers\\User\\Pages')
 3 [internal function]: CodeIgniter\Autoloader\Autoloader->loadClass('App\\Controllers\\User\\Pages')
 4 SYSTEMPATH\CodeIgniter.php(852): class_exists('\\App\\Controllers\\User\\Pages', true)
 5 SYSTEMPATH\CodeIgniter.php(444): CodeIgniter\CodeIgniter->startController()
 6 SYSTEMPATH\CodeIgniter.php(340): CodeIgniter\CodeIgniter->handleRequest(null, Object(Config\Cache), false)
 7 FCPATH\index.php(67): CodeIgniter\CodeIgniter->run()
 8 SYSTEMPATH\Commands\Server\rewrite.php(46): require_once('FCPATH\\index.php')
CRITICAL - 2022-10-11 03:11:12 --> syntax error, unexpected token "protected"
in APPPATH\Controllers\User\datapengguna.php on line 11.
 1 SYSTEMPATH\Autoloader\Autoloader.php(259): CodeIgniter\Autoloader\Autoloader->includeFile('APPPATH\\Controllers\\User\\datapengguna.php')
 2 SYSTEMPATH\Autoloader\Autoloader.php(237): CodeIgniter\Autoloader\Autoloader->loadInNamespace('App\\Controllers\\User\\datapengguna')
 3 [internal function]: CodeIgniter\Autoloader\Autoloader->loadClass('App\\Controllers\\User\\datapengguna')
 4 SYSTEMPATH\CodeIgniter.php(852): class_exists('\\App\\Controllers\\User\\datapengguna', true)
 5 SYSTEMPATH\CodeIgniter.php(444): CodeIgniter\CodeIgniter->startController()
 6 SYSTEMPATH\CodeIgniter.php(340): CodeIgniter\CodeIgniter->handleRequest(null, Object(Config\Cache), false)
 7 FCPATH\index.php(67): CodeIgniter\CodeIgniter->run()
 8 SYSTEMPATH\Commands\Server\rewrite.php(46): require_once('FCPATH\\index.php')
CRITICAL - 2022-10-11 03:11:18 --> syntax error, unexpected token "protected"
in APPPATH\Controllers\User\datapengguna.php on line 11.
 1 SYSTEMPATH\Autoloader\Autoloader.php(259): CodeIgniter\Autoloader\Autoloader->includeFile('APPPATH\\Controllers\\User\\datapengguna.php')
 2 SYSTEMPATH\Autoloader\Autoloader.php(237): CodeIgniter\Autoloader\Autoloader->loadInNamespace('App\\Controllers\\User\\datapengguna')
 3 [internal function]: CodeIgniter\Autoloader\Autoloader->loadClass('App\\Controllers\\User\\datapengguna')
 4 SYSTEMPATH\CodeIgniter.php(852): class_exists('\\App\\Controllers\\User\\datapengguna', true)
 5 SYSTEMPATH\CodeIgniter.php(444): CodeIgniter\CodeIgniter->startController()
 6 SYSTEMPATH\CodeIgniter.php(340): CodeIgniter\CodeIgniter->handleRequest(null, Object(Config\Cache), false)
 7 FCPATH\index.php(67): CodeIgniter\CodeIgniter->run()
 8 SYSTEMPATH\Commands\Server\rewrite.php(46): require_once('FCPATH\\index.php')
CRITICAL - 2022-10-11 10:24:16 --> syntax error, unexpected token "public"
in APPPATH\Controllers\User\datapengguna.php on line 18.
 1 SYSTEMPATH\Autoloader\Autoloader.php(259): CodeIgniter\Autoloader\Autoloader->includeFile('APPPATH\\Controllers\\User\\datapengguna.php')
 2 SYSTEMPATH\Autoloader\Autoloader.php(237): CodeIgniter\Autoloader\Autoloader->loadInNamespace('App\\Controllers\\User\\datapengguna')
 3 [internal function]: CodeIgniter\Autoloader\Autoloader->loadClass('App\\Controllers\\User\\datapengguna')
 4 SYSTEMPATH\CodeIgniter.php(852): class_exists('\\App\\Controllers\\User\\datapengguna', true)
 5 SYSTEMPATH\CodeIgniter.php(444): CodeIgniter\CodeIgniter->startController()
 6 SYSTEMPATH\CodeIgniter.php(340): CodeIgniter\CodeIgniter->handleRequest(null, Object(Config\Cache), false)
 7 FCPATH\index.php(67): CodeIgniter\CodeIgniter->run()
 8 SYSTEMPATH\Commands\Server\rewrite.php(46): require_once('FCPATH\\index.php')
CRITICAL - 2022-10-11 10:24:32 --> syntax error, unexpected token "public"
in APPPATH\Controllers\User\datapengguna.php on line 18.
 1 SYSTEMPATH\Autoloader\Autoloader.php(259): CodeIgniter\Autoloader\Autoloader->includeFile('APPPATH\\Controllers\\User\\datapengguna.php')
 2 SYSTEMPATH\Autoloader\Autoloader.php(237): CodeIgniter\Autoloader\Autoloader->loadInNamespace('App\\Controllers\\User\\datapengguna')
 3 [internal function]: CodeIgniter\Autoloader\Autoloader->loadClass('App\\Controllers\\User\\datapengguna')
 4 SYSTEMPATH\CodeIgniter.php(852): class_exists('\\App\\Controllers\\User\\datapengguna', true)
 5 SYSTEMPATH\CodeIgniter.php(444): CodeIgniter\CodeIgniter->startController()
 6 SYSTEMPATH\CodeIgniter.php(340): CodeIgniter\CodeIgniter->handleRequest(null, Object(Config\Cache), false)
 7 FCPATH\index.php(67): CodeIgniter\CodeIgniter->run()
 8 SYSTEMPATH\Commands\Server\rewrite.php(46): require_once('FCPATH\\index.php')
CRITICAL - 2022-10-11 10:33:55 --> syntax error, unexpected token "public"
in APPPATH\Controllers\User\datapengguna.php on line 18.
 1 SYSTEMPATH\Autoloader\Autoloader.php(259): CodeIgniter\Autoloader\Autoloader->includeFile('APPPATH\\Controllers\\User\\datapengguna.php')
 2 SYSTEMPATH\Autoloader\Autoloader.php(237): CodeIgniter\Autoloader\Autoloader->loadInNamespace('App\\Controllers\\User\\datapengguna')
 3 [internal function]: CodeIgniter\Autoloader\Autoloader->loadClass('App\\Controllers\\User\\datapengguna')
 4 SYSTEMPATH\CodeIgniter.php(852): class_exists('\\App\\Controllers\\User\\datapengguna', true)
 5 SYSTEMPATH\CodeIgniter.php(444): CodeIgniter\CodeIgniter->startController()
 6 SYSTEMPATH\CodeIgniter.php(340): CodeIgniter\CodeIgniter->handleRequest(null, Object(Config\Cache), false)
 7 FCPATH\index.php(67): CodeIgniter\CodeIgniter->run()
 8 SYSTEMPATH\Commands\Server\rewrite.php(46): require_once('FCPATH\\index.php')
CRITICAL - 2022-10-11 10:40:34 --> Class "App\Models\datapenggunaModel" not found
in APPPATH\Controllers\User\datapengguna.php on line 14.
 1 SYSTEMPATH\CodeIgniter.php(864): App\Controllers\User\datapengguna->__construct()
 2 SYSTEMPATH\CodeIgniter.php(448): CodeIgniter\CodeIgniter->createController()
 3 SYSTEMPATH\CodeIgniter.php(340): CodeIgniter\CodeIgniter->handleRequest(null, Object(Config\Cache), false)
 4 FCPATH\index.php(67): CodeIgniter\CodeIgniter->run()
 5 SYSTEMPATH\Commands\Server\rewrite.php(46): require_once('FCPATH\\index.php')
CRITICAL - 2022-10-11 10:48:58 --> Class "App\Models\datapenggunaModel" not found
in APPPATH\Controllers\User\datapengguna.php on line 14.
 1 SYSTEMPATH\CodeIgniter.php(864): App\Controllers\User\datapengguna->__construct()
 2 SYSTEMPATH\CodeIgniter.php(448): CodeIgniter\CodeIgniter->createController()
 3 SYSTEMPATH\CodeIgniter.php(340): CodeIgniter\CodeIgniter->handleRequest(null, Object(Config\Cache), false)
 4 FCPATH\index.php(67): CodeIgniter\CodeIgniter->run()
 5 SYSTEMPATH\Commands\Server\rewrite.php(46): require_once('FCPATH\\index.php')
CRITICAL - 2022-10-11 17:46:05 --> Undefined variable $tb_datapengguna
in APPPATH\Views\pages\datapengguna.php on line 32.
 1 APPPATH\Views\pages\datapengguna.php(32): CodeIgniter\Debug\Exceptions->errorHandler(2, 'Undefined variable $tb_datapengguna', 'APPPATH\\Views\\pages\\datapengguna.php', 32)
 2 SYSTEMPATH\View\View.php(213): include('APPPATH\\Views\\pages\\datapengguna.php')
 3 SYSTEMPATH\View\View.php(216): CodeIgniter\View\View->CodeIgniter\View\{closure}()
 4 SYSTEMPATH\Common.php(1142): CodeIgniter\View\View->render('pages/datapengguna', [], true)
 5 APPPATH\Controllers\User\Datapengguna.php(29): view('pages/datapengguna', [...])
 6 SYSTEMPATH\CodeIgniter.php(902): App\Controllers\User\Datapengguna->index()
 7 SYSTEMPATH\CodeIgniter.php(457): CodeIgniter\CodeIgniter->runController(Object(App\Controllers\User\Datapengguna))
 8 SYSTEMPATH\CodeIgniter.php(340): CodeIgniter\CodeIgniter->handleRequest(null, Object(Config\Cache), false)
 9 FCPATH\index.php(67): CodeIgniter\CodeIgniter->run()
10 SYSTEMPATH\Commands\Server\rewrite.php(46): require_once('FCPATH\\index.php')
CRITICAL - 2022-10-11 17:47:34 --> Undefined variable $datapengguna
in APPPATH\Views\pages\datapengguna.php on line 32.
 1 APPPATH\Views\pages\datapengguna.php(32): CodeIgniter\Debug\Exceptions->errorHandler(2, 'Undefined variable $datapengguna', 'APPPATH\\Views\\pages\\datapengguna.php', 32)
 2 SYSTEMPATH\View\View.php(213): include('APPPATH\\Views\\pages\\datapengguna.php')
 3 SYSTEMPATH\View\View.php(216): CodeIgniter\View\View->CodeIgniter\View\{closure}()
 4 SYSTEMPATH\Common.php(1142): CodeIgniter\View\View->render('pages/datapengguna', [], true)
 5 APPPATH\Controllers\User\Datapengguna.php(29): view('pages/datapengguna', [...])
 6 SYSTEMPATH\CodeIgniter.php(902): App\Controllers\User\Datapengguna->index()
 7 SYSTEMPATH\CodeIgniter.php(457): CodeIgniter\CodeIgniter->runController(Object(App\Controllers\User\Datapengguna))
 8 SYSTEMPATH\CodeIgniter.php(340): CodeIgniter\CodeIgniter->handleRequest(null, Object(Config\Cache), false)
 9 FCPATH\index.php(67): CodeIgniter\CodeIgniter->run()
10 SYSTEMPATH\Commands\Server\rewrite.php(46): require_once('FCPATH\\index.php')
CRITICAL - 2022-10-11 17:47:36 --> Undefined variable $datapengguna
in APPPATH\Views\pages\datapengguna.php on line 32.
 1 APPPATH\Views\pages\datapengguna.php(32): CodeIgniter\Debug\Exceptions->errorHandler(2, 'Undefined variable $datapengguna', 'APPPATH\\Views\\pages\\datapengguna.php', 32)
 2 SYSTEMPATH\View\View.php(213): include('APPPATH\\Views\\pages\\datapengguna.php')
 3 SYSTEMPATH\View\View.php(216): CodeIgniter\View\View->CodeIgniter\View\{closure}()
 4 SYSTEMPATH\Common.php(1142): CodeIgniter\View\View->render('pages/datapengguna', [], true)
 5 APPPATH\Controllers\User\Datapengguna.php(29): view('pages/datapengguna', [...])
 6 SYSTEMPATH\CodeIgniter.php(902): App\Controllers\User\Datapengguna->index()
 7 SYSTEMPATH\CodeIgniter.php(457): CodeIgniter\CodeIgniter->runController(Object(App\Controllers\User\Datapengguna))
 8 SYSTEMPATH\CodeIgniter.php(340): CodeIgniter\CodeIgniter->handleRequest(null, Object(Config\Cache), false)
 9 FCPATH\index.php(67): CodeIgniter\CodeIgniter->run()
10 SYSTEMPATH\Commands\Server\rewrite.php(46): require_once('FCPATH\\index.php')
CRITICAL - 2022-10-11 17:49:00 --> Undefined variable $data
in APPPATH\Views\pages\datapengguna.php on line 32.
 1 APPPATH\Views\pages\datapengguna.php(32): CodeIgniter\Debug\Exceptions->errorHandler(2, 'Undefined variable $data', 'APPPATH\\Views\\pages\\datapengguna.php', 32)
 2 SYSTEMPATH\View\View.php(213): include('APPPATH\\Views\\pages\\datapengguna.php')
 3 SYSTEMPATH\View\View.php(216): CodeIgniter\View\View->CodeIgniter\View\{closure}()
 4 SYSTEMPATH\Common.php(1142): CodeIgniter\View\View->render('pages/datapengguna', [], true)
 5 APPPATH\Controllers\User\Datapengguna.php(29): view('pages/datapengguna', [...])
 6 SYSTEMPATH\CodeIgniter.php(902): App\Controllers\User\Datapengguna->index()
 7 SYSTEMPATH\CodeIgniter.php(457): CodeIgniter\CodeIgniter->runController(Object(App\Controllers\User\Datapengguna))
 8 SYSTEMPATH\CodeIgniter.php(340): CodeIgniter\CodeIgniter->handleRequest(null, Object(Config\Cache), false)
 9 FCPATH\index.php(67): CodeIgniter\CodeIgniter->run()
10 SYSTEMPATH\Commands\Server\rewrite.php(46): require_once('FCPATH\\index.php')
CRITICAL - 2022-10-11 19:43:49 --> Undefined variable $data
in APPPATH\Views\pages\datapengguna.php on line 32.
 1 APPPATH\Views\pages\datapengguna.php(32): CodeIgniter\Debug\Exceptions->errorHandler(2, 'Undefined variable $data', 'APPPATH\\Views\\pages\\datapengguna.php', 32)
 2 SYSTEMPATH\View\View.php(213): include('APPPATH\\Views\\pages\\datapengguna.php')
 3 SYSTEMPATH\View\View.php(216): CodeIgniter\View\View->CodeIgniter\View\{closure}()
 4 SYSTEMPATH\Common.php(1142): CodeIgniter\View\View->render('pages/datapengguna', [], true)
 5 APPPATH\Controllers\User\Datapengguna.php(29): view('pages/datapengguna', [...])
 6 SYSTEMPATH\CodeIgniter.php(902): App\Controllers\User\Datapengguna->index()
 7 SYSTEMPATH\CodeIgniter.php(457): CodeIgniter\CodeIgniter->runController(Object(App\Controllers\User\Datapengguna))
 8 SYSTEMPATH\CodeIgniter.php(340): CodeIgniter\CodeIgniter->handleRequest(null, Object(Config\Cache), false)
 9 FCPATH\index.php(67): CodeIgniter\CodeIgniter->run()
10 SYSTEMPATH\Commands\Server\rewrite.php(46): require_once('FCPATH\\index.php')
CRITICAL - 2022-10-11 19:51:48 --> Undefined variable $datapengguna
in APPPATH\Views\pages\datapengguna.php on line 32.
 1 APPPATH\Views\pages\datapengguna.php(32): CodeIgniter\Debug\Exceptions->errorHandler(2, 'Undefined variable $datapengguna', 'APPPATH\\Views\\pages\\datapengguna.php', 32)
 2 SYSTEMPATH\View\View.php(213): include('APPPATH\\Views\\pages\\datapengguna.php')
 3 SYSTEMPATH\View\View.php(216): CodeIgniter\View\View->CodeIgniter\View\{closure}()
 4 SYSTEMPATH\Common.php(1142): CodeIgniter\View\View->render('pages/datapengguna', [], true)
 5 APPPATH\Controllers\User\Datapengguna.php(29): view('pages/datapengguna', [...])
 6 SYSTEMPATH\CodeIgniter.php(902): App\Controllers\User\Datapengguna->index()
 7 SYSTEMPATH\CodeIgniter.php(457): CodeIgniter\CodeIgniter->runController(Object(App\Controllers\User\Datapengguna))
 8 SYSTEMPATH\CodeIgniter.php(340): CodeIgniter\CodeIgniter->handleRequest(null, Object(Config\Cache), false)
 9 FCPATH\index.php(67): CodeIgniter\CodeIgniter->run()
10 SYSTEMPATH\Commands\Server\rewrite.php(46): require_once('FCPATH\\index.php')
CRITICAL - 2022-10-11 19:53:42 --> Undefined variable $datapengguna
in APPPATH\Views\pages\datapengguna.php on line 32.
 1 APPPATH\Views\pages\datapengguna.php(32): CodeIgniter\Debug\Exceptions->errorHandler(2, 'Undefined variable $datapengguna', 'APPPATH\\Views\\pages\\datapengguna.php', 32)
 2 SYSTEMPATH\View\View.php(213): include('APPPATH\\Views\\pages\\datapengguna.php')
 3 SYSTEMPATH\View\View.php(216): CodeIgniter\View\View->CodeIgniter\View\{closure}()
 4 SYSTEMPATH\Common.php(1142): CodeIgniter\View\View->render('pages/datapengguna', [], true)
 5 APPPATH\Controllers\User\Datapengguna.php(30): view('pages/datapengguna', [...])
 6 SYSTEMPATH\CodeIgniter.php(902): App\Controllers\User\Datapengguna->index()
 7 SYSTEMPATH\CodeIgniter.php(457): CodeIgniter\CodeIgniter->runController(Object(App\Controllers\User\Datapengguna))
 8 SYSTEMPATH\CodeIgniter.php(340): CodeIgniter\CodeIgniter->handleRequest(null, Object(Config\Cache), false)
 9 FCPATH\index.php(67): CodeIgniter\CodeIgniter->run()
10 SYSTEMPATH\Commands\Server\rewrite.php(46): require_once('FCPATH\\index.php')
CRITICAL - 2022-10-11 19:55:49 --> Undefined variable $datapengguna
in APPPATH\Views\pages\datapengguna.php on line 32.
 1 APPPATH\Views\pages\datapengguna.php(32): CodeIgniter\Debug\Exceptions->errorHandler(2, 'Undefined variable $datapengguna', 'APPPATH\\Views\\pages\\datapengguna.php', 32)
 2 SYSTEMPATH\View\View.php(213): include('APPPATH\\Views\\pages\\datapengguna.php')
 3 SYSTEMPATH\View\View.php(216): CodeIgniter\View\View->CodeIgniter\View\{closure}()
 4 SYSTEMPATH\Common.php(1142): CodeIgniter\View\View->render('pages/datapengguna', [], true)
 5 APPPATH\Controllers\User\Datapengguna.php(29): view('pages/datapengguna', [...])
 6 SYSTEMPATH\CodeIgniter.php(902): App\Controllers\User\Datapengguna->index()
 7 SYSTEMPATH\CodeIgniter.php(457): CodeIgniter\CodeIgniter->runController(Object(App\Controllers\User\Datapengguna))
 8 SYSTEMPATH\CodeIgniter.php(340): CodeIgniter\CodeIgniter->handleRequest(null, Object(Config\Cache), false)
 9 FCPATH\index.php(67): CodeIgniter\CodeIgniter->run()
10 SYSTEMPATH\Commands\Server\rewrite.php(46): require_once('FCPATH\\index.php')
CRITICAL - 2022-10-11 20:03:23 --> Undefined property: App\Controllers\User\Datapengguna::$datapenggunaModel
in APPPATH\Controllers\User\Datapengguna.php on line 21.
 1 APPPATH\Controllers\User\Datapengguna.php(21): CodeIgniter\Debug\Exceptions->errorHandler(2, 'Undefined property: App\\Controllers\\User\\Datapengguna::$datapenggunaModel', 'APPPATH\\Controllers\\User\\Datapengguna.php', 21)
 2 SYSTEMPATH\CodeIgniter.php(902): App\Controllers\User\Datapengguna->index()
 3 SYSTEMPATH\CodeIgniter.php(457): CodeIgniter\CodeIgniter->runController(Object(App\Controllers\User\Datapengguna))
 4 SYSTEMPATH\CodeIgniter.php(340): CodeIgniter\CodeIgniter->handleRequest(null, Object(Config\Cache), false)
 5 FCPATH\index.php(67): CodeIgniter\CodeIgniter->run()
 6 SYSTEMPATH\Commands\Server\rewrite.php(46): require_once('FCPATH\\index.php')
CRITICAL - 2022-10-11 20:03:49 --> Undefined variable $datapengguna
in APPPATH\Views\pages\datapengguna.php on line 32.
 1 APPPATH\Views\pages\datapengguna.php(32): CodeIgniter\Debug\Exceptions->errorHandler(2, 'Undefined variable $datapengguna', 'APPPATH\\Views\\pages\\datapengguna.php', 32)
 2 SYSTEMPATH\View\View.php(213): include('APPPATH\\Views\\pages\\datapengguna.php')
 3 SYSTEMPATH\View\View.php(216): CodeIgniter\View\View->CodeIgniter\View\{closure}()
 4 SYSTEMPATH\Common.php(1142): CodeIgniter\View\View->render('pages/datapengguna', [], true)
 5 APPPATH\Controllers\User\Datapengguna.php(30): view('pages/datapengguna', [...])
 6 SYSTEMPATH\CodeIgniter.php(902): App\Controllers\User\Datapengguna->index()
 7 SYSTEMPATH\CodeIgniter.php(457): CodeIgniter\CodeIgniter->runController(Object(App\Controllers\User\Datapengguna))
 8 SYSTEMPATH\CodeIgniter.php(340): CodeIgniter\CodeIgniter->handleRequest(null, Object(Config\Cache), false)
 9 FCPATH\index.php(67): CodeIgniter\CodeIgniter->run()
10 SYSTEMPATH\Commands\Server\rewrite.php(46): require_once('FCPATH\\index.php')
CRITICAL - 2022-10-11 20:05:21 --> Undefined variable $datapengguna
in APPPATH\Views\pages\datapengguna.php on line 32.
 1 APPPATH\Views\pages\datapengguna.php(32): CodeIgniter\Debug\Exceptions->errorHandler(2, 'Undefined variable $datapengguna', 'APPPATH\\Views\\pages\\datapengguna.php', 32)
 2 SYSTEMPATH\View\View.php(213): include('APPPATH\\Views\\pages\\datapengguna.php')
 3 SYSTEMPATH\View\View.php(216): CodeIgniter\View\View->CodeIgniter\View\{closure}()
 4 SYSTEMPATH\Common.php(1142): CodeIgniter\View\View->render('pages/datapengguna', [], true)
 5 APPPATH\Controllers\User\Datapengguna.php(30): view('pages/datapengguna', [...])
 6 SYSTEMPATH\CodeIgniter.php(902): App\Controllers\User\Datapengguna->index()
 7 SYSTEMPATH\CodeIgniter.php(457): CodeIgniter\CodeIgniter->runController(Object(App\Controllers\User\Datapengguna))
 8 SYSTEMPATH\CodeIgniter.php(340): CodeIgniter\CodeIgniter->handleRequest(null, Object(Config\Cache), false)
 9 FCPATH\index.php(67): CodeIgniter\CodeIgniter->run()
10 SYSTEMPATH\Commands\Server\rewrite.php(46): require_once('FCPATH\\index.php')
CRITICAL - 2022-10-11 20:09:07 --> Undefined variable $pengguna
in APPPATH\Views\pages\datapengguna.php on line 32.
 1 APPPATH\Views\pages\datapengguna.php(32): CodeIgniter\Debug\Exceptions->errorHandler(2, 'Undefined variable $pengguna', 'APPPATH\\Views\\pages\\datapengguna.php', 32)
 2 SYSTEMPATH\View\View.php(213): include('APPPATH\\Views\\pages\\datapengguna.php')
 3 SYSTEMPATH\View\View.php(216): CodeIgniter\View\View->CodeIgniter\View\{closure}()
 4 SYSTEMPATH\Common.php(1142): CodeIgniter\View\View->render('pages/datapengguna', [], true)
 5 APPPATH\Controllers\User\Datapengguna.php(30): view('pages/datapengguna', [...])
 6 SYSTEMPATH\CodeIgniter.php(902): App\Controllers\User\Datapengguna->index()
 7 SYSTEMPATH\CodeIgniter.php(457): CodeIgniter\CodeIgniter->runController(Object(App\Controllers\User\Datapengguna))
 8 SYSTEMPATH\CodeIgniter.php(340): CodeIgniter\CodeIgniter->handleRequest(null, Object(Config\Cache), false)
 9 FCPATH\index.php(67): CodeIgniter\CodeIgniter->run()
10 SYSTEMPATH\Commands\Server\rewrite.php(46): require_once('FCPATH\\index.php')
CRITICAL - 2022-10-11 20:28:52 --> Undefined variable $pengguna
in APPPATH\Views\pages\datapengguna.php on line 33.
 1 APPPATH\Views\pages\datapengguna.php(33): CodeIgniter\Debug\Exceptions->errorHandler(2, 'Undefined variable $pengguna', 'APPPATH\\Views\\pages\\datapengguna.php', 33)
 2 SYSTEMPATH\View\View.php(213): include('APPPATH\\Views\\pages\\datapengguna.php')
 3 SYSTEMPATH\View\View.php(216): CodeIgniter\View\View->CodeIgniter\View\{closure}()
 4 SYSTEMPATH\Common.php(1142): CodeIgniter\View\View->render('pages/datapengguna', [], true)
 5 APPPATH\Controllers\User\Datapengguna.php(30): view('pages/datapengguna', [...])
 6 SYSTEMPATH\CodeIgniter.php(902): App\Controllers\User\Datapengguna->index()
 7 SYSTEMPATH\CodeIgniter.php(457): CodeIgniter\CodeIgniter->runController(Object(App\Controllers\User\Datapengguna))
 8 SYSTEMPATH\CodeIgniter.php(340): CodeIgniter\CodeIgniter->handleRequest(null, Object(Config\Cache), false)
 9 FCPATH\index.php(67): CodeIgniter\CodeIgniter->run()
10 SYSTEMPATH\Commands\Server\rewrite.php(46): require_once('FCPATH\\index.php')
CRITICAL - 2022-10-11 20:28:53 --> Undefined variable $pengguna
in APPPATH\Views\pages\datapengguna.php on line 33.
 1 APPPATH\Views\pages\datapengguna.php(33): CodeIgniter\Debug\Exceptions->errorHandler(2, 'Undefined variable $pengguna', 'APPPATH\\Views\\pages\\datapengguna.php', 33)
 2 SYSTEMPATH\View\View.php(213): include('APPPATH\\Views\\pages\\datapengguna.php')
 3 SYSTEMPATH\View\View.php(216): CodeIgniter\View\View->CodeIgniter\View\{closure}()
 4 SYSTEMPATH\Common.php(1142): CodeIgniter\View\View->render('pages/datapengguna', [], true)
 5 APPPATH\Controllers\User\Datapengguna.php(30): view('pages/datapengguna', [...])
 6 SYSTEMPATH\CodeIgniter.php(902): App\Controllers\User\Datapengguna->index()
 7 SYSTEMPATH\CodeIgniter.php(457): CodeIgniter\CodeIgniter->runController(Object(App\Controllers\User\Datapengguna))
 8 SYSTEMPATH\CodeIgniter.php(340): CodeIgniter\CodeIgniter->handleRequest(null, Object(Config\Cache), false)
 9 FCPATH\index.php(67): CodeIgniter\CodeIgniter->run()
10 SYSTEMPATH\Commands\Server\rewrite.php(46): require_once('FCPATH\\index.php')
CRITICAL - 2022-10-11 20:28:54 --> Undefined variable $pengguna
in APPPATH\Views\pages\datapengguna.php on line 33.
 1 APPPATH\Views\pages\datapengguna.php(33): CodeIgniter\Debug\Exceptions->errorHandler(2, 'Undefined variable $pengguna', 'APPPATH\\Views\\pages\\datapengguna.php', 33)
 2 SYSTEMPATH\View\View.php(213): include('APPPATH\\Views\\pages\\datapengguna.php')
 3 SYSTEMPATH\View\View.php(216): CodeIgniter\View\View->CodeIgniter\View\{closure}()
 4 SYSTEMPATH\Common.php(1142): CodeIgniter\View\View->render('pages/datapengguna', [], true)
 5 APPPATH\Controllers\User\Datapengguna.php(30): view('pages/datapengguna', [...])
 6 SYSTEMPATH\CodeIgniter.php(902): App\Controllers\User\Datapengguna->index()
 7 SYSTEMPATH\CodeIgniter.php(457): CodeIgniter\CodeIgniter->runController(Object(App\Controllers\User\Datapengguna))
 8 SYSTEMPATH\CodeIgniter.php(340): CodeIgniter\CodeIgniter->handleRequest(null, Object(Config\Cache), false)
 9 FCPATH\index.php(67): CodeIgniter\CodeIgniter->run()
10 SYSTEMPATH\Commands\Server\rewrite.php(46): require_once('FCPATH\\index.php')
CRITICAL - 2022-10-11 20:28:55 --> Undefined variable $pengguna
in APPPATH\Views\pages\datapengguna.php on line 33.
 1 APPPATH\Views\pages\datapengguna.php(33): CodeIgniter\Debug\Exceptions->errorHandler(2, 'Undefined variable $pengguna', 'APPPATH\\Views\\pages\\datapengguna.php', 33)
 2 SYSTEMPATH\View\View.php(213): include('APPPATH\\Views\\pages\\datapengguna.php')
 3 SYSTEMPATH\View\View.php(216): CodeIgniter\View\View->CodeIgniter\View\{closure}()
 4 SYSTEMPATH\Common.php(1142): CodeIgniter\View\View->render('pages/datapengguna', [], true)
 5 APPPATH\Controllers\User\Datapengguna.php(30): view('pages/datapengguna', [...])
 6 SYSTEMPATH\CodeIgniter.php(902): App\Controllers\User\Datapengguna->index()
 7 SYSTEMPATH\CodeIgniter.php(457): CodeIgniter\CodeIgniter->runController(Object(App\Controllers\User\Datapengguna))
 8 SYSTEMPATH\CodeIgniter.php(340): CodeIgniter\CodeIgniter->handleRequest(null, Object(Config\Cache), false)
 9 FCPATH\index.php(67): CodeIgniter\CodeIgniter->run()
10 SYSTEMPATH\Commands\Server\rewrite.php(46): require_once('FCPATH\\index.php')
CRITICAL - 2022-10-11 20:28:56 --> Undefined variable $pengguna
in APPPATH\Views\pages\datapengguna.php on line 33.
 1 APPPATH\Views\pages\datapengguna.php(33): CodeIgniter\Debug\Exceptions->errorHandler(2, 'Undefined variable $pengguna', 'APPPATH\\Views\\pages\\datapengguna.php', 33)
 2 SYSTEMPATH\View\View.php(213): include('APPPATH\\Views\\pages\\datapengguna.php')
 3 SYSTEMPATH\View\View.php(216): CodeIgniter\View\View->CodeIgniter\View\{closure}()
 4 SYSTEMPATH\Common.php(1142): CodeIgniter\View\View->render('pages/datapengguna', [], true)
 5 APPPATH\Controllers\User\Datapengguna.php(30): view('pages/datapengguna', [...])
 6 SYSTEMPATH\CodeIgniter.php(902): App\Controllers\User\Datapengguna->index()
 7 SYSTEMPATH\CodeIgniter.php(457): CodeIgniter\CodeIgniter->runController(Object(App\Controllers\User\Datapengguna))
 8 SYSTEMPATH\CodeIgniter.php(340): CodeIgniter\CodeIgniter->handleRequest(null, Object(Config\Cache), false)
 9 FCPATH\index.php(67): CodeIgniter\CodeIgniter->run()
10 SYSTEMPATH\Commands\Server\rewrite.php(46): require_once('FCPATH\\index.php')
CRITICAL - 2022-10-11 20:28:57 --> Undefined variable $pengguna
in APPPATH\Views\pages\datapengguna.php on line 33.
 1 APPPATH\Views\pages\datapengguna.php(33): CodeIgniter\Debug\Exceptions->errorHandler(2, 'Undefined variable $pengguna', 'APPPATH\\Views\\pages\\datapengguna.php', 33)
 2 SYSTEMPATH\View\View.php(213): include('APPPATH\\Views\\pages\\datapengguna.php')
 3 SYSTEMPATH\View\View.php(216): CodeIgniter\View\View->CodeIgniter\View\{closure}()
 4 SYSTEMPATH\Common.php(1142): CodeIgniter\View\View->render('pages/datapengguna', [], true)
 5 APPPATH\Controllers\User\Datapengguna.php(30): view('pages/datapengguna', [...])
 6 SYSTEMPATH\CodeIgniter.php(902): App\Controllers\User\Datapengguna->index()
 7 SYSTEMPATH\CodeIgniter.php(457): CodeIgniter\CodeIgniter->runController(Object(App\Controllers\User\Datapengguna))
 8 SYSTEMPATH\CodeIgniter.php(340): CodeIgniter\CodeIgniter->handleRequest(null, Object(Config\Cache), false)
 9 FCPATH\index.php(67): CodeIgniter\CodeIgniter->run()
10 SYSTEMPATH\Commands\Server\rewrite.php(46): require_once('FCPATH\\index.php')
CRITICAL - 2022-10-11 20:29:10 --> Undefined variable $pengguna
in APPPATH\Views\pages\datapengguna.php on line 33.
 1 APPPATH\Views\pages\datapengguna.php(33): CodeIgniter\Debug\Exceptions->errorHandler(2, 'Undefined variable $pengguna', 'APPPATH\\Views\\pages\\datapengguna.php', 33)
 2 SYSTEMPATH\View\View.php(213): include('APPPATH\\Views\\pages\\datapengguna.php')
 3 SYSTEMPATH\View\View.php(216): CodeIgniter\View\View->CodeIgniter\View\{closure}()
 4 SYSTEMPATH\Common.php(1142): CodeIgniter\View\View->render('pages/datapengguna', [], true)
 5 APPPATH\Controllers\User\Datapengguna.php(30): view('pages/datapengguna', [...])
 6 SYSTEMPATH\CodeIgniter.php(902): App\Controllers\User\Datapengguna->index()
 7 SYSTEMPATH\CodeIgniter.php(457): CodeIgniter\CodeIgniter->runController(Object(App\Controllers\User\Datapengguna))
 8 SYSTEMPATH\CodeIgniter.php(340): CodeIgniter\CodeIgniter->handleRequest(null, Object(Config\Cache), false)
 9 FCPATH\index.php(67): CodeIgniter\CodeIgniter->run()
10 SYSTEMPATH\Commands\Server\rewrite.php(46): require_once('FCPATH\\index.php')
CRITICAL - 2022-10-11 20:31:51 --> Undefined variable $data
in APPPATH\Views\pages\datapengguna.php on line 32.
 1 APPPATH\Views\pages\datapengguna.php(32): CodeIgniter\Debug\Exceptions->errorHandler(2, 'Undefined variable $data', 'APPPATH\\Views\\pages\\datapengguna.php', 32)
 2 SYSTEMPATH\View\View.php(213): include('APPPATH\\Views\\pages\\datapengguna.php')
 3 SYSTEMPATH\View\View.php(216): CodeIgniter\View\View->CodeIgniter\View\{closure}()
 4 SYSTEMPATH\Common.php(1142): CodeIgniter\View\View->render('pages/datapengguna', [], true)
 5 APPPATH\Controllers\User\Datapengguna.php(30): view('pages/datapengguna', [...])
 6 SYSTEMPATH\CodeIgniter.php(902): App\Controllers\User\Datapengguna->index()
 7 SYSTEMPATH\CodeIgniter.php(457): CodeIgniter\CodeIgniter->runController(Object(App\Controllers\User\Datapengguna))
 8 SYSTEMPATH\CodeIgniter.php(340): CodeIgniter\CodeIgniter->handleRequest(null, Object(Config\Cache), false)
 9 FCPATH\index.php(67): CodeIgniter\CodeIgniter->run()
10 SYSTEMPATH\Commands\Server\rewrite.php(46): require_once('FCPATH\\index.php')
CRITICAL - 2022-10-11 20:32:17 --> Undefined variable $datapengguna
in APPPATH\Views\pages\datapengguna.php on line 32.
 1 APPPATH\Views\pages\datapengguna.php(32): CodeIgniter\Debug\Exceptions->errorHandler(2, 'Undefined variable $datapengguna', 'APPPATH\\Views\\pages\\datapengguna.php', 32)
 2 SYSTEMPATH\View\View.php(213): include('APPPATH\\Views\\pages\\datapengguna.php')
 3 SYSTEMPATH\View\View.php(216): CodeIgniter\View\View->CodeIgniter\View\{closure}()
 4 SYSTEMPATH\Common.php(1142): CodeIgniter\View\View->render('pages/datapengguna', [], true)
 5 APPPATH\Controllers\User\Datapengguna.php(30): view('pages/datapengguna', [...])
 6 SYSTEMPATH\CodeIgniter.php(902): App\Controllers\User\Datapengguna->index()
 7 SYSTEMPATH\CodeIgniter.php(457): CodeIgniter\CodeIgniter->runController(Object(App\Controllers\User\Datapengguna))
 8 SYSTEMPATH\CodeIgniter.php(340): CodeIgniter\CodeIgniter->handleRequest(null, Object(Config\Cache), false)
 9 FCPATH\index.php(67): CodeIgniter\CodeIgniter->run()
10 SYSTEMPATH\Commands\Server\rewrite.php(46): require_once('FCPATH\\index.php')
CRITICAL - 2022-10-11 20:32:53 --> Undefined variable $datapengguna
in APPPATH\Views\pages\datapengguna.php on line 32.
 1 APPPATH\Views\pages\datapengguna.php(32): CodeIgniter\Debug\Exceptions->errorHandler(2, 'Undefined variable $datapengguna', 'APPPATH\\Views\\pages\\datapengguna.php', 32)
 2 SYSTEMPATH\View\View.php(213): include('APPPATH\\Views\\pages\\datapengguna.php')
 3 SYSTEMPATH\View\View.php(216): CodeIgniter\View\View->CodeIgniter\View\{closure}()
 4 SYSTEMPATH\Common.php(1142): CodeIgniter\View\View->render('pages/datapengguna', [], true)
 5 APPPATH\Controllers\User\Datapengguna.php(30): view('pages/datapengguna', [...])
 6 SYSTEMPATH\CodeIgniter.php(902): App\Controllers\User\Datapengguna->index()
 7 SYSTEMPATH\CodeIgniter.php(457): CodeIgniter\CodeIgniter->runController(Object(App\Controllers\User\Datapengguna))
 8 SYSTEMPATH\CodeIgniter.php(340): CodeIgniter\CodeIgniter->handleRequest(null, Object(Config\Cache), false)
 9 FCPATH\index.php(67): CodeIgniter\CodeIgniter->run()
10 SYSTEMPATH\Commands\Server\rewrite.php(46): require_once('FCPATH\\index.php')
CRITICAL - 2022-10-11 20:32:55 --> Undefined variable $datapengguna
in APPPATH\Views\pages\datapengguna.php on line 32.
 1 APPPATH\Views\pages\datapengguna.php(32): CodeIgniter\Debug\Exceptions->errorHandler(2, 'Undefined variable $datapengguna', 'APPPATH\\Views\\pages\\datapengguna.php', 32)
 2 SYSTEMPATH\View\View.php(213): include('APPPATH\\Views\\pages\\datapengguna.php')
 3 SYSTEMPATH\View\View.php(216): CodeIgniter\View\View->CodeIgniter\View\{closure}()
 4 SYSTEMPATH\Common.php(1142): CodeIgniter\View\View->render('pages/datapengguna', [], true)
 5 APPPATH\Controllers\User\Datapengguna.php(30): view('pages/datapengguna', [...])
 6 SYSTEMPATH\CodeIgniter.php(902): App\Controllers\User\Datapengguna->index()
 7 SYSTEMPATH\CodeIgniter.php(457): CodeIgniter\CodeIgniter->runController(Object(App\Controllers\User\Datapengguna))
 8 SYSTEMPATH\CodeIgniter.php(340): CodeIgniter\CodeIgniter->handleRequest(null, Object(Config\Cache), false)
 9 FCPATH\index.php(67): CodeIgniter\CodeIgniter->run()
10 SYSTEMPATH\Commands\Server\rewrite.php(46): require_once('FCPATH\\index.php')
CRITICAL - 2022-10-11 20:34:09 --> Undefined variable $pengguna
in APPPATH\Views\pages\datapengguna.php on line 32.
 1 APPPATH\Views\pages\datapengguna.php(32): CodeIgniter\Debug\Exceptions->errorHandler(2, 'Undefined variable $pengguna', 'APPPATH\\Views\\pages\\datapengguna.php', 32)
 2 SYSTEMPATH\View\View.php(213): include('APPPATH\\Views\\pages\\datapengguna.php')
 3 SYSTEMPATH\View\View.php(216): CodeIgniter\View\View->CodeIgniter\View\{closure}()
 4 SYSTEMPATH\Common.php(1142): CodeIgniter\View\View->render('pages/datapengguna', [], true)
 5 APPPATH\Controllers\User\Datapengguna.php(30): view('pages/datapengguna', [...])
 6 SYSTEMPATH\CodeIgniter.php(902): App\Controllers\User\Datapengguna->index()
 7 SYSTEMPATH\CodeIgniter.php(457): CodeIgniter\CodeIgniter->runController(Object(App\Controllers\User\Datapengguna))
 8 SYSTEMPATH\CodeIgniter.php(340): CodeIgniter\CodeIgniter->handleRequest(null, Object(Config\Cache), false)
 9 FCPATH\index.php(67): CodeIgniter\CodeIgniter->run()
10 SYSTEMPATH\Commands\Server\rewrite.php(46): require_once('FCPATH\\index.php')
CRITICAL - 2022-10-11 20:34:11 --> Undefined variable $pengguna
in APPPATH\Views\pages\datapengguna.php on line 32.
 1 APPPATH\Views\pages\datapengguna.php(32): CodeIgniter\Debug\Exceptions->errorHandler(2, 'Undefined variable $pengguna', 'APPPATH\\Views\\pages\\datapengguna.php', 32)
 2 SYSTEMPATH\View\View.php(213): include('APPPATH\\Views\\pages\\datapengguna.php')
 3 SYSTEMPATH\View\View.php(216): CodeIgniter\View\View->CodeIgniter\View\{closure}()
 4 SYSTEMPATH\Common.php(1142): CodeIgniter\View\View->render('pages/datapengguna', [], true)
 5 APPPATH\Controllers\User\Datapengguna.php(30): view('pages/datapengguna', [...])
 6 SYSTEMPATH\CodeIgniter.php(902): App\Controllers\User\Datapengguna->index()
 7 SYSTEMPATH\CodeIgniter.php(457): CodeIgniter\CodeIgniter->runController(Object(App\Controllers\User\Datapengguna))
 8 SYSTEMPATH\CodeIgniter.php(340): CodeIgniter\CodeIgniter->handleRequest(null, Object(Config\Cache), false)
 9 FCPATH\index.php(67): CodeIgniter\CodeIgniter->run()
10 SYSTEMPATH\Commands\Server\rewrite.php(46): require_once('FCPATH\\index.php')
CRITICAL - 2022-10-11 20:34:12 --> Undefined variable $pengguna
in APPPATH\Views\pages\datapengguna.php on line 32.
 1 APPPATH\Views\pages\datapengguna.php(32): CodeIgniter\Debug\Exceptions->errorHandler(2, 'Undefined variable $pengguna', 'APPPATH\\Views\\pages\\datapengguna.php', 32)
 2 SYSTEMPATH\View\View.php(213): include('APPPATH\\Views\\pages\\datapengguna.php')
 3 SYSTEMPATH\View\View.php(216): CodeIgniter\View\View->CodeIgniter\View\{closure}()
 4 SYSTEMPATH\Common.php(1142): CodeIgniter\View\View->render('pages/datapengguna', [], true)
 5 APPPATH\Controllers\User\Datapengguna.php(30): view('pages/datapengguna', [...])
 6 SYSTEMPATH\CodeIgniter.php(902): App\Controllers\User\Datapengguna->index()
 7 SYSTEMPATH\CodeIgniter.php(457): CodeIgniter\CodeIgniter->runController(Object(App\Controllers\User\Datapengguna))
 8 SYSTEMPATH\CodeIgniter.php(340): CodeIgniter\CodeIgniter->handleRequest(null, Object(Config\Cache), false)
 9 FCPATH\index.php(67): CodeIgniter\CodeIgniter->run()
10 SYSTEMPATH\Commands\Server\rewrite.php(46): require_once('FCPATH\\index.php')
CRITICAL - 2022-10-11 20:34:13 --> Undefined variable $pengguna
in APPPATH\Views\pages\datapengguna.php on line 32.
 1 APPPATH\Views\pages\datapengguna.php(32): CodeIgniter\Debug\Exceptions->errorHandler(2, 'Undefined variable $pengguna', 'APPPATH\\Views\\pages\\datapengguna.php', 32)
 2 SYSTEMPATH\View\View.php(213): include('APPPATH\\Views\\pages\\datapengguna.php')
 3 SYSTEMPATH\View\View.php(216): CodeIgniter\View\View->CodeIgniter\View\{closure}()
 4 SYSTEMPATH\Common.php(1142): CodeIgniter\View\View->render('pages/datapengguna', [], true)
 5 APPPATH\Controllers\User\Datapengguna.php(30): view('pages/datapengguna', [...])
 6 SYSTEMPATH\CodeIgniter.php(902): App\Controllers\User\Datapengguna->index()
 7 SYSTEMPATH\CodeIgniter.php(457): CodeIgniter\CodeIgniter->runController(Object(App\Controllers\User\Datapengguna))
 8 SYSTEMPATH\CodeIgniter.php(340): CodeIgniter\CodeIgniter->handleRequest(null, Object(Config\Cache), false)
 9 FCPATH\index.php(67): CodeIgniter\CodeIgniter->run()
10 SYSTEMPATH\Commands\Server\rewrite.php(46): require_once('FCPATH\\index.php')
CRITICAL - 2022-10-11 20:34:13 --> Undefined variable $pengguna
in APPPATH\Views\pages\datapengguna.php on line 32.
 1 APPPATH\Views\pages\datapengguna.php(32): CodeIgniter\Debug\Exceptions->errorHandler(2, 'Undefined variable $pengguna', 'APPPATH\\Views\\pages\\datapengguna.php', 32)
 2 SYSTEMPATH\View\View.php(213): include('APPPATH\\Views\\pages\\datapengguna.php')
 3 SYSTEMPATH\View\View.php(216): CodeIgniter\View\View->CodeIgniter\View\{closure}()
 4 SYSTEMPATH\Common.php(1142): CodeIgniter\View\View->render('pages/datapengguna', [], true)
 5 APPPATH\Controllers\User\Datapengguna.php(30): view('pages/datapengguna', [...])
 6 SYSTEMPATH\CodeIgniter.php(902): App\Controllers\User\Datapengguna->index()
 7 SYSTEMPATH\CodeIgniter.php(457): CodeIgniter\CodeIgniter->runController(Object(App\Controllers\User\Datapengguna))
 8 SYSTEMPATH\CodeIgniter.php(340): CodeIgniter\CodeIgniter->handleRequest(null, Object(Config\Cache), false)
 9 FCPATH\index.php(67): CodeIgniter\CodeIgniter->run()
10 SYSTEMPATH\Commands\Server\rewrite.php(46): require_once('FCPATH\\index.php')
