CRITICAL - 2022-11-25 12:11:11 --> Undefined variable $page
in APPPATH\Views\layout\page_layout.php on line 52.
 1 APPPATH\Views\layout\page_layout.php(52): CodeIgniter\Debug\Exceptions->errorHandler(2, 'Undefined variable $page', 'APPPATH\\Views\\layout\\page_layout.php', 52)
 2 SYSTEMPATH\View\View.php(213): include('APPPATH\\Views\\layout\\page_layout.php')
 3 SYSTEMPATH\View\View.php(216): CodeIgniter\View\View->CodeIgniter\View\{closure}()
 4 SYSTEMPATH\View\View.php(229): CodeIgniter\View\View->render('layout/page_layout', [], true)
 5 SYSTEMPATH\Common.php(1142): CodeIgniter\View\View->render('pages/home', [], true)
 6 APPPATH\Controllers\Admin\Pages.php(11): view('pages/home')
 7 SYSTEMPATH\CodeIgniter.php(902): App\Controllers\Admin\Pages->index()
 8 SYSTEMPATH\CodeIgniter.php(457): CodeIgniter\CodeIgniter->runController(Object(App\Controllers\Admin\Pages))
 9 SYSTEMPATH\CodeIgniter.php(340): CodeIgniter\CodeIgniter->handleRequest(null, Object(Config\Cache), false)
10 FCPATH\index.php(67): CodeIgniter\CodeIgniter->run()
11 SYSTEMPATH\Commands\Server\rewrite.php(46): require_once('FCPATH\\index.php')
CRITICAL - 2022-11-25 12:53:40 --> Undefined variable $page
in APPPATH\Views\layout\page_layout.php on line 52.
 1 APPPATH\Views\layout\page_layout.php(52): CodeIgniter\Debug\Exceptions->errorHandler(2, 'Undefined variable $page', 'APPPATH\\Views\\layout\\page_layout.php', 52)
 2 SYSTEMPATH\View\View.php(213): include('APPPATH\\Views\\layout\\page_layout.php')
 3 SYSTEMPATH\View\View.php(216): CodeIgniter\View\View->CodeIgniter\View\{closure}()
 4 SYSTEMPATH\View\View.php(229): CodeIgniter\View\View->render('layout/page_layout', [], true)
 5 SYSTEMPATH\Common.php(1142): CodeIgniter\View\View->render('pages/tentang', [], true)
 6 APPPATH\Controllers\Admin\Pages.php(21): view('pages/tentang')
 7 SYSTEMPATH\CodeIgniter.php(902): App\Controllers\Admin\Pages->tentang()
 8 SYSTEMPATH\CodeIgniter.php(457): CodeIgniter\CodeIgniter->runController(Object(App\Controllers\Admin\Pages))
 9 SYSTEMPATH\CodeIgniter.php(340): CodeIgniter\CodeIgniter->handleRequest(null, Object(Config\Cache), false)
10 FCPATH\index.php(67): CodeIgniter\CodeIgniter->run()
11 SYSTEMPATH\Commands\Server\rewrite.php(46): require_once('FCPATH\\index.php')
CRITICAL - 2022-11-25 12:55:11 --> Undefined variable $page
in APPPATH\Views\layout\page_layout.php on line 52.
 1 APPPATH\Views\layout\page_layout.php(52): CodeIgniter\Debug\Exceptions->errorHandler(2, 'Undefined variable $page', 'APPPATH\\Views\\layout\\page_layout.php', 52)
 2 SYSTEMPATH\View\View.php(213): include('APPPATH\\Views\\layout\\page_layout.php')
 3 SYSTEMPATH\View\View.php(216): CodeIgniter\View\View->CodeIgniter\View\{closure}()
 4 SYSTEMPATH\View\View.php(229): CodeIgniter\View\View->render('layout/page_layout', [], true)
 5 SYSTEMPATH\Common.php(1142): CodeIgniter\View\View->render('pages/home', [], true)
 6 APPPATH\Controllers\Admin\Pages.php(11): view('pages/home')
 7 SYSTEMPATH\CodeIgniter.php(902): App\Controllers\Admin\Pages->index()
 8 SYSTEMPATH\CodeIgniter.php(457): CodeIgniter\CodeIgniter->runController(Object(App\Controllers\Admin\Pages))
 9 SYSTEMPATH\CodeIgniter.php(340): CodeIgniter\CodeIgniter->handleRequest(null, Object(Config\Cache), false)
10 FCPATH\index.php(67): CodeIgniter\CodeIgniter->run()
11 SYSTEMPATH\Commands\Server\rewrite.php(46): require_once('FCPATH\\index.php')
CRITICAL - 2022-11-25 13:54:41 --> Undefined variable $userModel
in APPPATH\Controllers\LoginController.php on line 34.
 1 APPPATH\Controllers\LoginController.php(34): CodeIgniter\Debug\Exceptions->errorHandler(2, 'Undefined variable $userModel', 'APPPATH\\Controllers\\LoginController.php', 34)
 2 SYSTEMPATH\CodeIgniter.php(902): App\Controllers\LoginController->login()
 3 SYSTEMPATH\CodeIgniter.php(457): CodeIgniter\CodeIgniter->runController(Object(App\Controllers\LoginController))
 4 SYSTEMPATH\CodeIgniter.php(340): CodeIgniter\CodeIgniter->handleRequest(null, Object(Config\Cache), false)
 5 FCPATH\index.php(67): CodeIgniter\CodeIgniter->run()
 6 SYSTEMPATH\Commands\Server\rewrite.php(46): require_once('FCPATH\\index.php')
CRITICAL - 2022-11-25 14:06:29 --> Call to a member function first() on array
in APPPATH\Controllers\LoginController.php on line 34.
 1 SYSTEMPATH\CodeIgniter.php(902): App\Controllers\LoginController->login()
 2 SYSTEMPATH\CodeIgniter.php(457): CodeIgniter\CodeIgniter->runController(Object(App\Controllers\LoginController))
 3 SYSTEMPATH\CodeIgniter.php(340): CodeIgniter\CodeIgniter->handleRequest(null, Object(Config\Cache), false)
 4 FCPATH\index.php(67): CodeIgniter\CodeIgniter->run()
 5 SYSTEMPATH\Commands\Server\rewrite.php(46): require_once('FCPATH\\index.php')
CRITICAL - 2022-11-25 14:16:24 --> Cannot use object of type stdClass as array
in APPPATH\Controllers\LoginController.php on line 36.
 1 SYSTEMPATH\CodeIgniter.php(902): App\Controllers\LoginController->login()
 2 SYSTEMPATH\CodeIgniter.php(457): CodeIgniter\CodeIgniter->runController(Object(App\Controllers\LoginController))
 3 SYSTEMPATH\CodeIgniter.php(340): CodeIgniter\CodeIgniter->handleRequest(null, Object(Config\Cache), false)
 4 FCPATH\index.php(67): CodeIgniter\CodeIgniter->run()
 5 SYSTEMPATH\Commands\Server\rewrite.php(46): require_once('FCPATH\\index.php')
CRITICAL - 2022-11-25 14:16:58 --> Cannot use object of type stdClass as array
in APPPATH\Controllers\LoginController.php on line 36.
 1 SYSTEMPATH\CodeIgniter.php(902): App\Controllers\LoginController->login()
 2 SYSTEMPATH\CodeIgniter.php(457): CodeIgniter\CodeIgniter->runController(Object(App\Controllers\LoginController))
 3 SYSTEMPATH\CodeIgniter.php(340): CodeIgniter\CodeIgniter->handleRequest(null, Object(Config\Cache), false)
 4 FCPATH\index.php(67): CodeIgniter\CodeIgniter->run()
 5 SYSTEMPATH\Commands\Server\rewrite.php(46): require_once('FCPATH\\index.php')
CRITICAL - 2022-11-25 14:29:57 --> Attempt to read property "password" on null
in APPPATH\Controllers\LoginController.php on line 36.
 1 APPPATH\Controllers\LoginController.php(36): CodeIgniter\Debug\Exceptions->errorHandler(2, 'Attempt to read property "password" on null', 'APPPATH\\Controllers\\LoginController.php', 36)
 2 SYSTEMPATH\CodeIgniter.php(902): App\Controllers\LoginController->login()
 3 SYSTEMPATH\CodeIgniter.php(457): CodeIgniter\CodeIgniter->runController(Object(App\Controllers\LoginController))
 4 SYSTEMPATH\CodeIgniter.php(340): CodeIgniter\CodeIgniter->handleRequest(null, Object(Config\Cache), false)
 5 FCPATH\index.php(67): CodeIgniter\CodeIgniter->run()
 6 SYSTEMPATH\Commands\Server\rewrite.php(46): require_once('FCPATH\\index.php')
