CRITICAL - 2022-11-22 18:26:45 --> CodeIgniter\Router\RouteCollection::resource(): Argument #1 ($name) must be of type string, array given, called in C:\ci\ci_tgs1_21330034\app\Config\Routes.php on line 52
in SYSTEMPATH\Router\RouteCollection.php on line 688.
 1 APPPATH\Config\Routes.php(52): CodeIgniter\Router\RouteCollection->resource([...])
 2 SYSTEMPATH\CodeIgniter.php(764): require('APPPATH\\Config\\Routes.php')
 3 SYSTEMPATH\CodeIgniter.php(406): CodeIgniter\CodeIgniter->tryToRouteIt(Object(CodeIgniter\Router\RouteCollection))
 4 SYSTEMPATH\CodeIgniter.php(340): CodeIgniter\CodeIgniter->handleRequest(null, Object(Config\Cache), false)
 5 FCPATH\index.php(67): CodeIgniter\CodeIgniter->run()
 6 SYSTEMPATH\Commands\Server\rewrite.php(46): require_once('FCPATH\\index.php')
CRITICAL - 2022-11-22 18:30:46 --> DatapenggunaController filter must have a matching alias defined.
in SYSTEMPATH\Filters\Filters.php on line 340.
 1 SYSTEMPATH\Filters\Filters.php(340): CodeIgniter\Filters\Exceptions\FilterException::forNoAlias('DatapenggunaController')
 2 SYSTEMPATH\CodeIgniter.php(422): CodeIgniter\Filters\Filters->enableFilter('DatapenggunaController', 'before')
 3 SYSTEMPATH\CodeIgniter.php(340): CodeIgniter\CodeIgniter->handleRequest(null, Object(Config\Cache), false)
 4 FCPATH\index.php(67): CodeIgniter\CodeIgniter->run()
 5 SYSTEMPATH\Commands\Server\rewrite.php(46): require_once('FCPATH\\index.php')
CRITICAL - 2022-11-22 20:56:09 --> Array to string conversion
in APPPATH\Views\pages\admin\pengguna\form.php on line 10.
 1 APPPATH\Views\pages\admin\pengguna\form.php(10): CodeIgniter\Debug\Exceptions->errorHandler(2, 'Array to string conversion', 'APPPATH\\Views\\pages\\admin\\pengguna\\form.php', 10)
 2 SYSTEMPATH\View\View.php(213): include('APPPATH\\Views\\pages\\admin\\pengguna\\form.php')
 3 SYSTEMPATH\View\View.php(216): CodeIgniter\View\View->CodeIgniter\View\{closure}()
 4 SYSTEMPATH\Common.php(1142): CodeIgniter\View\View->render('pages/admin/pengguna/form', [], true)
 5 APPPATH\Controllers\DatapenggunaController.php(149): view('pages/admin/pengguna/form', [...])
 6 SYSTEMPATH\CodeIgniter.php(902): App\Controllers\DatapenggunaController->edit('7902')
 7 SYSTEMPATH\CodeIgniter.php(457): CodeIgniter\CodeIgniter->runController(Object(App\Controllers\DatapenggunaController))
 8 SYSTEMPATH\CodeIgniter.php(340): CodeIgniter\CodeIgniter->handleRequest(null, Object(Config\Cache), false)
 9 FCPATH\index.php(67): CodeIgniter\CodeIgniter->run()
10 SYSTEMPATH\Commands\Server\rewrite.php(46): require_once('FCPATH\\index.php')
CRITICAL - 2022-11-22 20:56:42 --> Undefined array key "nama"
in APPPATH\Views\pages\admin\pengguna\form.php on line 10.
 1 APPPATH\Views\pages\admin\pengguna\form.php(10): CodeIgniter\Debug\Exceptions->errorHandler(2, 'Undefined array key "nama"', 'APPPATH\\Views\\pages\\admin\\pengguna\\form.php', 10)
 2 SYSTEMPATH\View\View.php(213): include('APPPATH\\Views\\pages\\admin\\pengguna\\form.php')
 3 SYSTEMPATH\View\View.php(216): CodeIgniter\View\View->CodeIgniter\View\{closure}()
 4 SYSTEMPATH\Common.php(1142): CodeIgniter\View\View->render('pages/admin/pengguna/form', [], true)
 5 APPPATH\Controllers\DatapenggunaController.php(149): view('pages/admin/pengguna/form', [...])
 6 SYSTEMPATH\CodeIgniter.php(902): App\Controllers\DatapenggunaController->edit('7902')
 7 SYSTEMPATH\CodeIgniter.php(457): CodeIgniter\CodeIgniter->runController(Object(App\Controllers\DatapenggunaController))
 8 SYSTEMPATH\CodeIgniter.php(340): CodeIgniter\CodeIgniter->handleRequest(null, Object(Config\Cache), false)
 9 FCPATH\index.php(67): CodeIgniter\CodeIgniter->run()
10 SYSTEMPATH\Commands\Server\rewrite.php(46): require_once('FCPATH\\index.php')
CRITICAL - 2022-11-22 20:57:09 --> Attempt to read property "nama" on array
in APPPATH\Views\pages\admin\pengguna\form.php on line 10.
 1 APPPATH\Views\pages\admin\pengguna\form.php(10): CodeIgniter\Debug\Exceptions->errorHandler(2, 'Attempt to read property "nama" on array', 'APPPATH\\Views\\pages\\admin\\pengguna\\form.php', 10)
 2 SYSTEMPATH\View\View.php(213): include('APPPATH\\Views\\pages\\admin\\pengguna\\form.php')
 3 SYSTEMPATH\View\View.php(216): CodeIgniter\View\View->CodeIgniter\View\{closure}()
 4 SYSTEMPATH\Common.php(1142): CodeIgniter\View\View->render('pages/admin/pengguna/form', [], true)
 5 APPPATH\Controllers\DatapenggunaController.php(149): view('pages/admin/pengguna/form', [...])
 6 SYSTEMPATH\CodeIgniter.php(902): App\Controllers\DatapenggunaController->edit('7902')
 7 SYSTEMPATH\CodeIgniter.php(457): CodeIgniter\CodeIgniter->runController(Object(App\Controllers\DatapenggunaController))
 8 SYSTEMPATH\CodeIgniter.php(340): CodeIgniter\CodeIgniter->handleRequest(null, Object(Config\Cache), false)
 9 FCPATH\index.php(67): CodeIgniter\CodeIgniter->run()
10 SYSTEMPATH\Commands\Server\rewrite.php(46): require_once('FCPATH\\index.php')
CRITICAL - 2022-11-22 21:06:32 --> Call to undefined method CodeIgniter\Database\MySQLi\Result::result()
in APPPATH\Controllers\DatapenggunaController.php on line 146.
 1 SYSTEMPATH\CodeIgniter.php(902): App\Controllers\DatapenggunaController->edit('7907')
 2 SYSTEMPATH\CodeIgniter.php(457): CodeIgniter\CodeIgniter->runController(Object(App\Controllers\DatapenggunaController))
 3 SYSTEMPATH\CodeIgniter.php(340): CodeIgniter\CodeIgniter->handleRequest(null, Object(Config\Cache), false)
 4 FCPATH\index.php(67): CodeIgniter\CodeIgniter->run()
 5 SYSTEMPATH\Commands\Server\rewrite.php(46): require_once('FCPATH\\index.php')
CRITICAL - 2022-11-22 21:07:53 --> Call to undefined method CodeIgniter\Database\MySQLi\Result::result()
in APPPATH\Controllers\DatapenggunaController.php on line 146.
 1 SYSTEMPATH\CodeIgniter.php(902): App\Controllers\DatapenggunaController->edit('7907')
 2 SYSTEMPATH\CodeIgniter.php(457): CodeIgniter\CodeIgniter->runController(Object(App\Controllers\DatapenggunaController))
 3 SYSTEMPATH\CodeIgniter.php(340): CodeIgniter\CodeIgniter->handleRequest(null, Object(Config\Cache), false)
 4 FCPATH\index.php(67): CodeIgniter\CodeIgniter->run()
 5 SYSTEMPATH\Commands\Server\rewrite.php(46): require_once('FCPATH\\index.php')
CRITICAL - 2022-11-22 21:09:43 --> Call to undefined method CodeIgniter\Database\MySQLi\Result::fetch_assoc()
in APPPATH\Controllers\DatapenggunaController.php on line 146.
 1 SYSTEMPATH\CodeIgniter.php(902): App\Controllers\DatapenggunaController->edit('7907')
 2 SYSTEMPATH\CodeIgniter.php(457): CodeIgniter\CodeIgniter->runController(Object(App\Controllers\DatapenggunaController))
 3 SYSTEMPATH\CodeIgniter.php(340): CodeIgniter\CodeIgniter->handleRequest(null, Object(Config\Cache), false)
 4 FCPATH\index.php(67): CodeIgniter\CodeIgniter->run()
 5 SYSTEMPATH\Commands\Server\rewrite.php(46): require_once('FCPATH\\index.php')
CRITICAL - 2022-11-22 21:10:08 --> Call to undefined method App\Models\DatapenggunaModel::fetch_assoc
in SYSTEMPATH\Model.php on line 774.
 1 APPPATH\Controllers\DatapenggunaController.php(146): CodeIgniter\Model->__call('fetch_assoc', [])
 2 SYSTEMPATH\CodeIgniter.php(902): App\Controllers\DatapenggunaController->edit('7907')
 3 SYSTEMPATH\CodeIgniter.php(457): CodeIgniter\CodeIgniter->runController(Object(App\Controllers\DatapenggunaController))
 4 SYSTEMPATH\CodeIgniter.php(340): CodeIgniter\CodeIgniter->handleRequest(null, Object(Config\Cache), false)
 5 FCPATH\index.php(67): CodeIgniter\CodeIgniter->run()
 6 SYSTEMPATH\Commands\Server\rewrite.php(46): require_once('FCPATH\\index.php')
CRITICAL - 2022-11-22 21:13:01 --> Call to undefined method App\Models\DatapenggunaModel::getResult
in SYSTEMPATH\Model.php on line 774.
 1 APPPATH\Controllers\DatapenggunaController.php(146): CodeIgniter\Model->__call('getResult', [])
 2 SYSTEMPATH\CodeIgniter.php(902): App\Controllers\DatapenggunaController->edit('7907')
 3 SYSTEMPATH\CodeIgniter.php(457): CodeIgniter\CodeIgniter->runController(Object(App\Controllers\DatapenggunaController))
 4 SYSTEMPATH\CodeIgniter.php(340): CodeIgniter\CodeIgniter->handleRequest(null, Object(Config\Cache), false)
 5 FCPATH\index.php(67): CodeIgniter\CodeIgniter->run()
 6 SYSTEMPATH\Commands\Server\rewrite.php(46): require_once('FCPATH\\index.php')
CRITICAL - 2022-11-22 21:55:26 --> Undefined property: CodeIgniter\Database\MySQLi\Result::$result
in APPPATH\Controllers\DatapenggunaController.php on line 145.
 1 APPPATH\Controllers\DatapenggunaController.php(145): CodeIgniter\Debug\Exceptions->errorHandler(2, 'Undefined property: CodeIgniter\\Database\\MySQLi\\Result::$result', 'APPPATH\\Controllers\\DatapenggunaController.php', 145)
 2 SYSTEMPATH\CodeIgniter.php(902): App\Controllers\DatapenggunaController->edit('7910')
 3 SYSTEMPATH\CodeIgniter.php(457): CodeIgniter\CodeIgniter->runController(Object(App\Controllers\DatapenggunaController))
 4 SYSTEMPATH\CodeIgniter.php(340): CodeIgniter\CodeIgniter->handleRequest(null, Object(Config\Cache), false)
 5 FCPATH\index.php(67): CodeIgniter\CodeIgniter->run()
 6 SYSTEMPATH\Commands\Server\rewrite.php(46): require_once('FCPATH\\index.php')
CRITICAL - 2022-11-22 21:55:35 --> Call to undefined method CodeIgniter\Database\MySQLi\Result::result()
in APPPATH\Controllers\DatapenggunaController.php on line 145.
 1 SYSTEMPATH\CodeIgniter.php(902): App\Controllers\DatapenggunaController->edit('7910')
 2 SYSTEMPATH\CodeIgniter.php(457): CodeIgniter\CodeIgniter->runController(Object(App\Controllers\DatapenggunaController))
 3 SYSTEMPATH\CodeIgniter.php(340): CodeIgniter\CodeIgniter->handleRequest(null, Object(Config\Cache), false)
 4 FCPATH\index.php(67): CodeIgniter\CodeIgniter->run()
 5 SYSTEMPATH\Commands\Server\rewrite.php(46): require_once('FCPATH\\index.php')
ERROR - 2022-11-22 22:50:22 --> mysqli_sql_exception: Table 'db_spsm.pemasukankas' doesn't exist in C:\ci\ci_tgs1_21330034\vendor\codeigniter4\framework\system\Database\MySQLi\Connection.php:292
Stack trace:
#0 C:\ci\ci_tgs1_21330034\vendor\codeigniter4\framework\system\Database\MySQLi\Connection.php(292): mysqli->query('SELECT *\nFROM `...', 0)
#1 C:\ci\ci_tgs1_21330034\vendor\codeigniter4\framework\system\Database\BaseConnection.php(693): CodeIgniter\Database\MySQLi\Connection->execute('SELECT *\nFROM `...')
#2 C:\ci\ci_tgs1_21330034\vendor\codeigniter4\framework\system\Database\BaseConnection.php(620): CodeIgniter\Database\BaseConnection->simpleQuery('SELECT *\nFROM `...')
#3 C:\ci\ci_tgs1_21330034\vendor\codeigniter4\framework\system\Database\BaseBuilder.php(1585): CodeIgniter\Database\BaseConnection->query('SELECT *\nFROM `...', Array, false)
#4 C:\ci\ci_tgs1_21330034\vendor\codeigniter4\framework\system\Model.php(223): CodeIgniter\Database\BaseBuilder->get()
#5 C:\ci\ci_tgs1_21330034\vendor\codeigniter4\framework\system\BaseModel.php(584): CodeIgniter\Model->doFindAll(0, 0)
#6 C:\ci\ci_tgs1_21330034\app\Controllers\DatapemasukanController.php(28): CodeIgniter\BaseModel->findAll()
#7 C:\ci\ci_tgs1_21330034\vendor\codeigniter4\framework\system\CodeIgniter.php(902): App\Controllers\DatapemasukanController->index()
#8 C:\ci\ci_tgs1_21330034\vendor\codeigniter4\framework\system\CodeIgniter.php(457): CodeIgniter\CodeIgniter->runController(Object(App\Controllers\DatapemasukanController))
#9 C:\ci\ci_tgs1_21330034\vendor\codeigniter4\framework\system\CodeIgniter.php(340): CodeIgniter\CodeIgniter->handleRequest(NULL, Object(Config\Cache), false)
#10 C:\ci\ci_tgs1_21330034\public\index.php(67): CodeIgniter\CodeIgniter->run()
#11 C:\ci\ci_tgs1_21330034\vendor\codeigniter4\framework\system\Commands\Server\rewrite.php(46): require_once('C:\\ci\\ci_tgs1_2...')
#12 {main}
CRITICAL - 2022-11-22 22:50:22 --> Table 'db_spsm.pemasukankas' doesn't exist
in SYSTEMPATH\Database\MySQLi\Connection.php on line 292.
 1 SYSTEMPATH\Database\MySQLi\Connection.php(292): mysqli->query('SELECT *
FROM `pemasukankas`', 0)
 2 SYSTEMPATH\Database\BaseConnection.php(693): CodeIgniter\Database\MySQLi\Connection->execute('SELECT *
FROM `pemasukankas`')
 3 SYSTEMPATH\Database\BaseConnection.php(620): CodeIgniter\Database\BaseConnection->simpleQuery('SELECT *
FROM `pemasukankas`')
 4 SYSTEMPATH\Database\BaseBuilder.php(1585): CodeIgniter\Database\BaseConnection->query('SELECT *
FROM `pemasukankas`', [], false)
 5 SYSTEMPATH\Model.php(223): CodeIgniter\Database\BaseBuilder->get()
 6 SYSTEMPATH\BaseModel.php(584): CodeIgniter\Model->doFindAll(0, 0)
 7 APPPATH\Controllers\DatapemasukanController.php(28): CodeIgniter\BaseModel->findAll()
 8 SYSTEMPATH\CodeIgniter.php(902): App\Controllers\DatapemasukanController->index()
 9 SYSTEMPATH\CodeIgniter.php(457): CodeIgniter\CodeIgniter->runController(Object(App\Controllers\DatapemasukanController))
10 SYSTEMPATH\CodeIgniter.php(340): CodeIgniter\CodeIgniter->handleRequest(null, Object(Config\Cache), false)
11 FCPATH\index.php(67): CodeIgniter\CodeIgniter->run()
12 SYSTEMPATH\Commands\Server\rewrite.php(46): require_once('FCPATH\\index.php')
ERROR - 2022-11-22 22:50:51 --> mysqli_sql_exception: Table 'db_spsm.pemasukan' doesn't exist in C:\ci\ci_tgs1_21330034\vendor\codeigniter4\framework\system\Database\MySQLi\Connection.php:292
Stack trace:
#0 C:\ci\ci_tgs1_21330034\vendor\codeigniter4\framework\system\Database\MySQLi\Connection.php(292): mysqli->query('SELECT *\nFROM `...', 0)
#1 C:\ci\ci_tgs1_21330034\vendor\codeigniter4\framework\system\Database\BaseConnection.php(693): CodeIgniter\Database\MySQLi\Connection->execute('SELECT *\nFROM `...')
#2 C:\ci\ci_tgs1_21330034\vendor\codeigniter4\framework\system\Database\BaseConnection.php(620): CodeIgniter\Database\BaseConnection->simpleQuery('SELECT *\nFROM `...')
#3 C:\ci\ci_tgs1_21330034\vendor\codeigniter4\framework\system\Database\BaseBuilder.php(1585): CodeIgniter\Database\BaseConnection->query('SELECT *\nFROM `...', Array, false)
#4 C:\ci\ci_tgs1_21330034\vendor\codeigniter4\framework\system\Model.php(223): CodeIgniter\Database\BaseBuilder->get()
#5 C:\ci\ci_tgs1_21330034\vendor\codeigniter4\framework\system\BaseModel.php(584): CodeIgniter\Model->doFindAll(0, 0)
#6 C:\ci\ci_tgs1_21330034\app\Controllers\DatapemasukanController.php(28): CodeIgniter\BaseModel->findAll()
#7 C:\ci\ci_tgs1_21330034\vendor\codeigniter4\framework\system\CodeIgniter.php(902): App\Controllers\DatapemasukanController->index()
#8 C:\ci\ci_tgs1_21330034\vendor\codeigniter4\framework\system\CodeIgniter.php(457): CodeIgniter\CodeIgniter->runController(Object(App\Controllers\DatapemasukanController))
#9 C:\ci\ci_tgs1_21330034\vendor\codeigniter4\framework\system\CodeIgniter.php(340): CodeIgniter\CodeIgniter->handleRequest(NULL, Object(Config\Cache), false)
#10 C:\ci\ci_tgs1_21330034\public\index.php(67): CodeIgniter\CodeIgniter->run()
#11 C:\ci\ci_tgs1_21330034\vendor\codeigniter4\framework\system\Commands\Server\rewrite.php(46): require_once('C:\\ci\\ci_tgs1_2...')
#12 {main}
CRITICAL - 2022-11-22 22:50:51 --> Table 'db_spsm.pemasukan' doesn't exist
in SYSTEMPATH\Database\MySQLi\Connection.php on line 292.
 1 SYSTEMPATH\Database\MySQLi\Connection.php(292): mysqli->query('SELECT *
FROM `pemasukan`', 0)
 2 SYSTEMPATH\Database\BaseConnection.php(693): CodeIgniter\Database\MySQLi\Connection->execute('SELECT *
FROM `pemasukan`')
 3 SYSTEMPATH\Database\BaseConnection.php(620): CodeIgniter\Database\BaseConnection->simpleQuery('SELECT *
FROM `pemasukan`')
 4 SYSTEMPATH\Database\BaseBuilder.php(1585): CodeIgniter\Database\BaseConnection->query('SELECT *
FROM `pemasukan`', [], false)
 5 SYSTEMPATH\Model.php(223): CodeIgniter\Database\BaseBuilder->get()
 6 SYSTEMPATH\BaseModel.php(584): CodeIgniter\Model->doFindAll(0, 0)
 7 APPPATH\Controllers\DatapemasukanController.php(28): CodeIgniter\BaseModel->findAll()
 8 SYSTEMPATH\CodeIgniter.php(902): App\Controllers\DatapemasukanController->index()
 9 SYSTEMPATH\CodeIgniter.php(457): CodeIgniter\CodeIgniter->runController(Object(App\Controllers\DatapemasukanController))
10 SYSTEMPATH\CodeIgniter.php(340): CodeIgniter\CodeIgniter->handleRequest(null, Object(Config\Cache), false)
11 FCPATH\index.php(67): CodeIgniter\CodeIgniter->run()
12 SYSTEMPATH\Commands\Server\rewrite.php(46): require_once('FCPATH\\index.php')
CRITICAL - 2022-11-22 22:51:47 --> Undefined variable $user
in APPPATH\Views\pages\admin\pengguna\list.php on line 69.
 1 APPPATH\Views\pages\admin\pengguna\list.php(69): CodeIgniter\Debug\Exceptions->errorHandler(2, 'Undefined variable $user', 'APPPATH\\Views\\pages\\admin\\pengguna\\list.php', 69)
 2 SYSTEMPATH\View\View.php(213): include('APPPATH\\Views\\pages\\admin\\pengguna\\list.php')
 3 SYSTEMPATH\View\View.php(216): CodeIgniter\View\View->CodeIgniter\View\{closure}()
 4 SYSTEMPATH\Common.php(1142): CodeIgniter\View\View->render('pages/admin/pengguna/list', [], true)
 5 APPPATH\Controllers\DatapemasukanController.php(31): view('pages/admin/pengguna/list', [...])
 6 SYSTEMPATH\CodeIgniter.php(902): App\Controllers\DatapemasukanController->index()
 7 SYSTEMPATH\CodeIgniter.php(457): CodeIgniter\CodeIgniter->runController(Object(App\Controllers\DatapemasukanController))
 8 SYSTEMPATH\CodeIgniter.php(340): CodeIgniter\CodeIgniter->handleRequest(null, Object(Config\Cache), false)
 9 FCPATH\index.php(67): CodeIgniter\CodeIgniter->run()
10 SYSTEMPATH\Commands\Server\rewrite.php(46): require_once('FCPATH\\index.php')
CRITICAL - 2022-11-22 22:53:00 --> Undefined variable $user
in APPPATH\Views\pages\admin\pengguna\list.php on line 69.
 1 APPPATH\Views\pages\admin\pengguna\list.php(69): CodeIgniter\Debug\Exceptions->errorHandler(2, 'Undefined variable $user', 'APPPATH\\Views\\pages\\admin\\pengguna\\list.php', 69)
 2 SYSTEMPATH\View\View.php(213): include('APPPATH\\Views\\pages\\admin\\pengguna\\list.php')
 3 SYSTEMPATH\View\View.php(216): CodeIgniter\View\View->CodeIgniter\View\{closure}()
 4 SYSTEMPATH\Common.php(1142): CodeIgniter\View\View->render('pages/admin/pengguna/list', [], true)
 5 APPPATH\Controllers\DatapemasukanController.php(31): view('pages/admin/pengguna/list', [...])
 6 SYSTEMPATH\CodeIgniter.php(902): App\Controllers\DatapemasukanController->index()
 7 SYSTEMPATH\CodeIgniter.php(457): CodeIgniter\CodeIgniter->runController(Object(App\Controllers\DatapemasukanController))
 8 SYSTEMPATH\CodeIgniter.php(340): CodeIgniter\CodeIgniter->handleRequest(null, Object(Config\Cache), false)
 9 FCPATH\index.php(67): CodeIgniter\CodeIgniter->run()
10 SYSTEMPATH\Commands\Server\rewrite.php(46): require_once('FCPATH\\index.php')
CRITICAL - 2022-11-22 22:53:15 --> Undefined variable $user
in APPPATH\Views\pages\admin\pengguna\list.php on line 69.
 1 APPPATH\Views\pages\admin\pengguna\list.php(69): CodeIgniter\Debug\Exceptions->errorHandler(2, 'Undefined variable $user', 'APPPATH\\Views\\pages\\admin\\pengguna\\list.php', 69)
 2 SYSTEMPATH\View\View.php(213): include('APPPATH\\Views\\pages\\admin\\pengguna\\list.php')
 3 SYSTEMPATH\View\View.php(216): CodeIgniter\View\View->CodeIgniter\View\{closure}()
 4 SYSTEMPATH\Common.php(1142): CodeIgniter\View\View->render('pages/admin/pengguna/list', [], true)
 5 APPPATH\Controllers\DatapemasukanController.php(31): view('pages/admin/pengguna/list', [...])
 6 SYSTEMPATH\CodeIgniter.php(902): App\Controllers\DatapemasukanController->index()
 7 SYSTEMPATH\CodeIgniter.php(457): CodeIgniter\CodeIgniter->runController(Object(App\Controllers\DatapemasukanController))
 8 SYSTEMPATH\CodeIgniter.php(340): CodeIgniter\CodeIgniter->handleRequest(null, Object(Config\Cache), false)
 9 FCPATH\index.php(67): CodeIgniter\CodeIgniter->run()
10 SYSTEMPATH\Commands\Server\rewrite.php(46): require_once('FCPATH\\index.php')
CRITICAL - 2022-11-22 22:54:09 --> Attempt to read property "username" on array
in APPPATH\Views\pages\admin\pemasukan\list.php on line 72.
 1 APPPATH\Views\pages\admin\pemasukan\list.php(72): CodeIgniter\Debug\Exceptions->errorHandler(2, 'Attempt to read property "username" on array', 'APPPATH\\Views\\pages\\admin\\pemasukan\\list.php', 72)
 2 SYSTEMPATH\View\View.php(213): include('APPPATH\\Views\\pages\\admin\\pemasukan\\list.php')
 3 SYSTEMPATH\View\View.php(216): CodeIgniter\View\View->CodeIgniter\View\{closure}()
 4 SYSTEMPATH\Common.php(1142): CodeIgniter\View\View->render('pages/admin/pemasukan/list', [], true)
 5 APPPATH\Controllers\DatapemasukanController.php(31): view('pages/admin/pemasukan/list', [...])
 6 SYSTEMPATH\CodeIgniter.php(902): App\Controllers\DatapemasukanController->index()
 7 SYSTEMPATH\CodeIgniter.php(457): CodeIgniter\CodeIgniter->runController(Object(App\Controllers\DatapemasukanController))
 8 SYSTEMPATH\CodeIgniter.php(340): CodeIgniter\CodeIgniter->handleRequest(null, Object(Config\Cache), false)
 9 FCPATH\index.php(67): CodeIgniter\CodeIgniter->run()
10 SYSTEMPATH\Commands\Server\rewrite.php(46): require_once('FCPATH\\index.php')
CRITICAL - 2022-11-22 22:57:24 --> Attempt to read property "tanggal" on array
in APPPATH\Views\pages\admin\pemasukan\list.php on line 71.
 1 APPPATH\Views\pages\admin\pemasukan\list.php(71): CodeIgniter\Debug\Exceptions->errorHandler(2, 'Attempt to read property "tanggal" on array', 'APPPATH\\Views\\pages\\admin\\pemasukan\\list.php', 71)
 2 SYSTEMPATH\View\View.php(213): include('APPPATH\\Views\\pages\\admin\\pemasukan\\list.php')
 3 SYSTEMPATH\View\View.php(216): CodeIgniter\View\View->CodeIgniter\View\{closure}()
 4 SYSTEMPATH\Common.php(1142): CodeIgniter\View\View->render('pages/admin/pemasukan/list', [], true)
 5 APPPATH\Controllers\DatapemasukanController.php(31): view('pages/admin/pemasukan/list', [...])
 6 SYSTEMPATH\CodeIgniter.php(902): App\Controllers\DatapemasukanController->index()
 7 SYSTEMPATH\CodeIgniter.php(457): CodeIgniter\CodeIgniter->runController(Object(App\Controllers\DatapemasukanController))
 8 SYSTEMPATH\CodeIgniter.php(340): CodeIgniter\CodeIgniter->handleRequest(null, Object(Config\Cache), false)
 9 FCPATH\index.php(67): CodeIgniter\CodeIgniter->run()
10 SYSTEMPATH\Commands\Server\rewrite.php(46): require_once('FCPATH\\index.php')
CRITICAL - 2022-11-22 22:58:07 --> Attempt to read property "ket" on array
in APPPATH\Views\pages\admin\pemasukan\list.php on line 72.
 1 APPPATH\Views\pages\admin\pemasukan\list.php(72): CodeIgniter\Debug\Exceptions->errorHandler(2, 'Attempt to read property "ket" on array', 'APPPATH\\Views\\pages\\admin\\pemasukan\\list.php', 72)
 2 SYSTEMPATH\View\View.php(213): include('APPPATH\\Views\\pages\\admin\\pemasukan\\list.php')
 3 SYSTEMPATH\View\View.php(216): CodeIgniter\View\View->CodeIgniter\View\{closure}()
 4 SYSTEMPATH\Common.php(1142): CodeIgniter\View\View->render('pages/admin/pemasukan/list', [], true)
 5 APPPATH\Controllers\DatapemasukanController.php(31): view('pages/admin/pemasukan/list', [...])
 6 SYSTEMPATH\CodeIgniter.php(902): App\Controllers\DatapemasukanController->index()
 7 SYSTEMPATH\CodeIgniter.php(457): CodeIgniter\CodeIgniter->runController(Object(App\Controllers\DatapemasukanController))
 8 SYSTEMPATH\CodeIgniter.php(340): CodeIgniter\CodeIgniter->handleRequest(null, Object(Config\Cache), false)
 9 FCPATH\index.php(67): CodeIgniter\CodeIgniter->run()
10 SYSTEMPATH\Commands\Server\rewrite.php(46): require_once('FCPATH\\index.php')
CRITICAL - 2022-11-22 22:59:00 --> Attempt to read property "tanggal" on array
in APPPATH\Views\pages\admin\pemasukan\list.php on line 71.
 1 APPPATH\Views\pages\admin\pemasukan\list.php(71): CodeIgniter\Debug\Exceptions->errorHandler(2, 'Attempt to read property "tanggal" on array', 'APPPATH\\Views\\pages\\admin\\pemasukan\\list.php', 71)
 2 SYSTEMPATH\View\View.php(213): include('APPPATH\\Views\\pages\\admin\\pemasukan\\list.php')
 3 SYSTEMPATH\View\View.php(216): CodeIgniter\View\View->CodeIgniter\View\{closure}()
 4 SYSTEMPATH\Common.php(1142): CodeIgniter\View\View->render('pages/admin/pemasukan/list', [], true)
 5 APPPATH\Controllers\DatapemasukanController.php(31): view('pages/admin/pemasukan/list', [...])
 6 SYSTEMPATH\CodeIgniter.php(902): App\Controllers\DatapemasukanController->index()
 7 SYSTEMPATH\CodeIgniter.php(457): CodeIgniter\CodeIgniter->runController(Object(App\Controllers\DatapemasukanController))
 8 SYSTEMPATH\CodeIgniter.php(340): CodeIgniter\CodeIgniter->handleRequest(null, Object(Config\Cache), false)
 9 FCPATH\index.php(67): CodeIgniter\CodeIgniter->run()
10 SYSTEMPATH\Commands\Server\rewrite.php(46): require_once('FCPATH\\index.php')
CRITICAL - 2022-11-22 23:01:43 --> Undefined property: stdClass::$profil
in APPPATH\Views\pages\admin\pemasukan\list.php on line 74.
 1 APPPATH\Views\pages\admin\pemasukan\list.php(74): CodeIgniter\Debug\Exceptions->errorHandler(2, 'Undefined property: stdClass::$profil', 'APPPATH\\Views\\pages\\admin\\pemasukan\\list.php', 74)
 2 SYSTEMPATH\View\View.php(213): include('APPPATH\\Views\\pages\\admin\\pemasukan\\list.php')
 3 SYSTEMPATH\View\View.php(216): CodeIgniter\View\View->CodeIgniter\View\{closure}()
 4 SYSTEMPATH\Common.php(1142): CodeIgniter\View\View->render('pages/admin/pemasukan/list', [], true)
 5 APPPATH\Controllers\DatapemasukanController.php(31): view('pages/admin/pemasukan/list', [...])
 6 SYSTEMPATH\CodeIgniter.php(902): App\Controllers\DatapemasukanController->index()
 7 SYSTEMPATH\CodeIgniter.php(457): CodeIgniter\CodeIgniter->runController(Object(App\Controllers\DatapemasukanController))
 8 SYSTEMPATH\CodeIgniter.php(340): CodeIgniter\CodeIgniter->handleRequest(null, Object(Config\Cache), false)
 9 FCPATH\index.php(67): CodeIgniter\CodeIgniter->run()
10 SYSTEMPATH\Commands\Server\rewrite.php(46): require_once('FCPATH\\index.php')
CRITICAL - 2022-11-22 23:02:22 --> Undefined property: stdClass::$username
in APPPATH\Views\pages\admin\pemasukan\list.php on line 77.
 1 APPPATH\Views\pages\admin\pemasukan\list.php(77): CodeIgniter\Debug\Exceptions->errorHandler(2, 'Undefined property: stdClass::$username', 'APPPATH\\Views\\pages\\admin\\pemasukan\\list.php', 77)
 2 SYSTEMPATH\View\View.php(213): include('APPPATH\\Views\\pages\\admin\\pemasukan\\list.php')
 3 SYSTEMPATH\View\View.php(216): CodeIgniter\View\View->CodeIgniter\View\{closure}()
 4 SYSTEMPATH\Common.php(1142): CodeIgniter\View\View->render('pages/admin/pemasukan/list', [], true)
 5 APPPATH\Controllers\DatapemasukanController.php(31): view('pages/admin/pemasukan/list', [...])
 6 SYSTEMPATH\CodeIgniter.php(902): App\Controllers\DatapemasukanController->index()
 7 SYSTEMPATH\CodeIgniter.php(457): CodeIgniter\CodeIgniter->runController(Object(App\Controllers\DatapemasukanController))
 8 SYSTEMPATH\CodeIgniter.php(340): CodeIgniter\CodeIgniter->handleRequest(null, Object(Config\Cache), false)
 9 FCPATH\index.php(67): CodeIgniter\CodeIgniter->run()
10 SYSTEMPATH\Commands\Server\rewrite.php(46): require_once('FCPATH\\index.php')
CRITICAL - 2022-11-22 23:06:22 --> Call to undefined method stdClass::tanggal()
in APPPATH\Views\pages\admin\pemasukan\list.php on line 71.
 1 SYSTEMPATH\View\View.php(213): include()
 2 SYSTEMPATH\View\View.php(216): CodeIgniter\View\View->CodeIgniter\View\{closure}()
 3 SYSTEMPATH\Common.php(1142): CodeIgniter\View\View->render('pages/admin/pemasukan/list', [], true)
 4 APPPATH\Controllers\DatapemasukanController.php(31): view('pages/admin/pemasukan/list', [...])
 5 SYSTEMPATH\CodeIgniter.php(902): App\Controllers\DatapemasukanController->index()
 6 SYSTEMPATH\CodeIgniter.php(457): CodeIgniter\CodeIgniter->runController(Object(App\Controllers\DatapemasukanController))
 7 SYSTEMPATH\CodeIgniter.php(340): CodeIgniter\CodeIgniter->handleRequest(null, Object(Config\Cache), false)
 8 FCPATH\index.php(67): CodeIgniter\CodeIgniter->run()
 9 SYSTEMPATH\Commands\Server\rewrite.php(46): require_once('FCPATH\\index.php')
CRITICAL - 2022-11-22 23:08:59 --> Call to a member function format() on string
in APPPATH\Views\pages\admin\pemasukan\list.php on line 71.
 1 SYSTEMPATH\View\View.php(213): include()
 2 SYSTEMPATH\View\View.php(216): CodeIgniter\View\View->CodeIgniter\View\{closure}()
 3 SYSTEMPATH\Common.php(1142): CodeIgniter\View\View->render('pages/admin/pemasukan/list', [], true)
 4 APPPATH\Controllers\DatapemasukanController.php(31): view('pages/admin/pemasukan/list', [...])
 5 SYSTEMPATH\CodeIgniter.php(902): App\Controllers\DatapemasukanController->index()
 6 SYSTEMPATH\CodeIgniter.php(457): CodeIgniter\CodeIgniter->runController(Object(App\Controllers\DatapemasukanController))
 7 SYSTEMPATH\CodeIgniter.php(340): CodeIgniter\CodeIgniter->handleRequest(null, Object(Config\Cache), false)
 8 FCPATH\index.php(67): CodeIgniter\CodeIgniter->run()
 9 SYSTEMPATH\Commands\Server\rewrite.php(46): require_once('FCPATH\\index.php')
CRITICAL - 2022-11-22 23:10:03 --> Undefined variable $now
in APPPATH\Views\pages\admin\pemasukan\list.php on line 71.
 1 APPPATH\Views\pages\admin\pemasukan\list.php(71): CodeIgniter\Debug\Exceptions->errorHandler(2, 'Undefined variable $now', 'APPPATH\\Views\\pages\\admin\\pemasukan\\list.php', 71)
 2 SYSTEMPATH\View\View.php(213): include('APPPATH\\Views\\pages\\admin\\pemasukan\\list.php')
 3 SYSTEMPATH\View\View.php(216): CodeIgniter\View\View->CodeIgniter\View\{closure}()
 4 SYSTEMPATH\Common.php(1142): CodeIgniter\View\View->render('pages/admin/pemasukan/list', [], true)
 5 APPPATH\Controllers\DatapemasukanController.php(31): view('pages/admin/pemasukan/list', [...])
 6 SYSTEMPATH\CodeIgniter.php(902): App\Controllers\DatapemasukanController->index()
 7 SYSTEMPATH\CodeIgniter.php(457): CodeIgniter\CodeIgniter->runController(Object(App\Controllers\DatapemasukanController))
 8 SYSTEMPATH\CodeIgniter.php(340): CodeIgniter\CodeIgniter->handleRequest(null, Object(Config\Cache), false)
 9 FCPATH\index.php(67): CodeIgniter\CodeIgniter->run()
10 SYSTEMPATH\Commands\Server\rewrite.php(46): require_once('FCPATH\\index.php')
CRITICAL - 2022-11-22 23:17:54 --> Undefined property: App\Controllers\DatapemasukanController::$load
in APPPATH\Controllers\DatapemasukanController.php on line 16.
 1 APPPATH\Controllers\DatapemasukanController.php(16): CodeIgniter\Debug\Exceptions->errorHandler(2, 'Undefined property: App\\Controllers\\DatapemasukanController::$load', 'APPPATH\\Controllers\\DatapemasukanController.php', 16)
 2 SYSTEMPATH\CodeIgniter.php(864): App\Controllers\DatapemasukanController->__construct()
 3 SYSTEMPATH\CodeIgniter.php(448): CodeIgniter\CodeIgniter->createController()
 4 SYSTEMPATH\CodeIgniter.php(340): CodeIgniter\CodeIgniter->handleRequest(null, Object(Config\Cache), false)
 5 FCPATH\index.php(67): CodeIgniter\CodeIgniter->run()
 6 SYSTEMPATH\Commands\Server\rewrite.php(46): require_once('FCPATH\\index.php')
CRITICAL - 2022-11-22 23:18:15 --> Undefined property: App\Controllers\DatapemasukanController::$load
in APPPATH\Controllers\DatapemasukanController.php on line 16.
 1 APPPATH\Controllers\DatapemasukanController.php(16): CodeIgniter\Debug\Exceptions->errorHandler(2, 'Undefined property: App\\Controllers\\DatapemasukanController::$load', 'APPPATH\\Controllers\\DatapemasukanController.php', 16)
 2 SYSTEMPATH\CodeIgniter.php(864): App\Controllers\DatapemasukanController->__construct()
 3 SYSTEMPATH\CodeIgniter.php(448): CodeIgniter\CodeIgniter->createController()
 4 SYSTEMPATH\CodeIgniter.php(340): CodeIgniter\CodeIgniter->handleRequest(null, Object(Config\Cache), false)
 5 FCPATH\index.php(67): CodeIgniter\CodeIgniter->run()
 6 SYSTEMPATH\Commands\Server\rewrite.php(46): require_once('FCPATH\\index.php')
CRITICAL - 2022-11-22 23:21:20 --> Undefined property: App\Controllers\DatapemasukanController::$load
in APPPATH\Controllers\DatapemasukanController.php on line 16.
 1 APPPATH\Controllers\DatapemasukanController.php(16): CodeIgniter\Debug\Exceptions->errorHandler(2, 'Undefined property: App\\Controllers\\DatapemasukanController::$load', 'APPPATH\\Controllers\\DatapemasukanController.php', 16)
 2 SYSTEMPATH\CodeIgniter.php(864): App\Controllers\DatapemasukanController->__construct()
 3 SYSTEMPATH\CodeIgniter.php(448): CodeIgniter\CodeIgniter->createController()
 4 SYSTEMPATH\CodeIgniter.php(340): CodeIgniter\CodeIgniter->handleRequest(null, Object(Config\Cache), false)
 5 FCPATH\index.php(67): CodeIgniter\CodeIgniter->run()
 6 SYSTEMPATH\Commands\Server\rewrite.php(46): require_once('FCPATH\\index.php')
CRITICAL - 2022-11-22 23:21:39 --> date_format(): Argument #1 ($object) must be of type DateTimeInterface, string given
in APPPATH\Views\pages\admin\pemasukan\list.php on line 71.
 1 APPPATH\Views\pages\admin\pemasukan\list.php(71): date_format('2022-11-03', '%d/%m/%Y')
 2 SYSTEMPATH\View\View.php(213): include('APPPATH\\Views\\pages\\admin\\pemasukan\\list.php')
 3 SYSTEMPATH\View\View.php(216): CodeIgniter\View\View->CodeIgniter\View\{closure}()
 4 SYSTEMPATH\Common.php(1142): CodeIgniter\View\View->render('pages/admin/pemasukan/list', [], true)
 5 APPPATH\Controllers\DatapemasukanController.php(31): view('pages/admin/pemasukan/list', [...])
 6 SYSTEMPATH\CodeIgniter.php(902): App\Controllers\DatapemasukanController->index()
 7 SYSTEMPATH\CodeIgniter.php(457): CodeIgniter\CodeIgniter->runController(Object(App\Controllers\DatapemasukanController))
 8 SYSTEMPATH\CodeIgniter.php(340): CodeIgniter\CodeIgniter->handleRequest(null, Object(Config\Cache), false)
 9 FCPATH\index.php(67): CodeIgniter\CodeIgniter->run()
10 SYSTEMPATH\Commands\Server\rewrite.php(46): require_once('FCPATH\\index.php')
CRITICAL - 2022-11-22 23:22:48 --> Call to undefined method stdClass::DATE_FORMAT()
in APPPATH\Views\pages\admin\pemasukan\list.php on line 71.
 1 SYSTEMPATH\View\View.php(213): include()
 2 SYSTEMPATH\View\View.php(216): CodeIgniter\View\View->CodeIgniter\View\{closure}()
 3 SYSTEMPATH\Common.php(1142): CodeIgniter\View\View->render('pages/admin/pemasukan/list', [], true)
 4 APPPATH\Controllers\DatapemasukanController.php(31): view('pages/admin/pemasukan/list', [...])
 5 SYSTEMPATH\CodeIgniter.php(902): App\Controllers\DatapemasukanController->index()
 6 SYSTEMPATH\CodeIgniter.php(457): CodeIgniter\CodeIgniter->runController(Object(App\Controllers\DatapemasukanController))
 7 SYSTEMPATH\CodeIgniter.php(340): CodeIgniter\CodeIgniter->handleRequest(null, Object(Config\Cache), false)
 8 FCPATH\index.php(67): CodeIgniter\CodeIgniter->run()
 9 SYSTEMPATH\Commands\Server\rewrite.php(46): require_once('FCPATH\\index.php')
CRITICAL - 2022-11-22 23:23:03 --> Call to undefined method stdClass::DATE_FORMAT()
in APPPATH\Views\pages\admin\pemasukan\list.php on line 71.
 1 SYSTEMPATH\View\View.php(213): include()
 2 SYSTEMPATH\View\View.php(216): CodeIgniter\View\View->CodeIgniter\View\{closure}()
 3 SYSTEMPATH\Common.php(1142): CodeIgniter\View\View->render('pages/admin/pemasukan/list', [], true)
 4 APPPATH\Controllers\DatapemasukanController.php(31): view('pages/admin/pemasukan/list', [...])
 5 SYSTEMPATH\CodeIgniter.php(902): App\Controllers\DatapemasukanController->index()
 6 SYSTEMPATH\CodeIgniter.php(457): CodeIgniter\CodeIgniter->runController(Object(App\Controllers\DatapemasukanController))
 7 SYSTEMPATH\CodeIgniter.php(340): CodeIgniter\CodeIgniter->handleRequest(null, Object(Config\Cache), false)
 8 FCPATH\index.php(67): CodeIgniter\CodeIgniter->run()
 9 SYSTEMPATH\Commands\Server\rewrite.php(46): require_once('FCPATH\\index.php')
CRITICAL - 2022-11-22 23:23:16 --> Call to undefined method stdClass::DATE_FORMAT()
in APPPATH\Views\pages\admin\pemasukan\list.php on line 71.
 1 SYSTEMPATH\View\View.php(213): include()
 2 SYSTEMPATH\View\View.php(216): CodeIgniter\View\View->CodeIgniter\View\{closure}()
 3 SYSTEMPATH\Common.php(1142): CodeIgniter\View\View->render('pages/admin/pemasukan/list', [], true)
 4 APPPATH\Controllers\DatapemasukanController.php(31): view('pages/admin/pemasukan/list', [...])
 5 SYSTEMPATH\CodeIgniter.php(902): App\Controllers\DatapemasukanController->index()
 6 SYSTEMPATH\CodeIgniter.php(457): CodeIgniter\CodeIgniter->runController(Object(App\Controllers\DatapemasukanController))
 7 SYSTEMPATH\CodeIgniter.php(340): CodeIgniter\CodeIgniter->handleRequest(null, Object(Config\Cache), false)
 8 FCPATH\index.php(67): CodeIgniter\CodeIgniter->run()
 9 SYSTEMPATH\Commands\Server\rewrite.php(46): require_once('FCPATH\\index.php')
CRITICAL - 2022-11-22 23:33:33 --> Undefined property: App\Controllers\DatapemasukanController::$DatapenggunaModel
in APPPATH\Controllers\DatapemasukanController.php on line 91.
 1 APPPATH\Controllers\DatapemasukanController.php(91): CodeIgniter\Debug\Exceptions->errorHandler(2, 'Undefined property: App\\Controllers\\DatapemasukanController::$DatapenggunaModel', 'APPPATH\\Controllers\\DatapemasukanController.php', 91)
 2 SYSTEMPATH\CodeIgniter.php(902): App\Controllers\DatapemasukanController->delete('4')
 3 SYSTEMPATH\CodeIgniter.php(457): CodeIgniter\CodeIgniter->runController(Object(App\Controllers\DatapemasukanController))
 4 SYSTEMPATH\CodeIgniter.php(340): CodeIgniter\CodeIgniter->handleRequest(null, Object(Config\Cache), false)
 5 FCPATH\index.php(67): CodeIgniter\CodeIgniter->run()
 6 SYSTEMPATH\Commands\Server\rewrite.php(46): require_once('FCPATH\\index.php')
