CRITICAL - 2022-11-14 16:48:20 --> Undefined variable $controller
in APPPATH\Views\pages\datapengguna.php on line 136.
 1 APPPATH\Views\pages\datapengguna.php(136): CodeIgniter\Debug\Exceptions->errorHandler(2, 'Undefined variable $controller', 'APPPATH\\Views\\pages\\datapengguna.php', 136)
 2 SYSTEMPATH\View\View.php(213): include('APPPATH\\Views\\pages\\datapengguna.php')
 3 SYSTEMPATH\View\View.php(216): CodeIgniter\View\View->CodeIgniter\View\{closure}()
 4 SYSTEMPATH\Common.php(1142): CodeIgniter\View\View->render('pages/datapengguna', [], true)
 5 APPPATH\Controllers\User\Datapengguna.php(30): view('pages/datapengguna', [...])
 6 SYSTEMPATH\CodeIgniter.php(902): App\Controllers\User\Datapengguna->index()
 7 SYSTEMPATH\CodeIgniter.php(457): CodeIgniter\CodeIgniter->runController(Object(App\Controllers\User\Datapengguna))
 8 SYSTEMPATH\CodeIgniter.php(340): CodeIgniter\CodeIgniter->handleRequest(null, Object(Config\Cache), false)
 9 FCPATH\index.php(67): CodeIgniter\CodeIgniter->run()
10 SYSTEMPATH\Commands\Server\rewrite.php(46): require_once('FCPATH\\index.php')
CRITICAL - 2022-11-14 16:51:31 --> Invalid file: datapengguna.php
in SYSTEMPATH\Exceptions\FrameworkException.php on line 33.
 1 SYSTEMPATH\View\View.php(201): CodeIgniter\Exceptions\FrameworkException::forInvalidFile('datapengguna.php')
 2 SYSTEMPATH\Common.php(1142): CodeIgniter\View\View->render('datapengguna', [], true)
 3 APPPATH\Controllers\User\Datapengguna.php(27): view('datapengguna', [...])
 4 SYSTEMPATH\CodeIgniter.php(902): App\Controllers\User\Datapengguna->index()
 5 SYSTEMPATH\CodeIgniter.php(457): CodeIgniter\CodeIgniter->runController(Object(App\Controllers\User\Datapengguna))
 6 SYSTEMPATH\CodeIgniter.php(340): CodeIgniter\CodeIgniter->handleRequest(null, Object(Config\Cache), false)
 7 FCPATH\index.php(67): CodeIgniter\CodeIgniter->run()
 8 SYSTEMPATH\Commands\Server\rewrite.php(46): require_once('FCPATH\\index.php')
CRITICAL - 2022-11-14 16:52:59 --> Invalid file: datapengguna.php
in SYSTEMPATH\Exceptions\FrameworkException.php on line 33.
 1 SYSTEMPATH\View\View.php(201): CodeIgniter\Exceptions\FrameworkException::forInvalidFile('datapengguna.php')
 2 SYSTEMPATH\Common.php(1142): CodeIgniter\View\View->render('datapengguna', [], true)
 3 APPPATH\Controllers\User\Datapengguna.php(27): view('datapengguna', [...])
 4 SYSTEMPATH\CodeIgniter.php(902): App\Controllers\User\Datapengguna->index()
 5 SYSTEMPATH\CodeIgniter.php(457): CodeIgniter\CodeIgniter->runController(Object(App\Controllers\User\Datapengguna))
 6 SYSTEMPATH\CodeIgniter.php(340): CodeIgniter\CodeIgniter->handleRequest(null, Object(Config\Cache), false)
 7 FCPATH\index.php(67): CodeIgniter\CodeIgniter->run()
 8 SYSTEMPATH\Commands\Server\rewrite.php(46): require_once('FCPATH\\index.php')
CRITICAL - 2022-11-14 16:53:22 --> Undefined variable $id
in APPPATH\Views\pages\datapengguna.php on line 32.
 1 APPPATH\Views\pages\datapengguna.php(32): CodeIgniter\Debug\Exceptions->errorHandler(2, 'Undefined variable $id', 'APPPATH\\Views\\pages\\datapengguna.php', 32)
 2 SYSTEMPATH\View\View.php(213): include('APPPATH\\Views\\pages\\datapengguna.php')
 3 SYSTEMPATH\View\View.php(216): CodeIgniter\View\View->CodeIgniter\View\{closure}()
 4 SYSTEMPATH\Common.php(1142): CodeIgniter\View\View->render('pages\\datapengguna', [], true)
 5 APPPATH\Controllers\User\Datapengguna.php(27): view('pages\\datapengguna', [...])
 6 SYSTEMPATH\CodeIgniter.php(902): App\Controllers\User\Datapengguna->index()
 7 SYSTEMPATH\CodeIgniter.php(457): CodeIgniter\CodeIgniter->runController(Object(App\Controllers\User\Datapengguna))
 8 SYSTEMPATH\CodeIgniter.php(340): CodeIgniter\CodeIgniter->handleRequest(null, Object(Config\Cache), false)
 9 FCPATH\index.php(67): CodeIgniter\CodeIgniter->run()
10 SYSTEMPATH\Commands\Server\rewrite.php(46): require_once('FCPATH\\index.php')
CRITICAL - 2022-11-14 16:54:25 --> Invalid file: pagesdatapengguna.php
in SYSTEMPATH\Exceptions\FrameworkException.php on line 33.
 1 SYSTEMPATH\View\View.php(201): CodeIgniter\Exceptions\FrameworkException::forInvalidFile('pagesdatapengguna.php')
 2 SYSTEMPATH\Common.php(1142): CodeIgniter\View\View->render('pagesdatapengguna', [], true)
 3 APPPATH\Controllers\User\Datapengguna.php(27): view('pagesdatapengguna', [...])
 4 SYSTEMPATH\CodeIgniter.php(902): App\Controllers\User\Datapengguna->index()
 5 SYSTEMPATH\CodeIgniter.php(457): CodeIgniter\CodeIgniter->runController(Object(App\Controllers\User\Datapengguna))
 6 SYSTEMPATH\CodeIgniter.php(340): CodeIgniter\CodeIgniter->handleRequest(null, Object(Config\Cache), false)
 7 FCPATH\index.php(67): CodeIgniter\CodeIgniter->run()
 8 SYSTEMPATH\Commands\Server\rewrite.php(46): require_once('FCPATH\\index.php')
CRITICAL - 2022-11-14 16:54:36 --> Undefined variable $id
in APPPATH\Views\pages\datapengguna.php on line 32.
 1 APPPATH\Views\pages\datapengguna.php(32): CodeIgniter\Debug\Exceptions->errorHandler(2, 'Undefined variable $id', 'APPPATH\\Views\\pages\\datapengguna.php', 32)
 2 SYSTEMPATH\View\View.php(213): include('APPPATH\\Views\\pages\\datapengguna.php')
 3 SYSTEMPATH\View\View.php(216): CodeIgniter\View\View->CodeIgniter\View\{closure}()
 4 SYSTEMPATH\Common.php(1142): CodeIgniter\View\View->render('pages\\datapengguna', [], true)
 5 APPPATH\Controllers\User\Datapengguna.php(27): view('pages\\datapengguna', [...])
 6 SYSTEMPATH\CodeIgniter.php(902): App\Controllers\User\Datapengguna->index()
 7 SYSTEMPATH\CodeIgniter.php(457): CodeIgniter\CodeIgniter->runController(Object(App\Controllers\User\Datapengguna))
 8 SYSTEMPATH\CodeIgniter.php(340): CodeIgniter\CodeIgniter->handleRequest(null, Object(Config\Cache), false)
 9 FCPATH\index.php(67): CodeIgniter\CodeIgniter->run()
10 SYSTEMPATH\Commands\Server\rewrite.php(46): require_once('FCPATH\\index.php')
CRITICAL - 2022-11-14 16:56:31 --> Undefined variable $data
in APPPATH\Views\pages\datapengguna.php on line 32.
 1 APPPATH\Views\pages\datapengguna.php(32): CodeIgniter\Debug\Exceptions->errorHandler(2, 'Undefined variable $data', 'APPPATH\\Views\\pages\\datapengguna.php', 32)
 2 SYSTEMPATH\View\View.php(213): include('APPPATH\\Views\\pages\\datapengguna.php')
 3 SYSTEMPATH\View\View.php(216): CodeIgniter\View\View->CodeIgniter\View\{closure}()
 4 SYSTEMPATH\Common.php(1142): CodeIgniter\View\View->render('pages/datapengguna', [], true)
 5 APPPATH\Controllers\User\Datapengguna.php(27): view('pages/datapengguna', [...])
 6 SYSTEMPATH\CodeIgniter.php(902): App\Controllers\User\Datapengguna->index()
 7 SYSTEMPATH\CodeIgniter.php(457): CodeIgniter\CodeIgniter->runController(Object(App\Controllers\User\Datapengguna))
 8 SYSTEMPATH\CodeIgniter.php(340): CodeIgniter\CodeIgniter->handleRequest(null, Object(Config\Cache), false)
 9 FCPATH\index.php(67): CodeIgniter\CodeIgniter->run()
10 SYSTEMPATH\Commands\Server\rewrite.php(46): require_once('FCPATH\\index.php')
CRITICAL - 2022-11-14 16:56:37 --> Undefined variable $data
in APPPATH\Views\pages\datapengguna.php on line 32.
 1 APPPATH\Views\pages\datapengguna.php(32): CodeIgniter\Debug\Exceptions->errorHandler(2, 'Undefined variable $data', 'APPPATH\\Views\\pages\\datapengguna.php', 32)
 2 SYSTEMPATH\View\View.php(213): include('APPPATH\\Views\\pages\\datapengguna.php')
 3 SYSTEMPATH\View\View.php(216): CodeIgniter\View\View->CodeIgniter\View\{closure}()
 4 SYSTEMPATH\Common.php(1142): CodeIgniter\View\View->render('pages/datapengguna', [], true)
 5 APPPATH\Controllers\User\Datapengguna.php(27): view('pages/datapengguna', [...])
 6 SYSTEMPATH\CodeIgniter.php(902): App\Controllers\User\Datapengguna->index()
 7 SYSTEMPATH\CodeIgniter.php(457): CodeIgniter\CodeIgniter->runController(Object(App\Controllers\User\Datapengguna))
 8 SYSTEMPATH\CodeIgniter.php(340): CodeIgniter\CodeIgniter->handleRequest(null, Object(Config\Cache), false)
 9 FCPATH\index.php(67): CodeIgniter\CodeIgniter->run()
10 SYSTEMPATH\Commands\Server\rewrite.php(46): require_once('FCPATH\\index.php')
CRITICAL - 2022-11-14 16:59:01 --> Undefined variable $data
in APPPATH\Views\pages\datapengguna.php on line 32.
 1 APPPATH\Views\pages\datapengguna.php(32): CodeIgniter\Debug\Exceptions->errorHandler(2, 'Undefined variable $data', 'APPPATH\\Views\\pages\\datapengguna.php', 32)
 2 SYSTEMPATH\View\View.php(213): include('APPPATH\\Views\\pages\\datapengguna.php')
 3 SYSTEMPATH\View\View.php(216): CodeIgniter\View\View->CodeIgniter\View\{closure}()
 4 SYSTEMPATH\Common.php(1142): CodeIgniter\View\View->render('pages/datapengguna', [], true)
 5 APPPATH\Controllers\User\Datapengguna.php(27): view('pages/datapengguna', [...])
 6 SYSTEMPATH\CodeIgniter.php(902): App\Controllers\User\Datapengguna->index()
 7 SYSTEMPATH\CodeIgniter.php(457): CodeIgniter\CodeIgniter->runController(Object(App\Controllers\User\Datapengguna))
 8 SYSTEMPATH\CodeIgniter.php(340): CodeIgniter\CodeIgniter->handleRequest(null, Object(Config\Cache), false)
 9 FCPATH\index.php(67): CodeIgniter\CodeIgniter->run()
10 SYSTEMPATH\Commands\Server\rewrite.php(46): require_once('FCPATH\\index.php')
CRITICAL - 2022-11-14 22:22:10 --> Undefined variable $id
in APPPATH\Views\pages\datapengguna.php on line 32.
 1 APPPATH\Views\pages\datapengguna.php(32): CodeIgniter\Debug\Exceptions->errorHandler(2, 'Undefined variable $id', 'APPPATH\\Views\\pages\\datapengguna.php', 32)
 2 SYSTEMPATH\View\View.php(213): include('APPPATH\\Views\\pages\\datapengguna.php')
 3 SYSTEMPATH\View\View.php(216): CodeIgniter\View\View->CodeIgniter\View\{closure}()
 4 SYSTEMPATH\Common.php(1142): CodeIgniter\View\View->render('pages/datapengguna', [], true)
 5 APPPATH\Controllers\User\Datapengguna.php(27): view('pages/datapengguna', [...])
 6 SYSTEMPATH\CodeIgniter.php(902): App\Controllers\User\Datapengguna->index()
 7 SYSTEMPATH\CodeIgniter.php(457): CodeIgniter\CodeIgniter->runController(Object(App\Controllers\User\Datapengguna))
 8 SYSTEMPATH\CodeIgniter.php(340): CodeIgniter\CodeIgniter->handleRequest(null, Object(Config\Cache), false)
 9 FCPATH\index.php(67): CodeIgniter\CodeIgniter->run()
10 SYSTEMPATH\Commands\Server\rewrite.php(46): require_once('FCPATH\\index.php')
CRITICAL - 2022-11-14 23:11:58 --> Undefined variable $Datapengguna
in APPPATH\Views\pages\datapengguna.php on line 128.
 1 APPPATH\Views\pages\datapengguna.php(128): CodeIgniter\Debug\Exceptions->errorHandler(2, 'Undefined variable $Datapengguna', 'APPPATH\\Views\\pages\\datapengguna.php', 128)
 2 SYSTEMPATH\View\View.php(213): include('APPPATH\\Views\\pages\\datapengguna.php')
 3 SYSTEMPATH\View\View.php(216): CodeIgniter\View\View->CodeIgniter\View\{closure}()
 4 SYSTEMPATH\Common.php(1142): CodeIgniter\View\View->render('pages/datapengguna', [], true)
 5 APPPATH\Controllers\User\Datapengguna.php(30): view('pages/datapengguna', [...])
 6 SYSTEMPATH\CodeIgniter.php(902): App\Controllers\User\Datapengguna->index()
 7 SYSTEMPATH\CodeIgniter.php(457): CodeIgniter\CodeIgniter->runController(Object(App\Controllers\User\Datapengguna))
 8 SYSTEMPATH\CodeIgniter.php(340): CodeIgniter\CodeIgniter->handleRequest(null, Object(Config\Cache), false)
 9 FCPATH\index.php(67): CodeIgniter\CodeIgniter->run()
10 SYSTEMPATH\Commands\Server\rewrite.php(46): require_once('FCPATH\\index.php')
CRITICAL - 2022-11-14 23:17:39 --> Undefined variable $id
in APPPATH\Views\pages\datapengguna.php on line 128.
 1 APPPATH\Views\pages\datapengguna.php(128): CodeIgniter\Debug\Exceptions->errorHandler(2, 'Undefined variable $id', 'APPPATH\\Views\\pages\\datapengguna.php', 128)
 2 SYSTEMPATH\View\View.php(213): include('APPPATH\\Views\\pages\\datapengguna.php')
 3 SYSTEMPATH\View\View.php(216): CodeIgniter\View\View->CodeIgniter\View\{closure}()
 4 SYSTEMPATH\Common.php(1142): CodeIgniter\View\View->render('pages/datapengguna', [], true)
 5 APPPATH\Controllers\User\Datapengguna.php(30): view('pages/datapengguna', [...])
 6 SYSTEMPATH\CodeIgniter.php(902): App\Controllers\User\Datapengguna->index()
 7 SYSTEMPATH\CodeIgniter.php(457): CodeIgniter\CodeIgniter->runController(Object(App\Controllers\User\Datapengguna))
 8 SYSTEMPATH\CodeIgniter.php(340): CodeIgniter\CodeIgniter->handleRequest(null, Object(Config\Cache), false)
 9 FCPATH\index.php(67): CodeIgniter\CodeIgniter->run()
10 SYSTEMPATH\Commands\Server\rewrite.php(46): require_once('FCPATH\\index.php')
CRITICAL - 2022-11-14 23:25:57 --> Undefined variable $Datapenggunas
in APPPATH\Views\pages\datapengguna.php on line 128.
 1 APPPATH\Views\pages\datapengguna.php(128): CodeIgniter\Debug\Exceptions->errorHandler(2, 'Undefined variable $Datapenggunas', 'APPPATH\\Views\\pages\\datapengguna.php', 128)
 2 SYSTEMPATH\View\View.php(213): include('APPPATH\\Views\\pages\\datapengguna.php')
 3 SYSTEMPATH\View\View.php(216): CodeIgniter\View\View->CodeIgniter\View\{closure}()
 4 SYSTEMPATH\Common.php(1142): CodeIgniter\View\View->render('pages/datapengguna', [], true)
 5 APPPATH\Controllers\User\Datapengguna.php(30): view('pages/datapengguna', [...])
 6 SYSTEMPATH\CodeIgniter.php(902): App\Controllers\User\Datapengguna->index()
 7 SYSTEMPATH\CodeIgniter.php(457): CodeIgniter\CodeIgniter->runController(Object(App\Controllers\User\Datapengguna))
 8 SYSTEMPATH\CodeIgniter.php(340): CodeIgniter\CodeIgniter->handleRequest(null, Object(Config\Cache), false)
 9 FCPATH\index.php(67): CodeIgniter\CodeIgniter->run()
10 SYSTEMPATH\Commands\Server\rewrite.php(46): require_once('FCPATH\\index.php')
CRITICAL - 2022-11-14 23:27:18 --> Undefined variable $Datapengguna
in APPPATH\Views\pages\datapengguna.php on line 128.
 1 APPPATH\Views\pages\datapengguna.php(128): CodeIgniter\Debug\Exceptions->errorHandler(2, 'Undefined variable $Datapengguna', 'APPPATH\\Views\\pages\\datapengguna.php', 128)
 2 SYSTEMPATH\View\View.php(213): include('APPPATH\\Views\\pages\\datapengguna.php')
 3 SYSTEMPATH\View\View.php(216): CodeIgniter\View\View->CodeIgniter\View\{closure}()
 4 SYSTEMPATH\Common.php(1142): CodeIgniter\View\View->render('pages/datapengguna', [], true)
 5 APPPATH\Controllers\User\Datapengguna.php(30): view('pages/datapengguna', [...])
 6 SYSTEMPATH\CodeIgniter.php(902): App\Controllers\User\Datapengguna->index()
 7 SYSTEMPATH\CodeIgniter.php(457): CodeIgniter\CodeIgniter->runController(Object(App\Controllers\User\Datapengguna))
 8 SYSTEMPATH\CodeIgniter.php(340): CodeIgniter\CodeIgniter->handleRequest(null, Object(Config\Cache), false)
 9 FCPATH\index.php(67): CodeIgniter\CodeIgniter->run()
10 SYSTEMPATH\Commands\Server\rewrite.php(46): require_once('FCPATH\\index.php')
CRITICAL - 2022-11-14 23:35:30 --> Undefined variable $id
in APPPATH\Views\pages\datapengguna.php on line 128.
 1 APPPATH\Views\pages\datapengguna.php(128): CodeIgniter\Debug\Exceptions->errorHandler(2, 'Undefined variable $id', 'APPPATH\\Views\\pages\\datapengguna.php', 128)
 2 SYSTEMPATH\View\View.php(213): include('APPPATH\\Views\\pages\\datapengguna.php')
 3 SYSTEMPATH\View\View.php(216): CodeIgniter\View\View->CodeIgniter\View\{closure}()
 4 SYSTEMPATH\Common.php(1142): CodeIgniter\View\View->render('pages/datapengguna', [], true)
 5 APPPATH\Controllers\User\Datapengguna.php(30): view('pages/datapengguna', [...])
 6 SYSTEMPATH\CodeIgniter.php(902): App\Controllers\User\Datapengguna->index()
 7 SYSTEMPATH\CodeIgniter.php(457): CodeIgniter\CodeIgniter->runController(Object(App\Controllers\User\Datapengguna))
 8 SYSTEMPATH\CodeIgniter.php(340): CodeIgniter\CodeIgniter->handleRequest(null, Object(Config\Cache), false)
 9 FCPATH\index.php(67): CodeIgniter\CodeIgniter->run()
10 SYSTEMPATH\Commands\Server\rewrite.php(46): require_once('FCPATH\\index.php')
CRITICAL - 2022-11-14 23:37:40 --> Cannot use object of type stdClass as array
in APPPATH\Views\pages\datapengguna.php on line 130.
 1 SYSTEMPATH\View\View.php(213): include()
 2 SYSTEMPATH\View\View.php(216): CodeIgniter\View\View->CodeIgniter\View\{closure}()
 3 SYSTEMPATH\Common.php(1142): CodeIgniter\View\View->render('pages/datapengguna', [], true)
 4 APPPATH\Controllers\User\Datapengguna.php(34): view('pages/datapengguna', [...])
 5 SYSTEMPATH\CodeIgniter.php(902): App\Controllers\User\Datapengguna->index()
 6 SYSTEMPATH\CodeIgniter.php(457): CodeIgniter\CodeIgniter->runController(Object(App\Controllers\User\Datapengguna))
 7 SYSTEMPATH\CodeIgniter.php(340): CodeIgniter\CodeIgniter->handleRequest(null, Object(Config\Cache), false)
 8 FCPATH\index.php(67): CodeIgniter\CodeIgniter->run()
 9 SYSTEMPATH\Commands\Server\rewrite.php(46): require_once('FCPATH\\index.php')
CRITICAL - 2022-11-14 23:38:09 --> Cannot use object of type stdClass as array
in APPPATH\Views\pages\datapengguna.php on line 130.
 1 SYSTEMPATH\View\View.php(213): include()
 2 SYSTEMPATH\View\View.php(216): CodeIgniter\View\View->CodeIgniter\View\{closure}()
 3 SYSTEMPATH\Common.php(1142): CodeIgniter\View\View->render('pages/datapengguna', [], true)
 4 APPPATH\Controllers\User\Datapengguna.php(34): view('pages/datapengguna', [...])
 5 SYSTEMPATH\CodeIgniter.php(902): App\Controllers\User\Datapengguna->index()
 6 SYSTEMPATH\CodeIgniter.php(457): CodeIgniter\CodeIgniter->runController(Object(App\Controllers\User\Datapengguna))
 7 SYSTEMPATH\CodeIgniter.php(340): CodeIgniter\CodeIgniter->handleRequest(null, Object(Config\Cache), false)
 8 FCPATH\index.php(67): CodeIgniter\CodeIgniter->run()
 9 SYSTEMPATH\Commands\Server\rewrite.php(46): require_once('FCPATH\\index.php')
CRITICAL - 2022-11-14 23:38:57 --> Undefined variable $id
in APPPATH\Views\pages\datapengguna.php on line 128.
 1 APPPATH\Views\pages\datapengguna.php(128): CodeIgniter\Debug\Exceptions->errorHandler(2, 'Undefined variable $id', 'APPPATH\\Views\\pages\\datapengguna.php', 128)
 2 SYSTEMPATH\View\View.php(213): include('APPPATH\\Views\\pages\\datapengguna.php')
 3 SYSTEMPATH\View\View.php(216): CodeIgniter\View\View->CodeIgniter\View\{closure}()
 4 SYSTEMPATH\Common.php(1142): CodeIgniter\View\View->render('pages/datapengguna', [], true)
 5 APPPATH\Controllers\User\Datapengguna.php(34): view('pages/datapengguna', [...])
 6 SYSTEMPATH\CodeIgniter.php(902): App\Controllers\User\Datapengguna->index()
 7 SYSTEMPATH\CodeIgniter.php(457): CodeIgniter\CodeIgniter->runController(Object(App\Controllers\User\Datapengguna))
 8 SYSTEMPATH\CodeIgniter.php(340): CodeIgniter\CodeIgniter->handleRequest(null, Object(Config\Cache), false)
 9 FCPATH\index.php(67): CodeIgniter\CodeIgniter->run()
10 SYSTEMPATH\Commands\Server\rewrite.php(46): require_once('FCPATH\\index.php')
CRITICAL - 2022-11-14 23:41:47 --> Cannot use object of type stdClass as array
in APPPATH\Views\pages\datapengguna.php on line 130.
 1 SYSTEMPATH\View\View.php(213): include()
 2 SYSTEMPATH\View\View.php(216): CodeIgniter\View\View->CodeIgniter\View\{closure}()
 3 SYSTEMPATH\Common.php(1142): CodeIgniter\View\View->render('pages/datapengguna', [], true)
 4 APPPATH\Controllers\User\Datapengguna.php(34): view('pages/datapengguna', [...])
 5 SYSTEMPATH\CodeIgniter.php(902): App\Controllers\User\Datapengguna->index()
 6 SYSTEMPATH\CodeIgniter.php(457): CodeIgniter\CodeIgniter->runController(Object(App\Controllers\User\Datapengguna))
 7 SYSTEMPATH\CodeIgniter.php(340): CodeIgniter\CodeIgniter->handleRequest(null, Object(Config\Cache), false)
 8 FCPATH\index.php(67): CodeIgniter\CodeIgniter->run()
 9 SYSTEMPATH\Commands\Server\rewrite.php(46): require_once('FCPATH\\index.php')
CRITICAL - 2022-11-14 23:42:54 --> Cannot use object of type stdClass as array
in APPPATH\Views\pages\datapengguna.php on line 130.
 1 SYSTEMPATH\View\View.php(213): include()
 2 SYSTEMPATH\View\View.php(216): CodeIgniter\View\View->CodeIgniter\View\{closure}()
 3 SYSTEMPATH\Common.php(1142): CodeIgniter\View\View->render('pages/datapengguna', [], true)
 4 APPPATH\Controllers\User\Datapengguna.php(34): view('pages/datapengguna', [...])
 5 SYSTEMPATH\CodeIgniter.php(902): App\Controllers\User\Datapengguna->index()
 6 SYSTEMPATH\CodeIgniter.php(457): CodeIgniter\CodeIgniter->runController(Object(App\Controllers\User\Datapengguna))
 7 SYSTEMPATH\CodeIgniter.php(340): CodeIgniter\CodeIgniter->handleRequest(null, Object(Config\Cache), false)
 8 FCPATH\index.php(67): CodeIgniter\CodeIgniter->run()
 9 SYSTEMPATH\Commands\Server\rewrite.php(46): require_once('FCPATH\\index.php')
CRITICAL - 2022-11-14 23:43:34 --> Undefined property: stdClass::$jenis_kelamin
in APPPATH\Views\pages\datapengguna.php on line 131.
 1 APPPATH\Views\pages\datapengguna.php(131): CodeIgniter\Debug\Exceptions->errorHandler(2, 'Undefined property: stdClass::$jenis_kelamin', 'APPPATH\\Views\\pages\\datapengguna.php', 131)
 2 SYSTEMPATH\View\View.php(213): include('APPPATH\\Views\\pages\\datapengguna.php')
 3 SYSTEMPATH\View\View.php(216): CodeIgniter\View\View->CodeIgniter\View\{closure}()
 4 SYSTEMPATH\Common.php(1142): CodeIgniter\View\View->render('pages/datapengguna', [], true)
 5 APPPATH\Controllers\User\Datapengguna.php(34): view('pages/datapengguna', [...])
 6 SYSTEMPATH\CodeIgniter.php(902): App\Controllers\User\Datapengguna->index()
 7 SYSTEMPATH\CodeIgniter.php(457): CodeIgniter\CodeIgniter->runController(Object(App\Controllers\User\Datapengguna))
 8 SYSTEMPATH\CodeIgniter.php(340): CodeIgniter\CodeIgniter->handleRequest(null, Object(Config\Cache), false)
 9 FCPATH\index.php(67): CodeIgniter\CodeIgniter->run()
10 SYSTEMPATH\Commands\Server\rewrite.php(46): require_once('FCPATH\\index.php')
CRITICAL - 2022-11-14 23:44:11 --> Undefined variable $Datapengguna
in APPPATH\Views\pages\datapengguna.php on line 128.
 1 APPPATH\Views\pages\datapengguna.php(128): CodeIgniter\Debug\Exceptions->errorHandler(2, 'Undefined variable $Datapengguna', 'APPPATH\\Views\\pages\\datapengguna.php', 128)
 2 SYSTEMPATH\View\View.php(213): include('APPPATH\\Views\\pages\\datapengguna.php')
 3 SYSTEMPATH\View\View.php(216): CodeIgniter\View\View->CodeIgniter\View\{closure}()
 4 SYSTEMPATH\Common.php(1142): CodeIgniter\View\View->render('pages/datapengguna', [], true)
 5 APPPATH\Controllers\User\Datapengguna.php(34): view('pages/datapengguna', [...])
 6 SYSTEMPATH\CodeIgniter.php(902): App\Controllers\User\Datapengguna->index()
 7 SYSTEMPATH\CodeIgniter.php(457): CodeIgniter\CodeIgniter->runController(Object(App\Controllers\User\Datapengguna))
 8 SYSTEMPATH\CodeIgniter.php(340): CodeIgniter\CodeIgniter->handleRequest(null, Object(Config\Cache), false)
 9 FCPATH\index.php(67): CodeIgniter\CodeIgniter->run()
10 SYSTEMPATH\Commands\Server\rewrite.php(46): require_once('FCPATH\\index.php')
CRITICAL - 2022-11-14 23:44:30 --> Undefined variable $Data
in APPPATH\Views\pages\datapengguna.php on line 128.
 1 APPPATH\Views\pages\datapengguna.php(128): CodeIgniter\Debug\Exceptions->errorHandler(2, 'Undefined variable $Data', 'APPPATH\\Views\\pages\\datapengguna.php', 128)
 2 SYSTEMPATH\View\View.php(213): include('APPPATH\\Views\\pages\\datapengguna.php')
 3 SYSTEMPATH\View\View.php(216): CodeIgniter\View\View->CodeIgniter\View\{closure}()
 4 SYSTEMPATH\Common.php(1142): CodeIgniter\View\View->render('pages/datapengguna', [], true)
 5 APPPATH\Controllers\User\Datapengguna.php(34): view('pages/datapengguna', [...])
 6 SYSTEMPATH\CodeIgniter.php(902): App\Controllers\User\Datapengguna->index()
 7 SYSTEMPATH\CodeIgniter.php(457): CodeIgniter\CodeIgniter->runController(Object(App\Controllers\User\Datapengguna))
 8 SYSTEMPATH\CodeIgniter.php(340): CodeIgniter\CodeIgniter->handleRequest(null, Object(Config\Cache), false)
 9 FCPATH\index.php(67): CodeIgniter\CodeIgniter->run()
10 SYSTEMPATH\Commands\Server\rewrite.php(46): require_once('FCPATH\\index.php')
CRITICAL - 2022-11-14 23:47:00 --> Call to a member function findAll() on null
in APPPATH\Controllers\User\Datapengguna.php on line 23.
 1 SYSTEMPATH\CodeIgniter.php(902): App\Controllers\User\Datapengguna->index()
 2 SYSTEMPATH\CodeIgniter.php(457): CodeIgniter\CodeIgniter->runController(Object(App\Controllers\User\Datapengguna))
 3 SYSTEMPATH\CodeIgniter.php(340): CodeIgniter\CodeIgniter->handleRequest(null, Object(Config\Cache), false)
 4 FCPATH\index.php(67): CodeIgniter\CodeIgniter->run()
 5 SYSTEMPATH\Commands\Server\rewrite.php(46): require_once('FCPATH\\index.php')
CRITICAL - 2022-11-14 23:48:28 --> Call to a member function findAll() on null
in APPPATH\Controllers\User\Datapengguna.php on line 23.
 1 SYSTEMPATH\CodeIgniter.php(902): App\Controllers\User\Datapengguna->index()
 2 SYSTEMPATH\CodeIgniter.php(457): CodeIgniter\CodeIgniter->runController(Object(App\Controllers\User\Datapengguna))
 3 SYSTEMPATH\CodeIgniter.php(340): CodeIgniter\CodeIgniter->handleRequest(null, Object(Config\Cache), false)
 4 FCPATH\index.php(67): CodeIgniter\CodeIgniter->run()
 5 SYSTEMPATH\Commands\Server\rewrite.php(46): require_once('FCPATH\\index.php')
CRITICAL - 2022-11-14 23:53:35 --> Call to a member function findAll() on null
in APPPATH\Controllers\User\Datapengguna.php on line 23.
 1 SYSTEMPATH\CodeIgniter.php(902): App\Controllers\User\Datapengguna->index()
 2 SYSTEMPATH\CodeIgniter.php(457): CodeIgniter\CodeIgniter->runController(Object(App\Controllers\User\Datapengguna))
 3 SYSTEMPATH\CodeIgniter.php(340): CodeIgniter\CodeIgniter->handleRequest(null, Object(Config\Cache), false)
 4 FCPATH\index.php(67): CodeIgniter\CodeIgniter->run()
 5 SYSTEMPATH\Commands\Server\rewrite.php(46): require_once('FCPATH\\index.php')
CRITICAL - 2022-11-14 23:53:48 --> Call to a member function findAll() on null
in APPPATH\Controllers\User\Datapengguna.php on line 23.
 1 SYSTEMPATH\CodeIgniter.php(902): App\Controllers\User\Datapengguna->index()
 2 SYSTEMPATH\CodeIgniter.php(457): CodeIgniter\CodeIgniter->runController(Object(App\Controllers\User\Datapengguna))
 3 SYSTEMPATH\CodeIgniter.php(340): CodeIgniter\CodeIgniter->handleRequest(null, Object(Config\Cache), false)
 4 FCPATH\index.php(67): CodeIgniter\CodeIgniter->run()
 5 SYSTEMPATH\Commands\Server\rewrite.php(46): require_once('FCPATH\\index.php')
CRITICAL - 2022-11-14 23:57:23 --> Call to a member function findAll() on null
in APPPATH\Controllers\User\Datapengguna.php on line 23.
 1 SYSTEMPATH\CodeIgniter.php(902): App\Controllers\User\Datapengguna->index()
 2 SYSTEMPATH\CodeIgniter.php(457): CodeIgniter\CodeIgniter->runController(Object(App\Controllers\User\Datapengguna))
 3 SYSTEMPATH\CodeIgniter.php(340): CodeIgniter\CodeIgniter->handleRequest(null, Object(Config\Cache), false)
 4 FCPATH\index.php(67): CodeIgniter\CodeIgniter->run()
 5 SYSTEMPATH\Commands\Server\rewrite.php(46): require_once('FCPATH\\index.php')
