CRITICAL - 2022-12-02 00:35:48 --> foreach() argument must be of type array|object, string given
in SYSTEMPATH\Debug\Toolbar.php on line 125.
 1 SYSTEMPATH\Debug\Toolbar.php(125): CodeIgniter\Debug\Exceptions->errorHandler(2, 'foreach() argument must be of type array|object, string given', 'SYSTEMPATH\\Debug\\Toolbar.php', 125)
 2 SYSTEMPATH\Debug\Toolbar.php(374): CodeIgniter\Debug\Toolbar->run(1669962948.573453, 0.0557, Object(CodeIgniter\HTTP\IncomingRequest), Object(CodeIgniter\HTTP\Response))
 3 SYSTEMPATH\Filters\DebugToolbar.php(40): CodeIgniter\Debug\Toolbar->prepare(Object(CodeIgniter\HTTP\IncomingRequest), Object(CodeIgniter\HTTP\Response))
 4 SYSTEMPATH\Filters\Filters.php(196): CodeIgniter\Filters\DebugToolbar->after(Object(CodeIgniter\HTTP\IncomingRequest), Object(CodeIgniter\HTTP\Response), null)
 5 SYSTEMPATH\CodeIgniter.php(502): CodeIgniter\Filters\Filters->run('I:\\', 'after')
 6 SYSTEMPATH\CodeIgniter.php(351): CodeIgniter\CodeIgniter->handleRequest(null, Object(Config\Cache), false)
 7 FCPATH\index.php(67): CodeIgniter\CodeIgniter->run()
 8 SYSTEMPATH\Commands\Server\rewrite.php(46): require_once('FCPATH\\index.php')
CRITICAL - 2022-12-02 09:33:27 --> Undefined variable $artikel
in APPPATH\Views\pages\user\home.php on line 42.
 1 APPPATH\Views\pages\user\home.php(42): CodeIgniter\Debug\Exceptions->errorHandler(2, 'Undefined variable $artikel', 'APPPATH\\Views\\pages\\user\\home.php', 42)
 2 SYSTEMPATH\View\View.php(213): include('APPPATH\\Views\\pages\\user\\home.php')
 3 SYSTEMPATH\View\View.php(216): CodeIgniter\View\View->CodeIgniter\View\{closure}()
 4 SYSTEMPATH\Common.php(1134): CodeIgniter\View\View->render('pages/user/home', [], true)
 5 APPPATH\Controllers\HomeController.php(11): view('pages/user/home')
 6 SYSTEMPATH\CodeIgniter.php(927): App\Controllers\HomeController->home()
 7 SYSTEMPATH\CodeIgniter.php(482): CodeIgniter\CodeIgniter->runController(Object(App\Controllers\HomeController))
 8 SYSTEMPATH\CodeIgniter.php(351): CodeIgniter\CodeIgniter->handleRequest(null, Object(Config\Cache), false)
 9 FCPATH\index.php(67): CodeIgniter\CodeIgniter->run()
10 SYSTEMPATH\Commands\Server\rewrite.php(46): require_once('FCPATH\\index.php')
CRITICAL - 2022-12-02 09:40:30 --> syntax error, unexpected token "public"
in APPPATH\Controllers\HomeController.php on line 23.
 1 SYSTEMPATH\Autoloader\Autoloader.php(259): CodeIgniter\Autoloader\Autoloader->includeFile('APPPATH\\Controllers\\HomeController.php')
 2 SYSTEMPATH\Autoloader\Autoloader.php(237): CodeIgniter\Autoloader\Autoloader->loadInNamespace('App\\Controllers\\HomeController')
 3 [internal function]: CodeIgniter\Autoloader\Autoloader->loadClass('App\\Controllers\\HomeController')
 4 SYSTEMPATH\CodeIgniter.php(877): class_exists('\\App\\Controllers\\HomeController', true)
 5 SYSTEMPATH\CodeIgniter.php(469): CodeIgniter\CodeIgniter->startController()
 6 SYSTEMPATH\CodeIgniter.php(351): CodeIgniter\CodeIgniter->handleRequest(null, Object(Config\Cache), false)
 7 FCPATH\index.php(67): CodeIgniter\CodeIgniter->run()
 8 SYSTEMPATH\Commands\Server\rewrite.php(46): require_once('FCPATH\\index.php')
CRITICAL - 2022-12-02 09:44:48 --> Undefined property: App\Controllers\HomeController::$artikel
in APPPATH\Controllers\HomeController.php on line 17.
 1 APPPATH\Controllers\HomeController.php(17): CodeIgniter\Debug\Exceptions->errorHandler(2, 'Undefined property: App\\Controllers\\HomeController::$artikel', 'APPPATH\\Controllers\\HomeController.php', 17)
 2 SYSTEMPATH\CodeIgniter.php(927): App\Controllers\HomeController->home()
 3 SYSTEMPATH\CodeIgniter.php(482): CodeIgniter\CodeIgniter->runController(Object(App\Controllers\HomeController))
 4 SYSTEMPATH\CodeIgniter.php(351): CodeIgniter\CodeIgniter->handleRequest(null, Object(Config\Cache), false)
 5 FCPATH\index.php(67): CodeIgniter\CodeIgniter->run()
 6 SYSTEMPATH\Commands\Server\rewrite.php(46): require_once('FCPATH\\index.php')
CRITICAL - 2022-12-02 09:48:02 --> Class "App\Controllers\ResourceController" not found
in APPPATH\Controllers\HomeController.php on line 7.
 1 SYSTEMPATH\Autoloader\Autoloader.php(282): include_once()
 2 SYSTEMPATH\Autoloader\Autoloader.php(259): CodeIgniter\Autoloader\Autoloader->includeFile('APPPATH\\Controllers\\HomeController.php')
 3 SYSTEMPATH\Autoloader\Autoloader.php(237): CodeIgniter\Autoloader\Autoloader->loadInNamespace('App\\Controllers\\HomeController')
 4 [internal function]: CodeIgniter\Autoloader\Autoloader->loadClass('App\\Controllers\\HomeController')
 5 SYSTEMPATH\CodeIgniter.php(877): class_exists('\\App\\Controllers\\HomeController', true)
 6 SYSTEMPATH\CodeIgniter.php(469): CodeIgniter\CodeIgniter->startController()
 7 SYSTEMPATH\CodeIgniter.php(351): CodeIgniter\CodeIgniter->handleRequest(null, Object(Config\Cache), false)
 8 FCPATH\index.php(67): CodeIgniter\CodeIgniter->run()
 9 SYSTEMPATH\Commands\Server\rewrite.php(46): require_once('FCPATH\\index.php')
CRITICAL - 2022-12-02 10:00:28 --> Class "App\Controllers\ResourceController" not found
in APPPATH\Controllers\HomeController.php on line 7.
 1 SYSTEMPATH\Autoloader\Autoloader.php(282): include_once()
 2 SYSTEMPATH\Autoloader\Autoloader.php(259): CodeIgniter\Autoloader\Autoloader->includeFile('APPPATH\\Controllers\\HomeController.php')
 3 SYSTEMPATH\Autoloader\Autoloader.php(237): CodeIgniter\Autoloader\Autoloader->loadInNamespace('App\\Controllers\\HomeController')
 4 [internal function]: CodeIgniter\Autoloader\Autoloader->loadClass('App\\Controllers\\HomeController')
 5 SYSTEMPATH\CodeIgniter.php(877): class_exists('\\App\\Controllers\\HomeController', true)
 6 SYSTEMPATH\CodeIgniter.php(469): CodeIgniter\CodeIgniter->startController()
 7 SYSTEMPATH\CodeIgniter.php(351): CodeIgniter\CodeIgniter->handleRequest(null, Object(Config\Cache), false)
 8 FCPATH\index.php(67): CodeIgniter\CodeIgniter->run()
 9 SYSTEMPATH\Commands\Server\rewrite.php(46): require_once('FCPATH\\index.php')
CRITICAL - 2022-12-02 10:01:35 --> Undefined variable $dari
in APPPATH\Controllers\HomeController.php on line 34.
 1 APPPATH\Controllers\HomeController.php(34): CodeIgniter\Debug\Exceptions->errorHandler(2, 'Undefined variable $dari', 'APPPATH\\Controllers\\HomeController.php', 34)
 2 SYSTEMPATH\CodeIgniter.php(927): App\Controllers\HomeController->home()
 3 SYSTEMPATH\CodeIgniter.php(482): CodeIgniter\CodeIgniter->runController(Object(App\Controllers\HomeController))
 4 SYSTEMPATH\CodeIgniter.php(351): CodeIgniter\CodeIgniter->handleRequest(null, Object(Config\Cache), false)
 5 FCPATH\index.php(67): CodeIgniter\CodeIgniter->run()
 6 SYSTEMPATH\Commands\Server\rewrite.php(46): require_once('FCPATH\\index.php')
CRITICAL - 2022-12-02 10:01:57 --> Undefined variable $periode
in APPPATH\Views\pages\admin\artikel\list.php on line 11.
 1 APPPATH\Views\pages\admin\artikel\list.php(11): CodeIgniter\Debug\Exceptions->errorHandler(2, 'Undefined variable $periode', 'APPPATH\\Views\\pages\\admin\\artikel\\list.php', 11)
 2 SYSTEMPATH\View\View.php(213): include('APPPATH\\Views\\pages\\admin\\artikel\\list.php')
 3 SYSTEMPATH\View\View.php(216): CodeIgniter\View\View->CodeIgniter\View\{closure}()
 4 SYSTEMPATH\Common.php(1134): CodeIgniter\View\View->render('pages/admin/artikel/list', [], true)
 5 APPPATH\Controllers\HomeController.php(35): view('pages/admin/artikel/list', [...])
 6 SYSTEMPATH\CodeIgniter.php(927): App\Controllers\HomeController->home()
 7 SYSTEMPATH\CodeIgniter.php(482): CodeIgniter\CodeIgniter->runController(Object(App\Controllers\HomeController))
 8 SYSTEMPATH\CodeIgniter.php(351): CodeIgniter\CodeIgniter->handleRequest(null, Object(Config\Cache), false)
 9 FCPATH\index.php(67): CodeIgniter\CodeIgniter->run()
10 SYSTEMPATH\Commands\Server\rewrite.php(46): require_once('FCPATH\\index.php')
CRITICAL - 2022-12-02 10:05:24 --> Undefined variable $page
in APPPATH\Views\pages\user\home.php on line 55.
 1 APPPATH\Views\pages\user\home.php(55): CodeIgniter\Debug\Exceptions->errorHandler(2, 'Undefined variable $page', 'APPPATH\\Views\\pages\\user\\home.php', 55)
 2 SYSTEMPATH\View\View.php(213): include('APPPATH\\Views\\pages\\user\\home.php')
 3 SYSTEMPATH\View\View.php(216): CodeIgniter\View\View->CodeIgniter\View\{closure}()
 4 SYSTEMPATH\Common.php(1134): CodeIgniter\View\View->render('pages/user/home', [], true)
 5 APPPATH\Controllers\HomeController.php(37): view('pages/user/home', [...])
 6 SYSTEMPATH\CodeIgniter.php(927): App\Controllers\HomeController->home()
 7 SYSTEMPATH\CodeIgniter.php(482): CodeIgniter\CodeIgniter->runController(Object(App\Controllers\HomeController))
 8 SYSTEMPATH\CodeIgniter.php(351): CodeIgniter\CodeIgniter->handleRequest(null, Object(Config\Cache), false)
 9 FCPATH\index.php(67): CodeIgniter\CodeIgniter->run()
10 SYSTEMPATH\Commands\Server\rewrite.php(46): require_once('FCPATH\\index.php')
CRITICAL - 2022-12-02 10:19:16 --> Undefined property: App\Controllers\HomeController::$kegiatan
in APPPATH\Controllers\HomeController.php on line 35.
 1 APPPATH\Controllers\HomeController.php(35): CodeIgniter\Debug\Exceptions->errorHandler(2, 'Undefined property: App\\Controllers\\HomeController::$kegiatan', 'APPPATH\\Controllers\\HomeController.php', 35)
 2 SYSTEMPATH\CodeIgniter.php(927): App\Controllers\HomeController->home()
 3 SYSTEMPATH\CodeIgniter.php(482): CodeIgniter\CodeIgniter->runController(Object(App\Controllers\HomeController))
 4 SYSTEMPATH\CodeIgniter.php(351): CodeIgniter\CodeIgniter->handleRequest(null, Object(Config\Cache), false)
 5 FCPATH\index.php(67): CodeIgniter\CodeIgniter->run()
 6 SYSTEMPATH\Commands\Server\rewrite.php(46): require_once('FCPATH\\index.php')
CRITICAL - 2022-12-02 10:31:44 --> Undefined variable $artikel
in APPPATH\Views\pages\user\home.php on line 173.
 1 APPPATH\Views\pages\user\home.php(173): CodeIgniter\Debug\Exceptions->errorHandler(2, 'Undefined variable $artikel', 'APPPATH\\Views\\pages\\user\\home.php', 173)
 2 SYSTEMPATH\View\View.php(213): include('APPPATH\\Views\\pages\\user\\home.php')
 3 SYSTEMPATH\View\View.php(216): CodeIgniter\View\View->CodeIgniter\View\{closure}()
 4 SYSTEMPATH\Common.php(1134): CodeIgniter\View\View->render('pages/user/home', [], true)
 5 APPPATH\Controllers\HomeController.php(36): view('pages/user/home', [...])
 6 SYSTEMPATH\CodeIgniter.php(927): App\Controllers\HomeController->home()
 7 SYSTEMPATH\CodeIgniter.php(482): CodeIgniter\CodeIgniter->runController(Object(App\Controllers\HomeController))
 8 SYSTEMPATH\CodeIgniter.php(351): CodeIgniter\CodeIgniter->handleRequest(null, Object(Config\Cache), false)
 9 FCPATH\index.php(67): CodeIgniter\CodeIgniter->run()
10 SYSTEMPATH\Commands\Server\rewrite.php(46): require_once('FCPATH\\index.php')
CRITICAL - 2022-12-02 10:33:29 --> Undefined variable $page
in APPPATH\Views\pages\user\home.php on line 54.
 1 APPPATH\Views\pages\user\home.php(54): CodeIgniter\Debug\Exceptions->errorHandler(2, 'Undefined variable $page', 'APPPATH\\Views\\pages\\user\\home.php', 54)
 2 SYSTEMPATH\View\View.php(213): include('APPPATH\\Views\\pages\\user\\home.php')
 3 SYSTEMPATH\View\View.php(216): CodeIgniter\View\View->CodeIgniter\View\{closure}()
 4 SYSTEMPATH\Common.php(1134): CodeIgniter\View\View->render('pages/user/home', [], true)
 5 APPPATH\Controllers\HomeController.php(35): view('pages/user/home', [...])
 6 SYSTEMPATH\CodeIgniter.php(927): App\Controllers\HomeController->home()
 7 SYSTEMPATH\CodeIgniter.php(482): CodeIgniter\CodeIgniter->runController(Object(App\Controllers\HomeController))
 8 SYSTEMPATH\CodeIgniter.php(351): CodeIgniter\CodeIgniter->handleRequest(null, Object(Config\Cache), false)
 9 FCPATH\index.php(67): CodeIgniter\CodeIgniter->run()
10 SYSTEMPATH\Commands\Server\rewrite.php(46): require_once('FCPATH\\index.php')
CRITICAL - 2022-12-02 10:46:39 --> Undefined variable $dari
in APPPATH\Controllers\HomeController.php on line 34.
 1 APPPATH\Controllers\HomeController.php(34): CodeIgniter\Debug\Exceptions->errorHandler(2, 'Undefined variable $dari', 'APPPATH\\Controllers\\HomeController.php', 34)
 2 SYSTEMPATH\CodeIgniter.php(927): App\Controllers\HomeController->home()
 3 SYSTEMPATH\CodeIgniter.php(482): CodeIgniter\CodeIgniter->runController(Object(App\Controllers\HomeController))
 4 SYSTEMPATH\CodeIgniter.php(351): CodeIgniter\CodeIgniter->handleRequest(null, Object(Config\Cache), false)
 5 FCPATH\index.php(67): CodeIgniter\CodeIgniter->run()
 6 SYSTEMPATH\Commands\Server\rewrite.php(46): require_once('FCPATH\\index.php')
CRITICAL - 2022-12-02 10:50:30 --> Undefined variable $akhir
in APPPATH\Views\pages\user\home.php on line 80.
 1 APPPATH\Views\pages\user\home.php(80): CodeIgniter\Debug\Exceptions->errorHandler(2, 'Undefined variable $akhir', 'APPPATH\\Views\\pages\\user\\home.php', 80)
 2 SYSTEMPATH\View\View.php(213): include('APPPATH\\Views\\pages\\user\\home.php')
 3 SYSTEMPATH\View\View.php(216): CodeIgniter\View\View->CodeIgniter\View\{closure}()
 4 SYSTEMPATH\Common.php(1134): CodeIgniter\View\View->render('pages/user/home', [], true)
 5 APPPATH\Controllers\HomeController.php(59): view('pages/user/home', [...])
 6 SYSTEMPATH\CodeIgniter.php(927): App\Controllers\HomeController->home()
 7 SYSTEMPATH\CodeIgniter.php(482): CodeIgniter\CodeIgniter->runController(Object(App\Controllers\HomeController))
 8 SYSTEMPATH\CodeIgniter.php(351): CodeIgniter\CodeIgniter->handleRequest(null, Object(Config\Cache), false)
 9 FCPATH\index.php(67): CodeIgniter\CodeIgniter->run()
10 SYSTEMPATH\Commands\Server\rewrite.php(46): require_once('FCPATH\\index.php')
CRITICAL - 2022-12-02 10:58:09 --> Undefined variable $akhir
in APPPATH\Views\pages\user\home.php on line 80.
 1 APPPATH\Views\pages\user\home.php(80): CodeIgniter\Debug\Exceptions->errorHandler(2, 'Undefined variable $akhir', 'APPPATH\\Views\\pages\\user\\home.php', 80)
 2 SYSTEMPATH\View\View.php(213): include('APPPATH\\Views\\pages\\user\\home.php')
 3 SYSTEMPATH\View\View.php(216): CodeIgniter\View\View->CodeIgniter\View\{closure}()
 4 SYSTEMPATH\Common.php(1134): CodeIgniter\View\View->render('pages/user/home', [], true)
 5 APPPATH\Controllers\HomeController.php(59): view('pages/user/home', [...])
 6 SYSTEMPATH\CodeIgniter.php(927): App\Controllers\HomeController->home()
 7 SYSTEMPATH\CodeIgniter.php(482): CodeIgniter\CodeIgniter->runController(Object(App\Controllers\HomeController))
 8 SYSTEMPATH\CodeIgniter.php(351): CodeIgniter\CodeIgniter->handleRequest(null, Object(Config\Cache), false)
 9 FCPATH\index.php(67): CodeIgniter\CodeIgniter->run()
10 SYSTEMPATH\Commands\Server\rewrite.php(46): require_once('FCPATH\\index.php')
CRITICAL - 2022-12-02 16:36:48 --> Undefined variable $data
in APPPATH\Controllers\HomeController.php on line 61.
 1 APPPATH\Controllers\HomeController.php(61): CodeIgniter\Debug\Exceptions->errorHandler(2, 'Undefined variable $data', 'APPPATH\\Controllers\\HomeController.php', 61)
 2 SYSTEMPATH\CodeIgniter.php(927): App\Controllers\HomeController->home()
 3 SYSTEMPATH\CodeIgniter.php(482): CodeIgniter\CodeIgniter->runController(Object(App\Controllers\HomeController))
 4 SYSTEMPATH\CodeIgniter.php(351): CodeIgniter\CodeIgniter->handleRequest(null, Object(Config\Cache), false)
 5 FCPATH\index.php(67): CodeIgniter\CodeIgniter->run()
 6 SYSTEMPATH\Commands\Server\rewrite.php(46): require_once('FCPATH\\index.php')
CRITICAL - 2022-12-02 17:04:37 --> Undefined variable $konten
in APPPATH\Views\pages\user\home.php on line 165.
 1 APPPATH\Views\pages\user\home.php(165): CodeIgniter\Debug\Exceptions->errorHandler(2, 'Undefined variable $konten', 'APPPATH\\Views\\pages\\user\\home.php', 165)
 2 SYSTEMPATH\View\View.php(213): include('APPPATH\\Views\\pages\\user\\home.php')
 3 SYSTEMPATH\View\View.php(216): CodeIgniter\View\View->CodeIgniter\View\{closure}()
 4 SYSTEMPATH\Common.php(1134): CodeIgniter\View\View->render('pages/user/home', [], true)
 5 APPPATH\Controllers\HomeController.php(59): view('pages/user/home', [...])
 6 SYSTEMPATH\CodeIgniter.php(927): App\Controllers\HomeController->home()
 7 SYSTEMPATH\CodeIgniter.php(482): CodeIgniter\CodeIgniter->runController(Object(App\Controllers\HomeController))
 8 SYSTEMPATH\CodeIgniter.php(351): CodeIgniter\CodeIgniter->handleRequest(null, Object(Config\Cache), false)
 9 FCPATH\index.php(67): CodeIgniter\CodeIgniter->run()
10 SYSTEMPATH\Commands\Server\rewrite.php(46): require_once('FCPATH\\index.php')
CRITICAL - 2022-12-02 17:05:01 --> Undefined variable $konten
in APPPATH\Views\pages\user\home.php on line 165.
 1 APPPATH\Views\pages\user\home.php(165): CodeIgniter\Debug\Exceptions->errorHandler(2, 'Undefined variable $konten', 'APPPATH\\Views\\pages\\user\\home.php', 165)
 2 SYSTEMPATH\View\View.php(213): include('APPPATH\\Views\\pages\\user\\home.php')
 3 SYSTEMPATH\View\View.php(216): CodeIgniter\View\View->CodeIgniter\View\{closure}()
 4 SYSTEMPATH\Common.php(1134): CodeIgniter\View\View->render('pages/user/home', [], true)
 5 APPPATH\Controllers\HomeController.php(59): view('pages/user/home', [...])
 6 SYSTEMPATH\CodeIgniter.php(927): App\Controllers\HomeController->home()
 7 SYSTEMPATH\CodeIgniter.php(482): CodeIgniter\CodeIgniter->runController(Object(App\Controllers\HomeController))
 8 SYSTEMPATH\CodeIgniter.php(351): CodeIgniter\CodeIgniter->handleRequest(null, Object(Config\Cache), false)
 9 FCPATH\index.php(67): CodeIgniter\CodeIgniter->run()
10 SYSTEMPATH\Commands\Server\rewrite.php(46): require_once('FCPATH\\index.php')
CRITICAL - 2022-12-02 17:41:48 --> Undefined variable $pagetampil
in APPPATH\Views\pages\admin\artikel\list.php on line 90.
 1 APPPATH\Views\pages\admin\artikel\list.php(90): CodeIgniter\Debug\Exceptions->errorHandler(2, 'Undefined variable $pagetampil', 'APPPATH\\Views\\pages\\admin\\artikel\\list.php', 90)
 2 SYSTEMPATH\View\View.php(213): include('APPPATH\\Views\\pages\\admin\\artikel\\list.php')
 3 SYSTEMPATH\View\View.php(216): CodeIgniter\View\View->CodeIgniter\View\{closure}()
 4 SYSTEMPATH\Common.php(1134): CodeIgniter\View\View->render('pages/admin/artikel/list', [], true)
 5 APPPATH\Controllers\ArtikelController.php(42): view('pages/admin/artikel/list', [...])
 6 SYSTEMPATH\CodeIgniter.php(927): App\Controllers\ArtikelController->index()
 7 SYSTEMPATH\CodeIgniter.php(482): CodeIgniter\CodeIgniter->runController(Object(App\Controllers\ArtikelController))
 8 SYSTEMPATH\CodeIgniter.php(351): CodeIgniter\CodeIgniter->handleRequest(null, Object(Config\Cache), false)
 9 FCPATH\index.php(67): CodeIgniter\CodeIgniter->run()
10 SYSTEMPATH\Commands\Server\rewrite.php(46): require_once('FCPATH\\index.php')
CRITICAL - 2022-12-02 18:02:41 --> Undefined variable $pageartikel
in APPPATH\Views\pages\admin\artikel\list.php on line 90.
 1 APPPATH\Views\pages\admin\artikel\list.php(90): CodeIgniter\Debug\Exceptions->errorHandler(2, 'Undefined variable $pageartikel', 'APPPATH\\Views\\pages\\admin\\artikel\\list.php', 90)
 2 SYSTEMPATH\View\View.php(213): include('APPPATH\\Views\\pages\\admin\\artikel\\list.php')
 3 SYSTEMPATH\View\View.php(216): CodeIgniter\View\View->CodeIgniter\View\{closure}()
 4 SYSTEMPATH\Common.php(1134): CodeIgniter\View\View->render('pages/admin/artikel/list', [], true)
 5 APPPATH\Controllers\ArtikelController.php(43): view('pages/admin/artikel/list', [...])
 6 SYSTEMPATH\CodeIgniter.php(927): App\Controllers\ArtikelController->index()
 7 SYSTEMPATH\CodeIgniter.php(482): CodeIgniter\CodeIgniter->runController(Object(App\Controllers\ArtikelController))
 8 SYSTEMPATH\CodeIgniter.php(351): CodeIgniter\CodeIgniter->handleRequest(null, Object(Config\Cache), false)
 9 FCPATH\index.php(67): CodeIgniter\CodeIgniter->run()
10 SYSTEMPATH\Commands\Server\rewrite.php(46): require_once('FCPATH\\index.php')
CRITICAL - 2022-12-02 18:24:22 --> Undefined variable $pagetampil
in APPPATH\Views\pages\user\home.php on line 177.
 1 APPPATH\Views\pages\user\home.php(177): CodeIgniter\Debug\Exceptions->errorHandler(2, 'Undefined variable $pagetampil', 'APPPATH\\Views\\pages\\user\\home.php', 177)
 2 SYSTEMPATH\View\View.php(213): include('APPPATH\\Views\\pages\\user\\home.php')
 3 SYSTEMPATH\View\View.php(216): CodeIgniter\View\View->CodeIgniter\View\{closure}()
 4 SYSTEMPATH\Common.php(1134): CodeIgniter\View\View->render('pages/user/home', [], true)
 5 APPPATH\Controllers\HomeController.php(59): view('pages/user/home', [...])
 6 SYSTEMPATH\CodeIgniter.php(927): App\Controllers\HomeController->home()
 7 SYSTEMPATH\CodeIgniter.php(482): CodeIgniter\CodeIgniter->runController(Object(App\Controllers\HomeController))
 8 SYSTEMPATH\CodeIgniter.php(351): CodeIgniter\CodeIgniter->handleRequest(null, Object(Config\Cache), false)
 9 FCPATH\index.php(67): CodeIgniter\CodeIgniter->run()
10 SYSTEMPATH\Commands\Server\rewrite.php(46): require_once('FCPATH\\index.php')
CRITICAL - 2022-12-02 18:43:49 --> Undefined variable $dari
in APPPATH\Controllers\ArtikelController.php on line 37.
 1 APPPATH\Controllers\ArtikelController.php(37): CodeIgniter\Debug\Exceptions->errorHandler(2, 'Undefined variable $dari', 'APPPATH\\Controllers\\ArtikelController.php', 37)
 2 SYSTEMPATH\CodeIgniter.php(927): App\Controllers\ArtikelController->index()
 3 SYSTEMPATH\CodeIgniter.php(482): CodeIgniter\CodeIgniter->runController(Object(App\Controllers\ArtikelController))
 4 SYSTEMPATH\CodeIgniter.php(351): CodeIgniter\CodeIgniter->handleRequest(null, Object(Config\Cache), false)
 5 FCPATH\index.php(67): CodeIgniter\CodeIgniter->run()
 6 SYSTEMPATH\Commands\Server\rewrite.php(46): require_once('FCPATH\\index.php')
CRITICAL - 2022-12-02 18:44:07 --> Undefined variable $periode
in APPPATH\Views\pages\admin\artikel\list.php on line 11.
 1 APPPATH\Views\pages\admin\artikel\list.php(11): CodeIgniter\Debug\Exceptions->errorHandler(2, 'Undefined variable $periode', 'APPPATH\\Views\\pages\\admin\\artikel\\list.php', 11)
 2 SYSTEMPATH\View\View.php(213): include('APPPATH\\Views\\pages\\admin\\artikel\\list.php')
 3 SYSTEMPATH\View\View.php(216): CodeIgniter\View\View->CodeIgniter\View\{closure}()
 4 SYSTEMPATH\Common.php(1134): CodeIgniter\View\View->render('pages/admin/artikel/list', [], true)
 5 APPPATH\Controllers\ArtikelController.php(42): view('pages/admin/artikel/list', [...])
 6 SYSTEMPATH\CodeIgniter.php(927): App\Controllers\ArtikelController->index()
 7 SYSTEMPATH\CodeIgniter.php(482): CodeIgniter\CodeIgniter->runController(Object(App\Controllers\ArtikelController))
 8 SYSTEMPATH\CodeIgniter.php(351): CodeIgniter\CodeIgniter->handleRequest(null, Object(Config\Cache), false)
 9 FCPATH\index.php(67): CodeIgniter\CodeIgniter->run()
10 SYSTEMPATH\Commands\Server\rewrite.php(46): require_once('FCPATH\\index.php')
CRITICAL - 2022-12-02 19:09:16 --> Undefined variable $data
in APPPATH\Views\pages\admin\artikel\preview.php on line 19.
 1 APPPATH\Views\pages\admin\artikel\preview.php(19): CodeIgniter\Debug\Exceptions->errorHandler(2, 'Undefined variable $data', 'APPPATH\\Views\\pages\\admin\\artikel\\preview.php', 19)
 2 SYSTEMPATH\View\View.php(213): include('APPPATH\\Views\\pages\\admin\\artikel\\preview.php')
 3 SYSTEMPATH\View\View.php(216): CodeIgniter\View\View->CodeIgniter\View\{closure}()
 4 SYSTEMPATH\Common.php(1134): CodeIgniter\View\View->render('pages/admin/artikel/preview', [], true)
 5 APPPATH\Controllers\ArtikelController.php(64): view('pages/admin/artikel/preview', [...])
 6 SYSTEMPATH\CodeIgniter.php(927): App\Controllers\ArtikelController->show('14', 'show')
 7 SYSTEMPATH\CodeIgniter.php(482): CodeIgniter\CodeIgniter->runController(Object(App\Controllers\ArtikelController))
 8 SYSTEMPATH\CodeIgniter.php(351): CodeIgniter\CodeIgniter->handleRequest(null, Object(Config\Cache), false)
 9 FCPATH\index.php(67): CodeIgniter\CodeIgniter->run()
10 SYSTEMPATH\Commands\Server\rewrite.php(46): require_once('FCPATH\\index.php')
CRITICAL - 2022-12-02 19:13:46 --> Undefined variable $data
in APPPATH\Views\pages\admin\artikel\preview.php on line 42.
 1 APPPATH\Views\pages\admin\artikel\preview.php(42): CodeIgniter\Debug\Exceptions->errorHandler(2, 'Undefined variable $data', 'APPPATH\\Views\\pages\\admin\\artikel\\preview.php', 42)
 2 SYSTEMPATH\View\View.php(213): include('APPPATH\\Views\\pages\\admin\\artikel\\preview.php')
 3 SYSTEMPATH\View\View.php(216): CodeIgniter\View\View->CodeIgniter\View\{closure}()
 4 SYSTEMPATH\Common.php(1134): CodeIgniter\View\View->render('pages/admin/artikel/preview', [], true)
 5 APPPATH\Controllers\ArtikelController.php(64): view('pages/admin/artikel/preview', [...])
 6 SYSTEMPATH\CodeIgniter.php(927): App\Controllers\ArtikelController->show('14', 'show')
 7 SYSTEMPATH\CodeIgniter.php(482): CodeIgniter\CodeIgniter->runController(Object(App\Controllers\ArtikelController))
 8 SYSTEMPATH\CodeIgniter.php(351): CodeIgniter\CodeIgniter->handleRequest(null, Object(Config\Cache), false)
 9 FCPATH\index.php(67): CodeIgniter\CodeIgniter->run()
10 SYSTEMPATH\Commands\Server\rewrite.php(46): require_once('FCPATH\\index.php')
CRITICAL - 2022-12-02 19:15:35 --> Attempt to read property "id" on array
in APPPATH\Views\pages\admin\artikel\preview.php on line 42.
 1 APPPATH\Views\pages\admin\artikel\preview.php(42): CodeIgniter\Debug\Exceptions->errorHandler(2, 'Attempt to read property "id" on array', 'APPPATH\\Views\\pages\\admin\\artikel\\preview.php', 42)
 2 SYSTEMPATH\View\View.php(213): include('APPPATH\\Views\\pages\\admin\\artikel\\preview.php')
 3 SYSTEMPATH\View\View.php(216): CodeIgniter\View\View->CodeIgniter\View\{closure}()
 4 SYSTEMPATH\Common.php(1134): CodeIgniter\View\View->render('pages/admin/artikel/preview', [], true)
 5 APPPATH\Controllers\ArtikelController.php(64): view('pages/admin/artikel/preview', [...])
 6 SYSTEMPATH\CodeIgniter.php(927): App\Controllers\ArtikelController->show('14', 'show')
 7 SYSTEMPATH\CodeIgniter.php(482): CodeIgniter\CodeIgniter->runController(Object(App\Controllers\ArtikelController))
 8 SYSTEMPATH\CodeIgniter.php(351): CodeIgniter\CodeIgniter->handleRequest(null, Object(Config\Cache), false)
 9 FCPATH\index.php(67): CodeIgniter\CodeIgniter->run()
10 SYSTEMPATH\Commands\Server\rewrite.php(46): require_once('FCPATH\\index.php')
CRITICAL - 2022-12-02 19:16:31 --> Attempt to read property "id" on array
in APPPATH\Views\pages\admin\artikel\preview.php on line 42.
 1 APPPATH\Views\pages\admin\artikel\preview.php(42): CodeIgniter\Debug\Exceptions->errorHandler(2, 'Attempt to read property "id" on array', 'APPPATH\\Views\\pages\\admin\\artikel\\preview.php', 42)
 2 SYSTEMPATH\View\View.php(213): include('APPPATH\\Views\\pages\\admin\\artikel\\preview.php')
 3 SYSTEMPATH\View\View.php(216): CodeIgniter\View\View->CodeIgniter\View\{closure}()
 4 SYSTEMPATH\Common.php(1134): CodeIgniter\View\View->render('pages/admin/artikel/preview', [], true)
 5 APPPATH\Controllers\ArtikelController.php(64): view('pages/admin/artikel/preview', [...])
 6 SYSTEMPATH\CodeIgniter.php(927): App\Controllers\ArtikelController->show('14', 'show')
 7 SYSTEMPATH\CodeIgniter.php(482): CodeIgniter\CodeIgniter->runController(Object(App\Controllers\ArtikelController))
 8 SYSTEMPATH\CodeIgniter.php(351): CodeIgniter\CodeIgniter->handleRequest(null, Object(Config\Cache), false)
 9 FCPATH\index.php(67): CodeIgniter\CodeIgniter->run()
10 SYSTEMPATH\Commands\Server\rewrite.php(46): require_once('FCPATH\\index.php')
CRITICAL - 2022-12-02 19:16:41 --> Attempt to read property "id" on array
in APPPATH\Views\pages\admin\artikel\preview.php on line 42.
 1 APPPATH\Views\pages\admin\artikel\preview.php(42): CodeIgniter\Debug\Exceptions->errorHandler(2, 'Attempt to read property "id" on array', 'APPPATH\\Views\\pages\\admin\\artikel\\preview.php', 42)
 2 SYSTEMPATH\View\View.php(213): include('APPPATH\\Views\\pages\\admin\\artikel\\preview.php')
 3 SYSTEMPATH\View\View.php(216): CodeIgniter\View\View->CodeIgniter\View\{closure}()
 4 SYSTEMPATH\Common.php(1134): CodeIgniter\View\View->render('pages/admin/artikel/preview', [], true)
 5 APPPATH\Controllers\ArtikelController.php(64): view('pages/admin/artikel/preview', [...])
 6 SYSTEMPATH\CodeIgniter.php(927): App\Controllers\ArtikelController->show('14', 'show')
 7 SYSTEMPATH\CodeIgniter.php(482): CodeIgniter\CodeIgniter->runController(Object(App\Controllers\ArtikelController))
 8 SYSTEMPATH\CodeIgniter.php(351): CodeIgniter\CodeIgniter->handleRequest(null, Object(Config\Cache), false)
 9 FCPATH\index.php(67): CodeIgniter\CodeIgniter->run()
10 SYSTEMPATH\Commands\Server\rewrite.php(46): require_once('FCPATH\\index.php')
