ERROR - 2022-12-07 09:28:26 --> Error connecting to the database: mysqli_sql_exception: No connection could be made because the target machine actively refused it in C:\Users\Agung B.N\Downloads\kas_masjid1\vendor\codeigniter4\framework\system\Database\MySQLi\Connection.php:171
Stack trace:
#0 C:\Users\Agung B.N\Downloads\kas_masjid1\vendor\codeigniter4\framework\system\Database\MySQLi\Connection.php(171): mysqli->real_connect('127.0.0.1', 'root', '', 'db_kas', 3306, '', 0)
#1 C:\Users\Agung B.N\Downloads\kas_masjid1\vendor\codeigniter4\framework\system\Database\BaseConnection.php(382): CodeIgniter\Database\MySQLi\Connection->connect(false)
#2 C:\Users\Agung B.N\Downloads\kas_masjid1\vendor\codeigniter4\framework\system\Database\BaseConnection.php(561): CodeIgniter\Database\BaseConnection->initialize()
#3 C:\Users\Agung B.N\Downloads\kas_masjid1\vendor\codeigniter4\framework\system\Database\BaseBuilder.php(1585): CodeIgniter\Database\BaseConnection->query('SELECT SUM(`jum...', Array, false)
#4 C:\Users\Agung B.N\Downloads\kas_masjid1\vendor\codeigniter4\framework\system\Model.php(185): CodeIgniter\Database\BaseBuilder->get()
#5 C:\Users\Agung B.N\Downloads\kas_masjid1\vendor\codeigniter4\framework\system\BaseModel.php(524): CodeIgniter\Model->doFind(false, NULL)
#6 C:\Users\Agung B.N\Downloads\kas_masjid1\app\Controllers\HomeController.php(33): CodeIgniter\BaseModel->find()
#7 C:\Users\Agung B.N\Downloads\kas_masjid1\vendor\codeigniter4\framework\system\CodeIgniter.php(927): App\Controllers\HomeController->home()
#8 C:\Users\Agung B.N\Downloads\kas_masjid1\vendor\codeigniter4\framework\system\CodeIgniter.php(482): CodeIgniter\CodeIgniter->runController(Object(App\Controllers\HomeController))
#9 C:\Users\Agung B.N\Downloads\kas_masjid1\vendor\codeigniter4\framework\system\CodeIgniter.php(351): CodeIgniter\CodeIgniter->handleRequest(NULL, Object(Config\Cache), false)
#10 C:\Users\Agung B.N\Downloads\kas_masjid1\public\index.php(67): CodeIgniter\CodeIgniter->run()
#11 C:\Users\Agung B.N\Downloads\kas_masjid1\vendor\codeigniter4\framework\system\Commands\Server\rewrite.php(46): require_once('C:\\Users\\Agung ...')
#12 {main}

Next CodeIgniter\Database\Exceptions\DatabaseException: No connection could be made because the target machine actively refused it in C:\Users\Agung B.N\Downloads\kas_masjid1\vendor\codeigniter4\framework\system\Database\MySQLi\Connection.php:215
Stack trace:
#0 C:\Users\Agung B.N\Downloads\kas_masjid1\vendor\codeigniter4\framework\system\Database\BaseConnection.php(382): CodeIgniter\Database\MySQLi\Connection->connect(false)
#1 C:\Users\Agung B.N\Downloads\kas_masjid1\vendor\codeigniter4\framework\system\Database\BaseConnection.php(561): CodeIgniter\Database\BaseConnection->initialize()
#2 C:\Users\Agung B.N\Downloads\kas_masjid1\vendor\codeigniter4\framework\system\Database\BaseBuilder.php(1585): CodeIgniter\Database\BaseConnection->query('SELECT SUM(`jum...', Array, false)
#3 C:\Users\Agung B.N\Downloads\kas_masjid1\vendor\codeigniter4\framework\system\Model.php(185): CodeIgniter\Database\BaseBuilder->get()
#4 C:\Users\Agung B.N\Downloads\kas_masjid1\vendor\codeigniter4\framework\system\BaseModel.php(524): CodeIgniter\Model->doFind(false, NULL)
#5 C:\Users\Agung B.N\Downloads\kas_masjid1\app\Controllers\HomeController.php(33): CodeIgniter\BaseModel->find()
#6 C:\Users\Agung B.N\Downloads\kas_masjid1\vendor\codeigniter4\framework\system\CodeIgniter.php(927): App\Controllers\HomeController->home()
#7 C:\Users\Agung B.N\Downloads\kas_masjid1\vendor\codeigniter4\framework\system\CodeIgniter.php(482): CodeIgniter\CodeIgniter->runController(Object(App\Controllers\HomeController))
#8 C:\Users\Agung B.N\Downloads\kas_masjid1\vendor\codeigniter4\framework\system\CodeIgniter.php(351): CodeIgniter\CodeIgniter->handleRequest(NULL, Object(Config\Cache), false)
#9 C:\Users\Agung B.N\Downloads\kas_masjid1\public\index.php(67): CodeIgniter\CodeIgniter->run()
#10 C:\Users\Agung B.N\Downloads\kas_masjid1\vendor\codeigniter4\framework\system\Commands\Server\rewrite.php(46): require_once('C:\\Users\\Agung ...')
#11 {main}
CRITICAL - 2022-12-07 09:28:26 --> Unable to connect to the database.
Main connection [MySQLi]: No connection could be made because the target machine actively refused it
in SYSTEMPATH\Database\BaseConnection.php on line 418.
 1 SYSTEMPATH\Database\BaseConnection.php(561): CodeIgniter\Database\BaseConnection->initialize()
 2 SYSTEMPATH\Database\BaseBuilder.php(1585): CodeIgniter\Database\BaseConnection->query('SELECT SUM(`jumlah`) AS `jumlah`
FROM `tb_pemasukan`', [], false)
 3 SYSTEMPATH\Model.php(185): CodeIgniter\Database\BaseBuilder->get()
 4 SYSTEMPATH\BaseModel.php(524): CodeIgniter\Model->doFind(false, null)
 5 APPPATH\Controllers\HomeController.php(33): CodeIgniter\BaseModel->find()
 6 SYSTEMPATH\CodeIgniter.php(927): App\Controllers\HomeController->home()
 7 SYSTEMPATH\CodeIgniter.php(482): CodeIgniter\CodeIgniter->runController(Object(App\Controllers\HomeController))
 8 SYSTEMPATH\CodeIgniter.php(351): CodeIgniter\CodeIgniter->handleRequest(null, Object(Config\Cache), false)
 9 FCPATH\index.php(67): CodeIgniter\CodeIgniter->run()
10 SYSTEMPATH\Commands\Server\rewrite.php(46): require_once('FCPATH\\index.php')
ERROR - 2022-12-07 09:28:40 --> Error connecting to the database: mysqli_sql_exception: No connection could be made because the target machine actively refused it in C:\Users\Agung B.N\Downloads\kas_masjid1\vendor\codeigniter4\framework\system\Database\MySQLi\Connection.php:171
Stack trace:
#0 C:\Users\Agung B.N\Downloads\kas_masjid1\vendor\codeigniter4\framework\system\Database\MySQLi\Connection.php(171): mysqli->real_connect('127.0.0.1', 'root', '', 'db_kas', 3306, '', 0)
#1 C:\Users\Agung B.N\Downloads\kas_masjid1\vendor\codeigniter4\framework\system\Database\BaseConnection.php(382): CodeIgniter\Database\MySQLi\Connection->connect(false)
#2 C:\Users\Agung B.N\Downloads\kas_masjid1\vendor\codeigniter4\framework\system\Database\BaseConnection.php(561): CodeIgniter\Database\BaseConnection->initialize()
#3 C:\Users\Agung B.N\Downloads\kas_masjid1\vendor\codeigniter4\framework\system\Database\BaseBuilder.php(1585): CodeIgniter\Database\BaseConnection->query('SELECT SUM(`jum...', Array, false)
#4 C:\Users\Agung B.N\Downloads\kas_masjid1\vendor\codeigniter4\framework\system\Model.php(185): CodeIgniter\Database\BaseBuilder->get()
#5 C:\Users\Agung B.N\Downloads\kas_masjid1\vendor\codeigniter4\framework\system\BaseModel.php(524): CodeIgniter\Model->doFind(false, NULL)
#6 C:\Users\Agung B.N\Downloads\kas_masjid1\app\Controllers\HomeController.php(33): CodeIgniter\BaseModel->find()
#7 C:\Users\Agung B.N\Downloads\kas_masjid1\vendor\codeigniter4\framework\system\CodeIgniter.php(927): App\Controllers\HomeController->home()
#8 C:\Users\Agung B.N\Downloads\kas_masjid1\vendor\codeigniter4\framework\system\CodeIgniter.php(482): CodeIgniter\CodeIgniter->runController(Object(App\Controllers\HomeController))
#9 C:\Users\Agung B.N\Downloads\kas_masjid1\vendor\codeigniter4\framework\system\CodeIgniter.php(351): CodeIgniter\CodeIgniter->handleRequest(NULL, Object(Config\Cache), false)
#10 C:\Users\Agung B.N\Downloads\kas_masjid1\public\index.php(67): CodeIgniter\CodeIgniter->run()
#11 C:\Users\Agung B.N\Downloads\kas_masjid1\vendor\codeigniter4\framework\system\Commands\Server\rewrite.php(46): require_once('C:\\Users\\Agung ...')
#12 {main}

Next CodeIgniter\Database\Exceptions\DatabaseException: No connection could be made because the target machine actively refused it in C:\Users\Agung B.N\Downloads\kas_masjid1\vendor\codeigniter4\framework\system\Database\MySQLi\Connection.php:215
Stack trace:
#0 C:\Users\Agung B.N\Downloads\kas_masjid1\vendor\codeigniter4\framework\system\Database\BaseConnection.php(382): CodeIgniter\Database\MySQLi\Connection->connect(false)
#1 C:\Users\Agung B.N\Downloads\kas_masjid1\vendor\codeigniter4\framework\system\Database\BaseConnection.php(561): CodeIgniter\Database\BaseConnection->initialize()
#2 C:\Users\Agung B.N\Downloads\kas_masjid1\vendor\codeigniter4\framework\system\Database\BaseBuilder.php(1585): CodeIgniter\Database\BaseConnection->query('SELECT SUM(`jum...', Array, false)
#3 C:\Users\Agung B.N\Downloads\kas_masjid1\vendor\codeigniter4\framework\system\Model.php(185): CodeIgniter\Database\BaseBuilder->get()
#4 C:\Users\Agung B.N\Downloads\kas_masjid1\vendor\codeigniter4\framework\system\BaseModel.php(524): CodeIgniter\Model->doFind(false, NULL)
#5 C:\Users\Agung B.N\Downloads\kas_masjid1\app\Controllers\HomeController.php(33): CodeIgniter\BaseModel->find()
#6 C:\Users\Agung B.N\Downloads\kas_masjid1\vendor\codeigniter4\framework\system\CodeIgniter.php(927): App\Controllers\HomeController->home()
#7 C:\Users\Agung B.N\Downloads\kas_masjid1\vendor\codeigniter4\framework\system\CodeIgniter.php(482): CodeIgniter\CodeIgniter->runController(Object(App\Controllers\HomeController))
#8 C:\Users\Agung B.N\Downloads\kas_masjid1\vendor\codeigniter4\framework\system\CodeIgniter.php(351): CodeIgniter\CodeIgniter->handleRequest(NULL, Object(Config\Cache), false)
#9 C:\Users\Agung B.N\Downloads\kas_masjid1\public\index.php(67): CodeIgniter\CodeIgniter->run()
#10 C:\Users\Agung B.N\Downloads\kas_masjid1\vendor\codeigniter4\framework\system\Commands\Server\rewrite.php(46): require_once('C:\\Users\\Agung ...')
#11 {main}
CRITICAL - 2022-12-07 09:28:40 --> Unable to connect to the database.
Main connection [MySQLi]: No connection could be made because the target machine actively refused it
in SYSTEMPATH\Database\BaseConnection.php on line 418.
 1 SYSTEMPATH\Database\BaseConnection.php(561): CodeIgniter\Database\BaseConnection->initialize()
 2 SYSTEMPATH\Database\BaseBuilder.php(1585): CodeIgniter\Database\BaseConnection->query('SELECT SUM(`jumlah`) AS `jumlah`
FROM `tb_pemasukan`', [], false)
 3 SYSTEMPATH\Model.php(185): CodeIgniter\Database\BaseBuilder->get()
 4 SYSTEMPATH\BaseModel.php(524): CodeIgniter\Model->doFind(false, null)
 5 APPPATH\Controllers\HomeController.php(33): CodeIgniter\BaseModel->find()
 6 SYSTEMPATH\CodeIgniter.php(927): App\Controllers\HomeController->home()
 7 SYSTEMPATH\CodeIgniter.php(482): CodeIgniter\CodeIgniter->runController(Object(App\Controllers\HomeController))
 8 SYSTEMPATH\CodeIgniter.php(351): CodeIgniter\CodeIgniter->handleRequest(null, Object(Config\Cache), false)
 9 FCPATH\index.php(67): CodeIgniter\CodeIgniter->run()
10 SYSTEMPATH\Commands\Server\rewrite.php(46): require_once('FCPATH\\index.php')
CRITICAL - 2022-12-07 09:50:56 --> Undefined array key "username"
in APPPATH\Views\layout\header.php on line 27.
 1 APPPATH\Views\layout\header.php(27): CodeIgniter\Debug\Exceptions->errorHandler(2, 'Undefined array key "username"', 'APPPATH\\Views\\layout\\header.php', 27)
 2 SYSTEMPATH\View\View.php(213): include('APPPATH\\Views\\layout\\header.php')
 3 SYSTEMPATH\View\View.php(216): CodeIgniter\View\View->CodeIgniter\View\{closure}()
 4 SYSTEMPATH\View\View.php(431): CodeIgniter\View\View->render('layout/header', null, true)
 5 APPPATH\Views\layout\template.php(30): CodeIgniter\View\View->include('layout/header')
 6 SYSTEMPATH\View\View.php(213): include('APPPATH\\Views\\layout\\template.php')
 7 SYSTEMPATH\View\View.php(216): CodeIgniter\View\View->CodeIgniter\View\{closure}()
 8 SYSTEMPATH\View\View.php(229): CodeIgniter\View\View->render('layout/template', [], true)
 9 SYSTEMPATH\Common.php(1134): CodeIgniter\View\View->render('pages/user/home', [], true)
10 APPPATH\Controllers\HomeController.php(46): view('pages/user/home', [...])
11 SYSTEMPATH\CodeIgniter.php(927): App\Controllers\HomeController->home()
12 SYSTEMPATH\CodeIgniter.php(482): CodeIgniter\CodeIgniter->runController(Object(App\Controllers\HomeController))
13 SYSTEMPATH\CodeIgniter.php(351): CodeIgniter\CodeIgniter->handleRequest(null, Object(Config\Cache), false)
14 FCPATH\index.php(67): CodeIgniter\CodeIgniter->run()
15 SYSTEMPATH\Commands\Server\rewrite.php(46): require_once('FCPATH\\index.php')
CRITICAL - 2022-12-07 09:51:13 --> Undefined array key "username"
in APPPATH\Views\layout\header.php on line 27.
 1 APPPATH\Views\layout\header.php(27): CodeIgniter\Debug\Exceptions->errorHandler(2, 'Undefined array key "username"', 'APPPATH\\Views\\layout\\header.php', 27)
 2 SYSTEMPATH\View\View.php(213): include('APPPATH\\Views\\layout\\header.php')
 3 SYSTEMPATH\View\View.php(216): CodeIgniter\View\View->CodeIgniter\View\{closure}()
 4 SYSTEMPATH\View\View.php(431): CodeIgniter\View\View->render('layout/header', null, true)
 5 APPPATH\Views\layout\template.php(30): CodeIgniter\View\View->include('layout/header')
 6 SYSTEMPATH\View\View.php(213): include('APPPATH\\Views\\layout\\template.php')
 7 SYSTEMPATH\View\View.php(216): CodeIgniter\View\View->CodeIgniter\View\{closure}()
 8 SYSTEMPATH\View\View.php(229): CodeIgniter\View\View->render('layout/template', [], true)
 9 SYSTEMPATH\Common.php(1134): CodeIgniter\View\View->render('pages/user/home', [], true)
10 APPPATH\Controllers\HomeController.php(46): view('pages/user/home', [...])
11 SYSTEMPATH\CodeIgniter.php(927): App\Controllers\HomeController->home()
12 SYSTEMPATH\CodeIgniter.php(482): CodeIgniter\CodeIgniter->runController(Object(App\Controllers\HomeController))
13 SYSTEMPATH\CodeIgniter.php(351): CodeIgniter\CodeIgniter->handleRequest(null, Object(Config\Cache), false)
14 FCPATH\index.php(67): CodeIgniter\CodeIgniter->run()
15 SYSTEMPATH\Commands\Server\rewrite.php(46): require_once('FCPATH\\index.php')
CRITICAL - 2022-12-07 22:10:02 --> Unclosed '[' on line 106 does not match ')'
in APPPATH\Controllers\ArtikelController.php on line 130.
 1 SYSTEMPATH\Autoloader\Autoloader.php(259): CodeIgniter\Autoloader\Autoloader->includeFile('APPPATH\\Controllers\\ArtikelController.php')
 2 SYSTEMPATH\Autoloader\Autoloader.php(237): CodeIgniter\Autoloader\Autoloader->loadInNamespace('App\\Controllers\\ArtikelController')
 3 [internal function]: CodeIgniter\Autoloader\Autoloader->loadClass('App\\Controllers\\ArtikelController')
 4 SYSTEMPATH\CodeIgniter.php(877): class_exists('\\App\\Controllers\\ArtikelController', true)
 5 SYSTEMPATH\CodeIgniter.php(469): CodeIgniter\CodeIgniter->startController()
 6 SYSTEMPATH\CodeIgniter.php(351): CodeIgniter\CodeIgniter->handleRequest(null, Object(Config\Cache), false)
 7 FCPATH\index.php(67): CodeIgniter\CodeIgniter->run()
 8 SYSTEMPATH\Commands\Server\rewrite.php(46): require_once('FCPATH\\index.php')
CRITICAL - 2022-12-07 22:11:16 --> Call to a member function move() on null
in APPPATH\Controllers\ArtikelController.php on line 140.
 1 SYSTEMPATH\CodeIgniter.php(927): App\Controllers\ArtikelController->create()
 2 SYSTEMPATH\CodeIgniter.php(482): CodeIgniter\CodeIgniter->runController(Object(App\Controllers\ArtikelController))
 3 SYSTEMPATH\CodeIgniter.php(351): CodeIgniter\CodeIgniter->handleRequest(null, Object(Config\Cache), false)
 4 FCPATH\index.php(67): CodeIgniter\CodeIgniter->run()
 5 SYSTEMPATH\Commands\Server\rewrite.php(46): require_once('FCPATH\\index.php')
