CRITICAL - 2022-12-15 10:26:37 --> Undefined constant "App\Controllers\this"
in APPPATH\Controllers\HomeController.php on line 34.
 1 SYSTEMPATH\CodeIgniter.php(927): App\Controllers\HomeController->home()
 2 SYSTEMPATH\CodeIgniter.php(482): CodeIgniter\CodeIgniter->runController(Object(App\Controllers\HomeController))
 3 SYSTEMPATH\CodeIgniter.php(351): CodeIgniter\CodeIgniter->handleRequest(null, Object(Config\Cache), false)
 4 FCPATH\index.php(67): CodeIgniter\CodeIgniter->run()
 5 SYSTEMPATH\Commands\Server\rewrite.php(46): require_once('FCPATH\\index.php')
CRITICAL - 2022-12-15 11:22:33 --> Attempt to read property "nama" on null
in APPPATH\Views\pages\admin\artikel-management\preview.php on line 12.
 1 APPPATH\Views\pages\admin\artikel-management\preview.php(12): CodeIgniter\Debug\Exceptions->errorHandler(2, 'Attempt to read property "nama" on null', 'APPPATH\\Views\\pages\\admin\\artikel-management\\preview.php', 12)
 2 SYSTEMPATH\View\View.php(213): include('APPPATH\\Views\\pages\\admin\\artikel-management\\preview.php')
 3 SYSTEMPATH\View\View.php(216): CodeIgniter\View\View->CodeIgniter\View\{closure}()
 4 SYSTEMPATH\Common.php(1134): CodeIgniter\View\View->render('pages/admin/artikel-management/preview', [], true)
 5 APPPATH\Controllers\PostManagementController.php(61): view('pages/admin/artikel-management/preview', [...])
 6 SYSTEMPATH\CodeIgniter.php(927): App\Controllers\PostManagementController->show('45', 'show')
 7 SYSTEMPATH\CodeIgniter.php(482): CodeIgniter\CodeIgniter->runController(Object(App\Controllers\PostManagementController))
 8 SYSTEMPATH\CodeIgniter.php(351): CodeIgniter\CodeIgniter->handleRequest(null, Object(Config\Cache), false)
 9 FCPATH\index.php(67): CodeIgniter\CodeIgniter->run()
10 SYSTEMPATH\Commands\Server\rewrite.php(46): require_once('FCPATH\\index.php')
CRITICAL - 2022-12-15 11:23:01 --> Attempt to read property "nama" on null
in APPPATH\Views\pages\admin\artikel-management\preview.php on line 12.
 1 APPPATH\Views\pages\admin\artikel-management\preview.php(12): CodeIgniter\Debug\Exceptions->errorHandler(2, 'Attempt to read property "nama" on null', 'APPPATH\\Views\\pages\\admin\\artikel-management\\preview.php', 12)
 2 SYSTEMPATH\View\View.php(213): include('APPPATH\\Views\\pages\\admin\\artikel-management\\preview.php')
 3 SYSTEMPATH\View\View.php(216): CodeIgniter\View\View->CodeIgniter\View\{closure}()
 4 SYSTEMPATH\Common.php(1134): CodeIgniter\View\View->render('pages/admin/artikel-management/preview', [], true)
 5 APPPATH\Controllers\PostManagementController.php(61): view('pages/admin/artikel-management/preview', [...])
 6 SYSTEMPATH\CodeIgniter.php(927): App\Controllers\PostManagementController->show('46', 'show')
 7 SYSTEMPATH\CodeIgniter.php(482): CodeIgniter\CodeIgniter->runController(Object(App\Controllers\PostManagementController))
 8 SYSTEMPATH\CodeIgniter.php(351): CodeIgniter\CodeIgniter->handleRequest(null, Object(Config\Cache), false)
 9 FCPATH\index.php(67): CodeIgniter\CodeIgniter->run()
10 SYSTEMPATH\Commands\Server\rewrite.php(46): require_once('FCPATH\\index.php')
CRITICAL - 2022-12-15 11:29:26 --> Undefined property: App\Controllers\HomeController::$SettingModel
in APPPATH\Controllers\HomeController.php on line 36.
 1 APPPATH\Controllers\HomeController.php(36): CodeIgniter\Debug\Exceptions->errorHandler(2, 'Undefined property: App\\Controllers\\HomeController::$SettingModel', 'APPPATH\\Controllers\\HomeController.php', 36)
 2 SYSTEMPATH\CodeIgniter.php(927): App\Controllers\HomeController->home()
 3 SYSTEMPATH\CodeIgniter.php(482): CodeIgniter\CodeIgniter->runController(Object(App\Controllers\HomeController))
 4 SYSTEMPATH\CodeIgniter.php(351): CodeIgniter\CodeIgniter->handleRequest(null, Object(Config\Cache), false)
 5 FCPATH\index.php(67): CodeIgniter\CodeIgniter->run()
 6 SYSTEMPATH\Commands\Server\rewrite.php(46): require_once('FCPATH\\index.php')
CRITICAL - 2022-12-15 13:16:50 --> Undefined property: App\Controllers\HomeController::$SettingModel
in APPPATH\Controllers\HomeController.php on line 37.
 1 APPPATH\Controllers\HomeController.php(37): CodeIgniter\Debug\Exceptions->errorHandler(2, 'Undefined property: App\\Controllers\\HomeController::$SettingModel', 'APPPATH\\Controllers\\HomeController.php', 37)
 2 SYSTEMPATH\CodeIgniter.php(927): App\Controllers\HomeController->home()
 3 SYSTEMPATH\CodeIgniter.php(482): CodeIgniter\CodeIgniter->runController(Object(App\Controllers\HomeController))
 4 SYSTEMPATH\CodeIgniter.php(351): CodeIgniter\CodeIgniter->handleRequest(null, Object(Config\Cache), false)
 5 FCPATH\index.php(67): CodeIgniter\CodeIgniter->run()
 6 SYSTEMPATH\Commands\Server\rewrite.php(46): require_once('FCPATH\\index.php')
ERROR - 2022-12-15 13:17:08 --> Error connecting to the database: mysqli_sql_exception: No connection could be made because the target machine actively refused it in E:\laragon\www\kas_masjid1\vendor\codeigniter4\framework\system\Database\MySQLi\Connection.php:171
Stack trace:
#0 E:\laragon\www\kas_masjid1\vendor\codeigniter4\framework\system\Database\MySQLi\Connection.php(171): mysqli->real_connect('localhost', 'root', '', 'db_kas', 3306, '', 0)
#1 E:\laragon\www\kas_masjid1\vendor\codeigniter4\framework\system\Database\BaseConnection.php(382): CodeIgniter\Database\MySQLi\Connection->connect(false)
#2 E:\laragon\www\kas_masjid1\vendor\codeigniter4\framework\system\Database\BaseConnection.php(561): CodeIgniter\Database\BaseConnection->initialize()
#3 E:\laragon\www\kas_masjid1\vendor\codeigniter4\framework\system\Database\BaseBuilder.php(1585): CodeIgniter\Database\BaseConnection->query('SELECT SUM(`jum...', Array, false)
#4 E:\laragon\www\kas_masjid1\vendor\codeigniter4\framework\system\Model.php(185): CodeIgniter\Database\BaseBuilder->get()
#5 E:\laragon\www\kas_masjid1\vendor\codeigniter4\framework\system\BaseModel.php(524): CodeIgniter\Model->doFind(false, NULL)
#6 E:\laragon\www\kas_masjid1\app\Controllers\HalamanAdminController.php(41): CodeIgniter\BaseModel->find()
#7 E:\laragon\www\kas_masjid1\vendor\codeigniter4\framework\system\CodeIgniter.php(927): App\Controllers\HalamanAdminController->rekap()
#8 E:\laragon\www\kas_masjid1\vendor\codeigniter4\framework\system\CodeIgniter.php(482): CodeIgniter\CodeIgniter->runController(Object(App\Controllers\HalamanAdminController))
#9 E:\laragon\www\kas_masjid1\vendor\codeigniter4\framework\system\CodeIgniter.php(351): CodeIgniter\CodeIgniter->handleRequest(NULL, Object(Config\Cache), false)
#10 E:\laragon\www\kas_masjid1\public\index.php(67): CodeIgniter\CodeIgniter->run()
#11 E:\laragon\www\kas_masjid1\vendor\codeigniter4\framework\system\Commands\Server\rewrite.php(46): require_once('E:\\laragon\\www\\...')
#12 {main}

Next CodeIgniter\Database\Exceptions\DatabaseException: No connection could be made because the target machine actively refused it in E:\laragon\www\kas_masjid1\vendor\codeigniter4\framework\system\Database\MySQLi\Connection.php:215
Stack trace:
#0 E:\laragon\www\kas_masjid1\vendor\codeigniter4\framework\system\Database\BaseConnection.php(382): CodeIgniter\Database\MySQLi\Connection->connect(false)
#1 E:\laragon\www\kas_masjid1\vendor\codeigniter4\framework\system\Database\BaseConnection.php(561): CodeIgniter\Database\BaseConnection->initialize()
#2 E:\laragon\www\kas_masjid1\vendor\codeigniter4\framework\system\Database\BaseBuilder.php(1585): CodeIgniter\Database\BaseConnection->query('SELECT SUM(`jum...', Array, false)
#3 E:\laragon\www\kas_masjid1\vendor\codeigniter4\framework\system\Model.php(185): CodeIgniter\Database\BaseBuilder->get()
#4 E:\laragon\www\kas_masjid1\vendor\codeigniter4\framework\system\BaseModel.php(524): CodeIgniter\Model->doFind(false, NULL)
#5 E:\laragon\www\kas_masjid1\app\Controllers\HalamanAdminController.php(41): CodeIgniter\BaseModel->find()
#6 E:\laragon\www\kas_masjid1\vendor\codeigniter4\framework\system\CodeIgniter.php(927): App\Controllers\HalamanAdminController->rekap()
#7 E:\laragon\www\kas_masjid1\vendor\codeigniter4\framework\system\CodeIgniter.php(482): CodeIgniter\CodeIgniter->runController(Object(App\Controllers\HalamanAdminController))
#8 E:\laragon\www\kas_masjid1\vendor\codeigniter4\framework\system\CodeIgniter.php(351): CodeIgniter\CodeIgniter->handleRequest(NULL, Object(Config\Cache), false)
#9 E:\laragon\www\kas_masjid1\public\index.php(67): CodeIgniter\CodeIgniter->run()
#10 E:\laragon\www\kas_masjid1\vendor\codeigniter4\framework\system\Commands\Server\rewrite.php(46): require_once('E:\\laragon\\www\\...')
#11 {main}
CRITICAL - 2022-12-15 13:17:08 --> Unable to connect to the database.
Main connection [MySQLi]: No connection could be made because the target machine actively refused it
in SYSTEMPATH\Database\BaseConnection.php on line 418.
 1 SYSTEMPATH\Database\BaseConnection.php(561): CodeIgniter\Database\BaseConnection->initialize()
 2 SYSTEMPATH\Database\BaseBuilder.php(1585): CodeIgniter\Database\BaseConnection->query('SELECT SUM(`jumlah`) AS `jumlah`
FROM `tb_pemasukan`
WHERE `tanggal` < "2022-11-15"', [], false)
 3 SYSTEMPATH\Model.php(185): CodeIgniter\Database\BaseBuilder->get()
 4 SYSTEMPATH\BaseModel.php(524): CodeIgniter\Model->doFind(false, null)
 5 APPPATH\Controllers\HalamanAdminController.php(41): CodeIgniter\BaseModel->find()
 6 SYSTEMPATH\CodeIgniter.php(927): App\Controllers\HalamanAdminController->rekap()
 7 SYSTEMPATH\CodeIgniter.php(482): CodeIgniter\CodeIgniter->runController(Object(App\Controllers\HalamanAdminController))
 8 SYSTEMPATH\CodeIgniter.php(351): CodeIgniter\CodeIgniter->handleRequest(null, Object(Config\Cache), false)
 9 FCPATH\index.php(67): CodeIgniter\CodeIgniter->run()
10 SYSTEMPATH\Commands\Server\rewrite.php(46): require_once('FCPATH\\index.php')
ERROR - 2022-12-15 13:17:23 --> Error connecting to the database: mysqli_sql_exception: No connection could be made because the target machine actively refused it in E:\laragon\www\kas_masjid1\vendor\codeigniter4\framework\system\Database\MySQLi\Connection.php:171
Stack trace:
#0 E:\laragon\www\kas_masjid1\vendor\codeigniter4\framework\system\Database\MySQLi\Connection.php(171): mysqli->real_connect('localhost', 'root', '', 'db_kas', 3306, '', 0)
#1 E:\laragon\www\kas_masjid1\vendor\codeigniter4\framework\system\Database\BaseConnection.php(382): CodeIgniter\Database\MySQLi\Connection->connect(false)
#2 E:\laragon\www\kas_masjid1\vendor\codeigniter4\framework\system\Database\BaseConnection.php(561): CodeIgniter\Database\BaseConnection->initialize()
#3 E:\laragon\www\kas_masjid1\vendor\codeigniter4\framework\system\Database\BaseBuilder.php(1585): CodeIgniter\Database\BaseConnection->query('SELECT SUM(`jum...', Array, false)
#4 E:\laragon\www\kas_masjid1\vendor\codeigniter4\framework\system\Model.php(185): CodeIgniter\Database\BaseBuilder->get()
#5 E:\laragon\www\kas_masjid1\vendor\codeigniter4\framework\system\BaseModel.php(524): CodeIgniter\Model->doFind(false, NULL)
#6 E:\laragon\www\kas_masjid1\app\Controllers\HalamanAdminController.php(41): CodeIgniter\BaseModel->find()
#7 E:\laragon\www\kas_masjid1\vendor\codeigniter4\framework\system\CodeIgniter.php(927): App\Controllers\HalamanAdminController->rekap()
#8 E:\laragon\www\kas_masjid1\vendor\codeigniter4\framework\system\CodeIgniter.php(482): CodeIgniter\CodeIgniter->runController(Object(App\Controllers\HalamanAdminController))
#9 E:\laragon\www\kas_masjid1\vendor\codeigniter4\framework\system\CodeIgniter.php(351): CodeIgniter\CodeIgniter->handleRequest(NULL, Object(Config\Cache), false)
#10 E:\laragon\www\kas_masjid1\public\index.php(67): CodeIgniter\CodeIgniter->run()
#11 E:\laragon\www\kas_masjid1\vendor\codeigniter4\framework\system\Commands\Server\rewrite.php(46): require_once('E:\\laragon\\www\\...')
#12 {main}

Next CodeIgniter\Database\Exceptions\DatabaseException: No connection could be made because the target machine actively refused it in E:\laragon\www\kas_masjid1\vendor\codeigniter4\framework\system\Database\MySQLi\Connection.php:215
Stack trace:
#0 E:\laragon\www\kas_masjid1\vendor\codeigniter4\framework\system\Database\BaseConnection.php(382): CodeIgniter\Database\MySQLi\Connection->connect(false)
#1 E:\laragon\www\kas_masjid1\vendor\codeigniter4\framework\system\Database\BaseConnection.php(561): CodeIgniter\Database\BaseConnection->initialize()
#2 E:\laragon\www\kas_masjid1\vendor\codeigniter4\framework\system\Database\BaseBuilder.php(1585): CodeIgniter\Database\BaseConnection->query('SELECT SUM(`jum...', Array, false)
#3 E:\laragon\www\kas_masjid1\vendor\codeigniter4\framework\system\Model.php(185): CodeIgniter\Database\BaseBuilder->get()
#4 E:\laragon\www\kas_masjid1\vendor\codeigniter4\framework\system\BaseModel.php(524): CodeIgniter\Model->doFind(false, NULL)
#5 E:\laragon\www\kas_masjid1\app\Controllers\HalamanAdminController.php(41): CodeIgniter\BaseModel->find()
#6 E:\laragon\www\kas_masjid1\vendor\codeigniter4\framework\system\CodeIgniter.php(927): App\Controllers\HalamanAdminController->rekap()
#7 E:\laragon\www\kas_masjid1\vendor\codeigniter4\framework\system\CodeIgniter.php(482): CodeIgniter\CodeIgniter->runController(Object(App\Controllers\HalamanAdminController))
#8 E:\laragon\www\kas_masjid1\vendor\codeigniter4\framework\system\CodeIgniter.php(351): CodeIgniter\CodeIgniter->handleRequest(NULL, Object(Config\Cache), false)
#9 E:\laragon\www\kas_masjid1\public\index.php(67): CodeIgniter\CodeIgniter->run()
#10 E:\laragon\www\kas_masjid1\vendor\codeigniter4\framework\system\Commands\Server\rewrite.php(46): require_once('E:\\laragon\\www\\...')
#11 {main}
CRITICAL - 2022-12-15 13:17:23 --> Unable to connect to the database.
Main connection [MySQLi]: No connection could be made because the target machine actively refused it
in SYSTEMPATH\Database\BaseConnection.php on line 418.
 1 SYSTEMPATH\Database\BaseConnection.php(561): CodeIgniter\Database\BaseConnection->initialize()
 2 SYSTEMPATH\Database\BaseBuilder.php(1585): CodeIgniter\Database\BaseConnection->query('SELECT SUM(`jumlah`) AS `jumlah`
FROM `tb_pemasukan`
WHERE `tanggal` < "2022-11-15"', [], false)
 3 SYSTEMPATH\Model.php(185): CodeIgniter\Database\BaseBuilder->get()
 4 SYSTEMPATH\BaseModel.php(524): CodeIgniter\Model->doFind(false, null)
 5 APPPATH\Controllers\HalamanAdminController.php(41): CodeIgniter\BaseModel->find()
 6 SYSTEMPATH\CodeIgniter.php(927): App\Controllers\HalamanAdminController->rekap()
 7 SYSTEMPATH\CodeIgniter.php(482): CodeIgniter\CodeIgniter->runController(Object(App\Controllers\HalamanAdminController))
 8 SYSTEMPATH\CodeIgniter.php(351): CodeIgniter\CodeIgniter->handleRequest(null, Object(Config\Cache), false)
 9 FCPATH\index.php(67): CodeIgniter\CodeIgniter->run()
10 SYSTEMPATH\Commands\Server\rewrite.php(46): require_once('FCPATH\\index.php')
CRITICAL - 2022-12-15 13:17:38 --> Undefined property: App\Controllers\HomeController::$SettingModel
in APPPATH\Controllers\HomeController.php on line 37.
 1 APPPATH\Controllers\HomeController.php(37): CodeIgniter\Debug\Exceptions->errorHandler(2, 'Undefined property: App\\Controllers\\HomeController::$SettingModel', 'APPPATH\\Controllers\\HomeController.php', 37)
 2 SYSTEMPATH\CodeIgniter.php(927): App\Controllers\HomeController->home()
 3 SYSTEMPATH\CodeIgniter.php(482): CodeIgniter\CodeIgniter->runController(Object(App\Controllers\HomeController))
 4 SYSTEMPATH\CodeIgniter.php(351): CodeIgniter\CodeIgniter->handleRequest(null, Object(Config\Cache), false)
 5 FCPATH\index.php(67): CodeIgniter\CodeIgniter->run()
 6 SYSTEMPATH\Commands\Server\rewrite.php(46): require_once('FCPATH\\index.php')
CRITICAL - 2022-12-15 13:17:47 --> Undefined variable $kegiatan
in APPPATH\Views\pages\admin\setting\list.php on line 70.
 1 APPPATH\Views\pages\admin\setting\list.php(70): CodeIgniter\Debug\Exceptions->errorHandler(2, 'Undefined variable $kegiatan', 'APPPATH\\Views\\pages\\admin\\setting\\list.php', 70)
 2 SYSTEMPATH\View\View.php(213): include('APPPATH\\Views\\pages\\admin\\setting\\list.php')
 3 SYSTEMPATH\View\View.php(216): CodeIgniter\View\View->CodeIgniter\View\{closure}()
 4 SYSTEMPATH\Common.php(1134): CodeIgniter\View\View->render('pages/admin/setting/list', [], true)
 5 APPPATH\Controllers\SettingController.php(27): view('pages/admin/setting/list', [...])
 6 SYSTEMPATH\CodeIgniter.php(927): App\Controllers\SettingController->index()
 7 SYSTEMPATH\CodeIgniter.php(482): CodeIgniter\CodeIgniter->runController(Object(App\Controllers\SettingController))
 8 SYSTEMPATH\CodeIgniter.php(351): CodeIgniter\CodeIgniter->handleRequest(null, Object(Config\Cache), false)
 9 FCPATH\index.php(67): CodeIgniter\CodeIgniter->run()
10 SYSTEMPATH\Commands\Server\rewrite.php(46): require_once('FCPATH\\index.php')
CRITICAL - 2022-12-15 13:20:44 --> Undefined array key 2
in APPPATH\Views\pages\admin\setting\form.php on line 5.
 1 APPPATH\Views\pages\admin\setting\form.php(5): CodeIgniter\Debug\Exceptions->errorHandler(2, 'Undefined array key 2', 'APPPATH\\Views\\pages\\admin\\setting\\form.php', 5)
 2 SYSTEMPATH\View\View.php(213): include('APPPATH\\Views\\pages\\admin\\setting\\form.php')
 3 SYSTEMPATH\View\View.php(216): CodeIgniter\View\View->CodeIgniter\View\{closure}()
 4 SYSTEMPATH\Common.php(1134): CodeIgniter\View\View->render('pages/admin/setting/form', [], true)
 5 APPPATH\Controllers\SettingController.php(27): view('pages/admin/setting/form', [...])
 6 SYSTEMPATH\CodeIgniter.php(927): App\Controllers\SettingController->index()
 7 SYSTEMPATH\CodeIgniter.php(482): CodeIgniter\CodeIgniter->runController(Object(App\Controllers\SettingController))
 8 SYSTEMPATH\CodeIgniter.php(351): CodeIgniter\CodeIgniter->handleRequest(null, Object(Config\Cache), false)
 9 FCPATH\index.php(67): CodeIgniter\CodeIgniter->run()
10 SYSTEMPATH\Commands\Server\rewrite.php(46): require_once('FCPATH\\index.php')
CRITICAL - 2022-12-15 13:25:53 --> Undefined array key 2
in APPPATH\Views\pages\admin\setting\form.php on line 5.
 1 APPPATH\Views\pages\admin\setting\form.php(5): CodeIgniter\Debug\Exceptions->errorHandler(2, 'Undefined array key 2', 'APPPATH\\Views\\pages\\admin\\setting\\form.php', 5)
 2 SYSTEMPATH\View\View.php(213): include('APPPATH\\Views\\pages\\admin\\setting\\form.php')
 3 SYSTEMPATH\View\View.php(216): CodeIgniter\View\View->CodeIgniter\View\{closure}()
 4 SYSTEMPATH\Common.php(1134): CodeIgniter\View\View->render('pages/admin/setting/form', [], true)
 5 APPPATH\Controllers\SettingController.php(29): view('pages/admin/setting/form', [...])
 6 SYSTEMPATH\CodeIgniter.php(927): App\Controllers\SettingController->index()
 7 SYSTEMPATH\CodeIgniter.php(482): CodeIgniter\CodeIgniter->runController(Object(App\Controllers\SettingController))
 8 SYSTEMPATH\CodeIgniter.php(351): CodeIgniter\CodeIgniter->handleRequest(null, Object(Config\Cache), false)
 9 FCPATH\index.php(67): CodeIgniter\CodeIgniter->run()
10 SYSTEMPATH\Commands\Server\rewrite.php(46): require_once('FCPATH\\index.php')
CRITICAL - 2022-12-15 13:25:54 --> Undefined array key 2
in APPPATH\Views\pages\admin\setting\form.php on line 5.
 1 APPPATH\Views\pages\admin\setting\form.php(5): CodeIgniter\Debug\Exceptions->errorHandler(2, 'Undefined array key 2', 'APPPATH\\Views\\pages\\admin\\setting\\form.php', 5)
 2 SYSTEMPATH\View\View.php(213): include('APPPATH\\Views\\pages\\admin\\setting\\form.php')
 3 SYSTEMPATH\View\View.php(216): CodeIgniter\View\View->CodeIgniter\View\{closure}()
 4 SYSTEMPATH\Common.php(1134): CodeIgniter\View\View->render('pages/admin/setting/form', [], true)
 5 APPPATH\Controllers\SettingController.php(29): view('pages/admin/setting/form', [...])
 6 SYSTEMPATH\CodeIgniter.php(927): App\Controllers\SettingController->index()
 7 SYSTEMPATH\CodeIgniter.php(482): CodeIgniter\CodeIgniter->runController(Object(App\Controllers\SettingController))
 8 SYSTEMPATH\CodeIgniter.php(351): CodeIgniter\CodeIgniter->handleRequest(null, Object(Config\Cache), false)
 9 FCPATH\index.php(67): CodeIgniter\CodeIgniter->run()
10 SYSTEMPATH\Commands\Server\rewrite.php(46): require_once('FCPATH\\index.php')
CRITICAL - 2022-12-15 13:27:57 --> Undefined variable $kegiatan
in APPPATH\Views\pages\admin\setting\list.php on line 70.
 1 APPPATH\Views\pages\admin\setting\list.php(70): CodeIgniter\Debug\Exceptions->errorHandler(2, 'Undefined variable $kegiatan', 'APPPATH\\Views\\pages\\admin\\setting\\list.php', 70)
 2 SYSTEMPATH\View\View.php(213): include('APPPATH\\Views\\pages\\admin\\setting\\list.php')
 3 SYSTEMPATH\View\View.php(216): CodeIgniter\View\View->CodeIgniter\View\{closure}()
 4 SYSTEMPATH\Common.php(1134): CodeIgniter\View\View->render('pages/admin/setting/list', [], true)
 5 APPPATH\Controllers\SettingController.php(29): view('pages/admin/setting/list', [...])
 6 SYSTEMPATH\CodeIgniter.php(927): App\Controllers\SettingController->index()
 7 SYSTEMPATH\CodeIgniter.php(482): CodeIgniter\CodeIgniter->runController(Object(App\Controllers\SettingController))
 8 SYSTEMPATH\CodeIgniter.php(351): CodeIgniter\CodeIgniter->handleRequest(null, Object(Config\Cache), false)
 9 FCPATH\index.php(67): CodeIgniter\CodeIgniter->run()
10 SYSTEMPATH\Commands\Server\rewrite.php(46): require_once('FCPATH\\index.php')
CRITICAL - 2022-12-15 13:28:58 --> Undefined variable $kegiatan
in APPPATH\Views\pages\admin\setting\list.php on line 70.
 1 APPPATH\Views\pages\admin\setting\list.php(70): CodeIgniter\Debug\Exceptions->errorHandler(2, 'Undefined variable $kegiatan', 'APPPATH\\Views\\pages\\admin\\setting\\list.php', 70)
 2 SYSTEMPATH\View\View.php(213): include('APPPATH\\Views\\pages\\admin\\setting\\list.php')
 3 SYSTEMPATH\View\View.php(216): CodeIgniter\View\View->CodeIgniter\View\{closure}()
 4 SYSTEMPATH\Common.php(1134): CodeIgniter\View\View->render('pages/admin/setting/list', [], true)
 5 APPPATH\Controllers\SettingController.php(29): view('pages/admin/setting/list', [...])
 6 SYSTEMPATH\CodeIgniter.php(927): App\Controllers\SettingController->index()
 7 SYSTEMPATH\CodeIgniter.php(482): CodeIgniter\CodeIgniter->runController(Object(App\Controllers\SettingController))
 8 SYSTEMPATH\CodeIgniter.php(351): CodeIgniter\CodeIgniter->handleRequest(null, Object(Config\Cache), false)
 9 FCPATH\index.php(67): CodeIgniter\CodeIgniter->run()
10 SYSTEMPATH\Commands\Server\rewrite.php(46): require_once('FCPATH\\index.php')
CRITICAL - 2022-12-15 14:32:45 --> Undefined array key 2
in APPPATH\Views\pages\admin\setting\form.php on line 5.
 1 APPPATH\Views\pages\admin\setting\form.php(5): CodeIgniter\Debug\Exceptions->errorHandler(2, 'Undefined array key 2', 'APPPATH\\Views\\pages\\admin\\setting\\form.php', 5)
 2 SYSTEMPATH\View\View.php(213): include('APPPATH\\Views\\pages\\admin\\setting\\form.php')
 3 SYSTEMPATH\View\View.php(216): CodeIgniter\View\View->CodeIgniter\View\{closure}()
 4 SYSTEMPATH\Common.php(1134): CodeIgniter\View\View->render('pages/admin/setting/form', [], true)
 5 APPPATH\Controllers\SettingController.php(29): view('pages/admin/setting/form', [...])
 6 SYSTEMPATH\CodeIgniter.php(927): App\Controllers\SettingController->index()
 7 SYSTEMPATH\CodeIgniter.php(482): CodeIgniter\CodeIgniter->runController(Object(App\Controllers\SettingController))
 8 SYSTEMPATH\CodeIgniter.php(351): CodeIgniter\CodeIgniter->handleRequest(null, Object(Config\Cache), false)
 9 FCPATH\index.php(67): CodeIgniter\CodeIgniter->run()
10 SYSTEMPATH\Commands\Server\rewrite.php(46): require_once('FCPATH\\index.php')
CRITICAL - 2022-12-15 14:33:55 --> Undefined variable $validation
in APPPATH\Views\pages\admin\setting\form.php on line 10.
 1 APPPATH\Views\pages\admin\setting\form.php(10): CodeIgniter\Debug\Exceptions->errorHandler(2, 'Undefined variable $validation', 'APPPATH\\Views\\pages\\admin\\setting\\form.php', 10)
 2 SYSTEMPATH\View\View.php(213): include('APPPATH\\Views\\pages\\admin\\setting\\form.php')
 3 SYSTEMPATH\View\View.php(216): CodeIgniter\View\View->CodeIgniter\View\{closure}()
 4 SYSTEMPATH\Common.php(1134): CodeIgniter\View\View->render('pages/admin/setting/form', [], true)
 5 APPPATH\Controllers\SettingController.php(29): view('pages/admin/setting/form', [...])
 6 SYSTEMPATH\CodeIgniter.php(927): App\Controllers\SettingController->index()
 7 SYSTEMPATH\CodeIgniter.php(482): CodeIgniter\CodeIgniter->runController(Object(App\Controllers\SettingController))
 8 SYSTEMPATH\CodeIgniter.php(351): CodeIgniter\CodeIgniter->handleRequest(null, Object(Config\Cache), false)
 9 FCPATH\index.php(67): CodeIgniter\CodeIgniter->run()
10 SYSTEMPATH\Commands\Server\rewrite.php(46): require_once('FCPATH\\index.php')
CRITICAL - 2022-12-15 14:38:10 --> Undefined variable $validation
in APPPATH\Views\pages\admin\setting\form.php on line 10.
 1 APPPATH\Views\pages\admin\setting\form.php(10): CodeIgniter\Debug\Exceptions->errorHandler(2, 'Undefined variable $validation', 'APPPATH\\Views\\pages\\admin\\setting\\form.php', 10)
 2 SYSTEMPATH\View\View.php(213): include('APPPATH\\Views\\pages\\admin\\setting\\form.php')
 3 SYSTEMPATH\View\View.php(216): CodeIgniter\View\View->CodeIgniter\View\{closure}()
 4 SYSTEMPATH\Common.php(1134): CodeIgniter\View\View->render('pages/admin/setting/form', [], true)
 5 APPPATH\Controllers\SettingController.php(29): view('pages/admin/setting/form', [...])
 6 SYSTEMPATH\CodeIgniter.php(927): App\Controllers\SettingController->index()
 7 SYSTEMPATH\CodeIgniter.php(482): CodeIgniter\CodeIgniter->runController(Object(App\Controllers\SettingController))
 8 SYSTEMPATH\CodeIgniter.php(351): CodeIgniter\CodeIgniter->handleRequest(null, Object(Config\Cache), false)
 9 FCPATH\index.php(67): CodeIgniter\CodeIgniter->run()
10 SYSTEMPATH\Commands\Server\rewrite.php(46): require_once('FCPATH\\index.php')
CRITICAL - 2022-12-15 14:38:22 --> Undefined property: App\Controllers\HomeController::$SettingModel
in APPPATH\Controllers\HomeController.php on line 37.
 1 APPPATH\Controllers\HomeController.php(37): CodeIgniter\Debug\Exceptions->errorHandler(2, 'Undefined property: App\\Controllers\\HomeController::$SettingModel', 'APPPATH\\Controllers\\HomeController.php', 37)
 2 SYSTEMPATH\CodeIgniter.php(927): App\Controllers\HomeController->home()
 3 SYSTEMPATH\CodeIgniter.php(482): CodeIgniter\CodeIgniter->runController(Object(App\Controllers\HomeController))
 4 SYSTEMPATH\CodeIgniter.php(351): CodeIgniter\CodeIgniter->handleRequest(null, Object(Config\Cache), false)
 5 FCPATH\index.php(67): CodeIgniter\CodeIgniter->run()
 6 SYSTEMPATH\Commands\Server\rewrite.php(46): require_once('FCPATH\\index.php')
CRITICAL - 2022-12-15 15:10:49 --> syntax error, unexpected token "->"
in APPPATH\Models\SettingModel.php on line 13.
 1 SYSTEMPATH\Autoloader\Autoloader.php(259): CodeIgniter\Autoloader\Autoloader->includeFile('APPPATH\\Models\\SettingModel.php')
 2 SYSTEMPATH\Autoloader\Autoloader.php(237): CodeIgniter\Autoloader\Autoloader->loadInNamespace('App\\Models\\SettingModel')
 3 APPPATH\Controllers\HomeController.php(23): CodeIgniter\Autoloader\Autoloader->loadClass('App\\Models\\SettingModel')
 4 SYSTEMPATH\CodeIgniter.php(889): App\Controllers\HomeController->__construct()
 5 SYSTEMPATH\CodeIgniter.php(473): CodeIgniter\CodeIgniter->createController()
 6 SYSTEMPATH\CodeIgniter.php(351): CodeIgniter\CodeIgniter->handleRequest(null, Object(Config\Cache), false)
 7 FCPATH\index.php(67): CodeIgniter\CodeIgniter->run()
 8 SYSTEMPATH\Commands\Server\rewrite.php(46): require_once('FCPATH\\index.php')
CRITICAL - 2022-12-15 15:15:03 --> syntax error, unexpected token "->"
in APPPATH\Models\SettingModel.php on line 12.
 1 SYSTEMPATH\Autoloader\Autoloader.php(259): CodeIgniter\Autoloader\Autoloader->includeFile('APPPATH\\Models\\SettingModel.php')
 2 SYSTEMPATH\Autoloader\Autoloader.php(237): CodeIgniter\Autoloader\Autoloader->loadInNamespace('App\\Models\\SettingModel')
 3 APPPATH\Controllers\HomeController.php(23): CodeIgniter\Autoloader\Autoloader->loadClass('App\\Models\\SettingModel')
 4 SYSTEMPATH\CodeIgniter.php(889): App\Controllers\HomeController->__construct()
 5 SYSTEMPATH\CodeIgniter.php(473): CodeIgniter\CodeIgniter->createController()
 6 SYSTEMPATH\CodeIgniter.php(351): CodeIgniter\CodeIgniter->handleRequest(null, Object(Config\Cache), false)
 7 FCPATH\index.php(67): CodeIgniter\CodeIgniter->run()
 8 SYSTEMPATH\Commands\Server\rewrite.php(46): require_once('FCPATH\\index.php')
CRITICAL - 2022-12-15 15:20:20 --> Undefined property: App\Controllers\HomeController::$SettingModel
in APPPATH\Controllers\HomeController.php on line 37.
 1 APPPATH\Controllers\HomeController.php(37): CodeIgniter\Debug\Exceptions->errorHandler(2, 'Undefined property: App\\Controllers\\HomeController::$SettingModel', 'APPPATH\\Controllers\\HomeController.php', 37)
 2 SYSTEMPATH\CodeIgniter.php(927): App\Controllers\HomeController->home()
 3 SYSTEMPATH\CodeIgniter.php(482): CodeIgniter\CodeIgniter->runController(Object(App\Controllers\HomeController))
 4 SYSTEMPATH\CodeIgniter.php(351): CodeIgniter\CodeIgniter->handleRequest(null, Object(Config\Cache), false)
 5 FCPATH\index.php(67): CodeIgniter\CodeIgniter->run()
 6 SYSTEMPATH\Commands\Server\rewrite.php(46): require_once('FCPATH\\index.php')
CRITICAL - 2022-12-15 15:20:39 --> Undefined property: App\Controllers\HomeController::$SettingModel
in APPPATH\Controllers\HomeController.php on line 37.
 1 APPPATH\Controllers\HomeController.php(37): CodeIgniter\Debug\Exceptions->errorHandler(2, 'Undefined property: App\\Controllers\\HomeController::$SettingModel', 'APPPATH\\Controllers\\HomeController.php', 37)
 2 SYSTEMPATH\CodeIgniter.php(927): App\Controllers\HomeController->home()
 3 SYSTEMPATH\CodeIgniter.php(482): CodeIgniter\CodeIgniter->runController(Object(App\Controllers\HomeController))
 4 SYSTEMPATH\CodeIgniter.php(351): CodeIgniter\CodeIgniter->handleRequest(null, Object(Config\Cache), false)
 5 FCPATH\index.php(67): CodeIgniter\CodeIgniter->run()
 6 SYSTEMPATH\Commands\Server\rewrite.php(46): require_once('FCPATH\\index.php')
CRITICAL - 2022-12-15 15:33:32 --> Undefined variable $setting
in APPPATH\Views\pages\admin\setting\form.php on line 11.
 1 APPPATH\Views\pages\admin\setting\form.php(11): CodeIgniter\Debug\Exceptions->errorHandler(2, 'Undefined variable $setting', 'APPPATH\\Views\\pages\\admin\\setting\\form.php', 11)
 2 SYSTEMPATH\View\View.php(213): include('APPPATH\\Views\\pages\\admin\\setting\\form.php')
 3 SYSTEMPATH\View\View.php(216): CodeIgniter\View\View->CodeIgniter\View\{closure}()
 4 SYSTEMPATH\Common.php(1134): CodeIgniter\View\View->render('pages/admin/setting/form', [], true)
 5 APPPATH\Controllers\SettingController.php(28): view('pages/admin/setting/form', [...])
 6 SYSTEMPATH\CodeIgniter.php(927): App\Controllers\SettingController->index()
 7 SYSTEMPATH\CodeIgniter.php(482): CodeIgniter\CodeIgniter->runController(Object(App\Controllers\SettingController))
 8 SYSTEMPATH\CodeIgniter.php(351): CodeIgniter\CodeIgniter->handleRequest(null, Object(Config\Cache), false)
 9 FCPATH\index.php(67): CodeIgniter\CodeIgniter->run()
10 SYSTEMPATH\Commands\Server\rewrite.php(46): require_once('FCPATH\\index.php')
CRITICAL - 2022-12-15 15:39:57 --> Undefined variable $setting
in APPPATH\Views\pages\admin\setting\form.php on line 11.
 1 APPPATH\Views\pages\admin\setting\form.php(11): CodeIgniter\Debug\Exceptions->errorHandler(2, 'Undefined variable $setting', 'APPPATH\\Views\\pages\\admin\\setting\\form.php', 11)
 2 SYSTEMPATH\View\View.php(213): include('APPPATH\\Views\\pages\\admin\\setting\\form.php')
 3 SYSTEMPATH\View\View.php(216): CodeIgniter\View\View->CodeIgniter\View\{closure}()
 4 SYSTEMPATH\Common.php(1134): CodeIgniter\View\View->render('pages/admin/setting/form', [], true)
 5 APPPATH\Controllers\SettingController.php(28): view('pages/admin/setting/form', [...])
 6 SYSTEMPATH\CodeIgniter.php(927): App\Controllers\SettingController->index()
 7 SYSTEMPATH\CodeIgniter.php(482): CodeIgniter\CodeIgniter->runController(Object(App\Controllers\SettingController))
 8 SYSTEMPATH\CodeIgniter.php(351): CodeIgniter\CodeIgniter->handleRequest(null, Object(Config\Cache), false)
 9 FCPATH\index.php(67): CodeIgniter\CodeIgniter->run()
10 SYSTEMPATH\Commands\Server\rewrite.php(46): require_once('FCPATH\\index.php')
CRITICAL - 2022-12-15 15:40:54 --> Undefined property: App\Controllers\SettingController::$SettingModel
in APPPATH\Controllers\SettingController.php on line 27.
 1 APPPATH\Controllers\SettingController.php(27): CodeIgniter\Debug\Exceptions->errorHandler(2, 'Undefined property: App\\Controllers\\SettingController::$SettingModel', 'APPPATH\\Controllers\\SettingController.php', 27)
 2 SYSTEMPATH\CodeIgniter.php(927): App\Controllers\SettingController->index()
 3 SYSTEMPATH\CodeIgniter.php(482): CodeIgniter\CodeIgniter->runController(Object(App\Controllers\SettingController))
 4 SYSTEMPATH\CodeIgniter.php(351): CodeIgniter\CodeIgniter->handleRequest(null, Object(Config\Cache), false)
 5 FCPATH\index.php(67): CodeIgniter\CodeIgniter->run()
 6 SYSTEMPATH\Commands\Server\rewrite.php(46): require_once('FCPATH\\index.php')
CRITICAL - 2022-12-15 15:41:57 --> Undefined variable $setting
in APPPATH\Views\pages\admin\setting\form.php on line 11.
 1 APPPATH\Views\pages\admin\setting\form.php(11): CodeIgniter\Debug\Exceptions->errorHandler(2, 'Undefined variable $setting', 'APPPATH\\Views\\pages\\admin\\setting\\form.php', 11)
 2 SYSTEMPATH\View\View.php(213): include('APPPATH\\Views\\pages\\admin\\setting\\form.php')
 3 SYSTEMPATH\View\View.php(216): CodeIgniter\View\View->CodeIgniter\View\{closure}()
 4 SYSTEMPATH\Common.php(1134): CodeIgniter\View\View->render('pages/admin/setting/form', [], true)
 5 APPPATH\Controllers\SettingController.php(29): view('pages/admin/setting/form', [...])
 6 SYSTEMPATH\CodeIgniter.php(927): App\Controllers\SettingController->index()
 7 SYSTEMPATH\CodeIgniter.php(482): CodeIgniter\CodeIgniter->runController(Object(App\Controllers\SettingController))
 8 SYSTEMPATH\CodeIgniter.php(351): CodeIgniter\CodeIgniter->handleRequest(null, Object(Config\Cache), false)
 9 FCPATH\index.php(67): CodeIgniter\CodeIgniter->run()
10 SYSTEMPATH\Commands\Server\rewrite.php(46): require_once('FCPATH\\index.php')
CRITICAL - 2022-12-15 15:43:11 --> Undefined variable $setting
in APPPATH\Views\pages\admin\setting\form.php on line 11.
 1 APPPATH\Views\pages\admin\setting\form.php(11): CodeIgniter\Debug\Exceptions->errorHandler(2, 'Undefined variable $setting', 'APPPATH\\Views\\pages\\admin\\setting\\form.php', 11)
 2 SYSTEMPATH\View\View.php(213): include('APPPATH\\Views\\pages\\admin\\setting\\form.php')
 3 SYSTEMPATH\View\View.php(216): CodeIgniter\View\View->CodeIgniter\View\{closure}()
 4 SYSTEMPATH\Common.php(1134): CodeIgniter\View\View->render('pages/admin/setting/form', [], true)
 5 APPPATH\Controllers\SettingController.php(29): view('pages/admin/setting/form', [...])
 6 SYSTEMPATH\CodeIgniter.php(927): App\Controllers\SettingController->index()
 7 SYSTEMPATH\CodeIgniter.php(482): CodeIgniter\CodeIgniter->runController(Object(App\Controllers\SettingController))
 8 SYSTEMPATH\CodeIgniter.php(351): CodeIgniter\CodeIgniter->handleRequest(null, Object(Config\Cache), false)
 9 FCPATH\index.php(67): CodeIgniter\CodeIgniter->run()
10 SYSTEMPATH\Commands\Server\rewrite.php(46): require_once('FCPATH\\index.php')
CRITICAL - 2022-12-15 15:44:04 --> Undefined variable $setting
in APPPATH\Views\pages\admin\setting\form.php on line 11.
 1 APPPATH\Views\pages\admin\setting\form.php(11): CodeIgniter\Debug\Exceptions->errorHandler(2, 'Undefined variable $setting', 'APPPATH\\Views\\pages\\admin\\setting\\form.php', 11)
 2 SYSTEMPATH\View\View.php(213): include('APPPATH\\Views\\pages\\admin\\setting\\form.php')
 3 SYSTEMPATH\View\View.php(216): CodeIgniter\View\View->CodeIgniter\View\{closure}()
 4 SYSTEMPATH\Common.php(1134): CodeIgniter\View\View->render('pages/admin/setting/form', [], true)
 5 APPPATH\Controllers\SettingController.php(29): view('pages/admin/setting/form', [...])
 6 SYSTEMPATH\CodeIgniter.php(927): App\Controllers\SettingController->index()
 7 SYSTEMPATH\CodeIgniter.php(482): CodeIgniter\CodeIgniter->runController(Object(App\Controllers\SettingController))
 8 SYSTEMPATH\CodeIgniter.php(351): CodeIgniter\CodeIgniter->handleRequest(null, Object(Config\Cache), false)
 9 FCPATH\index.php(67): CodeIgniter\CodeIgniter->run()
10 SYSTEMPATH\Commands\Server\rewrite.php(46): require_once('FCPATH\\index.php')
CRITICAL - 2022-12-15 15:44:06 --> Undefined variable $setting
in APPPATH\Views\pages\admin\setting\form.php on line 11.
 1 APPPATH\Views\pages\admin\setting\form.php(11): CodeIgniter\Debug\Exceptions->errorHandler(2, 'Undefined variable $setting', 'APPPATH\\Views\\pages\\admin\\setting\\form.php', 11)
 2 SYSTEMPATH\View\View.php(213): include('APPPATH\\Views\\pages\\admin\\setting\\form.php')
 3 SYSTEMPATH\View\View.php(216): CodeIgniter\View\View->CodeIgniter\View\{closure}()
 4 SYSTEMPATH\Common.php(1134): CodeIgniter\View\View->render('pages/admin/setting/form', [], true)
 5 APPPATH\Controllers\SettingController.php(29): view('pages/admin/setting/form', [...])
 6 SYSTEMPATH\CodeIgniter.php(927): App\Controllers\SettingController->index()
 7 SYSTEMPATH\CodeIgniter.php(482): CodeIgniter\CodeIgniter->runController(Object(App\Controllers\SettingController))
 8 SYSTEMPATH\CodeIgniter.php(351): CodeIgniter\CodeIgniter->handleRequest(null, Object(Config\Cache), false)
 9 FCPATH\index.php(67): CodeIgniter\CodeIgniter->run()
10 SYSTEMPATH\Commands\Server\rewrite.php(46): require_once('FCPATH\\index.php')
CRITICAL - 2022-12-15 16:01:28 --> Undefined property: App\Controllers\SettingController::$SettingModel
in APPPATH\Controllers\SettingController.php on line 27.
 1 APPPATH\Controllers\SettingController.php(27): CodeIgniter\Debug\Exceptions->errorHandler(2, 'Undefined property: App\\Controllers\\SettingController::$SettingModel', 'APPPATH\\Controllers\\SettingController.php', 27)
 2 SYSTEMPATH\CodeIgniter.php(927): App\Controllers\SettingController->index()
 3 SYSTEMPATH\CodeIgniter.php(482): CodeIgniter\CodeIgniter->runController(Object(App\Controllers\SettingController))
 4 SYSTEMPATH\CodeIgniter.php(351): CodeIgniter\CodeIgniter->handleRequest(null, Object(Config\Cache), false)
 5 FCPATH\index.php(67): CodeIgniter\CodeIgniter->run()
 6 SYSTEMPATH\Commands\Server\rewrite.php(46): require_once('FCPATH\\index.php')
CRITICAL - 2022-12-15 16:04:03 --> Undefined property: App\Controllers\SettingController::$SettingModel
in APPPATH\Controllers\SettingController.php on line 27.
 1 APPPATH\Controllers\SettingController.php(27): CodeIgniter\Debug\Exceptions->errorHandler(2, 'Undefined property: App\\Controllers\\SettingController::$SettingModel', 'APPPATH\\Controllers\\SettingController.php', 27)
 2 SYSTEMPATH\CodeIgniter.php(927): App\Controllers\SettingController->index()
 3 SYSTEMPATH\CodeIgniter.php(482): CodeIgniter\CodeIgniter->runController(Object(App\Controllers\SettingController))
 4 SYSTEMPATH\CodeIgniter.php(351): CodeIgniter\CodeIgniter->handleRequest(null, Object(Config\Cache), false)
 5 FCPATH\index.php(67): CodeIgniter\CodeIgniter->run()
 6 SYSTEMPATH\Commands\Server\rewrite.php(46): require_once('FCPATH\\index.php')
CRITICAL - 2022-12-15 21:22:11 --> Undefined property: App\Controllers\HomeController::$SettingModel
in APPPATH\Controllers\HomeController.php on line 37.
 1 APPPATH\Controllers\HomeController.php(37): CodeIgniter\Debug\Exceptions->errorHandler(2, 'Undefined property: App\\Controllers\\HomeController::$SettingModel', 'APPPATH\\Controllers\\HomeController.php', 37)
 2 SYSTEMPATH\CodeIgniter.php(927): App\Controllers\HomeController->home()
 3 SYSTEMPATH\CodeIgniter.php(482): CodeIgniter\CodeIgniter->runController(Object(App\Controllers\HomeController))
 4 SYSTEMPATH\CodeIgniter.php(351): CodeIgniter\CodeIgniter->handleRequest(null, Object(Config\Cache), false)
 5 FCPATH\index.php(67): CodeIgniter\CodeIgniter->run()
 6 SYSTEMPATH\Commands\Server\rewrite.php(46): require_once('FCPATH\\index.php')
CRITICAL - 2022-12-15 21:23:47 --> Undefined variable $setting
in APPPATH\Controllers\HomeController.php on line 37.
 1 APPPATH\Controllers\HomeController.php(37): CodeIgniter\Debug\Exceptions->errorHandler(2, 'Undefined variable $setting', 'APPPATH\\Controllers\\HomeController.php', 37)
 2 SYSTEMPATH\CodeIgniter.php(927): App\Controllers\HomeController->home()
 3 SYSTEMPATH\CodeIgniter.php(482): CodeIgniter\CodeIgniter->runController(Object(App\Controllers\HomeController))
 4 SYSTEMPATH\CodeIgniter.php(351): CodeIgniter\CodeIgniter->handleRequest(null, Object(Config\Cache), false)
 5 FCPATH\index.php(67): CodeIgniter\CodeIgniter->run()
 6 SYSTEMPATH\Commands\Server\rewrite.php(46): require_once('FCPATH\\index.php')
CRITICAL - 2022-12-15 21:25:40 --> Undefined property: App\Controllers\HomeController::$load
in APPPATH\Controllers\HomeController.php on line 37.
 1 APPPATH\Controllers\HomeController.php(37): CodeIgniter\Debug\Exceptions->errorHandler(2, 'Undefined property: App\\Controllers\\HomeController::$load', 'APPPATH\\Controllers\\HomeController.php', 37)
 2 SYSTEMPATH\CodeIgniter.php(927): App\Controllers\HomeController->home()
 3 SYSTEMPATH\CodeIgniter.php(482): CodeIgniter\CodeIgniter->runController(Object(App\Controllers\HomeController))
 4 SYSTEMPATH\CodeIgniter.php(351): CodeIgniter\CodeIgniter->handleRequest(null, Object(Config\Cache), false)
 5 FCPATH\index.php(67): CodeIgniter\CodeIgniter->run()
 6 SYSTEMPATH\Commands\Server\rewrite.php(46): require_once('FCPATH\\index.php')
CRITICAL - 2022-12-15 21:26:11 --> Undefined property: App\Controllers\HomeController::$load
in APPPATH\Controllers\HomeController.php on line 37.
 1 APPPATH\Controllers\HomeController.php(37): CodeIgniter\Debug\Exceptions->errorHandler(2, 'Undefined property: App\\Controllers\\HomeController::$load', 'APPPATH\\Controllers\\HomeController.php', 37)
 2 SYSTEMPATH\CodeIgniter.php(927): App\Controllers\HomeController->home()
 3 SYSTEMPATH\CodeIgniter.php(482): CodeIgniter\CodeIgniter->runController(Object(App\Controllers\HomeController))
 4 SYSTEMPATH\CodeIgniter.php(351): CodeIgniter\CodeIgniter->handleRequest(null, Object(Config\Cache), false)
 5 FCPATH\index.php(67): CodeIgniter\CodeIgniter->run()
 6 SYSTEMPATH\Commands\Server\rewrite.php(46): require_once('FCPATH\\index.php')
CRITICAL - 2022-12-15 21:27:27 --> Undefined property: App\Controllers\HomeController::$SettingModel
in APPPATH\Controllers\HomeController.php on line 37.
 1 APPPATH\Controllers\HomeController.php(37): CodeIgniter\Debug\Exceptions->errorHandler(2, 'Undefined property: App\\Controllers\\HomeController::$SettingModel', 'APPPATH\\Controllers\\HomeController.php', 37)
 2 SYSTEMPATH\CodeIgniter.php(927): App\Controllers\HomeController->home()
 3 SYSTEMPATH\CodeIgniter.php(482): CodeIgniter\CodeIgniter->runController(Object(App\Controllers\HomeController))
 4 SYSTEMPATH\CodeIgniter.php(351): CodeIgniter\CodeIgniter->handleRequest(null, Object(Config\Cache), false)
 5 FCPATH\index.php(67): CodeIgniter\CodeIgniter->run()
 6 SYSTEMPATH\Commands\Server\rewrite.php(46): require_once('FCPATH\\index.php')
CRITICAL - 2022-12-15 21:30:15 --> Undefined property: App\Controllers\SettingController::$SettingModel
in APPPATH\Controllers\SettingController.php on line 27.
 1 APPPATH\Controllers\SettingController.php(27): CodeIgniter\Debug\Exceptions->errorHandler(2, 'Undefined property: App\\Controllers\\SettingController::$SettingModel', 'APPPATH\\Controllers\\SettingController.php', 27)
 2 SYSTEMPATH\CodeIgniter.php(927): App\Controllers\SettingController->index()
 3 SYSTEMPATH\CodeIgniter.php(482): CodeIgniter\CodeIgniter->runController(Object(App\Controllers\SettingController))
 4 SYSTEMPATH\CodeIgniter.php(351): CodeIgniter\CodeIgniter->handleRequest(null, Object(Config\Cache), false)
 5 FCPATH\index.php(67): CodeIgniter\CodeIgniter->run()
 6 SYSTEMPATH\Commands\Server\rewrite.php(46): require_once('FCPATH\\index.php')
CRITICAL - 2022-12-15 21:33:33 --> Undefined property: App\Controllers\SettingController::$SettingModel
in APPPATH\Controllers\SettingController.php on line 27.
 1 APPPATH\Controllers\SettingController.php(27): CodeIgniter\Debug\Exceptions->errorHandler(2, 'Undefined property: App\\Controllers\\SettingController::$SettingModel', 'APPPATH\\Controllers\\SettingController.php', 27)
 2 SYSTEMPATH\CodeIgniter.php(927): App\Controllers\SettingController->index()
 3 SYSTEMPATH\CodeIgniter.php(482): CodeIgniter\CodeIgniter->runController(Object(App\Controllers\SettingController))
 4 SYSTEMPATH\CodeIgniter.php(351): CodeIgniter\CodeIgniter->handleRequest(null, Object(Config\Cache), false)
 5 FCPATH\index.php(67): CodeIgniter\CodeIgniter->run()
 6 SYSTEMPATH\Commands\Server\rewrite.php(46): require_once('FCPATH\\index.php')
CRITICAL - 2022-12-15 21:33:34 --> Undefined property: App\Controllers\SettingController::$SettingModel
in APPPATH\Controllers\SettingController.php on line 27.
 1 APPPATH\Controllers\SettingController.php(27): CodeIgniter\Debug\Exceptions->errorHandler(2, 'Undefined property: App\\Controllers\\SettingController::$SettingModel', 'APPPATH\\Controllers\\SettingController.php', 27)
 2 SYSTEMPATH\CodeIgniter.php(927): App\Controllers\SettingController->index()
 3 SYSTEMPATH\CodeIgniter.php(482): CodeIgniter\CodeIgniter->runController(Object(App\Controllers\SettingController))
 4 SYSTEMPATH\CodeIgniter.php(351): CodeIgniter\CodeIgniter->handleRequest(null, Object(Config\Cache), false)
 5 FCPATH\index.php(67): CodeIgniter\CodeIgniter->run()
 6 SYSTEMPATH\Commands\Server\rewrite.php(46): require_once('FCPATH\\index.php')
CRITICAL - 2022-12-15 21:43:32 --> Undefined variable $setting
in APPPATH\Views\pages\admin\setting\form.php on line 11.
 1 APPPATH\Views\pages\admin\setting\form.php(11): CodeIgniter\Debug\Exceptions->errorHandler(2, 'Undefined variable $setting', 'APPPATH\\Views\\pages\\admin\\setting\\form.php', 11)
 2 SYSTEMPATH\View\View.php(213): include('APPPATH\\Views\\pages\\admin\\setting\\form.php')
 3 SYSTEMPATH\View\View.php(216): CodeIgniter\View\View->CodeIgniter\View\{closure}()
 4 SYSTEMPATH\Common.php(1134): CodeIgniter\View\View->render('pages/admin/setting/form', [], true)
 5 APPPATH\Controllers\SettingController.php(28): view('pages/admin/setting/form', [...])
 6 SYSTEMPATH\CodeIgniter.php(927): App\Controllers\SettingController->index()
 7 SYSTEMPATH\CodeIgniter.php(482): CodeIgniter\CodeIgniter->runController(Object(App\Controllers\SettingController))
 8 SYSTEMPATH\CodeIgniter.php(351): CodeIgniter\CodeIgniter->handleRequest(null, Object(Config\Cache), false)
 9 FCPATH\index.php(67): CodeIgniter\CodeIgniter->run()
10 SYSTEMPATH\Commands\Server\rewrite.php(46): require_once('FCPATH\\index.php')
CRITICAL - 2022-12-15 21:43:47 --> Undefined property: App\Controllers\HomeController::$SettingModel
in APPPATH\Controllers\HomeController.php on line 37.
 1 APPPATH\Controllers\HomeController.php(37): CodeIgniter\Debug\Exceptions->errorHandler(2, 'Undefined property: App\\Controllers\\HomeController::$SettingModel', 'APPPATH\\Controllers\\HomeController.php', 37)
 2 SYSTEMPATH\CodeIgniter.php(927): App\Controllers\HomeController->home()
 3 SYSTEMPATH\CodeIgniter.php(482): CodeIgniter\CodeIgniter->runController(Object(App\Controllers\HomeController))
 4 SYSTEMPATH\CodeIgniter.php(351): CodeIgniter\CodeIgniter->handleRequest(null, Object(Config\Cache), false)
 5 FCPATH\index.php(67): CodeIgniter\CodeIgniter->run()
 6 SYSTEMPATH\Commands\Server\rewrite.php(46): require_once('FCPATH\\index.php')
CRITICAL - 2022-12-15 21:44:25 --> Undefined variable $setting
in APPPATH\Views\pages\admin\setting\form.php on line 11.
 1 APPPATH\Views\pages\admin\setting\form.php(11): CodeIgniter\Debug\Exceptions->errorHandler(2, 'Undefined variable $setting', 'APPPATH\\Views\\pages\\admin\\setting\\form.php', 11)
 2 SYSTEMPATH\View\View.php(213): include('APPPATH\\Views\\pages\\admin\\setting\\form.php')
 3 SYSTEMPATH\View\View.php(216): CodeIgniter\View\View->CodeIgniter\View\{closure}()
 4 SYSTEMPATH\Common.php(1134): CodeIgniter\View\View->render('pages/admin/setting/form', [], true)
 5 APPPATH\Controllers\SettingController.php(28): view('pages/admin/setting/form', [...])
 6 SYSTEMPATH\CodeIgniter.php(927): App\Controllers\SettingController->index()
 7 SYSTEMPATH\CodeIgniter.php(482): CodeIgniter\CodeIgniter->runController(Object(App\Controllers\SettingController))
 8 SYSTEMPATH\CodeIgniter.php(351): CodeIgniter\CodeIgniter->handleRequest(null, Object(Config\Cache), false)
 9 FCPATH\index.php(67): CodeIgniter\CodeIgniter->run()
10 SYSTEMPATH\Commands\Server\rewrite.php(46): require_once('FCPATH\\index.php')
CRITICAL - 2022-12-15 21:52:09 --> Undefined variable $setting
in APPPATH\Views\pages\admin\setting\form.php on line 11.
 1 APPPATH\Views\pages\admin\setting\form.php(11): CodeIgniter\Debug\Exceptions->errorHandler(2, 'Undefined variable $setting', 'APPPATH\\Views\\pages\\admin\\setting\\form.php', 11)
 2 SYSTEMPATH\View\View.php(213): include('APPPATH\\Views\\pages\\admin\\setting\\form.php')
 3 SYSTEMPATH\View\View.php(216): CodeIgniter\View\View->CodeIgniter\View\{closure}()
 4 SYSTEMPATH\Common.php(1134): CodeIgniter\View\View->render('pages/admin/setting/form', [], true)
 5 APPPATH\Controllers\SettingController.php(29): view('pages/admin/setting/form', [...])
 6 SYSTEMPATH\CodeIgniter.php(927): App\Controllers\SettingController->index()
 7 SYSTEMPATH\CodeIgniter.php(482): CodeIgniter\CodeIgniter->runController(Object(App\Controllers\SettingController))
 8 SYSTEMPATH\CodeIgniter.php(351): CodeIgniter\CodeIgniter->handleRequest(null, Object(Config\Cache), false)
 9 FCPATH\index.php(67): CodeIgniter\CodeIgniter->run()
10 SYSTEMPATH\Commands\Server\rewrite.php(46): require_once('FCPATH\\index.php')
CRITICAL - 2022-12-15 21:52:11 --> Undefined variable $setting
in APPPATH\Views\pages\admin\setting\form.php on line 11.
 1 APPPATH\Views\pages\admin\setting\form.php(11): CodeIgniter\Debug\Exceptions->errorHandler(2, 'Undefined variable $setting', 'APPPATH\\Views\\pages\\admin\\setting\\form.php', 11)
 2 SYSTEMPATH\View\View.php(213): include('APPPATH\\Views\\pages\\admin\\setting\\form.php')
 3 SYSTEMPATH\View\View.php(216): CodeIgniter\View\View->CodeIgniter\View\{closure}()
 4 SYSTEMPATH\Common.php(1134): CodeIgniter\View\View->render('pages/admin/setting/form', [], true)
 5 APPPATH\Controllers\SettingController.php(29): view('pages/admin/setting/form', [...])
 6 SYSTEMPATH\CodeIgniter.php(927): App\Controllers\SettingController->index()
 7 SYSTEMPATH\CodeIgniter.php(482): CodeIgniter\CodeIgniter->runController(Object(App\Controllers\SettingController))
 8 SYSTEMPATH\CodeIgniter.php(351): CodeIgniter\CodeIgniter->handleRequest(null, Object(Config\Cache), false)
 9 FCPATH\index.php(67): CodeIgniter\CodeIgniter->run()
10 SYSTEMPATH\Commands\Server\rewrite.php(46): require_once('FCPATH\\index.php')
CRITICAL - 2022-12-15 21:52:14 --> Undefined variable $setting
in APPPATH\Views\pages\admin\setting\form.php on line 11.
 1 APPPATH\Views\pages\admin\setting\form.php(11): CodeIgniter\Debug\Exceptions->errorHandler(2, 'Undefined variable $setting', 'APPPATH\\Views\\pages\\admin\\setting\\form.php', 11)
 2 SYSTEMPATH\View\View.php(213): include('APPPATH\\Views\\pages\\admin\\setting\\form.php')
 3 SYSTEMPATH\View\View.php(216): CodeIgniter\View\View->CodeIgniter\View\{closure}()
 4 SYSTEMPATH\Common.php(1134): CodeIgniter\View\View->render('pages/admin/setting/form', [], true)
 5 APPPATH\Controllers\SettingController.php(29): view('pages/admin/setting/form', [...])
 6 SYSTEMPATH\CodeIgniter.php(927): App\Controllers\SettingController->index()
 7 SYSTEMPATH\CodeIgniter.php(482): CodeIgniter\CodeIgniter->runController(Object(App\Controllers\SettingController))
 8 SYSTEMPATH\CodeIgniter.php(351): CodeIgniter\CodeIgniter->handleRequest(null, Object(Config\Cache), false)
 9 FCPATH\index.php(67): CodeIgniter\CodeIgniter->run()
10 SYSTEMPATH\Commands\Server\rewrite.php(46): require_once('FCPATH\\index.php')
CRITICAL - 2022-12-15 21:54:56 --> Undefined variable $validation
in APPPATH\Views\pages\admin\setting\form.php on line 10.
 1 APPPATH\Views\pages\admin\setting\form.php(10): CodeIgniter\Debug\Exceptions->errorHandler(2, 'Undefined variable $validation', 'APPPATH\\Views\\pages\\admin\\setting\\form.php', 10)
 2 SYSTEMPATH\View\View.php(213): include('APPPATH\\Views\\pages\\admin\\setting\\form.php')
 3 SYSTEMPATH\View\View.php(216): CodeIgniter\View\View->CodeIgniter\View\{closure}()
 4 SYSTEMPATH\Common.php(1134): CodeIgniter\View\View->render('pages/admin/setting/form', [], true)
 5 APPPATH\Controllers\SettingController.php(29): view('pages/admin/setting/form', [...])
 6 SYSTEMPATH\CodeIgniter.php(927): App\Controllers\SettingController->index()
 7 SYSTEMPATH\CodeIgniter.php(482): CodeIgniter\CodeIgniter->runController(Object(App\Controllers\SettingController))
 8 SYSTEMPATH\CodeIgniter.php(351): CodeIgniter\CodeIgniter->handleRequest(null, Object(Config\Cache), false)
 9 FCPATH\index.php(67): CodeIgniter\CodeIgniter->run()
10 SYSTEMPATH\Commands\Server\rewrite.php(46): require_once('FCPATH\\index.php')
CRITICAL - 2022-12-15 22:05:46 --> Undefined variable $validation
in APPPATH\Views\pages\admin\setting\form.php on line 10.
 1 APPPATH\Views\pages\admin\setting\form.php(10): CodeIgniter\Debug\Exceptions->errorHandler(2, 'Undefined variable $validation', 'APPPATH\\Views\\pages\\admin\\setting\\form.php', 10)
 2 SYSTEMPATH\View\View.php(213): include('APPPATH\\Views\\pages\\admin\\setting\\form.php')
 3 SYSTEMPATH\View\View.php(216): CodeIgniter\View\View->CodeIgniter\View\{closure}()
 4 SYSTEMPATH\Common.php(1134): CodeIgniter\View\View->render('pages/admin/setting/form', [], true)
 5 APPPATH\Controllers\SettingController.php(30): view('pages/admin/setting/form', [...])
 6 SYSTEMPATH\CodeIgniter.php(927): App\Controllers\SettingController->index()
 7 SYSTEMPATH\CodeIgniter.php(482): CodeIgniter\CodeIgniter->runController(Object(App\Controllers\SettingController))
 8 SYSTEMPATH\CodeIgniter.php(351): CodeIgniter\CodeIgniter->handleRequest(null, Object(Config\Cache), false)
 9 FCPATH\index.php(67): CodeIgniter\CodeIgniter->run()
10 SYSTEMPATH\Commands\Server\rewrite.php(46): require_once('FCPATH\\index.php')
CRITICAL - 2022-12-15 22:07:02 --> Undefined variable $setting
in APPPATH\Views\pages\admin\setting\form.php on line 10.
 1 APPPATH\Views\pages\admin\setting\form.php(10): CodeIgniter\Debug\Exceptions->errorHandler(2, 'Undefined variable $setting', 'APPPATH\\Views\\pages\\admin\\setting\\form.php', 10)
 2 SYSTEMPATH\View\View.php(213): include('APPPATH\\Views\\pages\\admin\\setting\\form.php')
 3 SYSTEMPATH\View\View.php(216): CodeIgniter\View\View->CodeIgniter\View\{closure}()
 4 SYSTEMPATH\Common.php(1134): CodeIgniter\View\View->render('pages/admin/setting/form', [], true)
 5 APPPATH\Controllers\SettingController.php(30): view('pages/admin/setting/form', [...])
 6 SYSTEMPATH\CodeIgniter.php(927): App\Controllers\SettingController->index()
 7 SYSTEMPATH\CodeIgniter.php(482): CodeIgniter\CodeIgniter->runController(Object(App\Controllers\SettingController))
 8 SYSTEMPATH\CodeIgniter.php(351): CodeIgniter\CodeIgniter->handleRequest(null, Object(Config\Cache), false)
 9 FCPATH\index.php(67): CodeIgniter\CodeIgniter->run()
10 SYSTEMPATH\Commands\Server\rewrite.php(46): require_once('FCPATH\\index.php')
CRITICAL - 2022-12-15 22:08:15 --> Undefined variable $setting
in APPPATH\Views\pages\admin\setting\form.php on line 10.
 1 APPPATH\Views\pages\admin\setting\form.php(10): CodeIgniter\Debug\Exceptions->errorHandler(2, 'Undefined variable $setting', 'APPPATH\\Views\\pages\\admin\\setting\\form.php', 10)
 2 SYSTEMPATH\View\View.php(213): include('APPPATH\\Views\\pages\\admin\\setting\\form.php')
 3 SYSTEMPATH\View\View.php(216): CodeIgniter\View\View->CodeIgniter\View\{closure}()
 4 SYSTEMPATH\Common.php(1134): CodeIgniter\View\View->render('pages/admin/setting/form', [], true)
 5 APPPATH\Controllers\SettingController.php(30): view('pages/admin/setting/form', [...])
 6 SYSTEMPATH\CodeIgniter.php(927): App\Controllers\SettingController->index()
 7 SYSTEMPATH\CodeIgniter.php(482): CodeIgniter\CodeIgniter->runController(Object(App\Controllers\SettingController))
 8 SYSTEMPATH\CodeIgniter.php(351): CodeIgniter\CodeIgniter->handleRequest(null, Object(Config\Cache), false)
 9 FCPATH\index.php(67): CodeIgniter\CodeIgniter->run()
10 SYSTEMPATH\Commands\Server\rewrite.php(46): require_once('FCPATH\\index.php')
