CRITICAL - 2022-11-18 04:03:10 --> Call to undefined method CodeIgniter\Validation\Validation::listError()
in APPPATH\Views\pages\admin\pengguna\form.php on line 10.
 1 SYSTEMPATH\View\View.php(213): include()
 2 SYSTEMPATH\View\View.php(216): CodeIgniter\View\View->CodeIgniter\View\{closure}()
 3 SYSTEMPATH\Common.php(1142): CodeIgniter\View\View->render('pages/admin/pengguna/form', [], true)
 4 APPPATH\Controllers\Admin\DatapenggunaController.php(41): view('pages/admin/pengguna/form', [...])
 5 SYSTEMPATH\CodeIgniter.php(902): App\Controllers\Admin\DatapenggunaController->fcpengguna()
 6 SYSTEMPATH\CodeIgniter.php(457): CodeIgniter\CodeIgniter->runController(Object(App\Controllers\Admin\DatapenggunaController))
 7 SYSTEMPATH\CodeIgniter.php(340): CodeIgniter\CodeIgniter->handleRequest(null, Object(Config\Cache), false)
 8 FCPATH\index.php(67): CodeIgniter\CodeIgniter->run()
 9 SYSTEMPATH\Commands\Server\rewrite.php(46): require_once('FCPATH\\index.php')
CRITICAL - 2022-11-18 04:47:02 --> Undefined property: CodeIgniter\View\View::$sebagai
in APPPATH\Views\pages\admin\pengguna\form.php on line 36.
 1 APPPATH\Views\pages\admin\pengguna\form.php(36): CodeIgniter\Debug\Exceptions->errorHandler(2, 'Undefined property: CodeIgniter\\View\\View::$sebagai', 'APPPATH\\Views\\pages\\admin\\pengguna\\form.php', 36)
 2 SYSTEMPATH\View\View.php(213): include('APPPATH\\Views\\pages\\admin\\pengguna\\form.php')
 3 SYSTEMPATH\View\View.php(216): CodeIgniter\View\View->CodeIgniter\View\{closure}()
 4 SYSTEMPATH\Common.php(1142): CodeIgniter\View\View->render('pages/admin/pengguna/form', [], true)
 5 APPPATH\Controllers\Admin\DatapenggunaController.php(41): view('pages/admin/pengguna/form', [...])
 6 SYSTEMPATH\CodeIgniter.php(902): App\Controllers\Admin\DatapenggunaController->fcpengguna()
 7 SYSTEMPATH\CodeIgniter.php(457): CodeIgniter\CodeIgniter->runController(Object(App\Controllers\Admin\DatapenggunaController))
 8 SYSTEMPATH\CodeIgniter.php(340): CodeIgniter\CodeIgniter->handleRequest(null, Object(Config\Cache), false)
 9 FCPATH\index.php(67): CodeIgniter\CodeIgniter->run()
10 SYSTEMPATH\Commands\Server\rewrite.php(46): require_once('FCPATH\\index.php')
CRITICAL - 2022-11-18 04:47:28 --> Undefined property: CodeIgniter\View\View::$sebagai
in APPPATH\Views\pages\admin\pengguna\form.php on line 36.
 1 APPPATH\Views\pages\admin\pengguna\form.php(36): CodeIgniter\Debug\Exceptions->errorHandler(2, 'Undefined property: CodeIgniter\\View\\View::$sebagai', 'APPPATH\\Views\\pages\\admin\\pengguna\\form.php', 36)
 2 SYSTEMPATH\View\View.php(213): include('APPPATH\\Views\\pages\\admin\\pengguna\\form.php')
 3 SYSTEMPATH\View\View.php(216): CodeIgniter\View\View->CodeIgniter\View\{closure}()
 4 SYSTEMPATH\Common.php(1142): CodeIgniter\View\View->render('pages/admin/pengguna/form', [], true)
 5 APPPATH\Controllers\Admin\DatapenggunaController.php(41): view('pages/admin/pengguna/form', [...])
 6 SYSTEMPATH\CodeIgniter.php(902): App\Controllers\Admin\DatapenggunaController->fcpengguna()
 7 SYSTEMPATH\CodeIgniter.php(457): CodeIgniter\CodeIgniter->runController(Object(App\Controllers\Admin\DatapenggunaController))
 8 SYSTEMPATH\CodeIgniter.php(340): CodeIgniter\CodeIgniter->handleRequest(null, Object(Config\Cache), false)
 9 FCPATH\index.php(67): CodeIgniter\CodeIgniter->run()
10 SYSTEMPATH\Commands\Server\rewrite.php(46): require_once('FCPATH\\index.php')
CRITICAL - 2022-11-18 05:07:22 --> Unsupported operand types: int + string
in APPPATH\Views\pages\admin\pengguna\form.php on line 40.
 1 SYSTEMPATH\View\View.php(213): include()
 2 SYSTEMPATH\View\View.php(216): CodeIgniter\View\View->CodeIgniter\View\{closure}()
 3 SYSTEMPATH\Common.php(1142): CodeIgniter\View\View->render('pages/admin/pengguna/form', [], true)
 4 APPPATH\Controllers\Admin\DatapenggunaController.php(41): view('pages/admin/pengguna/form', [...])
 5 SYSTEMPATH\CodeIgniter.php(902): App\Controllers\Admin\DatapenggunaController->fcpengguna()
 6 SYSTEMPATH\CodeIgniter.php(457): CodeIgniter\CodeIgniter->runController(Object(App\Controllers\Admin\DatapenggunaController))
 7 SYSTEMPATH\CodeIgniter.php(340): CodeIgniter\CodeIgniter->handleRequest(null, Object(Config\Cache), false)
 8 FCPATH\index.php(67): CodeIgniter\CodeIgniter->run()
 9 SYSTEMPATH\Commands\Server\rewrite.php(46): require_once('FCPATH\\index.php')
CRITICAL - 2022-11-18 05:43:25 -->  is not a valid rule.
in SYSTEMPATH\Validation\Validation.php on line 323.
 1 SYSTEMPATH\Validation\Validation.php(323): CodeIgniter\Validation\Exceptions\ValidationException::forRuleNotFound('ROOTPATH\\public')
 2 SYSTEMPATH\Validation\Validation.php(175): CodeIgniter\Validation\Validation->processRules('email', 'email', 'sj@ash', [...], [...])
 3 SYSTEMPATH\Controller.php(140): CodeIgniter\Validation\Validation->run()
 4 APPPATH\Controllers\Admin\DatapenggunaController.php(49): CodeIgniter\Controller->validate([...])
 5 SYSTEMPATH\CodeIgniter.php(902): App\Controllers\Admin\DatapenggunaController->create()
 6 SYSTEMPATH\CodeIgniter.php(457): CodeIgniter\CodeIgniter->runController(Object(App\Controllers\Admin\DatapenggunaController))
 7 SYSTEMPATH\CodeIgniter.php(340): CodeIgniter\CodeIgniter->handleRequest(null, Object(Config\Cache), false)
 8 FCPATH\index.php(67): CodeIgniter\CodeIgniter->run()
 9 SYSTEMPATH\Commands\Server\rewrite.php(46): require_once('FCPATH\\index.php')
