CRITICAL - 2022-11-15 00:15:40 --> Undefined variable $session
in APPPATH\Views\pages\datapengguna.php on line 1.
 1 APPPATH\Views\pages\datapengguna.php(1): CodeIgniter\Debug\Exceptions->errorHandler(2, 'Undefined variable $session', 'APPPATH\\Views\\pages\\datapengguna.php', 1)
 2 SYSTEMPATH\View\View.php(213): include('APPPATH\\Views\\pages\\datapengguna.php')
 3 SYSTEMPATH\View\View.php(216): CodeIgniter\View\View->CodeIgniter\View\{closure}()
 4 SYSTEMPATH\Common.php(1142): CodeIgniter\View\View->render('pages/datapengguna', [], true)
 5 APPPATH\Controllers\User\Datapengguna.php(31): view('pages/datapengguna', [...])
 6 SYSTEMPATH\CodeIgniter.php(902): App\Controllers\User\Datapengguna->index()
 7 SYSTEMPATH\CodeIgniter.php(457): CodeIgniter\CodeIgniter->runController(Object(App\Controllers\User\Datapengguna))
 8 SYSTEMPATH\CodeIgniter.php(340): CodeIgniter\CodeIgniter->handleRequest(null, Object(Config\Cache), false)
 9 FCPATH\index.php(67): CodeIgniter\CodeIgniter->run()
10 SYSTEMPATH\Commands\Server\rewrite.php(46): require_once('FCPATH\\index.php')
CRITICAL - 2022-11-15 00:18:16 --> Undefined variable $session
in APPPATH\Views\pages\datapengguna.php on line 1.
 1 APPPATH\Views\pages\datapengguna.php(1): CodeIgniter\Debug\Exceptions->errorHandler(2, 'Undefined variable $session', 'APPPATH\\Views\\pages\\datapengguna.php', 1)
 2 SYSTEMPATH\View\View.php(213): include('APPPATH\\Views\\pages\\datapengguna.php')
 3 SYSTEMPATH\View\View.php(216): CodeIgniter\View\View->CodeIgniter\View\{closure}()
 4 SYSTEMPATH\Common.php(1142): CodeIgniter\View\View->render('pages/datapengguna', [], true)
 5 APPPATH\Controllers\User\Datapengguna.php(31): view('pages/datapengguna', [...])
 6 SYSTEMPATH\CodeIgniter.php(902): App\Controllers\User\Datapengguna->index()
 7 SYSTEMPATH\CodeIgniter.php(457): CodeIgniter\CodeIgniter->runController(Object(App\Controllers\User\Datapengguna))
 8 SYSTEMPATH\CodeIgniter.php(340): CodeIgniter\CodeIgniter->handleRequest(null, Object(Config\Cache), false)
 9 FCPATH\index.php(67): CodeIgniter\CodeIgniter->run()
10 SYSTEMPATH\Commands\Server\rewrite.php(46): require_once('FCPATH\\index.php')
CRITICAL - 2022-11-15 00:19:21 --> Undefined property: stdClass::$jenis_kelamin
in APPPATH\Views\pages\datapengguna.php on line 130.
 1 APPPATH\Views\pages\datapengguna.php(130): CodeIgniter\Debug\Exceptions->errorHandler(2, 'Undefined property: stdClass::$jenis_kelamin', 'APPPATH\\Views\\pages\\datapengguna.php', 130)
 2 SYSTEMPATH\View\View.php(213): include('APPPATH\\Views\\pages\\datapengguna.php')
 3 SYSTEMPATH\View\View.php(216): CodeIgniter\View\View->CodeIgniter\View\{closure}()
 4 SYSTEMPATH\Common.php(1142): CodeIgniter\View\View->render('pages/datapengguna', [], true)
 5 APPPATH\Controllers\User\Datapengguna.php(31): view('pages/datapengguna', [...])
 6 SYSTEMPATH\CodeIgniter.php(902): App\Controllers\User\Datapengguna->index()
 7 SYSTEMPATH\CodeIgniter.php(457): CodeIgniter\CodeIgniter->runController(Object(App\Controllers\User\Datapengguna))
 8 SYSTEMPATH\CodeIgniter.php(340): CodeIgniter\CodeIgniter->handleRequest(null, Object(Config\Cache), false)
 9 FCPATH\index.php(67): CodeIgniter\CodeIgniter->run()
10 SYSTEMPATH\Commands\Server\rewrite.php(46): require_once('FCPATH\\index.php')
CRITICAL - 2022-11-15 00:20:20 --> Undefined variable $Datapengguna
in APPPATH\Views\pages\datapengguna.php on line 127.
 1 APPPATH\Views\pages\datapengguna.php(127): CodeIgniter\Debug\Exceptions->errorHandler(2, 'Undefined variable $Datapengguna', 'APPPATH\\Views\\pages\\datapengguna.php', 127)
 2 SYSTEMPATH\View\View.php(213): include('APPPATH\\Views\\pages\\datapengguna.php')
 3 SYSTEMPATH\View\View.php(216): CodeIgniter\View\View->CodeIgniter\View\{closure}()
 4 SYSTEMPATH\Common.php(1142): CodeIgniter\View\View->render('pages/datapengguna', [], true)
 5 APPPATH\Controllers\User\Datapengguna.php(31): view('pages/datapengguna', [...])
 6 SYSTEMPATH\CodeIgniter.php(902): App\Controllers\User\Datapengguna->index()
 7 SYSTEMPATH\CodeIgniter.php(457): CodeIgniter\CodeIgniter->runController(Object(App\Controllers\User\Datapengguna))
 8 SYSTEMPATH\CodeIgniter.php(340): CodeIgniter\CodeIgniter->handleRequest(null, Object(Config\Cache), false)
 9 FCPATH\index.php(67): CodeIgniter\CodeIgniter->run()
10 SYSTEMPATH\Commands\Server\rewrite.php(46): require_once('FCPATH\\index.php')
CRITICAL - 2022-11-15 00:20:53 --> Undefined property: stdClass::$jenis_kelamin
in APPPATH\Views\pages\datapengguna.php on line 131.
 1 APPPATH\Views\pages\datapengguna.php(131): CodeIgniter\Debug\Exceptions->errorHandler(2, 'Undefined property: stdClass::$jenis_kelamin', 'APPPATH\\Views\\pages\\datapengguna.php', 131)
 2 SYSTEMPATH\View\View.php(213): include('APPPATH\\Views\\pages\\datapengguna.php')
 3 SYSTEMPATH\View\View.php(216): CodeIgniter\View\View->CodeIgniter\View\{closure}()
 4 SYSTEMPATH\Common.php(1142): CodeIgniter\View\View->render('pages/datapengguna', [], true)
 5 APPPATH\Controllers\User\Datapengguna.php(31): view('pages/datapengguna', [...])
 6 SYSTEMPATH\CodeIgniter.php(902): App\Controllers\User\Datapengguna->index()
 7 SYSTEMPATH\CodeIgniter.php(457): CodeIgniter\CodeIgniter->runController(Object(App\Controllers\User\Datapengguna))
 8 SYSTEMPATH\CodeIgniter.php(340): CodeIgniter\CodeIgniter->handleRequest(null, Object(Config\Cache), false)
 9 FCPATH\index.php(67): CodeIgniter\CodeIgniter->run()
10 SYSTEMPATH\Commands\Server\rewrite.php(46): require_once('FCPATH\\index.php')
CRITICAL - 2022-11-15 00:21:04 --> Undefined property: stdClass::$jenis_kelamin
in APPPATH\Views\pages\datapengguna.php on line 132.
 1 APPPATH\Views\pages\datapengguna.php(132): CodeIgniter\Debug\Exceptions->errorHandler(2, 'Undefined property: stdClass::$jenis_kelamin', 'APPPATH\\Views\\pages\\datapengguna.php', 132)
 2 SYSTEMPATH\View\View.php(213): include('APPPATH\\Views\\pages\\datapengguna.php')
 3 SYSTEMPATH\View\View.php(216): CodeIgniter\View\View->CodeIgniter\View\{closure}()
 4 SYSTEMPATH\Common.php(1142): CodeIgniter\View\View->render('pages/datapengguna', [], true)
 5 APPPATH\Controllers\User\Datapengguna.php(31): view('pages/datapengguna', [...])
 6 SYSTEMPATH\CodeIgniter.php(902): App\Controllers\User\Datapengguna->index()
 7 SYSTEMPATH\CodeIgniter.php(457): CodeIgniter\CodeIgniter->runController(Object(App\Controllers\User\Datapengguna))
 8 SYSTEMPATH\CodeIgniter.php(340): CodeIgniter\CodeIgniter->handleRequest(null, Object(Config\Cache), false)
 9 FCPATH\index.php(67): CodeIgniter\CodeIgniter->run()
10 SYSTEMPATH\Commands\Server\rewrite.php(46): require_once('FCPATH\\index.php')
CRITICAL - 2022-11-15 00:21:26 --> Undefined property: stdClass::$jenis_kelamin
in APPPATH\Views\pages\datapengguna.php on line 132.
 1 APPPATH\Views\pages\datapengguna.php(132): CodeIgniter\Debug\Exceptions->errorHandler(2, 'Undefined property: stdClass::$jenis_kelamin', 'APPPATH\\Views\\pages\\datapengguna.php', 132)
 2 SYSTEMPATH\View\View.php(213): include('APPPATH\\Views\\pages\\datapengguna.php')
 3 SYSTEMPATH\View\View.php(216): CodeIgniter\View\View->CodeIgniter\View\{closure}()
 4 SYSTEMPATH\Common.php(1142): CodeIgniter\View\View->render('pages/datapengguna', [], true)
 5 APPPATH\Controllers\User\Datapengguna.php(31): view('pages/datapengguna', [...])
 6 SYSTEMPATH\CodeIgniter.php(902): App\Controllers\User\Datapengguna->index()
 7 SYSTEMPATH\CodeIgniter.php(457): CodeIgniter\CodeIgniter->runController(Object(App\Controllers\User\Datapengguna))
 8 SYSTEMPATH\CodeIgniter.php(340): CodeIgniter\CodeIgniter->handleRequest(null, Object(Config\Cache), false)
 9 FCPATH\index.php(67): CodeIgniter\CodeIgniter->run()
10 SYSTEMPATH\Commands\Server\rewrite.php(46): require_once('FCPATH\\index.php')
CRITICAL - 2022-11-15 00:21:29 --> Undefined property: stdClass::$jenis_kelamin
in APPPATH\Views\pages\datapengguna.php on line 132.
 1 APPPATH\Views\pages\datapengguna.php(132): CodeIgniter\Debug\Exceptions->errorHandler(2, 'Undefined property: stdClass::$jenis_kelamin', 'APPPATH\\Views\\pages\\datapengguna.php', 132)
 2 SYSTEMPATH\View\View.php(213): include('APPPATH\\Views\\pages\\datapengguna.php')
 3 SYSTEMPATH\View\View.php(216): CodeIgniter\View\View->CodeIgniter\View\{closure}()
 4 SYSTEMPATH\Common.php(1142): CodeIgniter\View\View->render('pages/datapengguna', [], true)
 5 APPPATH\Controllers\User\Datapengguna.php(31): view('pages/datapengguna', [...])
 6 SYSTEMPATH\CodeIgniter.php(902): App\Controllers\User\Datapengguna->index()
 7 SYSTEMPATH\CodeIgniter.php(457): CodeIgniter\CodeIgniter->runController(Object(App\Controllers\User\Datapengguna))
 8 SYSTEMPATH\CodeIgniter.php(340): CodeIgniter\CodeIgniter->handleRequest(null, Object(Config\Cache), false)
 9 FCPATH\index.php(67): CodeIgniter\CodeIgniter->run()
10 SYSTEMPATH\Commands\Server\rewrite.php(46): require_once('FCPATH\\index.php')
CRITICAL - 2022-11-15 00:21:58 --> Undefined property: stdClass::$jenis_kelamin
in APPPATH\Views\pages\datapengguna.php on line 132.
 1 APPPATH\Views\pages\datapengguna.php(132): CodeIgniter\Debug\Exceptions->errorHandler(2, 'Undefined property: stdClass::$jenis_kelamin', 'APPPATH\\Views\\pages\\datapengguna.php', 132)
 2 SYSTEMPATH\View\View.php(213): include('APPPATH\\Views\\pages\\datapengguna.php')
 3 SYSTEMPATH\View\View.php(216): CodeIgniter\View\View->CodeIgniter\View\{closure}()
 4 SYSTEMPATH\Common.php(1142): CodeIgniter\View\View->render('pages/datapengguna', [], true)
 5 APPPATH\Controllers\User\Datapengguna.php(31): view('pages/datapengguna', [...])
 6 SYSTEMPATH\CodeIgniter.php(902): App\Controllers\User\Datapengguna->index()
 7 SYSTEMPATH\CodeIgniter.php(457): CodeIgniter\CodeIgniter->runController(Object(App\Controllers\User\Datapengguna))
 8 SYSTEMPATH\CodeIgniter.php(340): CodeIgniter\CodeIgniter->handleRequest(null, Object(Config\Cache), false)
 9 FCPATH\index.php(67): CodeIgniter\CodeIgniter->run()
10 SYSTEMPATH\Commands\Server\rewrite.php(46): require_once('FCPATH\\index.php')
CRITICAL - 2022-11-15 00:22:08 --> Cannot use object of type stdClass as array
in APPPATH\Views\pages\datapengguna.php on line 133.
 1 SYSTEMPATH\View\View.php(213): include()
 2 SYSTEMPATH\View\View.php(216): CodeIgniter\View\View->CodeIgniter\View\{closure}()
 3 SYSTEMPATH\Common.php(1142): CodeIgniter\View\View->render('pages/datapengguna', [], true)
 4 APPPATH\Controllers\User\Datapengguna.php(31): view('pages/datapengguna', [...])
 5 SYSTEMPATH\CodeIgniter.php(902): App\Controllers\User\Datapengguna->index()
 6 SYSTEMPATH\CodeIgniter.php(457): CodeIgniter\CodeIgniter->runController(Object(App\Controllers\User\Datapengguna))
 7 SYSTEMPATH\CodeIgniter.php(340): CodeIgniter\CodeIgniter->handleRequest(null, Object(Config\Cache), false)
 8 FCPATH\index.php(67): CodeIgniter\CodeIgniter->run()
 9 SYSTEMPATH\Commands\Server\rewrite.php(46): require_once('FCPATH\\index.php')
CRITICAL - 2022-11-15 00:22:39 --> Undefined property: stdClass::$jenis_kelamin
in APPPATH\Views\pages\datapengguna.php on line 136.
 1 APPPATH\Views\pages\datapengguna.php(136): CodeIgniter\Debug\Exceptions->errorHandler(2, 'Undefined property: stdClass::$jenis_kelamin', 'APPPATH\\Views\\pages\\datapengguna.php', 136)
 2 SYSTEMPATH\View\View.php(213): include('APPPATH\\Views\\pages\\datapengguna.php')
 3 SYSTEMPATH\View\View.php(216): CodeIgniter\View\View->CodeIgniter\View\{closure}()
 4 SYSTEMPATH\Common.php(1142): CodeIgniter\View\View->render('pages/datapengguna', [], true)
 5 APPPATH\Controllers\User\Datapengguna.php(31): view('pages/datapengguna', [...])
 6 SYSTEMPATH\CodeIgniter.php(902): App\Controllers\User\Datapengguna->index()
 7 SYSTEMPATH\CodeIgniter.php(457): CodeIgniter\CodeIgniter->runController(Object(App\Controllers\User\Datapengguna))
 8 SYSTEMPATH\CodeIgniter.php(340): CodeIgniter\CodeIgniter->handleRequest(null, Object(Config\Cache), false)
 9 FCPATH\index.php(67): CodeIgniter\CodeIgniter->run()
10 SYSTEMPATH\Commands\Server\rewrite.php(46): require_once('FCPATH\\index.php')
CRITICAL - 2022-11-15 00:23:49 --> Undefined variable $dp
in APPPATH\Views\pages\datapengguna.php on line 140.
 1 APPPATH\Views\pages\datapengguna.php(140): CodeIgniter\Debug\Exceptions->errorHandler(2, 'Undefined variable $dp', 'APPPATH\\Views\\pages\\datapengguna.php', 140)
 2 SYSTEMPATH\View\View.php(213): include('APPPATH\\Views\\pages\\datapengguna.php')
 3 SYSTEMPATH\View\View.php(216): CodeIgniter\View\View->CodeIgniter\View\{closure}()
 4 SYSTEMPATH\Common.php(1142): CodeIgniter\View\View->render('pages/datapengguna', [], true)
 5 APPPATH\Controllers\User\Datapengguna.php(31): view('pages/datapengguna', [...])
 6 SYSTEMPATH\CodeIgniter.php(902): App\Controllers\User\Datapengguna->index()
 7 SYSTEMPATH\CodeIgniter.php(457): CodeIgniter\CodeIgniter->runController(Object(App\Controllers\User\Datapengguna))
 8 SYSTEMPATH\CodeIgniter.php(340): CodeIgniter\CodeIgniter->handleRequest(null, Object(Config\Cache), false)
 9 FCPATH\index.php(67): CodeIgniter\CodeIgniter->run()
10 SYSTEMPATH\Commands\Server\rewrite.php(46): require_once('FCPATH\\index.php')
CRITICAL - 2022-11-15 00:25:26 --> Undefined variable $Datapengguna
in APPPATH\Views\pages\datapengguna.php on line 127.
 1 APPPATH\Views\pages\datapengguna.php(127): CodeIgniter\Debug\Exceptions->errorHandler(2, 'Undefined variable $Datapengguna', 'APPPATH\\Views\\pages\\datapengguna.php', 127)
 2 SYSTEMPATH\View\View.php(213): include('APPPATH\\Views\\pages\\datapengguna.php')
 3 SYSTEMPATH\View\View.php(216): CodeIgniter\View\View->CodeIgniter\View\{closure}()
 4 SYSTEMPATH\Common.php(1142): CodeIgniter\View\View->render('pages/datapengguna', [], true)
 5 APPPATH\Controllers\User\Datapengguna.php(31): view('pages/datapengguna', [...])
 6 SYSTEMPATH\CodeIgniter.php(902): App\Controllers\User\Datapengguna->index()
 7 SYSTEMPATH\CodeIgniter.php(457): CodeIgniter\CodeIgniter->runController(Object(App\Controllers\User\Datapengguna))
 8 SYSTEMPATH\CodeIgniter.php(340): CodeIgniter\CodeIgniter->handleRequest(null, Object(Config\Cache), false)
 9 FCPATH\index.php(67): CodeIgniter\CodeIgniter->run()
10 SYSTEMPATH\Commands\Server\rewrite.php(46): require_once('FCPATH\\index.php')
CRITICAL - 2022-11-15 00:25:41 --> Undefined variable $Data
in APPPATH\Views\pages\datapengguna.php on line 127.
 1 APPPATH\Views\pages\datapengguna.php(127): CodeIgniter\Debug\Exceptions->errorHandler(2, 'Undefined variable $Data', 'APPPATH\\Views\\pages\\datapengguna.php', 127)
 2 SYSTEMPATH\View\View.php(213): include('APPPATH\\Views\\pages\\datapengguna.php')
 3 SYSTEMPATH\View\View.php(216): CodeIgniter\View\View->CodeIgniter\View\{closure}()
 4 SYSTEMPATH\Common.php(1142): CodeIgniter\View\View->render('pages/datapengguna', [], true)
 5 APPPATH\Controllers\User\Datapengguna.php(31): view('pages/datapengguna', [...])
 6 SYSTEMPATH\CodeIgniter.php(902): App\Controllers\User\Datapengguna->index()
 7 SYSTEMPATH\CodeIgniter.php(457): CodeIgniter\CodeIgniter->runController(Object(App\Controllers\User\Datapengguna))
 8 SYSTEMPATH\CodeIgniter.php(340): CodeIgniter\CodeIgniter->handleRequest(null, Object(Config\Cache), false)
 9 FCPATH\index.php(67): CodeIgniter\CodeIgniter->run()
10 SYSTEMPATH\Commands\Server\rewrite.php(46): require_once('FCPATH\\index.php')
CRITICAL - 2022-11-15 00:26:58 --> Undefined variable $user
in APPPATH\Views\pages\datapengguna.php on line 136.
 1 APPPATH\Views\pages\datapengguna.php(136): CodeIgniter\Debug\Exceptions->errorHandler(2, 'Undefined variable $user', 'APPPATH\\Views\\pages\\datapengguna.php', 136)
 2 SYSTEMPATH\View\View.php(213): include('APPPATH\\Views\\pages\\datapengguna.php')
 3 SYSTEMPATH\View\View.php(216): CodeIgniter\View\View->CodeIgniter\View\{closure}()
 4 SYSTEMPATH\Common.php(1142): CodeIgniter\View\View->render('pages/datapengguna', [], true)
 5 APPPATH\Controllers\User\Datapengguna.php(31): view('pages/datapengguna', [...])
 6 SYSTEMPATH\CodeIgniter.php(902): App\Controllers\User\Datapengguna->index()
 7 SYSTEMPATH\CodeIgniter.php(457): CodeIgniter\CodeIgniter->runController(Object(App\Controllers\User\Datapengguna))
 8 SYSTEMPATH\CodeIgniter.php(340): CodeIgniter\CodeIgniter->handleRequest(null, Object(Config\Cache), false)
 9 FCPATH\index.php(67): CodeIgniter\CodeIgniter->run()
10 SYSTEMPATH\Commands\Server\rewrite.php(46): require_once('FCPATH\\index.php')
CRITICAL - 2022-11-15 00:54:42 --> Undefined property: stdClass::$jenis_kelamin
in APPPATH\Views\pages\datapengguna.php on line 135.
 1 APPPATH\Views\pages\datapengguna.php(135): CodeIgniter\Debug\Exceptions->errorHandler(2, 'Undefined property: stdClass::$jenis_kelamin', 'APPPATH\\Views\\pages\\datapengguna.php', 135)
 2 SYSTEMPATH\View\View.php(213): include('APPPATH\\Views\\pages\\datapengguna.php')
 3 SYSTEMPATH\View\View.php(216): CodeIgniter\View\View->CodeIgniter\View\{closure}()
 4 SYSTEMPATH\Common.php(1142): CodeIgniter\View\View->render('pages/datapengguna', [], true)
 5 APPPATH\Controllers\User\Datapengguna.php(31): view('pages/datapengguna', [...])
 6 SYSTEMPATH\CodeIgniter.php(902): App\Controllers\User\Datapengguna->index()
 7 SYSTEMPATH\CodeIgniter.php(457): CodeIgniter\CodeIgniter->runController(Object(App\Controllers\User\Datapengguna))
 8 SYSTEMPATH\CodeIgniter.php(340): CodeIgniter\CodeIgniter->handleRequest(null, Object(Config\Cache), false)
 9 FCPATH\index.php(67): CodeIgniter\CodeIgniter->run()
10 SYSTEMPATH\Commands\Server\rewrite.php(46): require_once('FCPATH\\index.php')
CRITICAL - 2022-11-15 00:56:40 --> Undefined property: stdClass::$jenis_kelamin
in APPPATH\Views\pages\datapengguna.php on line 135.
 1 APPPATH\Views\pages\datapengguna.php(135): CodeIgniter\Debug\Exceptions->errorHandler(2, 'Undefined property: stdClass::$jenis_kelamin', 'APPPATH\\Views\\pages\\datapengguna.php', 135)
 2 SYSTEMPATH\View\View.php(213): include('APPPATH\\Views\\pages\\datapengguna.php')
 3 SYSTEMPATH\View\View.php(216): CodeIgniter\View\View->CodeIgniter\View\{closure}()
 4 SYSTEMPATH\Common.php(1142): CodeIgniter\View\View->render('pages/datapengguna', [], true)
 5 APPPATH\Controllers\User\Datapengguna.php(31): view('pages/datapengguna', [...])
 6 SYSTEMPATH\CodeIgniter.php(902): App\Controllers\User\Datapengguna->index()
 7 SYSTEMPATH\CodeIgniter.php(457): CodeIgniter\CodeIgniter->runController(Object(App\Controllers\User\Datapengguna))
 8 SYSTEMPATH\CodeIgniter.php(340): CodeIgniter\CodeIgniter->handleRequest(null, Object(Config\Cache), false)
 9 FCPATH\index.php(67): CodeIgniter\CodeIgniter->run()
10 SYSTEMPATH\Commands\Server\rewrite.php(46): require_once('FCPATH\\index.php')
CRITICAL - 2022-11-15 00:59:03 --> Undefined property: stdClass::$jenis_kelamin
in APPPATH\Views\pages\datapengguna.php on line 135.
 1 APPPATH\Views\pages\datapengguna.php(135): CodeIgniter\Debug\Exceptions->errorHandler(2, 'Undefined property: stdClass::$jenis_kelamin', 'APPPATH\\Views\\pages\\datapengguna.php', 135)
 2 SYSTEMPATH\View\View.php(213): include('APPPATH\\Views\\pages\\datapengguna.php')
 3 SYSTEMPATH\View\View.php(216): CodeIgniter\View\View->CodeIgniter\View\{closure}()
 4 SYSTEMPATH\Common.php(1142): CodeIgniter\View\View->render('pages/datapengguna', [], true)
 5 APPPATH\Controllers\User\Datapengguna.php(31): view('pages/datapengguna', [...])
 6 SYSTEMPATH\CodeIgniter.php(902): App\Controllers\User\Datapengguna->index()
 7 SYSTEMPATH\CodeIgniter.php(457): CodeIgniter\CodeIgniter->runController(Object(App\Controllers\User\Datapengguna))
 8 SYSTEMPATH\CodeIgniter.php(340): CodeIgniter\CodeIgniter->handleRequest(null, Object(Config\Cache), false)
 9 FCPATH\index.php(67): CodeIgniter\CodeIgniter->run()
10 SYSTEMPATH\Commands\Server\rewrite.php(46): require_once('FCPATH\\index.php')
CRITICAL - 2022-11-15 01:03:13 --> Undefined property: stdClass::$no_telp
in APPPATH\Views\pages\datapengguna.php on line 122.
 1 APPPATH\Views\pages\datapengguna.php(122): CodeIgniter\Debug\Exceptions->errorHandler(2, 'Undefined property: stdClass::$no_telp', 'APPPATH\\Views\\pages\\datapengguna.php', 122)
 2 SYSTEMPATH\View\View.php(213): include('APPPATH\\Views\\pages\\datapengguna.php')
 3 SYSTEMPATH\View\View.php(216): CodeIgniter\View\View->CodeIgniter\View\{closure}()
 4 SYSTEMPATH\Common.php(1142): CodeIgniter\View\View->render('pages/datapengguna', [], true)
 5 APPPATH\Controllers\User\Datapengguna.php(31): view('pages/datapengguna', [...])
 6 SYSTEMPATH\CodeIgniter.php(902): App\Controllers\User\Datapengguna->index()
 7 SYSTEMPATH\CodeIgniter.php(457): CodeIgniter\CodeIgniter->runController(Object(App\Controllers\User\Datapengguna))
 8 SYSTEMPATH\CodeIgniter.php(340): CodeIgniter\CodeIgniter->handleRequest(null, Object(Config\Cache), false)
 9 FCPATH\index.php(67): CodeIgniter\CodeIgniter->run()
10 SYSTEMPATH\Commands\Server\rewrite.php(46): require_once('FCPATH\\index.php')
CRITICAL - 2022-11-15 01:07:47 --> Undefined property: stdClass::$i
in APPPATH\Views\pages\datapengguna.php on line 111.
 1 APPPATH\Views\pages\datapengguna.php(111): CodeIgniter\Debug\Exceptions->errorHandler(2, 'Undefined property: stdClass::$i', 'APPPATH\\Views\\pages\\datapengguna.php', 111)
 2 SYSTEMPATH\View\View.php(213): include('APPPATH\\Views\\pages\\datapengguna.php')
 3 SYSTEMPATH\View\View.php(216): CodeIgniter\View\View->CodeIgniter\View\{closure}()
 4 SYSTEMPATH\Common.php(1142): CodeIgniter\View\View->render('pages/datapengguna', [], true)
 5 APPPATH\Controllers\User\Datapengguna.php(31): view('pages/datapengguna', [...])
 6 SYSTEMPATH\CodeIgniter.php(902): App\Controllers\User\Datapengguna->index()
 7 SYSTEMPATH\CodeIgniter.php(457): CodeIgniter\CodeIgniter->runController(Object(App\Controllers\User\Datapengguna))
 8 SYSTEMPATH\CodeIgniter.php(340): CodeIgniter\CodeIgniter->handleRequest(null, Object(Config\Cache), false)
 9 FCPATH\index.php(67): CodeIgniter\CodeIgniter->run()
10 SYSTEMPATH\Commands\Server\rewrite.php(46): require_once('FCPATH\\index.php')
CRITICAL - 2022-11-15 01:08:16 --> Undefined property: stdClass::$1
in APPPATH\Views\pages\datapengguna.php on line 111.
 1 APPPATH\Views\pages\datapengguna.php(111): CodeIgniter\Debug\Exceptions->errorHandler(2, 'Undefined property: stdClass::$1', 'APPPATH\\Views\\pages\\datapengguna.php', 111)
 2 SYSTEMPATH\View\View.php(213): include('APPPATH\\Views\\pages\\datapengguna.php')
 3 SYSTEMPATH\View\View.php(216): CodeIgniter\View\View->CodeIgniter\View\{closure}()
 4 SYSTEMPATH\Common.php(1142): CodeIgniter\View\View->render('pages/datapengguna', [], true)
 5 APPPATH\Controllers\User\Datapengguna.php(31): view('pages/datapengguna', [...])
 6 SYSTEMPATH\CodeIgniter.php(902): App\Controllers\User\Datapengguna->index()
 7 SYSTEMPATH\CodeIgniter.php(457): CodeIgniter\CodeIgniter->runController(Object(App\Controllers\User\Datapengguna))
 8 SYSTEMPATH\CodeIgniter.php(340): CodeIgniter\CodeIgniter->handleRequest(null, Object(Config\Cache), false)
 9 FCPATH\index.php(67): CodeIgniter\CodeIgniter->run()
10 SYSTEMPATH\Commands\Server\rewrite.php(46): require_once('FCPATH\\index.php')
CRITICAL - 2022-11-15 01:08:57 --> syntax error, unexpected token "++"
in APPPATH\Views\pages\datapengguna.php on line 108.
 1 SYSTEMPATH\View\View.php(216): CodeIgniter\View\View->CodeIgniter\View\{closure}()
 2 SYSTEMPATH\Common.php(1142): CodeIgniter\View\View->render('pages/datapengguna', [], true)
 3 APPPATH\Controllers\User\Datapengguna.php(31): view('pages/datapengguna', [...])
 4 SYSTEMPATH\CodeIgniter.php(902): App\Controllers\User\Datapengguna->index()
 5 SYSTEMPATH\CodeIgniter.php(457): CodeIgniter\CodeIgniter->runController(Object(App\Controllers\User\Datapengguna))
 6 SYSTEMPATH\CodeIgniter.php(340): CodeIgniter\CodeIgniter->handleRequest(null, Object(Config\Cache), false)
 7 FCPATH\index.php(67): CodeIgniter\CodeIgniter->run()
 8 SYSTEMPATH\Commands\Server\rewrite.php(46): require_once('FCPATH\\index.php')
CRITICAL - 2022-11-15 02:14:09 --> Undefined array key "id"
in APPPATH\Models\DatapenggunaModel.php on line 50.
 1 APPPATH\Models\DatapenggunaModel.php(50): CodeIgniter\Debug\Exceptions->errorHandler(2, 'Undefined array key "id"', 'APPPATH\\Models\\DatapenggunaModel.php', 50)
 2 APPPATH\Controllers\User\Datapengguna.php(62): App\Models\DatapenggunaModel->init_update([])
 3 SYSTEMPATH\CodeIgniter.php(902): App\Controllers\User\Datapengguna->update()
 4 SYSTEMPATH\CodeIgniter.php(457): CodeIgniter\CodeIgniter->runController(Object(App\Controllers\User\Datapengguna))
 5 SYSTEMPATH\CodeIgniter.php(340): CodeIgniter\CodeIgniter->handleRequest(null, Object(Config\Cache), false)
 6 FCPATH\index.php(67): CodeIgniter\CodeIgniter->run()
 7 SYSTEMPATH\Commands\Server\rewrite.php(46): require_once('FCPATH\\index.php')
CRITICAL - 2022-11-15 02:21:43 --> foreach() argument must be of type array|object, string given
in APPPATH\Views\pages\datapengguna.php on line 160.
 1 APPPATH\Views\pages\datapengguna.php(160): CodeIgniter\Debug\Exceptions->errorHandler(2, 'foreach() argument must be of type array|object, string given', 'APPPATH\\Views\\pages\\datapengguna.php', 160)
 2 SYSTEMPATH\View\View.php(213): include('APPPATH\\Views\\pages\\datapengguna.php')
 3 SYSTEMPATH\View\View.php(216): CodeIgniter\View\View->CodeIgniter\View\{closure}()
 4 SYSTEMPATH\Common.php(1142): CodeIgniter\View\View->render('pages/datapengguna', [], true)
 5 APPPATH\Controllers\User\Datapengguna.php(34): view('pages/datapengguna', [...])
 6 SYSTEMPATH\CodeIgniter.php(902): App\Controllers\User\Datapengguna->index()
 7 SYSTEMPATH\CodeIgniter.php(457): CodeIgniter\CodeIgniter->runController(Object(App\Controllers\User\Datapengguna))
 8 SYSTEMPATH\CodeIgniter.php(340): CodeIgniter\CodeIgniter->handleRequest(null, Object(Config\Cache), false)
 9 FCPATH\index.php(67): CodeIgniter\CodeIgniter->run()
10 SYSTEMPATH\Commands\Server\rewrite.php(46): require_once('FCPATH\\index.php')
CRITICAL - 2022-11-15 02:21:46 --> foreach() argument must be of type array|object, string given
in APPPATH\Views\pages\datapengguna.php on line 160.
 1 APPPATH\Views\pages\datapengguna.php(160): CodeIgniter\Debug\Exceptions->errorHandler(2, 'foreach() argument must be of type array|object, string given', 'APPPATH\\Views\\pages\\datapengguna.php', 160)
 2 SYSTEMPATH\View\View.php(213): include('APPPATH\\Views\\pages\\datapengguna.php')
 3 SYSTEMPATH\View\View.php(216): CodeIgniter\View\View->CodeIgniter\View\{closure}()
 4 SYSTEMPATH\Common.php(1142): CodeIgniter\View\View->render('pages/datapengguna', [], true)
 5 APPPATH\Controllers\User\Datapengguna.php(34): view('pages/datapengguna', [...])
 6 SYSTEMPATH\CodeIgniter.php(902): App\Controllers\User\Datapengguna->index()
 7 SYSTEMPATH\CodeIgniter.php(457): CodeIgniter\CodeIgniter->runController(Object(App\Controllers\User\Datapengguna))
 8 SYSTEMPATH\CodeIgniter.php(340): CodeIgniter\CodeIgniter->handleRequest(null, Object(Config\Cache), false)
 9 FCPATH\index.php(67): CodeIgniter\CodeIgniter->run()
10 SYSTEMPATH\Commands\Server\rewrite.php(46): require_once('FCPATH\\index.php')
CRITICAL - 2022-11-15 02:21:48 --> foreach() argument must be of type array|object, string given
in APPPATH\Views\pages\datapengguna.php on line 160.
 1 APPPATH\Views\pages\datapengguna.php(160): CodeIgniter\Debug\Exceptions->errorHandler(2, 'foreach() argument must be of type array|object, string given', 'APPPATH\\Views\\pages\\datapengguna.php', 160)
 2 SYSTEMPATH\View\View.php(213): include('APPPATH\\Views\\pages\\datapengguna.php')
 3 SYSTEMPATH\View\View.php(216): CodeIgniter\View\View->CodeIgniter\View\{closure}()
 4 SYSTEMPATH\Common.php(1142): CodeIgniter\View\View->render('pages/datapengguna', [], true)
 5 APPPATH\Controllers\User\Datapengguna.php(34): view('pages/datapengguna', [...])
 6 SYSTEMPATH\CodeIgniter.php(902): App\Controllers\User\Datapengguna->index()
 7 SYSTEMPATH\CodeIgniter.php(457): CodeIgniter\CodeIgniter->runController(Object(App\Controllers\User\Datapengguna))
 8 SYSTEMPATH\CodeIgniter.php(340): CodeIgniter\CodeIgniter->handleRequest(null, Object(Config\Cache), false)
 9 FCPATH\index.php(67): CodeIgniter\CodeIgniter->run()
10 SYSTEMPATH\Commands\Server\rewrite.php(46): require_once('FCPATH\\index.php')
CRITICAL - 2022-11-15 02:22:17 --> foreach() argument must be of type array|object, string given
in APPPATH\Views\pages\datapengguna.php on line 160.
 1 APPPATH\Views\pages\datapengguna.php(160): CodeIgniter\Debug\Exceptions->errorHandler(2, 'foreach() argument must be of type array|object, string given', 'APPPATH\\Views\\pages\\datapengguna.php', 160)
 2 SYSTEMPATH\View\View.php(213): include('APPPATH\\Views\\pages\\datapengguna.php')
 3 SYSTEMPATH\View\View.php(216): CodeIgniter\View\View->CodeIgniter\View\{closure}()
 4 SYSTEMPATH\Common.php(1142): CodeIgniter\View\View->render('pages/datapengguna', [], true)
 5 APPPATH\Controllers\User\Datapengguna.php(34): view('pages/datapengguna', [...])
 6 SYSTEMPATH\CodeIgniter.php(902): App\Controllers\User\Datapengguna->index()
 7 SYSTEMPATH\CodeIgniter.php(457): CodeIgniter\CodeIgniter->runController(Object(App\Controllers\User\Datapengguna))
 8 SYSTEMPATH\CodeIgniter.php(340): CodeIgniter\CodeIgniter->handleRequest(null, Object(Config\Cache), false)
 9 FCPATH\index.php(67): CodeIgniter\CodeIgniter->run()
10 SYSTEMPATH\Commands\Server\rewrite.php(46): require_once('FCPATH\\index.php')
CRITICAL - 2022-11-15 02:22:22 --> foreach() argument must be of type array|object, string given
in APPPATH\Views\pages\datapengguna.php on line 160.
 1 APPPATH\Views\pages\datapengguna.php(160): CodeIgniter\Debug\Exceptions->errorHandler(2, 'foreach() argument must be of type array|object, string given', 'APPPATH\\Views\\pages\\datapengguna.php', 160)
 2 SYSTEMPATH\View\View.php(213): include('APPPATH\\Views\\pages\\datapengguna.php')
 3 SYSTEMPATH\View\View.php(216): CodeIgniter\View\View->CodeIgniter\View\{closure}()
 4 SYSTEMPATH\Common.php(1142): CodeIgniter\View\View->render('pages/datapengguna', [], true)
 5 APPPATH\Controllers\User\Datapengguna.php(34): view('pages/datapengguna', [...])
 6 SYSTEMPATH\CodeIgniter.php(902): App\Controllers\User\Datapengguna->index()
 7 SYSTEMPATH\CodeIgniter.php(457): CodeIgniter\CodeIgniter->runController(Object(App\Controllers\User\Datapengguna))
 8 SYSTEMPATH\CodeIgniter.php(340): CodeIgniter\CodeIgniter->handleRequest(null, Object(Config\Cache), false)
 9 FCPATH\index.php(67): CodeIgniter\CodeIgniter->run()
10 SYSTEMPATH\Commands\Server\rewrite.php(46): require_once('FCPATH\\index.php')
ERROR - 2022-11-15 03:39:37 --> Error connecting to the database: mysqli_sql_exception: Unknown database 'db_spsm' in D:\laragon\www\ci_tgs1_21330034\vendor\codeigniter4\framework\system\Database\MySQLi\Connection.php:171
Stack trace:
#0 D:\laragon\www\ci_tgs1_21330034\vendor\codeigniter4\framework\system\Database\MySQLi\Connection.php(171): mysqli->real_connect('127.0.0.1', 'root', '', 'db_spsm', 3306, '', 0)
#1 D:\laragon\www\ci_tgs1_21330034\vendor\codeigniter4\framework\system\Database\BaseConnection.php(382): CodeIgniter\Database\MySQLi\Connection->connect(false)
#2 D:\laragon\www\ci_tgs1_21330034\vendor\codeigniter4\framework\system\Database\BaseConnection.php(588): CodeIgniter\Database\BaseConnection->initialize()
#3 D:\laragon\www\ci_tgs1_21330034\vendor\codeigniter4\framework\system\Database\BaseBuilder.php(1585): CodeIgniter\Database\BaseConnection->query('SELECT *\nFROM `...', Array, false)
#4 D:\laragon\www\ci_tgs1_21330034\vendor\codeigniter4\framework\system\Model.php(223): CodeIgniter\Database\BaseBuilder->get()
#5 D:\laragon\www\ci_tgs1_21330034\vendor\codeigniter4\framework\system\BaseModel.php(584): CodeIgniter\Model->doFindAll(0, 0)
#6 D:\laragon\www\ci_tgs1_21330034\app\Controllers\User\Datapresensi.php(21): CodeIgniter\BaseModel->findAll()
#7 D:\laragon\www\ci_tgs1_21330034\vendor\codeigniter4\framework\system\CodeIgniter.php(902): App\Controllers\User\Datapresensi->index()
#8 D:\laragon\www\ci_tgs1_21330034\vendor\codeigniter4\framework\system\CodeIgniter.php(457): CodeIgniter\CodeIgniter->runController(Object(App\Controllers\User\Datapresensi))
#9 D:\laragon\www\ci_tgs1_21330034\vendor\codeigniter4\framework\system\CodeIgniter.php(340): CodeIgniter\CodeIgniter->handleRequest(NULL, Object(Config\Cache), false)
#10 D:\laragon\www\ci_tgs1_21330034\public\index.php(67): CodeIgniter\CodeIgniter->run()
#11 D:\laragon\www\ci_tgs1_21330034\vendor\codeigniter4\framework\system\Commands\Server\rewrite.php(46): require_once('D:\\laragon\\www\\...')
#12 {main}

Next CodeIgniter\Database\Exceptions\DatabaseException: Unknown database 'db_spsm' in D:\laragon\www\ci_tgs1_21330034\vendor\codeigniter4\framework\system\Database\MySQLi\Connection.php:215
Stack trace:
#0 D:\laragon\www\ci_tgs1_21330034\vendor\codeigniter4\framework\system\Database\BaseConnection.php(382): CodeIgniter\Database\MySQLi\Connection->connect(false)
#1 D:\laragon\www\ci_tgs1_21330034\vendor\codeigniter4\framework\system\Database\BaseConnection.php(588): CodeIgniter\Database\BaseConnection->initialize()
#2 D:\laragon\www\ci_tgs1_21330034\vendor\codeigniter4\framework\system\Database\BaseBuilder.php(1585): CodeIgniter\Database\BaseConnection->query('SELECT *\nFROM `...', Array, false)
#3 D:\laragon\www\ci_tgs1_21330034\vendor\codeigniter4\framework\system\Model.php(223): CodeIgniter\Database\BaseBuilder->get()
#4 D:\laragon\www\ci_tgs1_21330034\vendor\codeigniter4\framework\system\BaseModel.php(584): CodeIgniter\Model->doFindAll(0, 0)
#5 D:\laragon\www\ci_tgs1_21330034\app\Controllers\User\Datapresensi.php(21): CodeIgniter\BaseModel->findAll()
#6 D:\laragon\www\ci_tgs1_21330034\vendor\codeigniter4\framework\system\CodeIgniter.php(902): App\Controllers\User\Datapresensi->index()
#7 D:\laragon\www\ci_tgs1_21330034\vendor\codeigniter4\framework\system\CodeIgniter.php(457): CodeIgniter\CodeIgniter->runController(Object(App\Controllers\User\Datapresensi))
#8 D:\laragon\www\ci_tgs1_21330034\vendor\codeigniter4\framework\system\CodeIgniter.php(340): CodeIgniter\CodeIgniter->handleRequest(NULL, Object(Config\Cache), false)
#9 D:\laragon\www\ci_tgs1_21330034\public\index.php(67): CodeIgniter\CodeIgniter->run()
#10 D:\laragon\www\ci_tgs1_21330034\vendor\codeigniter4\framework\system\Commands\Server\rewrite.php(46): require_once('D:\\laragon\\www\\...')
#11 {main}
CRITICAL - 2022-11-15 03:39:37 --> Unable to connect to the database.
Main connection [MySQLi]: Unknown database 'db_spsm'
in SYSTEMPATH\Database\BaseConnection.php on line 418.
 1 SYSTEMPATH\Database\BaseConnection.php(588): CodeIgniter\Database\BaseConnection->initialize()
 2 SYSTEMPATH\Database\BaseBuilder.php(1585): CodeIgniter\Database\BaseConnection->query('SELECT *
FROM `tb_datapresensi`', [], false)
 3 SYSTEMPATH\Model.php(223): CodeIgniter\Database\BaseBuilder->get()
 4 SYSTEMPATH\BaseModel.php(584): CodeIgniter\Model->doFindAll(0, 0)
 5 APPPATH\Controllers\User\Datapresensi.php(21): CodeIgniter\BaseModel->findAll()
 6 SYSTEMPATH\CodeIgniter.php(902): App\Controllers\User\Datapresensi->index()
 7 SYSTEMPATH\CodeIgniter.php(457): CodeIgniter\CodeIgniter->runController(Object(App\Controllers\User\Datapresensi))
 8 SYSTEMPATH\CodeIgniter.php(340): CodeIgniter\CodeIgniter->handleRequest(null, Object(Config\Cache), false)
 9 FCPATH\index.php(67): CodeIgniter\CodeIgniter->run()
10 SYSTEMPATH\Commands\Server\rewrite.php(46): require_once('FCPATH\\index.php')
ERROR - 2022-11-15 03:46:29 --> mysqli_sql_exception: Unknown column 'created_at' in 'field list' in D:\laragon\www\ci_tgs1_21330034\vendor\codeigniter4\framework\system\Database\MySQLi\Connection.php:292
Stack trace:
#0 D:\laragon\www\ci_tgs1_21330034\vendor\codeigniter4\framework\system\Database\MySQLi\Connection.php(292): mysqli->query('INSERT INTO `tb...', 0)
#1 D:\laragon\www\ci_tgs1_21330034\vendor\codeigniter4\framework\system\Database\BaseConnection.php(693): CodeIgniter\Database\MySQLi\Connection->execute('INSERT INTO `tb...')
#2 D:\laragon\www\ci_tgs1_21330034\vendor\codeigniter4\framework\system\Database\BaseConnection.php(620): CodeIgniter\Database\BaseConnection->simpleQuery('INSERT INTO `tb...')
#3 D:\laragon\www\ci_tgs1_21330034\vendor\codeigniter4\framework\system\Database\BaseBuilder.php(1916): CodeIgniter\Database\BaseConnection->query('INSERT INTO `tb...', Array, false)
#4 D:\laragon\www\ci_tgs1_21330034\vendor\codeigniter4\framework\system\Model.php(279): CodeIgniter\Database\BaseBuilder->insert()
#5 D:\laragon\www\ci_tgs1_21330034\vendor\codeigniter4\framework\system\BaseModel.php(748): CodeIgniter\Model->doInsert(Array)
#6 D:\laragon\www\ci_tgs1_21330034\vendor\codeigniter4\framework\system\Model.php(667): CodeIgniter\BaseModel->insert(Array, false)
#7 D:\laragon\www\ci_tgs1_21330034\vendor\codeigniter4\framework\system\BaseModel.php(658): CodeIgniter\Model->insert(Array, false)
#8 D:\laragon\www\ci_tgs1_21330034\app\Models\DatapenggunaModel.php(43): CodeIgniter\BaseModel->save(Array)
#9 D:\laragon\www\ci_tgs1_21330034\app\Controllers\User\Datapengguna.php(48): App\Models\DatapenggunaModel->init_insert(Array)
#10 D:\laragon\www\ci_tgs1_21330034\vendor\codeigniter4\framework\system\CodeIgniter.php(902): App\Controllers\User\Datapengguna->create()
#11 D:\laragon\www\ci_tgs1_21330034\vendor\codeigniter4\framework\system\CodeIgniter.php(457): CodeIgniter\CodeIgniter->runController(Object(App\Controllers\User\Datapengguna))
#12 D:\laragon\www\ci_tgs1_21330034\vendor\codeigniter4\framework\system\CodeIgniter.php(340): CodeIgniter\CodeIgniter->handleRequest(NULL, Object(Config\Cache), false)
#13 D:\laragon\www\ci_tgs1_21330034\public\index.php(67): CodeIgniter\CodeIgniter->run()
#14 D:\laragon\www\ci_tgs1_21330034\vendor\codeigniter4\framework\system\Commands\Server\rewrite.php(46): require_once('D:\\laragon\\www\\...')
#15 {main}
CRITICAL - 2022-11-15 03:46:29 --> Unknown column 'created_at' in 'field list'
in SYSTEMPATH\Database\MySQLi\Connection.php on line 292.
 1 SYSTEMPATH\Database\MySQLi\Connection.php(292): mysqli->query('INSERT INTO `tb_datapengguna` (`nim`, `nama`, `password`, `created_at`, `updated_at`) VALUES (\'1212\', \'dsd\', \'sasas\', \'2022-11-15 03:46:29\', \'2022-11-15 03:46:29\')', 0)
 2 SYSTEMPATH\Database\BaseConnection.php(693): CodeIgniter\Database\MySQLi\Connection->execute('INSERT INTO `tb_datapengguna` (`nim`, `nama`, `password`, `created_at`, `updated_at`) VALUES (\'1212\', \'dsd\', \'sasas\', \'2022-11-15 03:46:29\', \'2022-11-15 03:46:29\')')
 3 SYSTEMPATH\Database\BaseConnection.php(620): CodeIgniter\Database\BaseConnection->simpleQuery('INSERT INTO `tb_datapengguna` (`nim`, `nama`, `password`, `created_at`, `updated_at`) VALUES (\'1212\', \'dsd\', \'sasas\', \'2022-11-15 03:46:29\', \'2022-11-15 03:46:29\')')
 4 SYSTEMPATH\Database\BaseBuilder.php(1916): CodeIgniter\Database\BaseConnection->query('INSERT INTO `tb_datapengguna` (`nim`, `nama`, `password`, `created_at`, `updated_at`) VALUES (:nim:, :nama:, :password:, :created_at:, :updated_at:)', [...], false)
 5 SYSTEMPATH\Model.php(279): CodeIgniter\Database\BaseBuilder->insert()
 6 SYSTEMPATH\BaseModel.php(748): CodeIgniter\Model->doInsert([...])
 7 SYSTEMPATH\Model.php(667): CodeIgniter\BaseModel->insert([...], false)
 8 SYSTEMPATH\BaseModel.php(658): CodeIgniter\Model->insert([...], false)
 9 APPPATH\Models\DatapenggunaModel.php(43): CodeIgniter\BaseModel->save([...])
10 APPPATH\Controllers\User\Datapengguna.php(48): App\Models\DatapenggunaModel->init_insert([...])
11 SYSTEMPATH\CodeIgniter.php(902): App\Controllers\User\Datapengguna->create()
12 SYSTEMPATH\CodeIgniter.php(457): CodeIgniter\CodeIgniter->runController(Object(App\Controllers\User\Datapengguna))
13 SYSTEMPATH\CodeIgniter.php(340): CodeIgniter\CodeIgniter->handleRequest(null, Object(Config\Cache), false)
14 FCPATH\index.php(67): CodeIgniter\CodeIgniter->run()
15 SYSTEMPATH\Commands\Server\rewrite.php(46): require_once('FCPATH\\index.php')
ERROR - 2022-11-15 03:47:05 --> mysqli_sql_exception: Unknown column 'created_at' in 'field list' in D:\laragon\www\ci_tgs1_21330034\vendor\codeigniter4\framework\system\Database\MySQLi\Connection.php:292
Stack trace:
#0 D:\laragon\www\ci_tgs1_21330034\vendor\codeigniter4\framework\system\Database\MySQLi\Connection.php(292): mysqli->query('INSERT INTO `tb...', 0)
#1 D:\laragon\www\ci_tgs1_21330034\vendor\codeigniter4\framework\system\Database\BaseConnection.php(693): CodeIgniter\Database\MySQLi\Connection->execute('INSERT INTO `tb...')
#2 D:\laragon\www\ci_tgs1_21330034\vendor\codeigniter4\framework\system\Database\BaseConnection.php(620): CodeIgniter\Database\BaseConnection->simpleQuery('INSERT INTO `tb...')
#3 D:\laragon\www\ci_tgs1_21330034\vendor\codeigniter4\framework\system\Database\BaseBuilder.php(1916): CodeIgniter\Database\BaseConnection->query('INSERT INTO `tb...', Array, false)
#4 D:\laragon\www\ci_tgs1_21330034\vendor\codeigniter4\framework\system\Model.php(279): CodeIgniter\Database\BaseBuilder->insert()
#5 D:\laragon\www\ci_tgs1_21330034\vendor\codeigniter4\framework\system\BaseModel.php(748): CodeIgniter\Model->doInsert(Array)
#6 D:\laragon\www\ci_tgs1_21330034\vendor\codeigniter4\framework\system\Model.php(667): CodeIgniter\BaseModel->insert(Array, false)
#7 D:\laragon\www\ci_tgs1_21330034\vendor\codeigniter4\framework\system\BaseModel.php(658): CodeIgniter\Model->insert(Array, false)
#8 D:\laragon\www\ci_tgs1_21330034\app\Models\DatapenggunaModel.php(43): CodeIgniter\BaseModel->save(Array)
#9 D:\laragon\www\ci_tgs1_21330034\app\Controllers\User\Datapengguna.php(48): App\Models\DatapenggunaModel->init_insert(Array)
#10 D:\laragon\www\ci_tgs1_21330034\vendor\codeigniter4\framework\system\CodeIgniter.php(902): App\Controllers\User\Datapengguna->create()
#11 D:\laragon\www\ci_tgs1_21330034\vendor\codeigniter4\framework\system\CodeIgniter.php(457): CodeIgniter\CodeIgniter->runController(Object(App\Controllers\User\Datapengguna))
#12 D:\laragon\www\ci_tgs1_21330034\vendor\codeigniter4\framework\system\CodeIgniter.php(340): CodeIgniter\CodeIgniter->handleRequest(NULL, Object(Config\Cache), false)
#13 D:\laragon\www\ci_tgs1_21330034\public\index.php(67): CodeIgniter\CodeIgniter->run()
#14 D:\laragon\www\ci_tgs1_21330034\vendor\codeigniter4\framework\system\Commands\Server\rewrite.php(46): require_once('D:\\laragon\\www\\...')
#15 {main}
CRITICAL - 2022-11-15 03:47:05 --> Unknown column 'created_at' in 'field list'
in SYSTEMPATH\Database\MySQLi\Connection.php on line 292.
 1 SYSTEMPATH\Database\MySQLi\Connection.php(292): mysqli->query('INSERT INTO `tb_datapengguna` (`nim`, `nama`, `password`, `created_at`, `updated_at`) VALUES (\'1212\', \'dsd\', \'sasas\', \'2022-11-15 03:47:05\', \'2022-11-15 03:47:05\')', 0)
 2 SYSTEMPATH\Database\BaseConnection.php(693): CodeIgniter\Database\MySQLi\Connection->execute('INSERT INTO `tb_datapengguna` (`nim`, `nama`, `password`, `created_at`, `updated_at`) VALUES (\'1212\', \'dsd\', \'sasas\', \'2022-11-15 03:47:05\', \'2022-11-15 03:47:05\')')
 3 SYSTEMPATH\Database\BaseConnection.php(620): CodeIgniter\Database\BaseConnection->simpleQuery('INSERT INTO `tb_datapengguna` (`nim`, `nama`, `password`, `created_at`, `updated_at`) VALUES (\'1212\', \'dsd\', \'sasas\', \'2022-11-15 03:47:05\', \'2022-11-15 03:47:05\')')
 4 SYSTEMPATH\Database\BaseBuilder.php(1916): CodeIgniter\Database\BaseConnection->query('INSERT INTO `tb_datapengguna` (`nim`, `nama`, `password`, `created_at`, `updated_at`) VALUES (:nim:, :nama:, :password:, :created_at:, :updated_at:)', [...], false)
 5 SYSTEMPATH\Model.php(279): CodeIgniter\Database\BaseBuilder->insert()
 6 SYSTEMPATH\BaseModel.php(748): CodeIgniter\Model->doInsert([...])
 7 SYSTEMPATH\Model.php(667): CodeIgniter\BaseModel->insert([...], false)
 8 SYSTEMPATH\BaseModel.php(658): CodeIgniter\Model->insert([...], false)
 9 APPPATH\Models\DatapenggunaModel.php(43): CodeIgniter\BaseModel->save([...])
10 APPPATH\Controllers\User\Datapengguna.php(48): App\Models\DatapenggunaModel->init_insert([...])
11 SYSTEMPATH\CodeIgniter.php(902): App\Controllers\User\Datapengguna->create()
12 SYSTEMPATH\CodeIgniter.php(457): CodeIgniter\CodeIgniter->runController(Object(App\Controllers\User\Datapengguna))
13 SYSTEMPATH\CodeIgniter.php(340): CodeIgniter\CodeIgniter->handleRequest(null, Object(Config\Cache), false)
14 FCPATH\index.php(67): CodeIgniter\CodeIgniter->run()
15 SYSTEMPATH\Commands\Server\rewrite.php(46): require_once('FCPATH\\index.php')
ERROR - 2022-11-15 03:52:24 --> mysqli_sql_exception: Unknown column 'created_at' in 'field list' in D:\laragon\www\ci_tgs1_21330034\vendor\codeigniter4\framework\system\Database\MySQLi\Connection.php:292
Stack trace:
#0 D:\laragon\www\ci_tgs1_21330034\vendor\codeigniter4\framework\system\Database\MySQLi\Connection.php(292): mysqli->query('INSERT INTO `tb...', 0)
#1 D:\laragon\www\ci_tgs1_21330034\vendor\codeigniter4\framework\system\Database\BaseConnection.php(693): CodeIgniter\Database\MySQLi\Connection->execute('INSERT INTO `tb...')
#2 D:\laragon\www\ci_tgs1_21330034\vendor\codeigniter4\framework\system\Database\BaseConnection.php(620): CodeIgniter\Database\BaseConnection->simpleQuery('INSERT INTO `tb...')
#3 D:\laragon\www\ci_tgs1_21330034\vendor\codeigniter4\framework\system\Database\BaseBuilder.php(1916): CodeIgniter\Database\BaseConnection->query('INSERT INTO `tb...', Array, false)
#4 D:\laragon\www\ci_tgs1_21330034\vendor\codeigniter4\framework\system\Model.php(279): CodeIgniter\Database\BaseBuilder->insert()
#5 D:\laragon\www\ci_tgs1_21330034\vendor\codeigniter4\framework\system\BaseModel.php(748): CodeIgniter\Model->doInsert(Array)
#6 D:\laragon\www\ci_tgs1_21330034\vendor\codeigniter4\framework\system\Model.php(667): CodeIgniter\BaseModel->insert(Array, false)
#7 D:\laragon\www\ci_tgs1_21330034\vendor\codeigniter4\framework\system\BaseModel.php(658): CodeIgniter\Model->insert(Array, false)
#8 D:\laragon\www\ci_tgs1_21330034\app\Models\DatapenggunaModel.php(43): CodeIgniter\BaseModel->save(Array)
#9 D:\laragon\www\ci_tgs1_21330034\app\Controllers\User\Datapengguna.php(48): App\Models\DatapenggunaModel->init_insert(Array)
#10 D:\laragon\www\ci_tgs1_21330034\vendor\codeigniter4\framework\system\CodeIgniter.php(902): App\Controllers\User\Datapengguna->create()
#11 D:\laragon\www\ci_tgs1_21330034\vendor\codeigniter4\framework\system\CodeIgniter.php(457): CodeIgniter\CodeIgniter->runController(Object(App\Controllers\User\Datapengguna))
#12 D:\laragon\www\ci_tgs1_21330034\vendor\codeigniter4\framework\system\CodeIgniter.php(340): CodeIgniter\CodeIgniter->handleRequest(NULL, Object(Config\Cache), false)
#13 D:\laragon\www\ci_tgs1_21330034\public\index.php(67): CodeIgniter\CodeIgniter->run()
#14 D:\laragon\www\ci_tgs1_21330034\vendor\codeigniter4\framework\system\Commands\Server\rewrite.php(46): require_once('D:\\laragon\\www\\...')
#15 {main}
CRITICAL - 2022-11-15 03:52:24 --> Unknown column 'created_at' in 'field list'
in SYSTEMPATH\Database\MySQLi\Connection.php on line 292.
 1 SYSTEMPATH\Database\MySQLi\Connection.php(292): mysqli->query('INSERT INTO `tb_datapengguna` (`nim`, `nama`, `password`, `created_at`, `updated_at`) VALUES (\'1212\', \'dsd\', \'sasas\', \'2022-11-15 03:52:24\', \'2022-11-15 03:52:24\')', 0)
 2 SYSTEMPATH\Database\BaseConnection.php(693): CodeIgniter\Database\MySQLi\Connection->execute('INSERT INTO `tb_datapengguna` (`nim`, `nama`, `password`, `created_at`, `updated_at`) VALUES (\'1212\', \'dsd\', \'sasas\', \'2022-11-15 03:52:24\', \'2022-11-15 03:52:24\')')
 3 SYSTEMPATH\Database\BaseConnection.php(620): CodeIgniter\Database\BaseConnection->simpleQuery('INSERT INTO `tb_datapengguna` (`nim`, `nama`, `password`, `created_at`, `updated_at`) VALUES (\'1212\', \'dsd\', \'sasas\', \'2022-11-15 03:52:24\', \'2022-11-15 03:52:24\')')
 4 SYSTEMPATH\Database\BaseBuilder.php(1916): CodeIgniter\Database\BaseConnection->query('INSERT INTO `tb_datapengguna` (`nim`, `nama`, `password`, `created_at`, `updated_at`) VALUES (:nim:, :nama:, :password:, :created_at:, :updated_at:)', [...], false)
 5 SYSTEMPATH\Model.php(279): CodeIgniter\Database\BaseBuilder->insert()
 6 SYSTEMPATH\BaseModel.php(748): CodeIgniter\Model->doInsert([...])
 7 SYSTEMPATH\Model.php(667): CodeIgniter\BaseModel->insert([...], false)
 8 SYSTEMPATH\BaseModel.php(658): CodeIgniter\Model->insert([...], false)
 9 APPPATH\Models\DatapenggunaModel.php(43): CodeIgniter\BaseModel->save([...])
10 APPPATH\Controllers\User\Datapengguna.php(48): App\Models\DatapenggunaModel->init_insert([...])
11 SYSTEMPATH\CodeIgniter.php(902): App\Controllers\User\Datapengguna->create()
12 SYSTEMPATH\CodeIgniter.php(457): CodeIgniter\CodeIgniter->runController(Object(App\Controllers\User\Datapengguna))
13 SYSTEMPATH\CodeIgniter.php(340): CodeIgniter\CodeIgniter->handleRequest(null, Object(Config\Cache), false)
14 FCPATH\index.php(67): CodeIgniter\CodeIgniter->run()
15 SYSTEMPATH\Commands\Server\rewrite.php(46): require_once('FCPATH\\index.php')
ERROR - 2022-11-15 03:52:41 --> mysqli_sql_exception: Unknown column 'created_at' in 'field list' in D:\laragon\www\ci_tgs1_21330034\vendor\codeigniter4\framework\system\Database\MySQLi\Connection.php:292
Stack trace:
#0 D:\laragon\www\ci_tgs1_21330034\vendor\codeigniter4\framework\system\Database\MySQLi\Connection.php(292): mysqli->query('INSERT INTO `tb...', 0)
#1 D:\laragon\www\ci_tgs1_21330034\vendor\codeigniter4\framework\system\Database\BaseConnection.php(693): CodeIgniter\Database\MySQLi\Connection->execute('INSERT INTO `tb...')
#2 D:\laragon\www\ci_tgs1_21330034\vendor\codeigniter4\framework\system\Database\BaseConnection.php(620): CodeIgniter\Database\BaseConnection->simpleQuery('INSERT INTO `tb...')
#3 D:\laragon\www\ci_tgs1_21330034\vendor\codeigniter4\framework\system\Database\BaseBuilder.php(1916): CodeIgniter\Database\BaseConnection->query('INSERT INTO `tb...', Array, false)
#4 D:\laragon\www\ci_tgs1_21330034\vendor\codeigniter4\framework\system\Model.php(279): CodeIgniter\Database\BaseBuilder->insert()
#5 D:\laragon\www\ci_tgs1_21330034\vendor\codeigniter4\framework\system\BaseModel.php(748): CodeIgniter\Model->doInsert(Array)
#6 D:\laragon\www\ci_tgs1_21330034\vendor\codeigniter4\framework\system\Model.php(667): CodeIgniter\BaseModel->insert(Array, false)
#7 D:\laragon\www\ci_tgs1_21330034\vendor\codeigniter4\framework\system\BaseModel.php(658): CodeIgniter\Model->insert(Array, false)
#8 D:\laragon\www\ci_tgs1_21330034\app\Models\DatapenggunaModel.php(43): CodeIgniter\BaseModel->save(Array)
#9 D:\laragon\www\ci_tgs1_21330034\app\Controllers\User\Datapengguna.php(48): App\Models\DatapenggunaModel->init_insert(Array)
#10 D:\laragon\www\ci_tgs1_21330034\vendor\codeigniter4\framework\system\CodeIgniter.php(902): App\Controllers\User\Datapengguna->create()
#11 D:\laragon\www\ci_tgs1_21330034\vendor\codeigniter4\framework\system\CodeIgniter.php(457): CodeIgniter\CodeIgniter->runController(Object(App\Controllers\User\Datapengguna))
#12 D:\laragon\www\ci_tgs1_21330034\vendor\codeigniter4\framework\system\CodeIgniter.php(340): CodeIgniter\CodeIgniter->handleRequest(NULL, Object(Config\Cache), false)
#13 D:\laragon\www\ci_tgs1_21330034\public\index.php(67): CodeIgniter\CodeIgniter->run()
#14 D:\laragon\www\ci_tgs1_21330034\vendor\codeigniter4\framework\system\Commands\Server\rewrite.php(46): require_once('D:\\laragon\\www\\...')
#15 {main}
CRITICAL - 2022-11-15 03:52:41 --> Unknown column 'created_at' in 'field list'
in SYSTEMPATH\Database\MySQLi\Connection.php on line 292.
 1 SYSTEMPATH\Database\MySQLi\Connection.php(292): mysqli->query('INSERT INTO `tb_datapengguna` (`nim`, `nama`, `password`, `created_at`, `updated_at`) VALUES (\'212121\', \'sd\', \'h\', \'2022-11-15 03:52:41\', \'2022-11-15 03:52:41\')', 0)
 2 SYSTEMPATH\Database\BaseConnection.php(693): CodeIgniter\Database\MySQLi\Connection->execute('INSERT INTO `tb_datapengguna` (`nim`, `nama`, `password`, `created_at`, `updated_at`) VALUES (\'212121\', \'sd\', \'h\', \'2022-11-15 03:52:41\', \'2022-11-15 03:52:41\')')
 3 SYSTEMPATH\Database\BaseConnection.php(620): CodeIgniter\Database\BaseConnection->simpleQuery('INSERT INTO `tb_datapengguna` (`nim`, `nama`, `password`, `created_at`, `updated_at`) VALUES (\'212121\', \'sd\', \'h\', \'2022-11-15 03:52:41\', \'2022-11-15 03:52:41\')')
 4 SYSTEMPATH\Database\BaseBuilder.php(1916): CodeIgniter\Database\BaseConnection->query('INSERT INTO `tb_datapengguna` (`nim`, `nama`, `password`, `created_at`, `updated_at`) VALUES (:nim:, :nama:, :password:, :created_at:, :updated_at:)', [...], false)
 5 SYSTEMPATH\Model.php(279): CodeIgniter\Database\BaseBuilder->insert()
 6 SYSTEMPATH\BaseModel.php(748): CodeIgniter\Model->doInsert([...])
 7 SYSTEMPATH\Model.php(667): CodeIgniter\BaseModel->insert([...], false)
 8 SYSTEMPATH\BaseModel.php(658): CodeIgniter\Model->insert([...], false)
 9 APPPATH\Models\DatapenggunaModel.php(43): CodeIgniter\BaseModel->save([...])
10 APPPATH\Controllers\User\Datapengguna.php(48): App\Models\DatapenggunaModel->init_insert([...])
11 SYSTEMPATH\CodeIgniter.php(902): App\Controllers\User\Datapengguna->create()
12 SYSTEMPATH\CodeIgniter.php(457): CodeIgniter\CodeIgniter->runController(Object(App\Controllers\User\Datapengguna))
13 SYSTEMPATH\CodeIgniter.php(340): CodeIgniter\CodeIgniter->handleRequest(null, Object(Config\Cache), false)
14 FCPATH\index.php(67): CodeIgniter\CodeIgniter->run()
15 SYSTEMPATH\Commands\Server\rewrite.php(46): require_once('FCPATH\\index.php')
CRITICAL - 2022-11-15 03:57:50 --> The route for "../datapengguna" cannot be found.
in SYSTEMPATH\HTTP\RedirectResponse.php on line 60.
 1 SYSTEMPATH\HTTP\RedirectResponse.php(60): CodeIgniter\HTTP\Exceptions\HTTPException::forInvalidRedirectRoute('../datapengguna')
 2 SYSTEMPATH\Common.php(869): CodeIgniter\HTTP\RedirectResponse->route(false)
 3 APPPATH\Controllers\User\Datapengguna.php(56): redirect('../datapengguna')
 4 SYSTEMPATH\CodeIgniter.php(902): App\Controllers\User\Datapengguna->create()
 5 SYSTEMPATH\CodeIgniter.php(457): CodeIgniter\CodeIgniter->runController(Object(App\Controllers\User\Datapengguna))
 6 SYSTEMPATH\CodeIgniter.php(340): CodeIgniter\CodeIgniter->handleRequest(null, Object(Config\Cache), false)
 7 FCPATH\index.php(67): CodeIgniter\CodeIgniter->run()
 8 SYSTEMPATH\Commands\Server\rewrite.php(46): require_once('FCPATH\\index.php')
CRITICAL - 2022-11-15 03:59:51 --> The route for "/datapengguna" cannot be found.
in SYSTEMPATH\HTTP\RedirectResponse.php on line 60.
 1 SYSTEMPATH\HTTP\RedirectResponse.php(60): CodeIgniter\HTTP\Exceptions\HTTPException::forInvalidRedirectRoute('/datapengguna')
 2 SYSTEMPATH\Common.php(869): CodeIgniter\HTTP\RedirectResponse->route(false)
 3 APPPATH\Controllers\User\Datapengguna.php(56): redirect('/datapengguna')
 4 SYSTEMPATH\CodeIgniter.php(902): App\Controllers\User\Datapengguna->create()
 5 SYSTEMPATH\CodeIgniter.php(457): CodeIgniter\CodeIgniter->runController(Object(App\Controllers\User\Datapengguna))
 6 SYSTEMPATH\CodeIgniter.php(340): CodeIgniter\CodeIgniter->handleRequest(null, Object(Config\Cache), false)
 7 FCPATH\index.php(67): CodeIgniter\CodeIgniter->run()
 8 SYSTEMPATH\Commands\Server\rewrite.php(46): require_once('FCPATH\\index.php')
ERROR - 2022-11-15 05:37:07 --> Error connecting to the database: mysqli_sql_exception: Unknown database 'db_spsm' in C:\ci\ci_tgs1_21330034\vendor\codeigniter4\framework\system\Database\MySQLi\Connection.php:171
Stack trace:
#0 C:\ci\ci_tgs1_21330034\vendor\codeigniter4\framework\system\Database\MySQLi\Connection.php(171): mysqli->real_connect('127.0.0.1', 'root', '', 'db_spsm', 3306, '', 0)
#1 C:\ci\ci_tgs1_21330034\vendor\codeigniter4\framework\system\Database\BaseConnection.php(382): CodeIgniter\Database\MySQLi\Connection->connect(false)
#2 C:\ci\ci_tgs1_21330034\vendor\codeigniter4\framework\system\Database\BaseConnection.php(588): CodeIgniter\Database\BaseConnection->initialize()
#3 C:\ci\ci_tgs1_21330034\vendor\codeigniter4\framework\system\Database\BaseBuilder.php(1585): CodeIgniter\Database\BaseConnection->query('SELECT *\nFROM `...', Array, false)
#4 C:\ci\ci_tgs1_21330034\vendor\codeigniter4\framework\system\Model.php(223): CodeIgniter\Database\BaseBuilder->get()
#5 C:\ci\ci_tgs1_21330034\vendor\codeigniter4\framework\system\BaseModel.php(584): CodeIgniter\Model->doFindAll(0, 0)
#6 C:\ci\ci_tgs1_21330034\app\Controllers\User\Datapengguna.php(24): CodeIgniter\BaseModel->findAll()
#7 C:\ci\ci_tgs1_21330034\vendor\codeigniter4\framework\system\CodeIgniter.php(902): App\Controllers\User\Datapengguna->index()
#8 C:\ci\ci_tgs1_21330034\vendor\codeigniter4\framework\system\CodeIgniter.php(457): CodeIgniter\CodeIgniter->runController(Object(App\Controllers\User\Datapengguna))
#9 C:\ci\ci_tgs1_21330034\vendor\codeigniter4\framework\system\CodeIgniter.php(340): CodeIgniter\CodeIgniter->handleRequest(NULL, Object(Config\Cache), false)
#10 C:\ci\ci_tgs1_21330034\public\index.php(67): CodeIgniter\CodeIgniter->run()
#11 C:\ci\ci_tgs1_21330034\vendor\codeigniter4\framework\system\Commands\Server\rewrite.php(46): require_once('C:\\ci\\ci_tgs1_2...')
#12 {main}

Next CodeIgniter\Database\Exceptions\DatabaseException: Unknown database 'db_spsm' in C:\ci\ci_tgs1_21330034\vendor\codeigniter4\framework\system\Database\MySQLi\Connection.php:215
Stack trace:
#0 C:\ci\ci_tgs1_21330034\vendor\codeigniter4\framework\system\Database\BaseConnection.php(382): CodeIgniter\Database\MySQLi\Connection->connect(false)
#1 C:\ci\ci_tgs1_21330034\vendor\codeigniter4\framework\system\Database\BaseConnection.php(588): CodeIgniter\Database\BaseConnection->initialize()
#2 C:\ci\ci_tgs1_21330034\vendor\codeigniter4\framework\system\Database\BaseBuilder.php(1585): CodeIgniter\Database\BaseConnection->query('SELECT *\nFROM `...', Array, false)
#3 C:\ci\ci_tgs1_21330034\vendor\codeigniter4\framework\system\Model.php(223): CodeIgniter\Database\BaseBuilder->get()
#4 C:\ci\ci_tgs1_21330034\vendor\codeigniter4\framework\system\BaseModel.php(584): CodeIgniter\Model->doFindAll(0, 0)
#5 C:\ci\ci_tgs1_21330034\app\Controllers\User\Datapengguna.php(24): CodeIgniter\BaseModel->findAll()
#6 C:\ci\ci_tgs1_21330034\vendor\codeigniter4\framework\system\CodeIgniter.php(902): App\Controllers\User\Datapengguna->index()
#7 C:\ci\ci_tgs1_21330034\vendor\codeigniter4\framework\system\CodeIgniter.php(457): CodeIgniter\CodeIgniter->runController(Object(App\Controllers\User\Datapengguna))
#8 C:\ci\ci_tgs1_21330034\vendor\codeigniter4\framework\system\CodeIgniter.php(340): CodeIgniter\CodeIgniter->handleRequest(NULL, Object(Config\Cache), false)
#9 C:\ci\ci_tgs1_21330034\public\index.php(67): CodeIgniter\CodeIgniter->run()
#10 C:\ci\ci_tgs1_21330034\vendor\codeigniter4\framework\system\Commands\Server\rewrite.php(46): require_once('C:\\ci\\ci_tgs1_2...')
#11 {main}
CRITICAL - 2022-11-15 05:37:07 --> Unable to connect to the database.
Main connection [MySQLi]: Unknown database 'db_spsm'
in SYSTEMPATH\Database\BaseConnection.php on line 418.
 1 SYSTEMPATH\Database\BaseConnection.php(588): CodeIgniter\Database\BaseConnection->initialize()
 2 SYSTEMPATH\Database\BaseBuilder.php(1585): CodeIgniter\Database\BaseConnection->query('SELECT *
FROM `tb_datapengguna`', [], false)
 3 SYSTEMPATH\Model.php(223): CodeIgniter\Database\BaseBuilder->get()
 4 SYSTEMPATH\BaseModel.php(584): CodeIgniter\Model->doFindAll(0, 0)
 5 APPPATH\Controllers\User\Datapengguna.php(24): CodeIgniter\BaseModel->findAll()
 6 SYSTEMPATH\CodeIgniter.php(902): App\Controllers\User\Datapengguna->index()
 7 SYSTEMPATH\CodeIgniter.php(457): CodeIgniter\CodeIgniter->runController(Object(App\Controllers\User\Datapengguna))
 8 SYSTEMPATH\CodeIgniter.php(340): CodeIgniter\CodeIgniter->handleRequest(null, Object(Config\Cache), false)
 9 FCPATH\index.php(67): CodeIgniter\CodeIgniter->run()
10 SYSTEMPATH\Commands\Server\rewrite.php(46): require_once('FCPATH\\index.php')
ERROR - 2022-11-15 05:37:38 --> Error connecting to the database: mysqli_sql_exception: Unknown database 'db_spsm' in C:\ci\ci_tgs1_21330034\vendor\codeigniter4\framework\system\Database\MySQLi\Connection.php:171
Stack trace:
#0 C:\ci\ci_tgs1_21330034\vendor\codeigniter4\framework\system\Database\MySQLi\Connection.php(171): mysqli->real_connect('127.0.0.1', 'root', '', 'db_spsm', 3306, '', 0)
#1 C:\ci\ci_tgs1_21330034\vendor\codeigniter4\framework\system\Database\BaseConnection.php(382): CodeIgniter\Database\MySQLi\Connection->connect(false)
#2 C:\ci\ci_tgs1_21330034\vendor\codeigniter4\framework\system\Database\BaseConnection.php(588): CodeIgniter\Database\BaseConnection->initialize()
#3 C:\ci\ci_tgs1_21330034\vendor\codeigniter4\framework\system\Database\BaseBuilder.php(1585): CodeIgniter\Database\BaseConnection->query('SELECT *\nFROM `...', Array, false)
#4 C:\ci\ci_tgs1_21330034\vendor\codeigniter4\framework\system\Model.php(223): CodeIgniter\Database\BaseBuilder->get()
#5 C:\ci\ci_tgs1_21330034\vendor\codeigniter4\framework\system\BaseModel.php(584): CodeIgniter\Model->doFindAll(0, 0)
#6 C:\ci\ci_tgs1_21330034\app\Controllers\User\Datapengguna.php(24): CodeIgniter\BaseModel->findAll()
#7 C:\ci\ci_tgs1_21330034\vendor\codeigniter4\framework\system\CodeIgniter.php(902): App\Controllers\User\Datapengguna->index()
#8 C:\ci\ci_tgs1_21330034\vendor\codeigniter4\framework\system\CodeIgniter.php(457): CodeIgniter\CodeIgniter->runController(Object(App\Controllers\User\Datapengguna))
#9 C:\ci\ci_tgs1_21330034\vendor\codeigniter4\framework\system\CodeIgniter.php(340): CodeIgniter\CodeIgniter->handleRequest(NULL, Object(Config\Cache), false)
#10 C:\ci\ci_tgs1_21330034\public\index.php(67): CodeIgniter\CodeIgniter->run()
#11 C:\ci\ci_tgs1_21330034\vendor\codeigniter4\framework\system\Commands\Server\rewrite.php(46): require_once('C:\\ci\\ci_tgs1_2...')
#12 {main}

Next CodeIgniter\Database\Exceptions\DatabaseException: Unknown database 'db_spsm' in C:\ci\ci_tgs1_21330034\vendor\codeigniter4\framework\system\Database\MySQLi\Connection.php:215
Stack trace:
#0 C:\ci\ci_tgs1_21330034\vendor\codeigniter4\framework\system\Database\BaseConnection.php(382): CodeIgniter\Database\MySQLi\Connection->connect(false)
#1 C:\ci\ci_tgs1_21330034\vendor\codeigniter4\framework\system\Database\BaseConnection.php(588): CodeIgniter\Database\BaseConnection->initialize()
#2 C:\ci\ci_tgs1_21330034\vendor\codeigniter4\framework\system\Database\BaseBuilder.php(1585): CodeIgniter\Database\BaseConnection->query('SELECT *\nFROM `...', Array, false)
#3 C:\ci\ci_tgs1_21330034\vendor\codeigniter4\framework\system\Model.php(223): CodeIgniter\Database\BaseBuilder->get()
#4 C:\ci\ci_tgs1_21330034\vendor\codeigniter4\framework\system\BaseModel.php(584): CodeIgniter\Model->doFindAll(0, 0)
#5 C:\ci\ci_tgs1_21330034\app\Controllers\User\Datapengguna.php(24): CodeIgniter\BaseModel->findAll()
#6 C:\ci\ci_tgs1_21330034\vendor\codeigniter4\framework\system\CodeIgniter.php(902): App\Controllers\User\Datapengguna->index()
#7 C:\ci\ci_tgs1_21330034\vendor\codeigniter4\framework\system\CodeIgniter.php(457): CodeIgniter\CodeIgniter->runController(Object(App\Controllers\User\Datapengguna))
#8 C:\ci\ci_tgs1_21330034\vendor\codeigniter4\framework\system\CodeIgniter.php(340): CodeIgniter\CodeIgniter->handleRequest(NULL, Object(Config\Cache), false)
#9 C:\ci\ci_tgs1_21330034\public\index.php(67): CodeIgniter\CodeIgniter->run()
#10 C:\ci\ci_tgs1_21330034\vendor\codeigniter4\framework\system\Commands\Server\rewrite.php(46): require_once('C:\\ci\\ci_tgs1_2...')
#11 {main}
CRITICAL - 2022-11-15 05:37:38 --> Unable to connect to the database.
Main connection [MySQLi]: Unknown database 'db_spsm'
in SYSTEMPATH\Database\BaseConnection.php on line 418.
 1 SYSTEMPATH\Database\BaseConnection.php(588): CodeIgniter\Database\BaseConnection->initialize()
 2 SYSTEMPATH\Database\BaseBuilder.php(1585): CodeIgniter\Database\BaseConnection->query('SELECT *
FROM `tb_datapengguna`', [], false)
 3 SYSTEMPATH\Model.php(223): CodeIgniter\Database\BaseBuilder->get()
 4 SYSTEMPATH\BaseModel.php(584): CodeIgniter\Model->doFindAll(0, 0)
 5 APPPATH\Controllers\User\Datapengguna.php(24): CodeIgniter\BaseModel->findAll()
 6 SYSTEMPATH\CodeIgniter.php(902): App\Controllers\User\Datapengguna->index()
 7 SYSTEMPATH\CodeIgniter.php(457): CodeIgniter\CodeIgniter->runController(Object(App\Controllers\User\Datapengguna))
 8 SYSTEMPATH\CodeIgniter.php(340): CodeIgniter\CodeIgniter->handleRequest(null, Object(Config\Cache), false)
 9 FCPATH\index.php(67): CodeIgniter\CodeIgniter->run()
10 SYSTEMPATH\Commands\Server\rewrite.php(46): require_once('FCPATH\\index.php')
ERROR - 2022-11-15 18:05:33 --> mysqli_sql_exception: Unknown column 'created_at' in 'field list' in C:\ci\ci_tgs1_21330034\vendor\codeigniter4\framework\system\Database\MySQLi\Connection.php:292
Stack trace:
#0 C:\ci\ci_tgs1_21330034\vendor\codeigniter4\framework\system\Database\MySQLi\Connection.php(292): mysqli->query('INSERT INTO `tb...', 0)
#1 C:\ci\ci_tgs1_21330034\vendor\codeigniter4\framework\system\Database\BaseConnection.php(693): CodeIgniter\Database\MySQLi\Connection->execute('INSERT INTO `tb...')
#2 C:\ci\ci_tgs1_21330034\vendor\codeigniter4\framework\system\Database\BaseConnection.php(620): CodeIgniter\Database\BaseConnection->simpleQuery('INSERT INTO `tb...')
#3 C:\ci\ci_tgs1_21330034\vendor\codeigniter4\framework\system\Database\BaseBuilder.php(1916): CodeIgniter\Database\BaseConnection->query('INSERT INTO `tb...', Array, false)
#4 C:\ci\ci_tgs1_21330034\vendor\codeigniter4\framework\system\Model.php(279): CodeIgniter\Database\BaseBuilder->insert()
#5 C:\ci\ci_tgs1_21330034\vendor\codeigniter4\framework\system\BaseModel.php(748): CodeIgniter\Model->doInsert(Array)
#6 C:\ci\ci_tgs1_21330034\vendor\codeigniter4\framework\system\Model.php(667): CodeIgniter\BaseModel->insert(Array, false)
#7 C:\ci\ci_tgs1_21330034\vendor\codeigniter4\framework\system\BaseModel.php(658): CodeIgniter\Model->insert(Array, false)
#8 C:\ci\ci_tgs1_21330034\app\Models\DatapenggunaModel.php(43): CodeIgniter\BaseModel->save(Array)
#9 C:\ci\ci_tgs1_21330034\app\Controllers\User\Datapengguna.php(48): App\Models\DatapenggunaModel->init_insert(Array)
#10 C:\ci\ci_tgs1_21330034\vendor\codeigniter4\framework\system\CodeIgniter.php(902): App\Controllers\User\Datapengguna->create()
#11 C:\ci\ci_tgs1_21330034\vendor\codeigniter4\framework\system\CodeIgniter.php(457): CodeIgniter\CodeIgniter->runController(Object(App\Controllers\User\Datapengguna))
#12 C:\ci\ci_tgs1_21330034\vendor\codeigniter4\framework\system\CodeIgniter.php(340): CodeIgniter\CodeIgniter->handleRequest(NULL, Object(Config\Cache), false)
#13 C:\ci\ci_tgs1_21330034\public\index.php(67): CodeIgniter\CodeIgniter->run()
#14 C:\ci\ci_tgs1_21330034\vendor\codeigniter4\framework\system\Commands\Server\rewrite.php(46): require_once('C:\\ci\\ci_tgs1_2...')
#15 {main}
CRITICAL - 2022-11-15 18:05:33 --> Unknown column 'created_at' in 'field list'
in SYSTEMPATH\Database\MySQLi\Connection.php on line 292.
 1 SYSTEMPATH\Database\MySQLi\Connection.php(292): mysqli->query('INSERT INTO `tb_datapengguna` (`nim`, `nama`, `password`, `created_at`, `updated_at`) VALUES (\'21212312\', \'sdsd\', \'fkdfkld\', \'2022-11-15 18:05:33\', \'2022-11-15 18:05:33\')', 0)
 2 SYSTEMPATH\Database\BaseConnection.php(693): CodeIgniter\Database\MySQLi\Connection->execute('INSERT INTO `tb_datapengguna` (`nim`, `nama`, `password`, `created_at`, `updated_at`) VALUES (\'21212312\', \'sdsd\', \'fkdfkld\', \'2022-11-15 18:05:33\', \'2022-11-15 18:05:33\')')
 3 SYSTEMPATH\Database\BaseConnection.php(620): CodeIgniter\Database\BaseConnection->simpleQuery('INSERT INTO `tb_datapengguna` (`nim`, `nama`, `password`, `created_at`, `updated_at`) VALUES (\'21212312\', \'sdsd\', \'fkdfkld\', \'2022-11-15 18:05:33\', \'2022-11-15 18:05:33\')')
 4 SYSTEMPATH\Database\BaseBuilder.php(1916): CodeIgniter\Database\BaseConnection->query('INSERT INTO `tb_datapengguna` (`nim`, `nama`, `password`, `created_at`, `updated_at`) VALUES (:nim:, :nama:, :password:, :created_at:, :updated_at:)', [...], false)
 5 SYSTEMPATH\Model.php(279): CodeIgniter\Database\BaseBuilder->insert()
 6 SYSTEMPATH\BaseModel.php(748): CodeIgniter\Model->doInsert([...])
 7 SYSTEMPATH\Model.php(667): CodeIgniter\BaseModel->insert([...], false)
 8 SYSTEMPATH\BaseModel.php(658): CodeIgniter\Model->insert([...], false)
 9 APPPATH\Models\DatapenggunaModel.php(43): CodeIgniter\BaseModel->save([...])
10 APPPATH\Controllers\User\Datapengguna.php(48): App\Models\DatapenggunaModel->init_insert([...])
11 SYSTEMPATH\CodeIgniter.php(902): App\Controllers\User\Datapengguna->create()
12 SYSTEMPATH\CodeIgniter.php(457): CodeIgniter\CodeIgniter->runController(Object(App\Controllers\User\Datapengguna))
13 SYSTEMPATH\CodeIgniter.php(340): CodeIgniter\CodeIgniter->handleRequest(null, Object(Config\Cache), false)
14 FCPATH\index.php(67): CodeIgniter\CodeIgniter->run()
15 SYSTEMPATH\Commands\Server\rewrite.php(46): require_once('FCPATH\\index.php')
CRITICAL - 2022-11-15 18:29:30 --> Undefined property: stdClass::$nim
in APPPATH\Views\pages\datapengguna.php on line 165.
 1 APPPATH\Views\pages\datapengguna.php(165): CodeIgniter\Debug\Exceptions->errorHandler(2, 'Undefined property: stdClass::$nim', 'APPPATH\\Views\\pages\\datapengguna.php', 165)
 2 SYSTEMPATH\View\View.php(213): include('APPPATH\\Views\\pages\\datapengguna.php')
 3 SYSTEMPATH\View\View.php(216): CodeIgniter\View\View->CodeIgniter\View\{closure}()
 4 SYSTEMPATH\Common.php(1142): CodeIgniter\View\View->render('pages/datapengguna', [], true)
 5 APPPATH\Controllers\User\Datapengguna.php(31): view('pages/datapengguna', [...])
 6 SYSTEMPATH\CodeIgniter.php(902): App\Controllers\User\Datapengguna->index()
 7 SYSTEMPATH\CodeIgniter.php(457): CodeIgniter\CodeIgniter->runController(Object(App\Controllers\User\Datapengguna))
 8 SYSTEMPATH\CodeIgniter.php(340): CodeIgniter\CodeIgniter->handleRequest(null, Object(Config\Cache), false)
 9 FCPATH\index.php(67): CodeIgniter\CodeIgniter->run()
10 SYSTEMPATH\Commands\Server\rewrite.php(46): require_once('FCPATH\\index.php')
CRITICAL - 2022-11-15 18:29:55 --> Undefined property: stdClass::$nim
in APPPATH\Views\pages\datapengguna.php on line 173.
 1 APPPATH\Views\pages\datapengguna.php(173): CodeIgniter\Debug\Exceptions->errorHandler(2, 'Undefined property: stdClass::$nim', 'APPPATH\\Views\\pages\\datapengguna.php', 173)
 2 SYSTEMPATH\View\View.php(213): include('APPPATH\\Views\\pages\\datapengguna.php')
 3 SYSTEMPATH\View\View.php(216): CodeIgniter\View\View->CodeIgniter\View\{closure}()
 4 SYSTEMPATH\Common.php(1142): CodeIgniter\View\View->render('pages/datapengguna', [], true)
 5 APPPATH\Controllers\User\Datapengguna.php(31): view('pages/datapengguna', [...])
 6 SYSTEMPATH\CodeIgniter.php(902): App\Controllers\User\Datapengguna->index()
 7 SYSTEMPATH\CodeIgniter.php(457): CodeIgniter\CodeIgniter->runController(Object(App\Controllers\User\Datapengguna))
 8 SYSTEMPATH\CodeIgniter.php(340): CodeIgniter\CodeIgniter->handleRequest(null, Object(Config\Cache), false)
 9 FCPATH\index.php(67): CodeIgniter\CodeIgniter->run()
10 SYSTEMPATH\Commands\Server\rewrite.php(46): require_once('FCPATH\\index.php')
CRITICAL - 2022-11-15 18:36:22 --> Class "App\Models\DatapresensiModel" not found
in APPPATH\Controllers\User\Datapresensi.php on line 15.
 1 SYSTEMPATH\CodeIgniter.php(864): App\Controllers\User\Datapresensi->__construct()
 2 SYSTEMPATH\CodeIgniter.php(448): CodeIgniter\CodeIgniter->createController()
 3 SYSTEMPATH\CodeIgniter.php(340): CodeIgniter\CodeIgniter->handleRequest(null, Object(Config\Cache), false)
 4 FCPATH\index.php(67): CodeIgniter\CodeIgniter->run()
 5 SYSTEMPATH\Commands\Server\rewrite.php(46): require_once('FCPATH\\index.php')
CRITICAL - 2022-11-15 19:04:26 --> The namespace delimiter is a backslash (\), not a slash (/). Route handler: \App\Controllers\Admin/Pages::index
in SYSTEMPATH\Router\Router.php on line 466.
 1 SYSTEMPATH\Router\Router.php(466): CodeIgniter\Router\Exceptions\RouterException::forInvalidControllerName('\\App\\Controllers\\Admin/Pages::index')
 2 SYSTEMPATH\Router\Router.php(181): CodeIgniter\Router\Router->checkRoutes('C:\\')
 3 SYSTEMPATH\CodeIgniter.php(777): CodeIgniter\Router\Router->handle('C:\\')
 4 SYSTEMPATH\CodeIgniter.php(406): CodeIgniter\CodeIgniter->tryToRouteIt(Object(CodeIgniter\Router\RouteCollection))
 5 SYSTEMPATH\CodeIgniter.php(340): CodeIgniter\CodeIgniter->handleRequest(null, Object(Config\Cache), false)
 6 FCPATH\index.php(67): CodeIgniter\CodeIgniter->run()
 7 SYSTEMPATH\Commands\Server\rewrite.php(46): require_once('FCPATH\\index.php')
CRITICAL - 2022-11-15 21:47:50 --> Invalid file: pages/admin/list.php
in SYSTEMPATH\Exceptions\FrameworkException.php on line 33.
 1 SYSTEMPATH\View\View.php(201): CodeIgniter\Exceptions\FrameworkException::forInvalidFile('pages/admin/list.php')
 2 SYSTEMPATH\Common.php(1142): CodeIgniter\View\View->render('pages/admin/list', [], true)
 3 APPPATH\Controllers\Admin\Datapengguna.php(31): view('pages/admin/list', [...])
 4 SYSTEMPATH\CodeIgniter.php(902): App\Controllers\Admin\Datapengguna->index()
 5 SYSTEMPATH\CodeIgniter.php(457): CodeIgniter\CodeIgniter->runController(Object(App\Controllers\Admin\Datapengguna))
 6 SYSTEMPATH\CodeIgniter.php(340): CodeIgniter\CodeIgniter->handleRequest(null, Object(Config\Cache), false)
 7 FCPATH\index.php(67): CodeIgniter\CodeIgniter->run()
 8 SYSTEMPATH\Commands\Server\rewrite.php(46): require_once('FCPATH\\index.php')
CRITICAL - 2022-11-15 21:49:31 --> Invalid file: pages/admin/list.php
in SYSTEMPATH\Exceptions\FrameworkException.php on line 33.
 1 SYSTEMPATH\View\View.php(201): CodeIgniter\Exceptions\FrameworkException::forInvalidFile('pages/admin/list.php')
 2 SYSTEMPATH\Common.php(1142): CodeIgniter\View\View->render('pages/admin/list', [], true)
 3 APPPATH\Controllers\Admin\Datapengguna.php(31): view('pages/admin/list', [...])
 4 SYSTEMPATH\CodeIgniter.php(902): App\Controllers\Admin\Datapengguna->index()
 5 SYSTEMPATH\CodeIgniter.php(457): CodeIgniter\CodeIgniter->runController(Object(App\Controllers\Admin\Datapengguna))
 6 SYSTEMPATH\CodeIgniter.php(340): CodeIgniter\CodeIgniter->handleRequest(null, Object(Config\Cache), false)
 7 FCPATH\index.php(67): CodeIgniter\CodeIgniter->run()
 8 SYSTEMPATH\Commands\Server\rewrite.php(46): require_once('FCPATH\\index.php')
CRITICAL - 2022-11-15 21:49:35 --> Invalid file: pages/admin/list.php
in SYSTEMPATH\Exceptions\FrameworkException.php on line 33.
 1 SYSTEMPATH\View\View.php(201): CodeIgniter\Exceptions\FrameworkException::forInvalidFile('pages/admin/list.php')
 2 SYSTEMPATH\Common.php(1142): CodeIgniter\View\View->render('pages/admin/list', [], true)
 3 APPPATH\Controllers\Admin\Datapengguna.php(31): view('pages/admin/list', [...])
 4 SYSTEMPATH\CodeIgniter.php(902): App\Controllers\Admin\Datapengguna->index()
 5 SYSTEMPATH\CodeIgniter.php(457): CodeIgniter\CodeIgniter->runController(Object(App\Controllers\Admin\Datapengguna))
 6 SYSTEMPATH\CodeIgniter.php(340): CodeIgniter\CodeIgniter->handleRequest(null, Object(Config\Cache), false)
 7 FCPATH\index.php(67): CodeIgniter\CodeIgniter->run()
 8 SYSTEMPATH\Commands\Server\rewrite.php(46): require_once('FCPATH\\index.php')
CRITICAL - 2022-11-15 21:52:26 --> Cannot use object of type stdClass as array
in APPPATH\Views\pages\datapresensi.php on line 40.
 1 SYSTEMPATH\View\View.php(213): include()
 2 SYSTEMPATH\View\View.php(216): CodeIgniter\View\View->CodeIgniter\View\{closure}()
 3 SYSTEMPATH\Common.php(1142): CodeIgniter\View\View->render('pages/datapresensi', [], true)
 4 APPPATH\Controllers\Admin\Datapengguna.php(30): view('pages/datapresensi', [...])
 5 SYSTEMPATH\CodeIgniter.php(902): App\Controllers\Admin\Datapengguna->index()
 6 SYSTEMPATH\CodeIgniter.php(457): CodeIgniter\CodeIgniter->runController(Object(App\Controllers\Admin\Datapengguna))
 7 SYSTEMPATH\CodeIgniter.php(340): CodeIgniter\CodeIgniter->handleRequest(null, Object(Config\Cache), false)
 8 FCPATH\index.php(67): CodeIgniter\CodeIgniter->run()
 9 SYSTEMPATH\Commands\Server\rewrite.php(46): require_once('FCPATH\\index.php')
CRITICAL - 2022-11-15 21:52:42 --> Invalid file: pages/admin.php
in SYSTEMPATH\Exceptions\FrameworkException.php on line 33.
 1 SYSTEMPATH\View\View.php(201): CodeIgniter\Exceptions\FrameworkException::forInvalidFile('pages/admin.php')
 2 SYSTEMPATH\Common.php(1142): CodeIgniter\View\View->render('pages/admin', [], true)
 3 APPPATH\Controllers\Admin\Datapengguna.php(30): view('pages/admin', [...])
 4 SYSTEMPATH\CodeIgniter.php(902): App\Controllers\Admin\Datapengguna->index()
 5 SYSTEMPATH\CodeIgniter.php(457): CodeIgniter\CodeIgniter->runController(Object(App\Controllers\Admin\Datapengguna))
 6 SYSTEMPATH\CodeIgniter.php(340): CodeIgniter\CodeIgniter->handleRequest(null, Object(Config\Cache), false)
 7 FCPATH\index.php(67): CodeIgniter\CodeIgniter->run()
 8 SYSTEMPATH\Commands\Server\rewrite.php(46): require_once('FCPATH\\index.php')
CRITICAL - 2022-11-15 21:52:54 --> Invalid file: pages/admin/form.php
in SYSTEMPATH\Exceptions\FrameworkException.php on line 33.
 1 SYSTEMPATH\View\View.php(201): CodeIgniter\Exceptions\FrameworkException::forInvalidFile('pages/admin/form.php')
 2 SYSTEMPATH\Common.php(1142): CodeIgniter\View\View->render('pages/admin/form', [], true)
 3 APPPATH\Controllers\Admin\Datapengguna.php(30): view('pages/admin/form', [...])
 4 SYSTEMPATH\CodeIgniter.php(902): App\Controllers\Admin\Datapengguna->index()
 5 SYSTEMPATH\CodeIgniter.php(457): CodeIgniter\CodeIgniter->runController(Object(App\Controllers\Admin\Datapengguna))
 6 SYSTEMPATH\CodeIgniter.php(340): CodeIgniter\CodeIgniter->handleRequest(null, Object(Config\Cache), false)
 7 FCPATH\index.php(67): CodeIgniter\CodeIgniter->run()
 8 SYSTEMPATH\Commands\Server\rewrite.php(46): require_once('FCPATH\\index.php')
CRITICAL - 2022-11-15 21:53:00 --> Invalid file: pages/admin/form.php
in SYSTEMPATH\Exceptions\FrameworkException.php on line 33.
 1 SYSTEMPATH\View\View.php(201): CodeIgniter\Exceptions\FrameworkException::forInvalidFile('pages/admin/form.php')
 2 SYSTEMPATH\Common.php(1142): CodeIgniter\View\View->render('pages/admin/form', [], true)
 3 APPPATH\Controllers\Admin\Datapengguna.php(30): view('pages/admin/form', [...])
 4 SYSTEMPATH\CodeIgniter.php(902): App\Controllers\Admin\Datapengguna->index()
 5 SYSTEMPATH\CodeIgniter.php(457): CodeIgniter\CodeIgniter->runController(Object(App\Controllers\Admin\Datapengguna))
 6 SYSTEMPATH\CodeIgniter.php(340): CodeIgniter\CodeIgniter->handleRequest(null, Object(Config\Cache), false)
 7 FCPATH\index.php(67): CodeIgniter\CodeIgniter->run()
 8 SYSTEMPATH\Commands\Server\rewrite.php(46): require_once('FCPATH\\index.php')
CRITICAL - 2022-11-15 22:17:19 --> Undefined variable $page
in APPPATH\Views\pages\admin\pengguna\form.php on line 3.
 1 APPPATH\Views\pages\admin\pengguna\form.php(3): CodeIgniter\Debug\Exceptions->errorHandler(2, 'Undefined variable $page', 'APPPATH\\Views\\pages\\admin\\pengguna\\form.php', 3)
 2 SYSTEMPATH\View\View.php(213): include('APPPATH\\Views\\pages\\admin\\pengguna\\form.php')
 3 SYSTEMPATH\View\View.php(216): CodeIgniter\View\View->CodeIgniter\View\{closure}()
 4 SYSTEMPATH\Common.php(1142): CodeIgniter\View\View->render('pages/admin/pengguna/form', [], true)
 5 APPPATH\Controllers\Admin\Datapengguna.php(41): view('pages/admin/pengguna/form', [...])
 6 SYSTEMPATH\CodeIgniter.php(902): App\Controllers\Admin\Datapengguna->fcpengguna()
 7 SYSTEMPATH\CodeIgniter.php(457): CodeIgniter\CodeIgniter->runController(Object(App\Controllers\Admin\Datapengguna))
 8 SYSTEMPATH\CodeIgniter.php(340): CodeIgniter\CodeIgniter->handleRequest(null, Object(Config\Cache), false)
 9 FCPATH\index.php(67): CodeIgniter\CodeIgniter->run()
10 SYSTEMPATH\Commands\Server\rewrite.php(46): require_once('FCPATH\\index.php')
