CRITICAL - 2022-12-08 01:57:48 --> Undefined variable $periode
in APPPATH\Views\pages\admin\artikel\list.php on line 11.
 1 APPPATH\Views\pages\admin\artikel\list.php(11): CodeIgniter\Debug\Exceptions->errorHandler(2, 'Undefined variable $periode', 'APPPATH\\Views\\pages\\admin\\artikel\\list.php', 11)
 2 SYSTEMPATH\View\View.php(213): include('APPPATH\\Views\\pages\\admin\\artikel\\list.php')
 3 SYSTEMPATH\View\View.php(216): CodeIgniter\View\View->CodeIgniter\View\{closure}()
 4 SYSTEMPATH\Common.php(1134): CodeIgniter\View\View->render('pages/admin/artikel/list', [], true)
 5 APPPATH\Controllers\ArtikelController.php(41): view('pages/admin/artikel/list', [...])
 6 SYSTEMPATH\CodeIgniter.php(927): App\Controllers\ArtikelController->index()
 7 SYSTEMPATH\CodeIgniter.php(482): CodeIgniter\CodeIgniter->runController(Object(App\Controllers\ArtikelController))
 8 SYSTEMPATH\CodeIgniter.php(351): CodeIgniter\CodeIgniter->handleRequest(null, Object(Config\Cache), false)
 9 FCPATH\index.php(67): CodeIgniter\CodeIgniter->run()
10 SYSTEMPATH\Commands\Server\rewrite.php(46): require_once('FCPATH\\index.php')
CRITICAL - 2022-12-08 01:58:48 --> Undefined variable $page
in APPPATH\Views\pages\admin\artikel\list.php on line 9.
 1 APPPATH\Views\pages\admin\artikel\list.php(9): CodeIgniter\Debug\Exceptions->errorHandler(2, 'Undefined variable $page', 'APPPATH\\Views\\pages\\admin\\artikel\\list.php', 9)
 2 SYSTEMPATH\View\View.php(213): include('APPPATH\\Views\\pages\\admin\\artikel\\list.php')
 3 SYSTEMPATH\View\View.php(216): CodeIgniter\View\View->CodeIgniter\View\{closure}()
 4 SYSTEMPATH\Common.php(1134): CodeIgniter\View\View->render('pages/admin/artikel/list', [], true)
 5 APPPATH\Controllers\ArtikelController.php(41): view('pages/admin/artikel/list', [...])
 6 SYSTEMPATH\CodeIgniter.php(927): App\Controllers\ArtikelController->index()
 7 SYSTEMPATH\CodeIgniter.php(482): CodeIgniter\CodeIgniter->runController(Object(App\Controllers\ArtikelController))
 8 SYSTEMPATH\CodeIgniter.php(351): CodeIgniter\CodeIgniter->handleRequest(null, Object(Config\Cache), false)
 9 FCPATH\index.php(67): CodeIgniter\CodeIgniter->run()
10 SYSTEMPATH\Commands\Server\rewrite.php(46): require_once('FCPATH\\index.php')
CRITICAL - 2022-12-08 01:59:26 --> Undefined variable $page
in APPPATH\Views\pages\admin\artikel\list.php on line 9.
 1 APPPATH\Views\pages\admin\artikel\list.php(9): CodeIgniter\Debug\Exceptions->errorHandler(2, 'Undefined variable $page', 'APPPATH\\Views\\pages\\admin\\artikel\\list.php', 9)
 2 SYSTEMPATH\View\View.php(213): include('APPPATH\\Views\\pages\\admin\\artikel\\list.php')
 3 SYSTEMPATH\View\View.php(216): CodeIgniter\View\View->CodeIgniter\View\{closure}()
 4 SYSTEMPATH\Common.php(1134): CodeIgniter\View\View->render('pages/admin/artikel/list', [], true)
 5 APPPATH\Controllers\ArtikelController.php(41): view('pages/admin/artikel/list', [...])
 6 SYSTEMPATH\CodeIgniter.php(927): App\Controllers\ArtikelController->index()
 7 SYSTEMPATH\CodeIgniter.php(482): CodeIgniter\CodeIgniter->runController(Object(App\Controllers\ArtikelController))
 8 SYSTEMPATH\CodeIgniter.php(351): CodeIgniter\CodeIgniter->handleRequest(null, Object(Config\Cache), false)
 9 FCPATH\index.php(67): CodeIgniter\CodeIgniter->run()
10 SYSTEMPATH\Commands\Server\rewrite.php(46): require_once('FCPATH\\index.php')
CRITICAL - 2022-12-08 01:59:27 --> Undefined variable $page
in APPPATH\Views\pages\admin\artikel\list.php on line 9.
 1 APPPATH\Views\pages\admin\artikel\list.php(9): CodeIgniter\Debug\Exceptions->errorHandler(2, 'Undefined variable $page', 'APPPATH\\Views\\pages\\admin\\artikel\\list.php', 9)
 2 SYSTEMPATH\View\View.php(213): include('APPPATH\\Views\\pages\\admin\\artikel\\list.php')
 3 SYSTEMPATH\View\View.php(216): CodeIgniter\View\View->CodeIgniter\View\{closure}()
 4 SYSTEMPATH\Common.php(1134): CodeIgniter\View\View->render('pages/admin/artikel/list', [], true)
 5 APPPATH\Controllers\ArtikelController.php(41): view('pages/admin/artikel/list', [...])
 6 SYSTEMPATH\CodeIgniter.php(927): App\Controllers\ArtikelController->index()
 7 SYSTEMPATH\CodeIgniter.php(482): CodeIgniter\CodeIgniter->runController(Object(App\Controllers\ArtikelController))
 8 SYSTEMPATH\CodeIgniter.php(351): CodeIgniter\CodeIgniter->handleRequest(null, Object(Config\Cache), false)
 9 FCPATH\index.php(67): CodeIgniter\CodeIgniter->run()
10 SYSTEMPATH\Commands\Server\rewrite.php(46): require_once('FCPATH\\index.php')
CRITICAL - 2022-12-08 01:59:31 --> Undefined variable $page
in APPPATH\Views\pages\admin\artikel\list.php on line 9.
 1 APPPATH\Views\pages\admin\artikel\list.php(9): CodeIgniter\Debug\Exceptions->errorHandler(2, 'Undefined variable $page', 'APPPATH\\Views\\pages\\admin\\artikel\\list.php', 9)
 2 SYSTEMPATH\View\View.php(213): include('APPPATH\\Views\\pages\\admin\\artikel\\list.php')
 3 SYSTEMPATH\View\View.php(216): CodeIgniter\View\View->CodeIgniter\View\{closure}()
 4 SYSTEMPATH\Common.php(1134): CodeIgniter\View\View->render('pages/admin/artikel/list', [], true)
 5 APPPATH\Controllers\ArtikelController.php(41): view('pages/admin/artikel/list', [...])
 6 SYSTEMPATH\CodeIgniter.php(927): App\Controllers\ArtikelController->index()
 7 SYSTEMPATH\CodeIgniter.php(482): CodeIgniter\CodeIgniter->runController(Object(App\Controllers\ArtikelController))
 8 SYSTEMPATH\CodeIgniter.php(351): CodeIgniter\CodeIgniter->handleRequest(null, Object(Config\Cache), false)
 9 FCPATH\index.php(67): CodeIgniter\CodeIgniter->run()
10 SYSTEMPATH\Commands\Server\rewrite.php(46): require_once('FCPATH\\index.php')
CRITICAL - 2022-12-08 02:00:49 --> Undefined variable $page
in APPPATH\Views\pages\admin\artikel\list.php on line 37.
 1 APPPATH\Views\pages\admin\artikel\list.php(37): CodeIgniter\Debug\Exceptions->errorHandler(2, 'Undefined variable $page', 'APPPATH\\Views\\pages\\admin\\artikel\\list.php', 37)
 2 SYSTEMPATH\View\View.php(213): include('APPPATH\\Views\\pages\\admin\\artikel\\list.php')
 3 SYSTEMPATH\View\View.php(216): CodeIgniter\View\View->CodeIgniter\View\{closure}()
 4 SYSTEMPATH\Common.php(1134): CodeIgniter\View\View->render('pages/admin/artikel/list', [], true)
 5 APPPATH\Controllers\ArtikelController.php(41): view('pages/admin/artikel/list', [...])
 6 SYSTEMPATH\CodeIgniter.php(927): App\Controllers\ArtikelController->index()
 7 SYSTEMPATH\CodeIgniter.php(482): CodeIgniter\CodeIgniter->runController(Object(App\Controllers\ArtikelController))
 8 SYSTEMPATH\CodeIgniter.php(351): CodeIgniter\CodeIgniter->handleRequest(null, Object(Config\Cache), false)
 9 FCPATH\index.php(67): CodeIgniter\CodeIgniter->run()
10 SYSTEMPATH\Commands\Server\rewrite.php(46): require_once('FCPATH\\index.php')
CRITICAL - 2022-12-08 02:02:41 --> Cannot use object of type stdClass as array
in APPPATH\Views\pages\admin\artikel\list.php on line 73.
 1 SYSTEMPATH\View\View.php(213): include()
 2 SYSTEMPATH\View\View.php(216): CodeIgniter\View\View->CodeIgniter\View\{closure}()
 3 SYSTEMPATH\Common.php(1134): CodeIgniter\View\View->render('pages/admin/artikel/list', [], true)
 4 APPPATH\Controllers\ArtikelController.php(50): view('pages/admin/artikel/list', [...])
 5 SYSTEMPATH\CodeIgniter.php(927): App\Controllers\ArtikelController->index()
 6 SYSTEMPATH\CodeIgniter.php(482): CodeIgniter\CodeIgniter->runController(Object(App\Controllers\ArtikelController))
 7 SYSTEMPATH\CodeIgniter.php(351): CodeIgniter\CodeIgniter->handleRequest(null, Object(Config\Cache), false)
 8 FCPATH\index.php(67): CodeIgniter\CodeIgniter->run()
 9 SYSTEMPATH\Commands\Server\rewrite.php(46): require_once('FCPATH\\index.php')
CRITICAL - 2022-12-08 02:02:42 --> Cannot use object of type stdClass as array
in APPPATH\Views\pages\admin\artikel\list.php on line 73.
 1 SYSTEMPATH\View\View.php(213): include()
 2 SYSTEMPATH\View\View.php(216): CodeIgniter\View\View->CodeIgniter\View\{closure}()
 3 SYSTEMPATH\Common.php(1134): CodeIgniter\View\View->render('pages/admin/artikel/list', [], true)
 4 APPPATH\Controllers\ArtikelController.php(50): view('pages/admin/artikel/list', [...])
 5 SYSTEMPATH\CodeIgniter.php(927): App\Controllers\ArtikelController->index()
 6 SYSTEMPATH\CodeIgniter.php(482): CodeIgniter\CodeIgniter->runController(Object(App\Controllers\ArtikelController))
 7 SYSTEMPATH\CodeIgniter.php(351): CodeIgniter\CodeIgniter->handleRequest(null, Object(Config\Cache), false)
 8 FCPATH\index.php(67): CodeIgniter\CodeIgniter->run()
 9 SYSTEMPATH\Commands\Server\rewrite.php(46): require_once('FCPATH\\index.php')
CRITICAL - 2022-12-08 02:02:43 --> Cannot use object of type stdClass as array
in APPPATH\Views\pages\admin\artikel\list.php on line 73.
 1 SYSTEMPATH\View\View.php(213): include()
 2 SYSTEMPATH\View\View.php(216): CodeIgniter\View\View->CodeIgniter\View\{closure}()
 3 SYSTEMPATH\Common.php(1134): CodeIgniter\View\View->render('pages/admin/artikel/list', [], true)
 4 APPPATH\Controllers\ArtikelController.php(50): view('pages/admin/artikel/list', [...])
 5 SYSTEMPATH\CodeIgniter.php(927): App\Controllers\ArtikelController->index()
 6 SYSTEMPATH\CodeIgniter.php(482): CodeIgniter\CodeIgniter->runController(Object(App\Controllers\ArtikelController))
 7 SYSTEMPATH\CodeIgniter.php(351): CodeIgniter\CodeIgniter->handleRequest(null, Object(Config\Cache), false)
 8 FCPATH\index.php(67): CodeIgniter\CodeIgniter->run()
 9 SYSTEMPATH\Commands\Server\rewrite.php(46): require_once('FCPATH\\index.php')
CRITICAL - 2022-12-08 02:04:46 --> Call to undefined function form_open_multipart()
in APPPATH\Views\pages\admin\artikel\form.php on line 22.
 1 SYSTEMPATH\View\View.php(213): include()
 2 SYSTEMPATH\View\View.php(216): CodeIgniter\View\View->CodeIgniter\View\{closure}()
 3 SYSTEMPATH\Common.php(1134): CodeIgniter\View\View->render('pages/admin/artikel/form', [], true)
 4 APPPATH\Controllers\ArtikelController.php(181): view('pages/admin/artikel/form', [...])
 5 SYSTEMPATH\CodeIgniter.php(927): App\Controllers\ArtikelController->edit('15')
 6 SYSTEMPATH\CodeIgniter.php(482): CodeIgniter\CodeIgniter->runController(Object(App\Controllers\ArtikelController))
 7 SYSTEMPATH\CodeIgniter.php(351): CodeIgniter\CodeIgniter->handleRequest(null, Object(Config\Cache), false)
 8 FCPATH\index.php(67): CodeIgniter\CodeIgniter->run()
 9 SYSTEMPATH\Commands\Server\rewrite.php(46): require_once('FCPATH\\index.php')
CRITICAL - 2022-12-08 02:05:21 --> Call to undefined function form_open_multipart()
in APPPATH\Views\pages\admin\artikel\form.php on line 22.
 1 SYSTEMPATH\View\View.php(213): include()
 2 SYSTEMPATH\View\View.php(216): CodeIgniter\View\View->CodeIgniter\View\{closure}()
 3 SYSTEMPATH\Common.php(1134): CodeIgniter\View\View->render('pages/admin/artikel/form', [], true)
 4 APPPATH\Controllers\ArtikelController.php(97): view('pages/admin/artikel/form', [...])
 5 SYSTEMPATH\CodeIgniter.php(927): App\Controllers\ArtikelController->new()
 6 SYSTEMPATH\CodeIgniter.php(482): CodeIgniter\CodeIgniter->runController(Object(App\Controllers\ArtikelController))
 7 SYSTEMPATH\CodeIgniter.php(351): CodeIgniter\CodeIgniter->handleRequest(null, Object(Config\Cache), false)
 8 FCPATH\index.php(67): CodeIgniter\CodeIgniter->run()
 9 SYSTEMPATH\Commands\Server\rewrite.php(46): require_once('FCPATH\\index.php')
CRITICAL - 2022-12-08 02:19:41 --> Cannot use object of type stdClass as array
in APPPATH\Views\pages\admin\artikel\list.php on line 88.
 1 SYSTEMPATH\View\View.php(213): include()
 2 SYSTEMPATH\View\View.php(216): CodeIgniter\View\View->CodeIgniter\View\{closure}()
 3 SYSTEMPATH\Common.php(1134): CodeIgniter\View\View->render('pages/admin/artikel/list', [], true)
 4 APPPATH\Controllers\ArtikelController.php(51): view('pages/admin/artikel/list', [...])
 5 SYSTEMPATH\CodeIgniter.php(927): App\Controllers\ArtikelController->index()
 6 SYSTEMPATH\CodeIgniter.php(482): CodeIgniter\CodeIgniter->runController(Object(App\Controllers\ArtikelController))
 7 SYSTEMPATH\CodeIgniter.php(351): CodeIgniter\CodeIgniter->handleRequest(null, Object(Config\Cache), false)
 8 FCPATH\index.php(67): CodeIgniter\CodeIgniter->run()
 9 SYSTEMPATH\Commands\Server\rewrite.php(46): require_once('FCPATH\\index.php')
CRITICAL - 2022-12-08 02:55:40 --> Attempt to read property "created_at" on array
in APPPATH\Views\pages\admin\artikel\list.php on line 74.
 1 APPPATH\Views\pages\admin\artikel\list.php(74): CodeIgniter\Debug\Exceptions->errorHandler(2, 'Attempt to read property "created_at" on array', 'APPPATH\\Views\\pages\\admin\\artikel\\list.php', 74)
 2 SYSTEMPATH\View\View.php(213): include('APPPATH\\Views\\pages\\admin\\artikel\\list.php')
 3 SYSTEMPATH\View\View.php(216): CodeIgniter\View\View->CodeIgniter\View\{closure}()
 4 SYSTEMPATH\Common.php(1134): CodeIgniter\View\View->render('pages/admin/artikel/list', [], true)
 5 APPPATH\Controllers\ArtikelController.php(43): view('pages/admin/artikel/list', [...])
 6 SYSTEMPATH\CodeIgniter.php(927): App\Controllers\ArtikelController->index()
 7 SYSTEMPATH\CodeIgniter.php(482): CodeIgniter\CodeIgniter->runController(Object(App\Controllers\ArtikelController))
 8 SYSTEMPATH\CodeIgniter.php(351): CodeIgniter\CodeIgniter->handleRequest(null, Object(Config\Cache), false)
 9 FCPATH\index.php(67): CodeIgniter\CodeIgniter->run()
10 SYSTEMPATH\Commands\Server\rewrite.php(46): require_once('FCPATH\\index.php')
ERROR - 2022-12-08 22:13:51 --> Error connecting to the database: mysqli_sql_exception: No connection could be made because the target machine actively refused it in C:\Users\agung\Downloads\Downloads\kas_masjid1\vendor\codeigniter4\framework\system\Database\MySQLi\Connection.php:171
Stack trace:
#0 C:\Users\agung\Downloads\Downloads\kas_masjid1\vendor\codeigniter4\framework\system\Database\MySQLi\Connection.php(171): mysqli->real_connect('127.0.0.1', 'root', '', 'db_kas', 3306, '', 0)
#1 C:\Users\agung\Downloads\Downloads\kas_masjid1\vendor\codeigniter4\framework\system\Database\BaseConnection.php(382): CodeIgniter\Database\MySQLi\Connection->connect(false)
#2 C:\Users\agung\Downloads\Downloads\kas_masjid1\vendor\codeigniter4\framework\system\Database\BaseConnection.php(561): CodeIgniter\Database\BaseConnection->initialize()
#3 C:\Users\agung\Downloads\Downloads\kas_masjid1\vendor\codeigniter4\framework\system\Database\BaseBuilder.php(1585): CodeIgniter\Database\BaseConnection->query('SELECT SUM(`jum...', Array, false)
#4 C:\Users\agung\Downloads\Downloads\kas_masjid1\vendor\codeigniter4\framework\system\Model.php(185): CodeIgniter\Database\BaseBuilder->get()
#5 C:\Users\agung\Downloads\Downloads\kas_masjid1\vendor\codeigniter4\framework\system\BaseModel.php(524): CodeIgniter\Model->doFind(false, NULL)
#6 C:\Users\agung\Downloads\Downloads\kas_masjid1\app\Controllers\HomeController.php(33): CodeIgniter\BaseModel->find()
#7 C:\Users\agung\Downloads\Downloads\kas_masjid1\vendor\codeigniter4\framework\system\CodeIgniter.php(927): App\Controllers\HomeController->home()
#8 C:\Users\agung\Downloads\Downloads\kas_masjid1\vendor\codeigniter4\framework\system\CodeIgniter.php(482): CodeIgniter\CodeIgniter->runController(Object(App\Controllers\HomeController))
#9 C:\Users\agung\Downloads\Downloads\kas_masjid1\vendor\codeigniter4\framework\system\CodeIgniter.php(351): CodeIgniter\CodeIgniter->handleRequest(NULL, Object(Config\Cache), false)
#10 C:\Users\agung\Downloads\Downloads\kas_masjid1\public\index.php(67): CodeIgniter\CodeIgniter->run()
#11 C:\Users\agung\Downloads\Downloads\kas_masjid1\vendor\codeigniter4\framework\system\Commands\Server\rewrite.php(46): require_once('C:\\Users\\agung\\...')
#12 {main}

Next CodeIgniter\Database\Exceptions\DatabaseException: No connection could be made because the target machine actively refused it in C:\Users\agung\Downloads\Downloads\kas_masjid1\vendor\codeigniter4\framework\system\Database\MySQLi\Connection.php:215
Stack trace:
#0 C:\Users\agung\Downloads\Downloads\kas_masjid1\vendor\codeigniter4\framework\system\Database\BaseConnection.php(382): CodeIgniter\Database\MySQLi\Connection->connect(false)
#1 C:\Users\agung\Downloads\Downloads\kas_masjid1\vendor\codeigniter4\framework\system\Database\BaseConnection.php(561): CodeIgniter\Database\BaseConnection->initialize()
#2 C:\Users\agung\Downloads\Downloads\kas_masjid1\vendor\codeigniter4\framework\system\Database\BaseBuilder.php(1585): CodeIgniter\Database\BaseConnection->query('SELECT SUM(`jum...', Array, false)
#3 C:\Users\agung\Downloads\Downloads\kas_masjid1\vendor\codeigniter4\framework\system\Model.php(185): CodeIgniter\Database\BaseBuilder->get()
#4 C:\Users\agung\Downloads\Downloads\kas_masjid1\vendor\codeigniter4\framework\system\BaseModel.php(524): CodeIgniter\Model->doFind(false, NULL)
#5 C:\Users\agung\Downloads\Downloads\kas_masjid1\app\Controllers\HomeController.php(33): CodeIgniter\BaseModel->find()
#6 C:\Users\agung\Downloads\Downloads\kas_masjid1\vendor\codeigniter4\framework\system\CodeIgniter.php(927): App\Controllers\HomeController->home()
#7 C:\Users\agung\Downloads\Downloads\kas_masjid1\vendor\codeigniter4\framework\system\CodeIgniter.php(482): CodeIgniter\CodeIgniter->runController(Object(App\Controllers\HomeController))
#8 C:\Users\agung\Downloads\Downloads\kas_masjid1\vendor\codeigniter4\framework\system\CodeIgniter.php(351): CodeIgniter\CodeIgniter->handleRequest(NULL, Object(Config\Cache), false)
#9 C:\Users\agung\Downloads\Downloads\kas_masjid1\public\index.php(67): CodeIgniter\CodeIgniter->run()
#10 C:\Users\agung\Downloads\Downloads\kas_masjid1\vendor\codeigniter4\framework\system\Commands\Server\rewrite.php(46): require_once('C:\\Users\\agung\\...')
#11 {main}
CRITICAL - 2022-12-08 22:13:51 --> Unable to connect to the database.
Main connection [MySQLi]: No connection could be made because the target machine actively refused it
in SYSTEMPATH\Database\BaseConnection.php on line 418.
 1 SYSTEMPATH\Database\BaseConnection.php(561): CodeIgniter\Database\BaseConnection->initialize()
 2 SYSTEMPATH\Database\BaseBuilder.php(1585): CodeIgniter\Database\BaseConnection->query('SELECT SUM(`jumlah`) AS `jumlah`
FROM `tb_pemasukan`', [], false)
 3 SYSTEMPATH\Model.php(185): CodeIgniter\Database\BaseBuilder->get()
 4 SYSTEMPATH\BaseModel.php(524): CodeIgniter\Model->doFind(false, null)
 5 APPPATH\Controllers\HomeController.php(33): CodeIgniter\BaseModel->find()
 6 SYSTEMPATH\CodeIgniter.php(927): App\Controllers\HomeController->home()
 7 SYSTEMPATH\CodeIgniter.php(482): CodeIgniter\CodeIgniter->runController(Object(App\Controllers\HomeController))
 8 SYSTEMPATH\CodeIgniter.php(351): CodeIgniter\CodeIgniter->handleRequest(null, Object(Config\Cache), false)
 9 FCPATH\index.php(67): CodeIgniter\CodeIgniter->run()
10 SYSTEMPATH\Commands\Server\rewrite.php(46): require_once('FCPATH\\index.php')
ERROR - 2022-12-08 22:14:01 --> Error connecting to the database: mysqli_sql_exception: No connection could be made because the target machine actively refused it in C:\Users\agung\Downloads\Downloads\kas_masjid1\vendor\codeigniter4\framework\system\Database\MySQLi\Connection.php:171
Stack trace:
#0 C:\Users\agung\Downloads\Downloads\kas_masjid1\vendor\codeigniter4\framework\system\Database\MySQLi\Connection.php(171): mysqli->real_connect('127.0.0.1', 'root', '', 'db_kas', 3306, '', 0)
#1 C:\Users\agung\Downloads\Downloads\kas_masjid1\vendor\codeigniter4\framework\system\Database\BaseConnection.php(382): CodeIgniter\Database\MySQLi\Connection->connect(false)
#2 C:\Users\agung\Downloads\Downloads\kas_masjid1\vendor\codeigniter4\framework\system\Database\BaseConnection.php(561): CodeIgniter\Database\BaseConnection->initialize()
#3 C:\Users\agung\Downloads\Downloads\kas_masjid1\vendor\codeigniter4\framework\system\Database\BaseBuilder.php(1585): CodeIgniter\Database\BaseConnection->query('SELECT SUM(`jum...', Array, false)
#4 C:\Users\agung\Downloads\Downloads\kas_masjid1\vendor\codeigniter4\framework\system\Model.php(185): CodeIgniter\Database\BaseBuilder->get()
#5 C:\Users\agung\Downloads\Downloads\kas_masjid1\vendor\codeigniter4\framework\system\BaseModel.php(524): CodeIgniter\Model->doFind(false, NULL)
#6 C:\Users\agung\Downloads\Downloads\kas_masjid1\app\Controllers\HomeController.php(33): CodeIgniter\BaseModel->find()
#7 C:\Users\agung\Downloads\Downloads\kas_masjid1\vendor\codeigniter4\framework\system\CodeIgniter.php(927): App\Controllers\HomeController->home()
#8 C:\Users\agung\Downloads\Downloads\kas_masjid1\vendor\codeigniter4\framework\system\CodeIgniter.php(482): CodeIgniter\CodeIgniter->runController(Object(App\Controllers\HomeController))
#9 C:\Users\agung\Downloads\Downloads\kas_masjid1\vendor\codeigniter4\framework\system\CodeIgniter.php(351): CodeIgniter\CodeIgniter->handleRequest(NULL, Object(Config\Cache), false)
#10 C:\Users\agung\Downloads\Downloads\kas_masjid1\public\index.php(67): CodeIgniter\CodeIgniter->run()
#11 C:\Users\agung\Downloads\Downloads\kas_masjid1\vendor\codeigniter4\framework\system\Commands\Server\rewrite.php(46): require_once('C:\\Users\\agung\\...')
#12 {main}

Next CodeIgniter\Database\Exceptions\DatabaseException: No connection could be made because the target machine actively refused it in C:\Users\agung\Downloads\Downloads\kas_masjid1\vendor\codeigniter4\framework\system\Database\MySQLi\Connection.php:215
Stack trace:
#0 C:\Users\agung\Downloads\Downloads\kas_masjid1\vendor\codeigniter4\framework\system\Database\BaseConnection.php(382): CodeIgniter\Database\MySQLi\Connection->connect(false)
#1 C:\Users\agung\Downloads\Downloads\kas_masjid1\vendor\codeigniter4\framework\system\Database\BaseConnection.php(561): CodeIgniter\Database\BaseConnection->initialize()
#2 C:\Users\agung\Downloads\Downloads\kas_masjid1\vendor\codeigniter4\framework\system\Database\BaseBuilder.php(1585): CodeIgniter\Database\BaseConnection->query('SELECT SUM(`jum...', Array, false)
#3 C:\Users\agung\Downloads\Downloads\kas_masjid1\vendor\codeigniter4\framework\system\Model.php(185): CodeIgniter\Database\BaseBuilder->get()
#4 C:\Users\agung\Downloads\Downloads\kas_masjid1\vendor\codeigniter4\framework\system\BaseModel.php(524): CodeIgniter\Model->doFind(false, NULL)
#5 C:\Users\agung\Downloads\Downloads\kas_masjid1\app\Controllers\HomeController.php(33): CodeIgniter\BaseModel->find()
#6 C:\Users\agung\Downloads\Downloads\kas_masjid1\vendor\codeigniter4\framework\system\CodeIgniter.php(927): App\Controllers\HomeController->home()
#7 C:\Users\agung\Downloads\Downloads\kas_masjid1\vendor\codeigniter4\framework\system\CodeIgniter.php(482): CodeIgniter\CodeIgniter->runController(Object(App\Controllers\HomeController))
#8 C:\Users\agung\Downloads\Downloads\kas_masjid1\vendor\codeigniter4\framework\system\CodeIgniter.php(351): CodeIgniter\CodeIgniter->handleRequest(NULL, Object(Config\Cache), false)
#9 C:\Users\agung\Downloads\Downloads\kas_masjid1\public\index.php(67): CodeIgniter\CodeIgniter->run()
#10 C:\Users\agung\Downloads\Downloads\kas_masjid1\vendor\codeigniter4\framework\system\Commands\Server\rewrite.php(46): require_once('C:\\Users\\agung\\...')
#11 {main}
CRITICAL - 2022-12-08 22:14:01 --> Unable to connect to the database.
Main connection [MySQLi]: No connection could be made because the target machine actively refused it
in SYSTEMPATH\Database\BaseConnection.php on line 418.
 1 SYSTEMPATH\Database\BaseConnection.php(561): CodeIgniter\Database\BaseConnection->initialize()
 2 SYSTEMPATH\Database\BaseBuilder.php(1585): CodeIgniter\Database\BaseConnection->query('SELECT SUM(`jumlah`) AS `jumlah`
FROM `tb_pemasukan`', [], false)
 3 SYSTEMPATH\Model.php(185): CodeIgniter\Database\BaseBuilder->get()
 4 SYSTEMPATH\BaseModel.php(524): CodeIgniter\Model->doFind(false, null)
 5 APPPATH\Controllers\HomeController.php(33): CodeIgniter\BaseModel->find()
 6 SYSTEMPATH\CodeIgniter.php(927): App\Controllers\HomeController->home()
 7 SYSTEMPATH\CodeIgniter.php(482): CodeIgniter\CodeIgniter->runController(Object(App\Controllers\HomeController))
 8 SYSTEMPATH\CodeIgniter.php(351): CodeIgniter\CodeIgniter->handleRequest(null, Object(Config\Cache), false)
 9 FCPATH\index.php(67): CodeIgniter\CodeIgniter->run()
10 SYSTEMPATH\Commands\Server\rewrite.php(46): require_once('FCPATH\\index.php')
ERROR - 2022-12-08 22:14:07 --> Error connecting to the database: mysqli_sql_exception: No connection could be made because the target machine actively refused it in C:\Users\agung\Downloads\Downloads\kas_masjid1\vendor\codeigniter4\framework\system\Database\MySQLi\Connection.php:171
Stack trace:
#0 C:\Users\agung\Downloads\Downloads\kas_masjid1\vendor\codeigniter4\framework\system\Database\MySQLi\Connection.php(171): mysqli->real_connect('127.0.0.1', 'root', '', 'db_kas', 3306, '', 0)
#1 C:\Users\agung\Downloads\Downloads\kas_masjid1\vendor\codeigniter4\framework\system\Database\BaseConnection.php(382): CodeIgniter\Database\MySQLi\Connection->connect(false)
#2 C:\Users\agung\Downloads\Downloads\kas_masjid1\vendor\codeigniter4\framework\system\Database\BaseConnection.php(561): CodeIgniter\Database\BaseConnection->initialize()
#3 C:\Users\agung\Downloads\Downloads\kas_masjid1\vendor\codeigniter4\framework\system\Database\BaseBuilder.php(1585): CodeIgniter\Database\BaseConnection->query('SELECT SUM(`jum...', Array, false)
#4 C:\Users\agung\Downloads\Downloads\kas_masjid1\vendor\codeigniter4\framework\system\Model.php(185): CodeIgniter\Database\BaseBuilder->get()
#5 C:\Users\agung\Downloads\Downloads\kas_masjid1\vendor\codeigniter4\framework\system\BaseModel.php(524): CodeIgniter\Model->doFind(false, NULL)
#6 C:\Users\agung\Downloads\Downloads\kas_masjid1\app\Controllers\HomeController.php(33): CodeIgniter\BaseModel->find()
#7 C:\Users\agung\Downloads\Downloads\kas_masjid1\vendor\codeigniter4\framework\system\CodeIgniter.php(927): App\Controllers\HomeController->home()
#8 C:\Users\agung\Downloads\Downloads\kas_masjid1\vendor\codeigniter4\framework\system\CodeIgniter.php(482): CodeIgniter\CodeIgniter->runController(Object(App\Controllers\HomeController))
#9 C:\Users\agung\Downloads\Downloads\kas_masjid1\vendor\codeigniter4\framework\system\CodeIgniter.php(351): CodeIgniter\CodeIgniter->handleRequest(NULL, Object(Config\Cache), false)
#10 C:\Users\agung\Downloads\Downloads\kas_masjid1\public\index.php(67): CodeIgniter\CodeIgniter->run()
#11 C:\Users\agung\Downloads\Downloads\kas_masjid1\vendor\codeigniter4\framework\system\Commands\Server\rewrite.php(46): require_once('C:\\Users\\agung\\...')
#12 {main}

Next CodeIgniter\Database\Exceptions\DatabaseException: No connection could be made because the target machine actively refused it in C:\Users\agung\Downloads\Downloads\kas_masjid1\vendor\codeigniter4\framework\system\Database\MySQLi\Connection.php:215
Stack trace:
#0 C:\Users\agung\Downloads\Downloads\kas_masjid1\vendor\codeigniter4\framework\system\Database\BaseConnection.php(382): CodeIgniter\Database\MySQLi\Connection->connect(false)
#1 C:\Users\agung\Downloads\Downloads\kas_masjid1\vendor\codeigniter4\framework\system\Database\BaseConnection.php(561): CodeIgniter\Database\BaseConnection->initialize()
#2 C:\Users\agung\Downloads\Downloads\kas_masjid1\vendor\codeigniter4\framework\system\Database\BaseBuilder.php(1585): CodeIgniter\Database\BaseConnection->query('SELECT SUM(`jum...', Array, false)
#3 C:\Users\agung\Downloads\Downloads\kas_masjid1\vendor\codeigniter4\framework\system\Model.php(185): CodeIgniter\Database\BaseBuilder->get()
#4 C:\Users\agung\Downloads\Downloads\kas_masjid1\vendor\codeigniter4\framework\system\BaseModel.php(524): CodeIgniter\Model->doFind(false, NULL)
#5 C:\Users\agung\Downloads\Downloads\kas_masjid1\app\Controllers\HomeController.php(33): CodeIgniter\BaseModel->find()
#6 C:\Users\agung\Downloads\Downloads\kas_masjid1\vendor\codeigniter4\framework\system\CodeIgniter.php(927): App\Controllers\HomeController->home()
#7 C:\Users\agung\Downloads\Downloads\kas_masjid1\vendor\codeigniter4\framework\system\CodeIgniter.php(482): CodeIgniter\CodeIgniter->runController(Object(App\Controllers\HomeController))
#8 C:\Users\agung\Downloads\Downloads\kas_masjid1\vendor\codeigniter4\framework\system\CodeIgniter.php(351): CodeIgniter\CodeIgniter->handleRequest(NULL, Object(Config\Cache), false)
#9 C:\Users\agung\Downloads\Downloads\kas_masjid1\public\index.php(67): CodeIgniter\CodeIgniter->run()
#10 C:\Users\agung\Downloads\Downloads\kas_masjid1\vendor\codeigniter4\framework\system\Commands\Server\rewrite.php(46): require_once('C:\\Users\\agung\\...')
#11 {main}
CRITICAL - 2022-12-08 22:14:07 --> Unable to connect to the database.
Main connection [MySQLi]: No connection could be made because the target machine actively refused it
in SYSTEMPATH\Database\BaseConnection.php on line 418.
 1 SYSTEMPATH\Database\BaseConnection.php(561): CodeIgniter\Database\BaseConnection->initialize()
 2 SYSTEMPATH\Database\BaseBuilder.php(1585): CodeIgniter\Database\BaseConnection->query('SELECT SUM(`jumlah`) AS `jumlah`
FROM `tb_pemasukan`', [], false)
 3 SYSTEMPATH\Model.php(185): CodeIgniter\Database\BaseBuilder->get()
 4 SYSTEMPATH\BaseModel.php(524): CodeIgniter\Model->doFind(false, null)
 5 APPPATH\Controllers\HomeController.php(33): CodeIgniter\BaseModel->find()
 6 SYSTEMPATH\CodeIgniter.php(927): App\Controllers\HomeController->home()
 7 SYSTEMPATH\CodeIgniter.php(482): CodeIgniter\CodeIgniter->runController(Object(App\Controllers\HomeController))
 8 SYSTEMPATH\CodeIgniter.php(351): CodeIgniter\CodeIgniter->handleRequest(null, Object(Config\Cache), false)
 9 FCPATH\index.php(67): CodeIgniter\CodeIgniter->run()
10 SYSTEMPATH\Commands\Server\rewrite.php(46): require_once('FCPATH\\index.php')
ERROR - 2022-12-08 22:14:13 --> Error connecting to the database: mysqli_sql_exception: No connection could be made because the target machine actively refused it in C:\Users\agung\Downloads\Downloads\kas_masjid1\vendor\codeigniter4\framework\system\Database\MySQLi\Connection.php:171
Stack trace:
#0 C:\Users\agung\Downloads\Downloads\kas_masjid1\vendor\codeigniter4\framework\system\Database\MySQLi\Connection.php(171): mysqli->real_connect('127.0.0.1', 'root', '', 'db_kas', 3306, '', 0)
#1 C:\Users\agung\Downloads\Downloads\kas_masjid1\vendor\codeigniter4\framework\system\Database\BaseConnection.php(382): CodeIgniter\Database\MySQLi\Connection->connect(false)
#2 C:\Users\agung\Downloads\Downloads\kas_masjid1\vendor\codeigniter4\framework\system\Database\BaseConnection.php(561): CodeIgniter\Database\BaseConnection->initialize()
#3 C:\Users\agung\Downloads\Downloads\kas_masjid1\vendor\codeigniter4\framework\system\Database\BaseBuilder.php(1585): CodeIgniter\Database\BaseConnection->query('SELECT SUM(`jum...', Array, false)
#4 C:\Users\agung\Downloads\Downloads\kas_masjid1\vendor\codeigniter4\framework\system\Model.php(185): CodeIgniter\Database\BaseBuilder->get()
#5 C:\Users\agung\Downloads\Downloads\kas_masjid1\vendor\codeigniter4\framework\system\BaseModel.php(524): CodeIgniter\Model->doFind(false, NULL)
#6 C:\Users\agung\Downloads\Downloads\kas_masjid1\app\Controllers\HomeController.php(33): CodeIgniter\BaseModel->find()
#7 C:\Users\agung\Downloads\Downloads\kas_masjid1\vendor\codeigniter4\framework\system\CodeIgniter.php(927): App\Controllers\HomeController->home()
#8 C:\Users\agung\Downloads\Downloads\kas_masjid1\vendor\codeigniter4\framework\system\CodeIgniter.php(482): CodeIgniter\CodeIgniter->runController(Object(App\Controllers\HomeController))
#9 C:\Users\agung\Downloads\Downloads\kas_masjid1\vendor\codeigniter4\framework\system\CodeIgniter.php(351): CodeIgniter\CodeIgniter->handleRequest(NULL, Object(Config\Cache), false)
#10 C:\Users\agung\Downloads\Downloads\kas_masjid1\public\index.php(67): CodeIgniter\CodeIgniter->run()
#11 C:\Users\agung\Downloads\Downloads\kas_masjid1\vendor\codeigniter4\framework\system\Commands\Server\rewrite.php(46): require_once('C:\\Users\\agung\\...')
#12 {main}

Next CodeIgniter\Database\Exceptions\DatabaseException: No connection could be made because the target machine actively refused it in C:\Users\agung\Downloads\Downloads\kas_masjid1\vendor\codeigniter4\framework\system\Database\MySQLi\Connection.php:215
Stack trace:
#0 C:\Users\agung\Downloads\Downloads\kas_masjid1\vendor\codeigniter4\framework\system\Database\BaseConnection.php(382): CodeIgniter\Database\MySQLi\Connection->connect(false)
#1 C:\Users\agung\Downloads\Downloads\kas_masjid1\vendor\codeigniter4\framework\system\Database\BaseConnection.php(561): CodeIgniter\Database\BaseConnection->initialize()
#2 C:\Users\agung\Downloads\Downloads\kas_masjid1\vendor\codeigniter4\framework\system\Database\BaseBuilder.php(1585): CodeIgniter\Database\BaseConnection->query('SELECT SUM(`jum...', Array, false)
#3 C:\Users\agung\Downloads\Downloads\kas_masjid1\vendor\codeigniter4\framework\system\Model.php(185): CodeIgniter\Database\BaseBuilder->get()
#4 C:\Users\agung\Downloads\Downloads\kas_masjid1\vendor\codeigniter4\framework\system\BaseModel.php(524): CodeIgniter\Model->doFind(false, NULL)
#5 C:\Users\agung\Downloads\Downloads\kas_masjid1\app\Controllers\HomeController.php(33): CodeIgniter\BaseModel->find()
#6 C:\Users\agung\Downloads\Downloads\kas_masjid1\vendor\codeigniter4\framework\system\CodeIgniter.php(927): App\Controllers\HomeController->home()
#7 C:\Users\agung\Downloads\Downloads\kas_masjid1\vendor\codeigniter4\framework\system\CodeIgniter.php(482): CodeIgniter\CodeIgniter->runController(Object(App\Controllers\HomeController))
#8 C:\Users\agung\Downloads\Downloads\kas_masjid1\vendor\codeigniter4\framework\system\CodeIgniter.php(351): CodeIgniter\CodeIgniter->handleRequest(NULL, Object(Config\Cache), false)
#9 C:\Users\agung\Downloads\Downloads\kas_masjid1\public\index.php(67): CodeIgniter\CodeIgniter->run()
#10 C:\Users\agung\Downloads\Downloads\kas_masjid1\vendor\codeigniter4\framework\system\Commands\Server\rewrite.php(46): require_once('C:\\Users\\agung\\...')
#11 {main}
CRITICAL - 2022-12-08 22:14:13 --> Unable to connect to the database.
Main connection [MySQLi]: No connection could be made because the target machine actively refused it
in SYSTEMPATH\Database\BaseConnection.php on line 418.
 1 SYSTEMPATH\Database\BaseConnection.php(561): CodeIgniter\Database\BaseConnection->initialize()
 2 SYSTEMPATH\Database\BaseBuilder.php(1585): CodeIgniter\Database\BaseConnection->query('SELECT SUM(`jumlah`) AS `jumlah`
FROM `tb_pemasukan`', [], false)
 3 SYSTEMPATH\Model.php(185): CodeIgniter\Database\BaseBuilder->get()
 4 SYSTEMPATH\BaseModel.php(524): CodeIgniter\Model->doFind(false, null)
 5 APPPATH\Controllers\HomeController.php(33): CodeIgniter\BaseModel->find()
 6 SYSTEMPATH\CodeIgniter.php(927): App\Controllers\HomeController->home()
 7 SYSTEMPATH\CodeIgniter.php(482): CodeIgniter\CodeIgniter->runController(Object(App\Controllers\HomeController))
 8 SYSTEMPATH\CodeIgniter.php(351): CodeIgniter\CodeIgniter->handleRequest(null, Object(Config\Cache), false)
 9 FCPATH\index.php(67): CodeIgniter\CodeIgniter->run()
10 SYSTEMPATH\Commands\Server\rewrite.php(46): require_once('FCPATH\\index.php')
CRITICAL - 2022-12-08 22:14:29 --> Attempt to read property "judul" on array
in APPPATH\Views\pages\user\home.php on line 159.
 1 APPPATH\Views\pages\user\home.php(159): CodeIgniter\Debug\Exceptions->errorHandler(2, 'Attempt to read property "judul" on array', 'APPPATH\\Views\\pages\\user\\home.php', 159)
 2 SYSTEMPATH\View\View.php(213): include('APPPATH\\Views\\pages\\user\\home.php')
 3 SYSTEMPATH\View\View.php(216): CodeIgniter\View\View->CodeIgniter\View\{closure}()
 4 SYSTEMPATH\Common.php(1134): CodeIgniter\View\View->render('pages/user/home', [], true)
 5 APPPATH\Controllers\HomeController.php(46): view('pages/user/home', [...])
 6 SYSTEMPATH\CodeIgniter.php(927): App\Controllers\HomeController->home()
 7 SYSTEMPATH\CodeIgniter.php(482): CodeIgniter\CodeIgniter->runController(Object(App\Controllers\HomeController))
 8 SYSTEMPATH\CodeIgniter.php(351): CodeIgniter\CodeIgniter->handleRequest(null, Object(Config\Cache), false)
 9 FCPATH\index.php(67): CodeIgniter\CodeIgniter->run()
10 SYSTEMPATH\Commands\Server\rewrite.php(46): require_once('FCPATH\\index.php')
CRITICAL - 2022-12-08 22:22:40 --> Call to undefined function form_open_multipart()
in APPPATH\Views\pages\admin\artikel\form.php on line 22.
 1 SYSTEMPATH\View\View.php(213): include()
 2 SYSTEMPATH\View\View.php(216): CodeIgniter\View\View->CodeIgniter\View\{closure}()
 3 SYSTEMPATH\Common.php(1134): CodeIgniter\View\View->render('pages/admin/artikel/form', [], true)
 4 APPPATH\Controllers\ArtikelController.php(97): view('pages/admin/artikel/form', [...])
 5 SYSTEMPATH\CodeIgniter.php(927): App\Controllers\ArtikelController->new()
 6 SYSTEMPATH\CodeIgniter.php(482): CodeIgniter\CodeIgniter->runController(Object(App\Controllers\ArtikelController))
 7 SYSTEMPATH\CodeIgniter.php(351): CodeIgniter\CodeIgniter->handleRequest(null, Object(Config\Cache), false)
 8 FCPATH\index.php(67): CodeIgniter\CodeIgniter->run()
 9 SYSTEMPATH\Commands\Server\rewrite.php(46): require_once('FCPATH\\index.php')
CRITICAL - 2022-12-08 23:32:58 --> Allowed fields must be specified for model: App\Models\ArtikelModel
in SYSTEMPATH\BaseModel.php on line 1160.
 1 SYSTEMPATH\BaseModel.php(1160): CodeIgniter\Database\Exceptions\DataException::forInvalidAllowedFields('App\\Models\\ArtikelModel')
 2 SYSTEMPATH\BaseModel.php(724): CodeIgniter\BaseModel->doProtectFields([...])
 3 SYSTEMPATH\Model.php(667): CodeIgniter\BaseModel->insert([...], false)
 4 SYSTEMPATH\BaseModel.php(659): CodeIgniter\Model->insert([...], false)
 5 APPPATH\Controllers\ArtikelController.php(140): CodeIgniter\BaseModel->save([...])
 6 SYSTEMPATH\CodeIgniter.php(927): App\Controllers\ArtikelController->create()
 7 SYSTEMPATH\CodeIgniter.php(482): CodeIgniter\CodeIgniter->runController(Object(App\Controllers\ArtikelController))
 8 SYSTEMPATH\CodeIgniter.php(351): CodeIgniter\CodeIgniter->handleRequest(null, Object(Config\Cache), false)
 9 FCPATH\index.php(67): CodeIgniter\CodeIgniter->run()
10 SYSTEMPATH\Commands\Server\rewrite.php(46): require_once('FCPATH\\index.php')
CRITICAL - 2022-12-08 23:33:50 --> There is no data to insert.
in SYSTEMPATH\BaseModel.php on line 729.
 1 SYSTEMPATH\BaseModel.php(729): CodeIgniter\Database\Exceptions\DataException::forEmptyDataset('insert')
 2 SYSTEMPATH\Model.php(667): CodeIgniter\BaseModel->insert([], false)
 3 SYSTEMPATH\BaseModel.php(659): CodeIgniter\Model->insert([...], false)
 4 APPPATH\Controllers\ArtikelController.php(140): CodeIgniter\BaseModel->save([...])
 5 SYSTEMPATH\CodeIgniter.php(927): App\Controllers\ArtikelController->create()
 6 SYSTEMPATH\CodeIgniter.php(482): CodeIgniter\CodeIgniter->runController(Object(App\Controllers\ArtikelController))
 7 SYSTEMPATH\CodeIgniter.php(351): CodeIgniter\CodeIgniter->handleRequest(null, Object(Config\Cache), false)
 8 FCPATH\index.php(67): CodeIgniter\CodeIgniter->run()
 9 SYSTEMPATH\Commands\Server\rewrite.php(46): require_once('FCPATH\\index.php')
CRITICAL - 2022-12-08 23:37:22 --> Undefined property: stdClass::$created_at
in APPPATH\Views\pages\admin\artikel\list.php on line 74.
 1 APPPATH\Views\pages\admin\artikel\list.php(74): CodeIgniter\Debug\Exceptions->errorHandler(2, 'Undefined property: stdClass::$created_at', 'APPPATH\\Views\\pages\\admin\\artikel\\list.php', 74)
 2 SYSTEMPATH\View\View.php(213): include('APPPATH\\Views\\pages\\admin\\artikel\\list.php')
 3 SYSTEMPATH\View\View.php(216): CodeIgniter\View\View->CodeIgniter\View\{closure}()
 4 SYSTEMPATH\Common.php(1134): CodeIgniter\View\View->render('pages/admin/artikel/list', [], true)
 5 APPPATH\Controllers\ArtikelController.php(40): view('pages/admin/artikel/list', [...])
 6 SYSTEMPATH\CodeIgniter.php(927): App\Controllers\ArtikelController->index()
 7 SYSTEMPATH\CodeIgniter.php(482): CodeIgniter\CodeIgniter->runController(Object(App\Controllers\ArtikelController))
 8 SYSTEMPATH\CodeIgniter.php(351): CodeIgniter\CodeIgniter->handleRequest(null, Object(Config\Cache), false)
 9 FCPATH\index.php(67): CodeIgniter\CodeIgniter->run()
10 SYSTEMPATH\Commands\Server\rewrite.php(46): require_once('FCPATH\\index.php')
CRITICAL - 2022-12-08 23:37:42 --> Undefined property: stdClass::$created_at
in APPPATH\Views\pages\admin\artikel\list.php on line 74.
 1 APPPATH\Views\pages\admin\artikel\list.php(74): CodeIgniter\Debug\Exceptions->errorHandler(2, 'Undefined property: stdClass::$created_at', 'APPPATH\\Views\\pages\\admin\\artikel\\list.php', 74)
 2 SYSTEMPATH\View\View.php(213): include('APPPATH\\Views\\pages\\admin\\artikel\\list.php')
 3 SYSTEMPATH\View\View.php(216): CodeIgniter\View\View->CodeIgniter\View\{closure}()
 4 SYSTEMPATH\Common.php(1134): CodeIgniter\View\View->render('pages/admin/artikel/list', [], true)
 5 APPPATH\Controllers\ArtikelController.php(40): view('pages/admin/artikel/list', [...])
 6 SYSTEMPATH\CodeIgniter.php(927): App\Controllers\ArtikelController->index()
 7 SYSTEMPATH\CodeIgniter.php(482): CodeIgniter\CodeIgniter->runController(Object(App\Controllers\ArtikelController))
 8 SYSTEMPATH\CodeIgniter.php(351): CodeIgniter\CodeIgniter->handleRequest(null, Object(Config\Cache), false)
 9 FCPATH\index.php(67): CodeIgniter\CodeIgniter->run()
10 SYSTEMPATH\Commands\Server\rewrite.php(46): require_once('FCPATH\\index.php')
ERROR - 2022-12-08 23:41:25 --> mysqli_sql_exception: Column 'created_at' cannot be null in C:\Users\agung\Downloads\Downloads\kas_masjid1\vendor\codeigniter4\framework\system\Database\MySQLi\Connection.php:292
Stack trace:
#0 C:\Users\agung\Downloads\Downloads\kas_masjid1\vendor\codeigniter4\framework\system\Database\MySQLi\Connection.php(292): mysqli->query('INSERT INTO `tb...', 0)
#1 C:\Users\agung\Downloads\Downloads\kas_masjid1\vendor\codeigniter4\framework\system\Database\BaseConnection.php(666): CodeIgniter\Database\MySQLi\Connection->execute('INSERT INTO `tb...')
#2 C:\Users\agung\Downloads\Downloads\kas_masjid1\vendor\codeigniter4\framework\system\Database\BaseConnection.php(593): CodeIgniter\Database\BaseConnection->simpleQuery('INSERT INTO `tb...')
#3 C:\Users\agung\Downloads\Downloads\kas_masjid1\vendor\codeigniter4\framework\system\Database\BaseBuilder.php(1916): CodeIgniter\Database\BaseConnection->query('INSERT INTO `tb...', Array, false)
#4 C:\Users\agung\Downloads\Downloads\kas_masjid1\app\Models\ArtikelModel.php(37): CodeIgniter\Database\BaseBuilder->insert(Array)
#5 C:\Users\agung\Downloads\Downloads\kas_masjid1\app\Controllers\ArtikelController.php(269): App\Models\ArtikelModel->simpan_gambar(Array)
#6 C:\Users\agung\Downloads\Downloads\kas_masjid1\vendor\codeigniter4\framework\system\CodeIgniter.php(927): App\Controllers\ArtikelController->proses()
#7 C:\Users\agung\Downloads\Downloads\kas_masjid1\vendor\codeigniter4\framework\system\CodeIgniter.php(482): CodeIgniter\CodeIgniter->runController(Object(App\Controllers\ArtikelController))
#8 C:\Users\agung\Downloads\Downloads\kas_masjid1\vendor\codeigniter4\framework\system\CodeIgniter.php(351): CodeIgniter\CodeIgniter->handleRequest(NULL, Object(Config\Cache), false)
#9 C:\Users\agung\Downloads\Downloads\kas_masjid1\public\index.php(67): CodeIgniter\CodeIgniter->run()
#10 C:\Users\agung\Downloads\Downloads\kas_masjid1\vendor\codeigniter4\framework\system\Commands\Server\rewrite.php(46): require_once('C:\\Users\\agung\\...')
#11 {main}
CRITICAL - 2022-12-08 23:41:25 --> Column 'created_at' cannot be null
in SYSTEMPATH\Database\MySQLi\Connection.php on line 292.
 1 SYSTEMPATH\Database\MySQLi\Connection.php(292): mysqli->query('INSERT INTO `tb_artikel` (`created_at`, `penulis`, `judul`, `gambar`, `konten`) VALUES (NULL, \'asd\', \'asd\', \'pexels-erik-karits-3738673.jpg\', \'<p>adada</p>\\r\\n\')', 0)
 2 SYSTEMPATH\Database\BaseConnection.php(666): CodeIgniter\Database\MySQLi\Connection->execute('INSERT INTO `tb_artikel` (`created_at`, `penulis`, `judul`, `gambar`, `konten`) VALUES (NULL, \'asd\', \'asd\', \'pexels-erik-karits-3738673.jpg\', \'<p>adada</p>\\r\\n\')')
 3 SYSTEMPATH\Database\BaseConnection.php(593): CodeIgniter\Database\BaseConnection->simpleQuery('INSERT INTO `tb_artikel` (`created_at`, `penulis`, `judul`, `gambar`, `konten`) VALUES (NULL, \'asd\', \'asd\', \'pexels-erik-karits-3738673.jpg\', \'<p>adada</p>\\r\\n\')')
 4 SYSTEMPATH\Database\BaseBuilder.php(1916): CodeIgniter\Database\BaseConnection->query('INSERT INTO `tb_artikel` (`created_at`, `penulis`, `judul`, `gambar`, `konten`) VALUES (:created_at:, :penulis:, :judul:, :gambar:, :konten:)', [...], false)
 5 APPPATH\Models\ArtikelModel.php(37): CodeIgniter\Database\BaseBuilder->insert([...])
 6 APPPATH\Controllers\ArtikelController.php(269): App\Models\ArtikelModel->simpan_gambar([...])
 7 SYSTEMPATH\CodeIgniter.php(927): App\Controllers\ArtikelController->proses()
 8 SYSTEMPATH\CodeIgniter.php(482): CodeIgniter\CodeIgniter->runController(Object(App\Controllers\ArtikelController))
 9 SYSTEMPATH\CodeIgniter.php(351): CodeIgniter\CodeIgniter->handleRequest(null, Object(Config\Cache), false)
10 FCPATH\index.php(67): CodeIgniter\CodeIgniter->run()
11 SYSTEMPATH\Commands\Server\rewrite.php(46): require_once('FCPATH\\index.php')
CRITICAL - 2022-12-08 23:43:49 --> There is no data to insert.
in SYSTEMPATH\BaseModel.php on line 729.
 1 SYSTEMPATH\BaseModel.php(729): CodeIgniter\Database\Exceptions\DataException::forEmptyDataset('insert')
 2 SYSTEMPATH\Model.php(667): CodeIgniter\BaseModel->insert([], false)
 3 SYSTEMPATH\BaseModel.php(659): CodeIgniter\Model->insert([...], false)
 4 APPPATH\Controllers\ArtikelController.php(140): CodeIgniter\BaseModel->save([...])
 5 SYSTEMPATH\CodeIgniter.php(927): App\Controllers\ArtikelController->create()
 6 SYSTEMPATH\CodeIgniter.php(482): CodeIgniter\CodeIgniter->runController(Object(App\Controllers\ArtikelController))
 7 SYSTEMPATH\CodeIgniter.php(351): CodeIgniter\CodeIgniter->handleRequest(null, Object(Config\Cache), false)
 8 FCPATH\index.php(67): CodeIgniter\CodeIgniter->run()
 9 SYSTEMPATH\Commands\Server\rewrite.php(46): require_once('FCPATH\\index.php')
ERROR - 2022-12-08 23:45:10 --> mysqli_sql_exception: Column 'created_at' cannot be null in C:\Users\agung\Downloads\Downloads\kas_masjid1\vendor\codeigniter4\framework\system\Database\MySQLi\Connection.php:292
Stack trace:
#0 C:\Users\agung\Downloads\Downloads\kas_masjid1\vendor\codeigniter4\framework\system\Database\MySQLi\Connection.php(292): mysqli->query('INSERT INTO `tb...', 0)
#1 C:\Users\agung\Downloads\Downloads\kas_masjid1\vendor\codeigniter4\framework\system\Database\BaseConnection.php(666): CodeIgniter\Database\MySQLi\Connection->execute('INSERT INTO `tb...')
#2 C:\Users\agung\Downloads\Downloads\kas_masjid1\vendor\codeigniter4\framework\system\Database\BaseConnection.php(593): CodeIgniter\Database\BaseConnection->simpleQuery('INSERT INTO `tb...')
#3 C:\Users\agung\Downloads\Downloads\kas_masjid1\vendor\codeigniter4\framework\system\Database\BaseBuilder.php(1916): CodeIgniter\Database\BaseConnection->query('INSERT INTO `tb...', Array, false)
#4 C:\Users\agung\Downloads\Downloads\kas_masjid1\app\Models\ArtikelModel.php(37): CodeIgniter\Database\BaseBuilder->insert(Array)
#5 C:\Users\agung\Downloads\Downloads\kas_masjid1\app\Controllers\ArtikelController.php(269): App\Models\ArtikelModel->simpan_gambar(Array)
#6 C:\Users\agung\Downloads\Downloads\kas_masjid1\vendor\codeigniter4\framework\system\CodeIgniter.php(927): App\Controllers\ArtikelController->proses()
#7 C:\Users\agung\Downloads\Downloads\kas_masjid1\vendor\codeigniter4\framework\system\CodeIgniter.php(482): CodeIgniter\CodeIgniter->runController(Object(App\Controllers\ArtikelController))
#8 C:\Users\agung\Downloads\Downloads\kas_masjid1\vendor\codeigniter4\framework\system\CodeIgniter.php(351): CodeIgniter\CodeIgniter->handleRequest(NULL, Object(Config\Cache), false)
#9 C:\Users\agung\Downloads\Downloads\kas_masjid1\public\index.php(67): CodeIgniter\CodeIgniter->run()
#10 C:\Users\agung\Downloads\Downloads\kas_masjid1\vendor\codeigniter4\framework\system\Commands\Server\rewrite.php(46): require_once('C:\\Users\\agung\\...')
#11 {main}
CRITICAL - 2022-12-08 23:45:10 --> Column 'created_at' cannot be null
in SYSTEMPATH\Database\MySQLi\Connection.php on line 292.
 1 SYSTEMPATH\Database\MySQLi\Connection.php(292): mysqli->query('INSERT INTO `tb_artikel` (`created_at`, `penulis`, `judul`, `gambar`, `konten`) VALUES (NULL, \'fsdf\', \'sdfsdf\', \'pexels-erik-karits-3738673_1.jpg\', \'<p>sdfsd</p>\\r\\n\')', 0)
 2 SYSTEMPATH\Database\BaseConnection.php(666): CodeIgniter\Database\MySQLi\Connection->execute('INSERT INTO `tb_artikel` (`created_at`, `penulis`, `judul`, `gambar`, `konten`) VALUES (NULL, \'fsdf\', \'sdfsdf\', \'pexels-erik-karits-3738673_1.jpg\', \'<p>sdfsd</p>\\r\\n\')')
 3 SYSTEMPATH\Database\BaseConnection.php(593): CodeIgniter\Database\BaseConnection->simpleQuery('INSERT INTO `tb_artikel` (`created_at`, `penulis`, `judul`, `gambar`, `konten`) VALUES (NULL, \'fsdf\', \'sdfsdf\', \'pexels-erik-karits-3738673_1.jpg\', \'<p>sdfsd</p>\\r\\n\')')
 4 SYSTEMPATH\Database\BaseBuilder.php(1916): CodeIgniter\Database\BaseConnection->query('INSERT INTO `tb_artikel` (`created_at`, `penulis`, `judul`, `gambar`, `konten`) VALUES (:created_at:, :penulis:, :judul:, :gambar:, :konten:)', [...], false)
 5 APPPATH\Models\ArtikelModel.php(37): CodeIgniter\Database\BaseBuilder->insert([...])
 6 APPPATH\Controllers\ArtikelController.php(269): App\Models\ArtikelModel->simpan_gambar([...])
 7 SYSTEMPATH\CodeIgniter.php(927): App\Controllers\ArtikelController->proses()
 8 SYSTEMPATH\CodeIgniter.php(482): CodeIgniter\CodeIgniter->runController(Object(App\Controllers\ArtikelController))
 9 SYSTEMPATH\CodeIgniter.php(351): CodeIgniter\CodeIgniter->handleRequest(null, Object(Config\Cache), false)
10 FCPATH\index.php(67): CodeIgniter\CodeIgniter->run()
11 SYSTEMPATH\Commands\Server\rewrite.php(46): require_once('FCPATH\\index.php')
CRITICAL - 2022-12-08 23:46:19 --> strtotime(): Passing null to parameter #1 ($datetime) of type string is deprecated
in APPPATH\Views\pages\admin\artikel\list.php on line 74.
 1 [internal function]: CodeIgniter\Debug\Exceptions->errorHandler(8192, 'strtotime(): Passing null to parameter #1 ($datetime) of type string is deprecated', 'APPPATH\\Views\\pages\\admin\\artikel\\list.php', 74)
 2 APPPATH\Views\pages\admin\artikel\list.php(74): strtotime(null)
 3 SYSTEMPATH\View\View.php(213): include('APPPATH\\Views\\pages\\admin\\artikel\\list.php')
 4 SYSTEMPATH\View\View.php(216): CodeIgniter\View\View->CodeIgniter\View\{closure}()
 5 SYSTEMPATH\Common.php(1134): CodeIgniter\View\View->render('pages/admin/artikel/list', [], true)
 6 APPPATH\Controllers\ArtikelController.php(40): view('pages/admin/artikel/list', [...])
 7 SYSTEMPATH\CodeIgniter.php(927): App\Controllers\ArtikelController->index()
 8 SYSTEMPATH\CodeIgniter.php(482): CodeIgniter\CodeIgniter->runController(Object(App\Controllers\ArtikelController))
 9 SYSTEMPATH\CodeIgniter.php(351): CodeIgniter\CodeIgniter->handleRequest(null, Object(Config\Cache), false)
10 FCPATH\index.php(67): CodeIgniter\CodeIgniter->run()
11 SYSTEMPATH\Commands\Server\rewrite.php(46): require_once('FCPATH\\index.php')
CRITICAL - 2022-12-08 23:46:38 --> strtotime(): Passing null to parameter #1 ($datetime) of type string is deprecated
in APPPATH\Views\pages\admin\artikel\list.php on line 74.
 1 [internal function]: CodeIgniter\Debug\Exceptions->errorHandler(8192, 'strtotime(): Passing null to parameter #1 ($datetime) of type string is deprecated', 'APPPATH\\Views\\pages\\admin\\artikel\\list.php', 74)
 2 APPPATH\Views\pages\admin\artikel\list.php(74): strtotime(null)
 3 SYSTEMPATH\View\View.php(213): include('APPPATH\\Views\\pages\\admin\\artikel\\list.php')
 4 SYSTEMPATH\View\View.php(216): CodeIgniter\View\View->CodeIgniter\View\{closure}()
 5 SYSTEMPATH\Common.php(1134): CodeIgniter\View\View->render('pages/admin/artikel/list', [], true)
 6 APPPATH\Controllers\ArtikelController.php(40): view('pages/admin/artikel/list', [...])
 7 SYSTEMPATH\CodeIgniter.php(927): App\Controllers\ArtikelController->index()
 8 SYSTEMPATH\CodeIgniter.php(482): CodeIgniter\CodeIgniter->runController(Object(App\Controllers\ArtikelController))
 9 SYSTEMPATH\CodeIgniter.php(351): CodeIgniter\CodeIgniter->handleRequest(null, Object(Config\Cache), false)
10 FCPATH\index.php(67): CodeIgniter\CodeIgniter->run()
11 SYSTEMPATH\Commands\Server\rewrite.php(46): require_once('FCPATH\\index.php')
CRITICAL - 2022-12-08 23:46:39 --> strtotime(): Passing null to parameter #1 ($datetime) of type string is deprecated
in APPPATH\Views\pages\admin\artikel\list.php on line 74.
 1 [internal function]: CodeIgniter\Debug\Exceptions->errorHandler(8192, 'strtotime(): Passing null to parameter #1 ($datetime) of type string is deprecated', 'APPPATH\\Views\\pages\\admin\\artikel\\list.php', 74)
 2 APPPATH\Views\pages\admin\artikel\list.php(74): strtotime(null)
 3 SYSTEMPATH\View\View.php(213): include('APPPATH\\Views\\pages\\admin\\artikel\\list.php')
 4 SYSTEMPATH\View\View.php(216): CodeIgniter\View\View->CodeIgniter\View\{closure}()
 5 SYSTEMPATH\Common.php(1134): CodeIgniter\View\View->render('pages/admin/artikel/list', [], true)
 6 APPPATH\Controllers\ArtikelController.php(40): view('pages/admin/artikel/list', [...])
 7 SYSTEMPATH\CodeIgniter.php(927): App\Controllers\ArtikelController->index()
 8 SYSTEMPATH\CodeIgniter.php(482): CodeIgniter\CodeIgniter->runController(Object(App\Controllers\ArtikelController))
 9 SYSTEMPATH\CodeIgniter.php(351): CodeIgniter\CodeIgniter->handleRequest(null, Object(Config\Cache), false)
10 FCPATH\index.php(67): CodeIgniter\CodeIgniter->run()
11 SYSTEMPATH\Commands\Server\rewrite.php(46): require_once('FCPATH\\index.php')
CRITICAL - 2022-12-08 23:49:37 --> strtotime(): Passing null to parameter #1 ($datetime) of type string is deprecated
in APPPATH\Views\pages\admin\artikel\list.php on line 74.
 1 [internal function]: CodeIgniter\Debug\Exceptions->errorHandler(8192, 'strtotime(): Passing null to parameter #1 ($datetime) of type string is deprecated', 'APPPATH\\Views\\pages\\admin\\artikel\\list.php', 74)
 2 APPPATH\Views\pages\admin\artikel\list.php(74): strtotime(null)
 3 SYSTEMPATH\View\View.php(213): include('APPPATH\\Views\\pages\\admin\\artikel\\list.php')
 4 SYSTEMPATH\View\View.php(216): CodeIgniter\View\View->CodeIgniter\View\{closure}()
 5 SYSTEMPATH\Common.php(1134): CodeIgniter\View\View->render('pages/admin/artikel/list', [], true)
 6 APPPATH\Controllers\ArtikelController.php(38): view('pages/admin/artikel/list', [...])
 7 SYSTEMPATH\CodeIgniter.php(927): App\Controllers\ArtikelController->index()
 8 SYSTEMPATH\CodeIgniter.php(482): CodeIgniter\CodeIgniter->runController(Object(App\Controllers\ArtikelController))
 9 SYSTEMPATH\CodeIgniter.php(351): CodeIgniter\CodeIgniter->handleRequest(null, Object(Config\Cache), false)
10 FCPATH\index.php(67): CodeIgniter\CodeIgniter->run()
11 SYSTEMPATH\Commands\Server\rewrite.php(46): require_once('FCPATH\\index.php')
CRITICAL - 2022-12-08 23:49:38 --> strtotime(): Passing null to parameter #1 ($datetime) of type string is deprecated
in APPPATH\Views\pages\admin\artikel\list.php on line 74.
 1 [internal function]: CodeIgniter\Debug\Exceptions->errorHandler(8192, 'strtotime(): Passing null to parameter #1 ($datetime) of type string is deprecated', 'APPPATH\\Views\\pages\\admin\\artikel\\list.php', 74)
 2 APPPATH\Views\pages\admin\artikel\list.php(74): strtotime(null)
 3 SYSTEMPATH\View\View.php(213): include('APPPATH\\Views\\pages\\admin\\artikel\\list.php')
 4 SYSTEMPATH\View\View.php(216): CodeIgniter\View\View->CodeIgniter\View\{closure}()
 5 SYSTEMPATH\Common.php(1134): CodeIgniter\View\View->render('pages/admin/artikel/list', [], true)
 6 APPPATH\Controllers\ArtikelController.php(38): view('pages/admin/artikel/list', [...])
 7 SYSTEMPATH\CodeIgniter.php(927): App\Controllers\ArtikelController->index()
 8 SYSTEMPATH\CodeIgniter.php(482): CodeIgniter\CodeIgniter->runController(Object(App\Controllers\ArtikelController))
 9 SYSTEMPATH\CodeIgniter.php(351): CodeIgniter\CodeIgniter->handleRequest(null, Object(Config\Cache), false)
10 FCPATH\index.php(67): CodeIgniter\CodeIgniter->run()
11 SYSTEMPATH\Commands\Server\rewrite.php(46): require_once('FCPATH\\index.php')
CRITICAL - 2022-12-08 23:50:13 --> strtotime(): Passing null to parameter #1 ($datetime) of type string is deprecated
in APPPATH\Views\pages\admin\artikel\list.php on line 74.
 1 [internal function]: CodeIgniter\Debug\Exceptions->errorHandler(8192, 'strtotime(): Passing null to parameter #1 ($datetime) of type string is deprecated', 'APPPATH\\Views\\pages\\admin\\artikel\\list.php', 74)
 2 APPPATH\Views\pages\admin\artikel\list.php(74): strtotime(null)
 3 SYSTEMPATH\View\View.php(213): include('APPPATH\\Views\\pages\\admin\\artikel\\list.php')
 4 SYSTEMPATH\View\View.php(216): CodeIgniter\View\View->CodeIgniter\View\{closure}()
 5 SYSTEMPATH\Common.php(1134): CodeIgniter\View\View->render('pages/admin/artikel/list', [], true)
 6 APPPATH\Controllers\ArtikelController.php(38): view('pages/admin/artikel/list', [...])
 7 SYSTEMPATH\CodeIgniter.php(927): App\Controllers\ArtikelController->index()
 8 SYSTEMPATH\CodeIgniter.php(482): CodeIgniter\CodeIgniter->runController(Object(App\Controllers\ArtikelController))
 9 SYSTEMPATH\CodeIgniter.php(351): CodeIgniter\CodeIgniter->handleRequest(null, Object(Config\Cache), false)
10 FCPATH\index.php(67): CodeIgniter\CodeIgniter->run()
11 SYSTEMPATH\Commands\Server\rewrite.php(46): require_once('FCPATH\\index.php')
CRITICAL - 2022-12-08 23:51:57 --> strtotime(): Passing null to parameter #1 ($datetime) of type string is deprecated
in APPPATH\Views\pages\admin\artikel\list.php on line 74.
 1 [internal function]: CodeIgniter\Debug\Exceptions->errorHandler(8192, 'strtotime(): Passing null to parameter #1 ($datetime) of type string is deprecated', 'APPPATH\\Views\\pages\\admin\\artikel\\list.php', 74)
 2 APPPATH\Views\pages\admin\artikel\list.php(74): strtotime(null)
 3 SYSTEMPATH\View\View.php(213): include('APPPATH\\Views\\pages\\admin\\artikel\\list.php')
 4 SYSTEMPATH\View\View.php(216): CodeIgniter\View\View->CodeIgniter\View\{closure}()
 5 SYSTEMPATH\Common.php(1134): CodeIgniter\View\View->render('pages/admin/artikel/list', [], true)
 6 APPPATH\Controllers\ArtikelController.php(38): view('pages/admin/artikel/list', [...])
 7 SYSTEMPATH\CodeIgniter.php(927): App\Controllers\ArtikelController->index()
 8 SYSTEMPATH\CodeIgniter.php(482): CodeIgniter\CodeIgniter->runController(Object(App\Controllers\ArtikelController))
 9 SYSTEMPATH\CodeIgniter.php(351): CodeIgniter\CodeIgniter->handleRequest(null, Object(Config\Cache), false)
10 FCPATH\index.php(67): CodeIgniter\CodeIgniter->run()
11 SYSTEMPATH\Commands\Server\rewrite.php(46): require_once('FCPATH\\index.php')
CRITICAL - 2022-12-08 23:52:07 --> strtotime(): Passing null to parameter #1 ($datetime) of type string is deprecated
in APPPATH\Views\pages\admin\artikel\list.php on line 74.
 1 [internal function]: CodeIgniter\Debug\Exceptions->errorHandler(8192, 'strtotime(): Passing null to parameter #1 ($datetime) of type string is deprecated', 'APPPATH\\Views\\pages\\admin\\artikel\\list.php', 74)
 2 APPPATH\Views\pages\admin\artikel\list.php(74): strtotime(null)
 3 SYSTEMPATH\View\View.php(213): include('APPPATH\\Views\\pages\\admin\\artikel\\list.php')
 4 SYSTEMPATH\View\View.php(216): CodeIgniter\View\View->CodeIgniter\View\{closure}()
 5 SYSTEMPATH\Common.php(1134): CodeIgniter\View\View->render('pages/admin/artikel/list', [], true)
 6 APPPATH\Controllers\ArtikelController.php(38): view('pages/admin/artikel/list', [...])
 7 SYSTEMPATH\CodeIgniter.php(927): App\Controllers\ArtikelController->index()
 8 SYSTEMPATH\CodeIgniter.php(482): CodeIgniter\CodeIgniter->runController(Object(App\Controllers\ArtikelController))
 9 SYSTEMPATH\CodeIgniter.php(351): CodeIgniter\CodeIgniter->handleRequest(null, Object(Config\Cache), false)
10 FCPATH\index.php(67): CodeIgniter\CodeIgniter->run()
11 SYSTEMPATH\Commands\Server\rewrite.php(46): require_once('FCPATH\\index.php')
CRITICAL - 2022-12-08 23:52:29 --> strtotime(): Passing null to parameter #1 ($datetime) of type string is deprecated
in APPPATH\Views\pages\admin\artikel\list.php on line 74.
 1 [internal function]: CodeIgniter\Debug\Exceptions->errorHandler(8192, 'strtotime(): Passing null to parameter #1 ($datetime) of type string is deprecated', 'APPPATH\\Views\\pages\\admin\\artikel\\list.php', 74)
 2 APPPATH\Views\pages\admin\artikel\list.php(74): strtotime(null)
 3 SYSTEMPATH\View\View.php(213): include('APPPATH\\Views\\pages\\admin\\artikel\\list.php')
 4 SYSTEMPATH\View\View.php(216): CodeIgniter\View\View->CodeIgniter\View\{closure}()
 5 SYSTEMPATH\Common.php(1134): CodeIgniter\View\View->render('pages/admin/artikel/list', [], true)
 6 APPPATH\Controllers\ArtikelController.php(38): view('pages/admin/artikel/list', [...])
 7 SYSTEMPATH\CodeIgniter.php(927): App\Controllers\ArtikelController->index()
 8 SYSTEMPATH\CodeIgniter.php(482): CodeIgniter\CodeIgniter->runController(Object(App\Controllers\ArtikelController))
 9 SYSTEMPATH\CodeIgniter.php(351): CodeIgniter\CodeIgniter->handleRequest(null, Object(Config\Cache), false)
10 FCPATH\index.php(67): CodeIgniter\CodeIgniter->run()
11 SYSTEMPATH\Commands\Server\rewrite.php(46): require_once('FCPATH\\index.php')
CRITICAL - 2022-12-08 23:53:39 --> strtotime(): Passing null to parameter #1 ($datetime) of type string is deprecated
in APPPATH\Views\pages\admin\artikel\list.php on line 74.
 1 [internal function]: CodeIgniter\Debug\Exceptions->errorHandler(8192, 'strtotime(): Passing null to parameter #1 ($datetime) of type string is deprecated', 'APPPATH\\Views\\pages\\admin\\artikel\\list.php', 74)
 2 APPPATH\Views\pages\admin\artikel\list.php(74): strtotime(null)
 3 SYSTEMPATH\View\View.php(213): include('APPPATH\\Views\\pages\\admin\\artikel\\list.php')
 4 SYSTEMPATH\View\View.php(216): CodeIgniter\View\View->CodeIgniter\View\{closure}()
 5 SYSTEMPATH\Common.php(1134): CodeIgniter\View\View->render('pages/admin/artikel/list', [], true)
 6 APPPATH\Controllers\ArtikelController.php(40): view('pages/admin/artikel/list', [...])
 7 SYSTEMPATH\CodeIgniter.php(927): App\Controllers\ArtikelController->index()
 8 SYSTEMPATH\CodeIgniter.php(482): CodeIgniter\CodeIgniter->runController(Object(App\Controllers\ArtikelController))
 9 SYSTEMPATH\CodeIgniter.php(351): CodeIgniter\CodeIgniter->handleRequest(null, Object(Config\Cache), false)
10 FCPATH\index.php(67): CodeIgniter\CodeIgniter->run()
11 SYSTEMPATH\Commands\Server\rewrite.php(46): require_once('FCPATH\\index.php')
CRITICAL - 2022-12-08 23:53:40 --> strtotime(): Passing null to parameter #1 ($datetime) of type string is deprecated
in APPPATH\Views\pages\admin\artikel\list.php on line 74.
 1 [internal function]: CodeIgniter\Debug\Exceptions->errorHandler(8192, 'strtotime(): Passing null to parameter #1 ($datetime) of type string is deprecated', 'APPPATH\\Views\\pages\\admin\\artikel\\list.php', 74)
 2 APPPATH\Views\pages\admin\artikel\list.php(74): strtotime(null)
 3 SYSTEMPATH\View\View.php(213): include('APPPATH\\Views\\pages\\admin\\artikel\\list.php')
 4 SYSTEMPATH\View\View.php(216): CodeIgniter\View\View->CodeIgniter\View\{closure}()
 5 SYSTEMPATH\Common.php(1134): CodeIgniter\View\View->render('pages/admin/artikel/list', [], true)
 6 APPPATH\Controllers\ArtikelController.php(40): view('pages/admin/artikel/list', [...])
 7 SYSTEMPATH\CodeIgniter.php(927): App\Controllers\ArtikelController->index()
 8 SYSTEMPATH\CodeIgniter.php(482): CodeIgniter\CodeIgniter->runController(Object(App\Controllers\ArtikelController))
 9 SYSTEMPATH\CodeIgniter.php(351): CodeIgniter\CodeIgniter->handleRequest(null, Object(Config\Cache), false)
10 FCPATH\index.php(67): CodeIgniter\CodeIgniter->run()
11 SYSTEMPATH\Commands\Server\rewrite.php(46): require_once('FCPATH\\index.php')
CRITICAL - 2022-12-08 23:53:42 --> strtotime(): Passing null to parameter #1 ($datetime) of type string is deprecated
in APPPATH\Views\pages\user\home.php on line 161.
 1 [internal function]: CodeIgniter\Debug\Exceptions->errorHandler(8192, 'strtotime(): Passing null to parameter #1 ($datetime) of type string is deprecated', 'APPPATH\\Views\\pages\\user\\home.php', 161)
 2 APPPATH\Views\pages\user\home.php(161): strtotime(null)
 3 SYSTEMPATH\View\View.php(213): include('APPPATH\\Views\\pages\\user\\home.php')
 4 SYSTEMPATH\View\View.php(216): CodeIgniter\View\View->CodeIgniter\View\{closure}()
 5 SYSTEMPATH\Common.php(1134): CodeIgniter\View\View->render('pages/user/home', [], true)
 6 APPPATH\Controllers\HomeController.php(46): view('pages/user/home', [...])
 7 SYSTEMPATH\CodeIgniter.php(927): App\Controllers\HomeController->home()
 8 SYSTEMPATH\CodeIgniter.php(482): CodeIgniter\CodeIgniter->runController(Object(App\Controllers\HomeController))
 9 SYSTEMPATH\CodeIgniter.php(351): CodeIgniter\CodeIgniter->handleRequest(null, Object(Config\Cache), false)
10 FCPATH\index.php(67): CodeIgniter\CodeIgniter->run()
11 SYSTEMPATH\Commands\Server\rewrite.php(46): require_once('FCPATH\\index.php')
CRITICAL - 2022-12-08 23:55:18 --> strtotime(): Passing null to parameter #1 ($datetime) of type string is deprecated
in APPPATH\Views\pages\user\home.php on line 161.
 1 [internal function]: CodeIgniter\Debug\Exceptions->errorHandler(8192, 'strtotime(): Passing null to parameter #1 ($datetime) of type string is deprecated', 'APPPATH\\Views\\pages\\user\\home.php', 161)
 2 APPPATH\Views\pages\user\home.php(161): strtotime(null)
 3 SYSTEMPATH\View\View.php(213): include('APPPATH\\Views\\pages\\user\\home.php')
 4 SYSTEMPATH\View\View.php(216): CodeIgniter\View\View->CodeIgniter\View\{closure}()
 5 SYSTEMPATH\Common.php(1134): CodeIgniter\View\View->render('pages/user/home', [], true)
 6 APPPATH\Controllers\HomeController.php(46): view('pages/user/home', [...])
 7 SYSTEMPATH\CodeIgniter.php(927): App\Controllers\HomeController->home()
 8 SYSTEMPATH\CodeIgniter.php(482): CodeIgniter\CodeIgniter->runController(Object(App\Controllers\HomeController))
 9 SYSTEMPATH\CodeIgniter.php(351): CodeIgniter\CodeIgniter->handleRequest(null, Object(Config\Cache), false)
10 FCPATH\index.php(67): CodeIgniter\CodeIgniter->run()
11 SYSTEMPATH\Commands\Server\rewrite.php(46): require_once('FCPATH\\index.php')
CRITICAL - 2022-12-08 23:56:43 --> strtotime(): Passing null to parameter #1 ($datetime) of type string is deprecated
in APPPATH\Views\pages\admin\artikel\list.php on line 74.
 1 [internal function]: CodeIgniter\Debug\Exceptions->errorHandler(8192, 'strtotime(): Passing null to parameter #1 ($datetime) of type string is deprecated', 'APPPATH\\Views\\pages\\admin\\artikel\\list.php', 74)
 2 APPPATH\Views\pages\admin\artikel\list.php(74): strtotime(null)
 3 SYSTEMPATH\View\View.php(213): include('APPPATH\\Views\\pages\\admin\\artikel\\list.php')
 4 SYSTEMPATH\View\View.php(216): CodeIgniter\View\View->CodeIgniter\View\{closure}()
 5 SYSTEMPATH\Common.php(1134): CodeIgniter\View\View->render('pages/admin/artikel/list', [], true)
 6 APPPATH\Controllers\ArtikelController.php(38): view('pages/admin/artikel/list', [...])
 7 SYSTEMPATH\CodeIgniter.php(927): App\Controllers\ArtikelController->index()
 8 SYSTEMPATH\CodeIgniter.php(482): CodeIgniter\CodeIgniter->runController(Object(App\Controllers\ArtikelController))
 9 SYSTEMPATH\CodeIgniter.php(351): CodeIgniter\CodeIgniter->handleRequest(null, Object(Config\Cache), false)
10 FCPATH\index.php(67): CodeIgniter\CodeIgniter->run()
11 SYSTEMPATH\Commands\Server\rewrite.php(46): require_once('FCPATH\\index.php')
