CRITICAL - 2022-09-29 01:49:51 --> syntax error, unexpected token "class", expecting "," or ";"
in APPPATH\Controllers\User\Home.php on line 6.
 1 SYSTEMPATH\Autoloader\Autoloader.php(259): CodeIgniter\Autoloader\Autoloader->includeFile('APPPATH\\Controllers\\User\\Home.php')
 2 SYSTEMPATH\Autoloader\Autoloader.php(237): CodeIgniter\Autoloader\Autoloader->loadInNamespace('App\\Controllers\\User\\Home')
 3 [internal function]: CodeIgniter\Autoloader\Autoloader->loadClass('App\\Controllers\\User\\Home')
 4 SYSTEMPATH\CodeIgniter.php(857): class_exists('\\App\\Controllers\\User\\Home', true)
 5 SYSTEMPATH\CodeIgniter.php(444): CodeIgniter\CodeIgniter->startController()
 6 SYSTEMPATH\CodeIgniter.php(340): CodeIgniter\CodeIgniter->handleRequest(null, Object(Config\Cache), false)
 7 FCPATH\index.php(67): CodeIgniter\CodeIgniter->run()
 8 SYSTEMPATH\Commands\Server\rewrite.php(43): require_once('FCPATH\\index.php')
CRITICAL - 2022-09-29 01:54:59 --> syntax error, unexpected token "class", expecting "," or ";"
in APPPATH\Controllers\User\Home.php on line 6.
 1 SYSTEMPATH\Autoloader\Autoloader.php(259): CodeIgniter\Autoloader\Autoloader->includeFile('APPPATH\\Controllers\\User\\Home.php')
 2 SYSTEMPATH\Autoloader\Autoloader.php(237): CodeIgniter\Autoloader\Autoloader->loadInNamespace('App\\Controllers\\User\\Home')
 3 [internal function]: CodeIgniter\Autoloader\Autoloader->loadClass('App\\Controllers\\User\\Home')
 4 SYSTEMPATH\CodeIgniter.php(857): class_exists('\\App\\Controllers\\User\\Home', true)
 5 SYSTEMPATH\CodeIgniter.php(444): CodeIgniter\CodeIgniter->startController()
 6 SYSTEMPATH\CodeIgniter.php(340): CodeIgniter\CodeIgniter->handleRequest(null, Object(Config\Cache), false)
 7 FCPATH\index.php(67): CodeIgniter\CodeIgniter->run()
 8 SYSTEMPATH\Commands\Server\rewrite.php(43): require_once('FCPATH\\index.php')
CRITICAL - 2022-09-29 01:55:00 --> syntax error, unexpected token "class", expecting "," or ";"
in APPPATH\Controllers\User\Home.php on line 6.
 1 SYSTEMPATH\Autoloader\Autoloader.php(259): CodeIgniter\Autoloader\Autoloader->includeFile('APPPATH\\Controllers\\User\\Home.php')
 2 SYSTEMPATH\Autoloader\Autoloader.php(237): CodeIgniter\Autoloader\Autoloader->loadInNamespace('App\\Controllers\\User\\Home')
 3 [internal function]: CodeIgniter\Autoloader\Autoloader->loadClass('App\\Controllers\\User\\Home')
 4 SYSTEMPATH\CodeIgniter.php(857): class_exists('\\App\\Controllers\\User\\Home', true)
 5 SYSTEMPATH\CodeIgniter.php(444): CodeIgniter\CodeIgniter->startController()
 6 SYSTEMPATH\CodeIgniter.php(340): CodeIgniter\CodeIgniter->handleRequest(null, Object(Config\Cache), false)
 7 FCPATH\index.php(67): CodeIgniter\CodeIgniter->run()
 8 SYSTEMPATH\Commands\Server\rewrite.php(43): require_once('FCPATH\\index.php')
CRITICAL - 2022-09-29 01:55:01 --> syntax error, unexpected token "class", expecting "," or ";"
in APPPATH\Controllers\User\Home.php on line 6.
 1 SYSTEMPATH\Autoloader\Autoloader.php(259): CodeIgniter\Autoloader\Autoloader->includeFile('APPPATH\\Controllers\\User\\Home.php')
 2 SYSTEMPATH\Autoloader\Autoloader.php(237): CodeIgniter\Autoloader\Autoloader->loadInNamespace('App\\Controllers\\User\\Home')
 3 [internal function]: CodeIgniter\Autoloader\Autoloader->loadClass('App\\Controllers\\User\\Home')
 4 SYSTEMPATH\CodeIgniter.php(857): class_exists('\\App\\Controllers\\User\\Home', true)
 5 SYSTEMPATH\CodeIgniter.php(444): CodeIgniter\CodeIgniter->startController()
 6 SYSTEMPATH\CodeIgniter.php(340): CodeIgniter\CodeIgniter->handleRequest(null, Object(Config\Cache), false)
 7 FCPATH\index.php(67): CodeIgniter\CodeIgniter->run()
 8 SYSTEMPATH\Commands\Server\rewrite.php(43): require_once('FCPATH\\index.php')
CRITICAL - 2022-09-29 01:55:36 --> syntax error, unexpected token "class", expecting "," or ";"
in APPPATH\Controllers\User\Home.php on line 6.
 1 SYSTEMPATH\Autoloader\Autoloader.php(259): CodeIgniter\Autoloader\Autoloader->includeFile('APPPATH\\Controllers\\User\\Home.php')
 2 SYSTEMPATH\Autoloader\Autoloader.php(237): CodeIgniter\Autoloader\Autoloader->loadInNamespace('App\\Controllers\\User\\Home')
 3 [internal function]: CodeIgniter\Autoloader\Autoloader->loadClass('App\\Controllers\\User\\Home')
 4 SYSTEMPATH\CodeIgniter.php(857): class_exists('\\App\\Controllers\\User\\Home', true)
 5 SYSTEMPATH\CodeIgniter.php(444): CodeIgniter\CodeIgniter->startController()
 6 SYSTEMPATH\CodeIgniter.php(340): CodeIgniter\CodeIgniter->handleRequest(null, Object(Config\Cache), false)
 7 FCPATH\index.php(67): CodeIgniter\CodeIgniter->run()
 8 SYSTEMPATH\Commands\Server\rewrite.php(43): require_once('FCPATH\\index.php')
CRITICAL - 2022-09-29 01:56:39 --> syntax error, unexpected token "class", expecting "," or ";"
in APPPATH\Controllers\User\Home.php on line 5.
 1 SYSTEMPATH\Autoloader\Autoloader.php(259): CodeIgniter\Autoloader\Autoloader->includeFile('APPPATH\\Controllers\\User\\Home.php')
 2 SYSTEMPATH\Autoloader\Autoloader.php(237): CodeIgniter\Autoloader\Autoloader->loadInNamespace('App\\Controllers\\User\\Home')
 3 [internal function]: CodeIgniter\Autoloader\Autoloader->loadClass('App\\Controllers\\User\\Home')
 4 SYSTEMPATH\CodeIgniter.php(857): class_exists('\\App\\Controllers\\User\\Home', true)
 5 SYSTEMPATH\CodeIgniter.php(444): CodeIgniter\CodeIgniter->startController()
 6 SYSTEMPATH\CodeIgniter.php(340): CodeIgniter\CodeIgniter->handleRequest(null, Object(Config\Cache), false)
 7 FCPATH\index.php(67): CodeIgniter\CodeIgniter->run()
 8 SYSTEMPATH\Commands\Server\rewrite.php(43): require_once('FCPATH\\index.php')
CRITICAL - 2022-09-29 01:56:40 --> syntax error, unexpected token "class", expecting "," or ";"
in APPPATH\Controllers\User\Home.php on line 5.
 1 SYSTEMPATH\Autoloader\Autoloader.php(259): CodeIgniter\Autoloader\Autoloader->includeFile('APPPATH\\Controllers\\User\\Home.php')
 2 SYSTEMPATH\Autoloader\Autoloader.php(237): CodeIgniter\Autoloader\Autoloader->loadInNamespace('App\\Controllers\\User\\Home')
 3 [internal function]: CodeIgniter\Autoloader\Autoloader->loadClass('App\\Controllers\\User\\Home')
 4 SYSTEMPATH\CodeIgniter.php(857): class_exists('\\App\\Controllers\\User\\Home', true)
 5 SYSTEMPATH\CodeIgniter.php(444): CodeIgniter\CodeIgniter->startController()
 6 SYSTEMPATH\CodeIgniter.php(340): CodeIgniter\CodeIgniter->handleRequest(null, Object(Config\Cache), false)
 7 FCPATH\index.php(67): CodeIgniter\CodeIgniter->run()
 8 SYSTEMPATH\Commands\Server\rewrite.php(43): require_once('FCPATH\\index.php')
CRITICAL - 2022-09-29 01:56:40 --> syntax error, unexpected token "class", expecting "," or ";"
in APPPATH\Controllers\User\Home.php on line 5.
 1 SYSTEMPATH\Autoloader\Autoloader.php(259): CodeIgniter\Autoloader\Autoloader->includeFile('APPPATH\\Controllers\\User\\Home.php')
 2 SYSTEMPATH\Autoloader\Autoloader.php(237): CodeIgniter\Autoloader\Autoloader->loadInNamespace('App\\Controllers\\User\\Home')
 3 [internal function]: CodeIgniter\Autoloader\Autoloader->loadClass('App\\Controllers\\User\\Home')
 4 SYSTEMPATH\CodeIgniter.php(857): class_exists('\\App\\Controllers\\User\\Home', true)
 5 SYSTEMPATH\CodeIgniter.php(444): CodeIgniter\CodeIgniter->startController()
 6 SYSTEMPATH\CodeIgniter.php(340): CodeIgniter\CodeIgniter->handleRequest(null, Object(Config\Cache), false)
 7 FCPATH\index.php(67): CodeIgniter\CodeIgniter->run()
 8 SYSTEMPATH\Commands\Server\rewrite.php(43): require_once('FCPATH\\index.php')
CRITICAL - 2022-09-29 01:56:40 --> syntax error, unexpected token "class", expecting "," or ";"
in APPPATH\Controllers\User\Home.php on line 5.
 1 SYSTEMPATH\Autoloader\Autoloader.php(259): CodeIgniter\Autoloader\Autoloader->includeFile('APPPATH\\Controllers\\User\\Home.php')
 2 SYSTEMPATH\Autoloader\Autoloader.php(237): CodeIgniter\Autoloader\Autoloader->loadInNamespace('App\\Controllers\\User\\Home')
 3 [internal function]: CodeIgniter\Autoloader\Autoloader->loadClass('App\\Controllers\\User\\Home')
 4 SYSTEMPATH\CodeIgniter.php(857): class_exists('\\App\\Controllers\\User\\Home', true)
 5 SYSTEMPATH\CodeIgniter.php(444): CodeIgniter\CodeIgniter->startController()
 6 SYSTEMPATH\CodeIgniter.php(340): CodeIgniter\CodeIgniter->handleRequest(null, Object(Config\Cache), false)
 7 FCPATH\index.php(67): CodeIgniter\CodeIgniter->run()
 8 SYSTEMPATH\Commands\Server\rewrite.php(43): require_once('FCPATH\\index.php')
CRITICAL - 2022-09-29 01:56:40 --> syntax error, unexpected token "class", expecting "," or ";"
in APPPATH\Controllers\User\Home.php on line 5.
 1 SYSTEMPATH\Autoloader\Autoloader.php(259): CodeIgniter\Autoloader\Autoloader->includeFile('APPPATH\\Controllers\\User\\Home.php')
 2 SYSTEMPATH\Autoloader\Autoloader.php(237): CodeIgniter\Autoloader\Autoloader->loadInNamespace('App\\Controllers\\User\\Home')
 3 [internal function]: CodeIgniter\Autoloader\Autoloader->loadClass('App\\Controllers\\User\\Home')
 4 SYSTEMPATH\CodeIgniter.php(857): class_exists('\\App\\Controllers\\User\\Home', true)
 5 SYSTEMPATH\CodeIgniter.php(444): CodeIgniter\CodeIgniter->startController()
 6 SYSTEMPATH\CodeIgniter.php(340): CodeIgniter\CodeIgniter->handleRequest(null, Object(Config\Cache), false)
 7 FCPATH\index.php(67): CodeIgniter\CodeIgniter->run()
 8 SYSTEMPATH\Commands\Server\rewrite.php(43): require_once('FCPATH\\index.php')
CRITICAL - 2022-09-29 02:01:41 --> Constant FCPATH already defined
in APPPATH\Views\pages\users\home.php on line 16.
 1 [internal function]: CodeIgniter\Debug\Exceptions->errorHandler(2, 'Constant FCPATH already defined', 'APPPATH\\Views\\pages\\users\\home.php', 16)
 2 APPPATH\Views\pages\users\home.php(16): define('FCPATH', 'APPPATH\\Views\\pages\\users')
 3 SYSTEMPATH\View\View.php(213): include('APPPATH\\Views\\pages\\users\\home.php')
 4 SYSTEMPATH\View\View.php(216): CodeIgniter\View\View->CodeIgniter\View\{closure}()
 5 SYSTEMPATH\Common.php(1142): CodeIgniter\View\View->render('pages/users/home', [], true)
 6 APPPATH\Controllers\User\Home.php(11): view('pages/users/home')
 7 SYSTEMPATH\CodeIgniter.php(907): App\Controllers\User\Home->index()
 8 SYSTEMPATH\CodeIgniter.php(457): CodeIgniter\CodeIgniter->runController(Object(App\Controllers\User\Home))
 9 SYSTEMPATH\CodeIgniter.php(340): CodeIgniter\CodeIgniter->handleRequest(null, Object(Config\Cache), false)
10 FCPATH\index.php(67): CodeIgniter\CodeIgniter->run()
11 SYSTEMPATH\Commands\Server\rewrite.php(43): require_once('FCPATH\\index.php')
CRITICAL - 2022-09-29 02:01:45 --> Constant FCPATH already defined
in APPPATH\Views\pages\users\home.php on line 16.
 1 [internal function]: CodeIgniter\Debug\Exceptions->errorHandler(2, 'Constant FCPATH already defined', 'APPPATH\\Views\\pages\\users\\home.php', 16)
 2 APPPATH\Views\pages\users\home.php(16): define('FCPATH', 'APPPATH\\Views\\pages\\users')
 3 SYSTEMPATH\View\View.php(213): include('APPPATH\\Views\\pages\\users\\home.php')
 4 SYSTEMPATH\View\View.php(216): CodeIgniter\View\View->CodeIgniter\View\{closure}()
 5 SYSTEMPATH\Common.php(1142): CodeIgniter\View\View->render('pages/users/home', [], true)
 6 APPPATH\Controllers\User\Home.php(11): view('pages/users/home')
 7 SYSTEMPATH\CodeIgniter.php(907): App\Controllers\User\Home->index()
 8 SYSTEMPATH\CodeIgniter.php(457): CodeIgniter\CodeIgniter->runController(Object(App\Controllers\User\Home))
 9 SYSTEMPATH\CodeIgniter.php(340): CodeIgniter\CodeIgniter->handleRequest(null, Object(Config\Cache), false)
10 FCPATH\index.php(67): CodeIgniter\CodeIgniter->run()
11 SYSTEMPATH\Commands\Server\rewrite.php(43): require_once('FCPATH\\index.php')
CRITICAL - 2022-09-29 02:01:46 --> Constant FCPATH already defined
in APPPATH\Views\pages\users\home.php on line 16.
 1 [internal function]: CodeIgniter\Debug\Exceptions->errorHandler(2, 'Constant FCPATH already defined', 'APPPATH\\Views\\pages\\users\\home.php', 16)
 2 APPPATH\Views\pages\users\home.php(16): define('FCPATH', 'APPPATH\\Views\\pages\\users')
 3 SYSTEMPATH\View\View.php(213): include('APPPATH\\Views\\pages\\users\\home.php')
 4 SYSTEMPATH\View\View.php(216): CodeIgniter\View\View->CodeIgniter\View\{closure}()
 5 SYSTEMPATH\Common.php(1142): CodeIgniter\View\View->render('pages/users/home', [], true)
 6 APPPATH\Controllers\User\Home.php(11): view('pages/users/home')
 7 SYSTEMPATH\CodeIgniter.php(907): App\Controllers\User\Home->index()
 8 SYSTEMPATH\CodeIgniter.php(457): CodeIgniter\CodeIgniter->runController(Object(App\Controllers\User\Home))
 9 SYSTEMPATH\CodeIgniter.php(340): CodeIgniter\CodeIgniter->handleRequest(null, Object(Config\Cache), false)
10 FCPATH\index.php(67): CodeIgniter\CodeIgniter->run()
11 SYSTEMPATH\Commands\Server\rewrite.php(43): require_once('FCPATH\\index.php')
CRITICAL - 2022-09-29 02:01:46 --> Constant FCPATH already defined
in APPPATH\Views\pages\users\home.php on line 16.
 1 [internal function]: CodeIgniter\Debug\Exceptions->errorHandler(2, 'Constant FCPATH already defined', 'APPPATH\\Views\\pages\\users\\home.php', 16)
 2 APPPATH\Views\pages\users\home.php(16): define('FCPATH', 'APPPATH\\Views\\pages\\users')
 3 SYSTEMPATH\View\View.php(213): include('APPPATH\\Views\\pages\\users\\home.php')
 4 SYSTEMPATH\View\View.php(216): CodeIgniter\View\View->CodeIgniter\View\{closure}()
 5 SYSTEMPATH\Common.php(1142): CodeIgniter\View\View->render('pages/users/home', [], true)
 6 APPPATH\Controllers\User\Home.php(11): view('pages/users/home')
 7 SYSTEMPATH\CodeIgniter.php(907): App\Controllers\User\Home->index()
 8 SYSTEMPATH\CodeIgniter.php(457): CodeIgniter\CodeIgniter->runController(Object(App\Controllers\User\Home))
 9 SYSTEMPATH\CodeIgniter.php(340): CodeIgniter\CodeIgniter->handleRequest(null, Object(Config\Cache), false)
10 FCPATH\index.php(67): CodeIgniter\CodeIgniter->run()
11 SYSTEMPATH\Commands\Server\rewrite.php(43): require_once('FCPATH\\index.php')
CRITICAL - 2022-09-29 02:01:46 --> Constant FCPATH already defined
in APPPATH\Views\pages\users\home.php on line 16.
 1 [internal function]: CodeIgniter\Debug\Exceptions->errorHandler(2, 'Constant FCPATH already defined', 'APPPATH\\Views\\pages\\users\\home.php', 16)
 2 APPPATH\Views\pages\users\home.php(16): define('FCPATH', 'APPPATH\\Views\\pages\\users')
 3 SYSTEMPATH\View\View.php(213): include('APPPATH\\Views\\pages\\users\\home.php')
 4 SYSTEMPATH\View\View.php(216): CodeIgniter\View\View->CodeIgniter\View\{closure}()
 5 SYSTEMPATH\Common.php(1142): CodeIgniter\View\View->render('pages/users/home', [], true)
 6 APPPATH\Controllers\User\Home.php(11): view('pages/users/home')
 7 SYSTEMPATH\CodeIgniter.php(907): App\Controllers\User\Home->index()
 8 SYSTEMPATH\CodeIgniter.php(457): CodeIgniter\CodeIgniter->runController(Object(App\Controllers\User\Home))
 9 SYSTEMPATH\CodeIgniter.php(340): CodeIgniter\CodeIgniter->handleRequest(null, Object(Config\Cache), false)
10 FCPATH\index.php(67): CodeIgniter\CodeIgniter->run()
11 SYSTEMPATH\Commands\Server\rewrite.php(43): require_once('FCPATH\\index.php')
CRITICAL - 2022-09-29 02:01:46 --> Constant FCPATH already defined
in APPPATH\Views\pages\users\home.php on line 16.
 1 [internal function]: CodeIgniter\Debug\Exceptions->errorHandler(2, 'Constant FCPATH already defined', 'APPPATH\\Views\\pages\\users\\home.php', 16)
 2 APPPATH\Views\pages\users\home.php(16): define('FCPATH', 'APPPATH\\Views\\pages\\users')
 3 SYSTEMPATH\View\View.php(213): include('APPPATH\\Views\\pages\\users\\home.php')
 4 SYSTEMPATH\View\View.php(216): CodeIgniter\View\View->CodeIgniter\View\{closure}()
 5 SYSTEMPATH\Common.php(1142): CodeIgniter\View\View->render('pages/users/home', [], true)
 6 APPPATH\Controllers\User\Home.php(11): view('pages/users/home')
 7 SYSTEMPATH\CodeIgniter.php(907): App\Controllers\User\Home->index()
 8 SYSTEMPATH\CodeIgniter.php(457): CodeIgniter\CodeIgniter->runController(Object(App\Controllers\User\Home))
 9 SYSTEMPATH\CodeIgniter.php(340): CodeIgniter\CodeIgniter->handleRequest(null, Object(Config\Cache), false)
10 FCPATH\index.php(67): CodeIgniter\CodeIgniter->run()
11 SYSTEMPATH\Commands\Server\rewrite.php(43): require_once('FCPATH\\index.php')
CRITICAL - 2022-09-29 02:01:46 --> Constant FCPATH already defined
in APPPATH\Views\pages\users\home.php on line 16.
 1 [internal function]: CodeIgniter\Debug\Exceptions->errorHandler(2, 'Constant FCPATH already defined', 'APPPATH\\Views\\pages\\users\\home.php', 16)
 2 APPPATH\Views\pages\users\home.php(16): define('FCPATH', 'APPPATH\\Views\\pages\\users')
 3 SYSTEMPATH\View\View.php(213): include('APPPATH\\Views\\pages\\users\\home.php')
 4 SYSTEMPATH\View\View.php(216): CodeIgniter\View\View->CodeIgniter\View\{closure}()
 5 SYSTEMPATH\Common.php(1142): CodeIgniter\View\View->render('pages/users/home', [], true)
 6 APPPATH\Controllers\User\Home.php(11): view('pages/users/home')
 7 SYSTEMPATH\CodeIgniter.php(907): App\Controllers\User\Home->index()
 8 SYSTEMPATH\CodeIgniter.php(457): CodeIgniter\CodeIgniter->runController(Object(App\Controllers\User\Home))
 9 SYSTEMPATH\CodeIgniter.php(340): CodeIgniter\CodeIgniter->handleRequest(null, Object(Config\Cache), false)
10 FCPATH\index.php(67): CodeIgniter\CodeIgniter->run()
11 SYSTEMPATH\Commands\Server\rewrite.php(43): require_once('FCPATH\\index.php')
CRITICAL - 2022-09-29 02:02:51 --> Constant FCPATH already defined
in APPPATH\Views\pages\users\home.php on line 16.
 1 [internal function]: CodeIgniter\Debug\Exceptions->errorHandler(2, 'Constant FCPATH already defined', 'APPPATH\\Views\\pages\\users\\home.php', 16)
 2 APPPATH\Views\pages\users\home.php(16): define('FCPATH', 'APPPATH\\Views\\pages\\users')
 3 SYSTEMPATH\View\View.php(213): include('APPPATH\\Views\\pages\\users\\home.php')
 4 SYSTEMPATH\View\View.php(216): CodeIgniter\View\View->CodeIgniter\View\{closure}()
 5 SYSTEMPATH\Common.php(1142): CodeIgniter\View\View->render('pages/users/home', [], true)
 6 APPPATH\Controllers\User\Home.php(11): view('pages/users/home')
 7 SYSTEMPATH\CodeIgniter.php(907): App\Controllers\User\Home->index()
 8 SYSTEMPATH\CodeIgniter.php(457): CodeIgniter\CodeIgniter->runController(Object(App\Controllers\User\Home))
 9 SYSTEMPATH\CodeIgniter.php(340): CodeIgniter\CodeIgniter->handleRequest(null, Object(Config\Cache), false)
10 FCPATH\index.php(67): CodeIgniter\CodeIgniter->run()
11 SYSTEMPATH\Commands\Server\rewrite.php(43): require_once('FCPATH\\index.php')
CRITICAL - 2022-09-29 02:04:16 --> Constant FCPATH already defined
in APPPATH\Views\pages\users\index.php on line 16.
 1 [internal function]: CodeIgniter\Debug\Exceptions->errorHandler(2, 'Constant FCPATH already defined', 'APPPATH\\Views\\pages\\users\\index.php', 16)
 2 APPPATH\Views\pages\users\index.php(16): define('FCPATH', 'APPPATH\\Views\\pages\\users')
 3 SYSTEMPATH\View\View.php(213): include('APPPATH\\Views\\pages\\users\\index.php')
 4 SYSTEMPATH\View\View.php(216): CodeIgniter\View\View->CodeIgniter\View\{closure}()
 5 SYSTEMPATH\Common.php(1142): CodeIgniter\View\View->render('pages/users/index', [], true)
 6 APPPATH\Controllers\User\Home.php(11): view('pages/users/index')
 7 SYSTEMPATH\CodeIgniter.php(907): App\Controllers\User\Home->index()
 8 SYSTEMPATH\CodeIgniter.php(457): CodeIgniter\CodeIgniter->runController(Object(App\Controllers\User\Home))
 9 SYSTEMPATH\CodeIgniter.php(340): CodeIgniter\CodeIgniter->handleRequest(null, Object(Config\Cache), false)
10 FCPATH\index.php(67): CodeIgniter\CodeIgniter->run()
11 SYSTEMPATH\Commands\Server\rewrite.php(43): require_once('FCPATH\\index.php')
CRITICAL - 2022-09-29 02:04:17 --> Constant FCPATH already defined
in APPPATH\Views\pages\users\index.php on line 16.
 1 [internal function]: CodeIgniter\Debug\Exceptions->errorHandler(2, 'Constant FCPATH already defined', 'APPPATH\\Views\\pages\\users\\index.php', 16)
 2 APPPATH\Views\pages\users\index.php(16): define('FCPATH', 'APPPATH\\Views\\pages\\users')
 3 SYSTEMPATH\View\View.php(213): include('APPPATH\\Views\\pages\\users\\index.php')
 4 SYSTEMPATH\View\View.php(216): CodeIgniter\View\View->CodeIgniter\View\{closure}()
 5 SYSTEMPATH\Common.php(1142): CodeIgniter\View\View->render('pages/users/index', [], true)
 6 APPPATH\Controllers\User\Home.php(11): view('pages/users/index')
 7 SYSTEMPATH\CodeIgniter.php(907): App\Controllers\User\Home->index()
 8 SYSTEMPATH\CodeIgniter.php(457): CodeIgniter\CodeIgniter->runController(Object(App\Controllers\User\Home))
 9 SYSTEMPATH\CodeIgniter.php(340): CodeIgniter\CodeIgniter->handleRequest(null, Object(Config\Cache), false)
10 FCPATH\index.php(67): CodeIgniter\CodeIgniter->run()
11 SYSTEMPATH\Commands\Server\rewrite.php(43): require_once('FCPATH\\index.php')
CRITICAL - 2022-09-29 02:04:17 --> Constant FCPATH already defined
in APPPATH\Views\pages\users\index.php on line 16.
 1 [internal function]: CodeIgniter\Debug\Exceptions->errorHandler(2, 'Constant FCPATH already defined', 'APPPATH\\Views\\pages\\users\\index.php', 16)
 2 APPPATH\Views\pages\users\index.php(16): define('FCPATH', 'APPPATH\\Views\\pages\\users')
 3 SYSTEMPATH\View\View.php(213): include('APPPATH\\Views\\pages\\users\\index.php')
 4 SYSTEMPATH\View\View.php(216): CodeIgniter\View\View->CodeIgniter\View\{closure}()
 5 SYSTEMPATH\Common.php(1142): CodeIgniter\View\View->render('pages/users/index', [], true)
 6 APPPATH\Controllers\User\Home.php(11): view('pages/users/index')
 7 SYSTEMPATH\CodeIgniter.php(907): App\Controllers\User\Home->index()
 8 SYSTEMPATH\CodeIgniter.php(457): CodeIgniter\CodeIgniter->runController(Object(App\Controllers\User\Home))
 9 SYSTEMPATH\CodeIgniter.php(340): CodeIgniter\CodeIgniter->handleRequest(null, Object(Config\Cache), false)
10 FCPATH\index.php(67): CodeIgniter\CodeIgniter->run()
11 SYSTEMPATH\Commands\Server\rewrite.php(43): require_once('FCPATH\\index.php')
CRITICAL - 2022-09-29 02:04:17 --> Constant FCPATH already defined
in APPPATH\Views\pages\users\index.php on line 16.
 1 [internal function]: CodeIgniter\Debug\Exceptions->errorHandler(2, 'Constant FCPATH already defined', 'APPPATH\\Views\\pages\\users\\index.php', 16)
 2 APPPATH\Views\pages\users\index.php(16): define('FCPATH', 'APPPATH\\Views\\pages\\users')
 3 SYSTEMPATH\View\View.php(213): include('APPPATH\\Views\\pages\\users\\index.php')
 4 SYSTEMPATH\View\View.php(216): CodeIgniter\View\View->CodeIgniter\View\{closure}()
 5 SYSTEMPATH\Common.php(1142): CodeIgniter\View\View->render('pages/users/index', [], true)
 6 APPPATH\Controllers\User\Home.php(11): view('pages/users/index')
 7 SYSTEMPATH\CodeIgniter.php(907): App\Controllers\User\Home->index()
 8 SYSTEMPATH\CodeIgniter.php(457): CodeIgniter\CodeIgniter->runController(Object(App\Controllers\User\Home))
 9 SYSTEMPATH\CodeIgniter.php(340): CodeIgniter\CodeIgniter->handleRequest(null, Object(Config\Cache), false)
10 FCPATH\index.php(67): CodeIgniter\CodeIgniter->run()
11 SYSTEMPATH\Commands\Server\rewrite.php(43): require_once('FCPATH\\index.php')
CRITICAL - 2022-09-29 02:04:17 --> Constant FCPATH already defined
in APPPATH\Views\pages\users\index.php on line 16.
 1 [internal function]: CodeIgniter\Debug\Exceptions->errorHandler(2, 'Constant FCPATH already defined', 'APPPATH\\Views\\pages\\users\\index.php', 16)
 2 APPPATH\Views\pages\users\index.php(16): define('FCPATH', 'APPPATH\\Views\\pages\\users')
 3 SYSTEMPATH\View\View.php(213): include('APPPATH\\Views\\pages\\users\\index.php')
 4 SYSTEMPATH\View\View.php(216): CodeIgniter\View\View->CodeIgniter\View\{closure}()
 5 SYSTEMPATH\Common.php(1142): CodeIgniter\View\View->render('pages/users/index', [], true)
 6 APPPATH\Controllers\User\Home.php(11): view('pages/users/index')
 7 SYSTEMPATH\CodeIgniter.php(907): App\Controllers\User\Home->index()
 8 SYSTEMPATH\CodeIgniter.php(457): CodeIgniter\CodeIgniter->runController(Object(App\Controllers\User\Home))
 9 SYSTEMPATH\CodeIgniter.php(340): CodeIgniter\CodeIgniter->handleRequest(null, Object(Config\Cache), false)
10 FCPATH\index.php(67): CodeIgniter\CodeIgniter->run()
11 SYSTEMPATH\Commands\Server\rewrite.php(43): require_once('FCPATH\\index.php')
CRITICAL - 2022-09-29 02:04:17 --> Constant FCPATH already defined
in APPPATH\Views\pages\users\index.php on line 16.
 1 [internal function]: CodeIgniter\Debug\Exceptions->errorHandler(2, 'Constant FCPATH already defined', 'APPPATH\\Views\\pages\\users\\index.php', 16)
 2 APPPATH\Views\pages\users\index.php(16): define('FCPATH', 'APPPATH\\Views\\pages\\users')
 3 SYSTEMPATH\View\View.php(213): include('APPPATH\\Views\\pages\\users\\index.php')
 4 SYSTEMPATH\View\View.php(216): CodeIgniter\View\View->CodeIgniter\View\{closure}()
 5 SYSTEMPATH\Common.php(1142): CodeIgniter\View\View->render('pages/users/index', [], true)
 6 APPPATH\Controllers\User\Home.php(11): view('pages/users/index')
 7 SYSTEMPATH\CodeIgniter.php(907): App\Controllers\User\Home->index()
 8 SYSTEMPATH\CodeIgniter.php(457): CodeIgniter\CodeIgniter->runController(Object(App\Controllers\User\Home))
 9 SYSTEMPATH\CodeIgniter.php(340): CodeIgniter\CodeIgniter->handleRequest(null, Object(Config\Cache), false)
10 FCPATH\index.php(67): CodeIgniter\CodeIgniter->run()
11 SYSTEMPATH\Commands\Server\rewrite.php(43): require_once('FCPATH\\index.php')
CRITICAL - 2022-09-29 02:04:18 --> Constant FCPATH already defined
in APPPATH\Views\pages\users\index.php on line 16.
 1 [internal function]: CodeIgniter\Debug\Exceptions->errorHandler(2, 'Constant FCPATH already defined', 'APPPATH\\Views\\pages\\users\\index.php', 16)
 2 APPPATH\Views\pages\users\index.php(16): define('FCPATH', 'APPPATH\\Views\\pages\\users')
 3 SYSTEMPATH\View\View.php(213): include('APPPATH\\Views\\pages\\users\\index.php')
 4 SYSTEMPATH\View\View.php(216): CodeIgniter\View\View->CodeIgniter\View\{closure}()
 5 SYSTEMPATH\Common.php(1142): CodeIgniter\View\View->render('pages/users/index', [], true)
 6 APPPATH\Controllers\User\Home.php(11): view('pages/users/index')
 7 SYSTEMPATH\CodeIgniter.php(907): App\Controllers\User\Home->index()
 8 SYSTEMPATH\CodeIgniter.php(457): CodeIgniter\CodeIgniter->runController(Object(App\Controllers\User\Home))
 9 SYSTEMPATH\CodeIgniter.php(340): CodeIgniter\CodeIgniter->handleRequest(null, Object(Config\Cache), false)
10 FCPATH\index.php(67): CodeIgniter\CodeIgniter->run()
11 SYSTEMPATH\Commands\Server\rewrite.php(43): require_once('FCPATH\\index.php')
CRITICAL - 2022-09-29 02:04:18 --> Constant FCPATH already defined
in APPPATH\Views\pages\users\index.php on line 16.
 1 [internal function]: CodeIgniter\Debug\Exceptions->errorHandler(2, 'Constant FCPATH already defined', 'APPPATH\\Views\\pages\\users\\index.php', 16)
 2 APPPATH\Views\pages\users\index.php(16): define('FCPATH', 'APPPATH\\Views\\pages\\users')
 3 SYSTEMPATH\View\View.php(213): include('APPPATH\\Views\\pages\\users\\index.php')
 4 SYSTEMPATH\View\View.php(216): CodeIgniter\View\View->CodeIgniter\View\{closure}()
 5 SYSTEMPATH\Common.php(1142): CodeIgniter\View\View->render('pages/users/index', [], true)
 6 APPPATH\Controllers\User\Home.php(11): view('pages/users/index')
 7 SYSTEMPATH\CodeIgniter.php(907): App\Controllers\User\Home->index()
 8 SYSTEMPATH\CodeIgniter.php(457): CodeIgniter\CodeIgniter->runController(Object(App\Controllers\User\Home))
 9 SYSTEMPATH\CodeIgniter.php(340): CodeIgniter\CodeIgniter->handleRequest(null, Object(Config\Cache), false)
10 FCPATH\index.php(67): CodeIgniter\CodeIgniter->run()
11 SYSTEMPATH\Commands\Server\rewrite.php(43): require_once('FCPATH\\index.php')
CRITICAL - 2022-09-29 02:18:20 --> Constant FCPATH already defined
in APPPATH\Views\pages\users\home.php on line 16.
 1 [internal function]: CodeIgniter\Debug\Exceptions->errorHandler(2, 'Constant FCPATH already defined', 'APPPATH\\Views\\pages\\users\\home.php', 16)
 2 APPPATH\Views\pages\users\home.php(16): define('FCPATH', 'APPPATH\\Views\\pages\\users')
 3 SYSTEMPATH\View\View.php(213): include('APPPATH\\Views\\pages\\users\\home.php')
 4 SYSTEMPATH\View\View.php(216): CodeIgniter\View\View->CodeIgniter\View\{closure}()
 5 SYSTEMPATH\Common.php(1142): CodeIgniter\View\View->render('pages/users/home', [], true)
 6 APPPATH\Controllers\User\Home.php(11): view('pages/users/home')
 7 SYSTEMPATH\CodeIgniter.php(907): App\Controllers\User\Home->index()
 8 SYSTEMPATH\CodeIgniter.php(457): CodeIgniter\CodeIgniter->runController(Object(App\Controllers\User\Home))
 9 SYSTEMPATH\CodeIgniter.php(340): CodeIgniter\CodeIgniter->handleRequest(null, Object(Config\Cache), false)
10 FCPATH\index.php(67): CodeIgniter\CodeIgniter->run()
11 SYSTEMPATH\Commands\Server\rewrite.php(43): require_once('FCPATH\\index.php')
CRITICAL - 2022-09-29 02:18:28 --> Constant FCPATH already defined
in APPPATH\Views\pages\users\home.php on line 16.
 1 [internal function]: CodeIgniter\Debug\Exceptions->errorHandler(2, 'Constant FCPATH already defined', 'APPPATH\\Views\\pages\\users\\home.php', 16)
 2 APPPATH\Views\pages\users\home.php(16): define('FCPATH', 'APPPATH\\Views\\pages\\users')
 3 SYSTEMPATH\View\View.php(213): include('APPPATH\\Views\\pages\\users\\home.php')
 4 SYSTEMPATH\View\View.php(216): CodeIgniter\View\View->CodeIgniter\View\{closure}()
 5 SYSTEMPATH\Common.php(1142): CodeIgniter\View\View->render('pages/users/home', [], true)
 6 APPPATH\Controllers\User\Home.php(11): view('pages/users/home')
 7 SYSTEMPATH\CodeIgniter.php(907): App\Controllers\User\Home->index()
 8 SYSTEMPATH\CodeIgniter.php(457): CodeIgniter\CodeIgniter->runController(Object(App\Controllers\User\Home))
 9 SYSTEMPATH\CodeIgniter.php(340): CodeIgniter\CodeIgniter->handleRequest(null, Object(Config\Cache), false)
10 FCPATH\index.php(67): CodeIgniter\CodeIgniter->run()
11 SYSTEMPATH\Commands\Server\rewrite.php(43): require_once('FCPATH\\index.php')
CRITICAL - 2022-09-29 02:23:54 --> Constant FCPATH already defined
in APPPATH\Views\pages\users\home.php on line 16.
 1 [internal function]: CodeIgniter\Debug\Exceptions->errorHandler(2, 'Constant FCPATH already defined', 'APPPATH\\Views\\pages\\users\\home.php', 16)
 2 APPPATH\Views\pages\users\home.php(16): define('FCPATH', 'APPPATH\\Views\\pages\\users')
 3 SYSTEMPATH\View\View.php(213): include('APPPATH\\Views\\pages\\users\\home.php')
 4 SYSTEMPATH\View\View.php(216): CodeIgniter\View\View->CodeIgniter\View\{closure}()
 5 SYSTEMPATH\Common.php(1142): CodeIgniter\View\View->render('pages/users/home', [], true)
 6 APPPATH\Controllers\User\Home.php(11): view('pages/users/home')
 7 SYSTEMPATH\CodeIgniter.php(907): App\Controllers\User\Home->index()
 8 SYSTEMPATH\CodeIgniter.php(457): CodeIgniter\CodeIgniter->runController(Object(App\Controllers\User\Home))
 9 SYSTEMPATH\CodeIgniter.php(340): CodeIgniter\CodeIgniter->handleRequest(null, Object(Config\Cache), false)
10 FCPATH\index.php(67): CodeIgniter\CodeIgniter->run()
11 SYSTEMPATH\Commands\Server\rewrite.php(43): require_once('FCPATH\\index.php')
CRITICAL - 2022-09-29 02:23:59 --> Constant FCPATH already defined
in APPPATH\Views\pages\users\home.php on line 16.
 1 [internal function]: CodeIgniter\Debug\Exceptions->errorHandler(2, 'Constant FCPATH already defined', 'APPPATH\\Views\\pages\\users\\home.php', 16)
 2 APPPATH\Views\pages\users\home.php(16): define('FCPATH', 'APPPATH\\Views\\pages\\users')
 3 SYSTEMPATH\View\View.php(213): include('APPPATH\\Views\\pages\\users\\home.php')
 4 SYSTEMPATH\View\View.php(216): CodeIgniter\View\View->CodeIgniter\View\{closure}()
 5 SYSTEMPATH\Common.php(1142): CodeIgniter\View\View->render('pages/users/home', [], true)
 6 APPPATH\Controllers\User\Home.php(11): view('pages/users/home')
 7 SYSTEMPATH\CodeIgniter.php(907): App\Controllers\User\Home->index()
 8 SYSTEMPATH\CodeIgniter.php(457): CodeIgniter\CodeIgniter->runController(Object(App\Controllers\User\Home))
 9 SYSTEMPATH\CodeIgniter.php(340): CodeIgniter\CodeIgniter->handleRequest(null, Object(Config\Cache), false)
10 FCPATH\index.php(67): CodeIgniter\CodeIgniter->run()
11 SYSTEMPATH\Commands\Server\rewrite.php(43): require_once('FCPATH\\index.php')
CRITICAL - 2022-09-29 02:24:00 --> Constant FCPATH already defined
in APPPATH\Views\pages\users\home.php on line 16.
 1 [internal function]: CodeIgniter\Debug\Exceptions->errorHandler(2, 'Constant FCPATH already defined', 'APPPATH\\Views\\pages\\users\\home.php', 16)
 2 APPPATH\Views\pages\users\home.php(16): define('FCPATH', 'APPPATH\\Views\\pages\\users')
 3 SYSTEMPATH\View\View.php(213): include('APPPATH\\Views\\pages\\users\\home.php')
 4 SYSTEMPATH\View\View.php(216): CodeIgniter\View\View->CodeIgniter\View\{closure}()
 5 SYSTEMPATH\Common.php(1142): CodeIgniter\View\View->render('pages/users/home', [], true)
 6 APPPATH\Controllers\User\Home.php(11): view('pages/users/home')
 7 SYSTEMPATH\CodeIgniter.php(907): App\Controllers\User\Home->index()
 8 SYSTEMPATH\CodeIgniter.php(457): CodeIgniter\CodeIgniter->runController(Object(App\Controllers\User\Home))
 9 SYSTEMPATH\CodeIgniter.php(340): CodeIgniter\CodeIgniter->handleRequest(null, Object(Config\Cache), false)
10 FCPATH\index.php(67): CodeIgniter\CodeIgniter->run()
11 SYSTEMPATH\Commands\Server\rewrite.php(43): require_once('FCPATH\\index.php')
CRITICAL - 2022-09-29 02:24:00 --> Constant FCPATH already defined
in APPPATH\Views\pages\users\home.php on line 16.
 1 [internal function]: CodeIgniter\Debug\Exceptions->errorHandler(2, 'Constant FCPATH already defined', 'APPPATH\\Views\\pages\\users\\home.php', 16)
 2 APPPATH\Views\pages\users\home.php(16): define('FCPATH', 'APPPATH\\Views\\pages\\users')
 3 SYSTEMPATH\View\View.php(213): include('APPPATH\\Views\\pages\\users\\home.php')
 4 SYSTEMPATH\View\View.php(216): CodeIgniter\View\View->CodeIgniter\View\{closure}()
 5 SYSTEMPATH\Common.php(1142): CodeIgniter\View\View->render('pages/users/home', [], true)
 6 APPPATH\Controllers\User\Home.php(11): view('pages/users/home')
 7 SYSTEMPATH\CodeIgniter.php(907): App\Controllers\User\Home->index()
 8 SYSTEMPATH\CodeIgniter.php(457): CodeIgniter\CodeIgniter->runController(Object(App\Controllers\User\Home))
 9 SYSTEMPATH\CodeIgniter.php(340): CodeIgniter\CodeIgniter->handleRequest(null, Object(Config\Cache), false)
10 FCPATH\index.php(67): CodeIgniter\CodeIgniter->run()
11 SYSTEMPATH\Commands\Server\rewrite.php(43): require_once('FCPATH\\index.php')
CRITICAL - 2022-09-29 02:24:00 --> Constant FCPATH already defined
in APPPATH\Views\pages\users\home.php on line 16.
 1 [internal function]: CodeIgniter\Debug\Exceptions->errorHandler(2, 'Constant FCPATH already defined', 'APPPATH\\Views\\pages\\users\\home.php', 16)
 2 APPPATH\Views\pages\users\home.php(16): define('FCPATH', 'APPPATH\\Views\\pages\\users')
 3 SYSTEMPATH\View\View.php(213): include('APPPATH\\Views\\pages\\users\\home.php')
 4 SYSTEMPATH\View\View.php(216): CodeIgniter\View\View->CodeIgniter\View\{closure}()
 5 SYSTEMPATH\Common.php(1142): CodeIgniter\View\View->render('pages/users/home', [], true)
 6 APPPATH\Controllers\User\Home.php(11): view('pages/users/home')
 7 SYSTEMPATH\CodeIgniter.php(907): App\Controllers\User\Home->index()
 8 SYSTEMPATH\CodeIgniter.php(457): CodeIgniter\CodeIgniter->runController(Object(App\Controllers\User\Home))
 9 SYSTEMPATH\CodeIgniter.php(340): CodeIgniter\CodeIgniter->handleRequest(null, Object(Config\Cache), false)
10 FCPATH\index.php(67): CodeIgniter\CodeIgniter->run()
11 SYSTEMPATH\Commands\Server\rewrite.php(43): require_once('FCPATH\\index.php')
CRITICAL - 2022-09-29 02:24:00 --> Constant FCPATH already defined
in APPPATH\Views\pages\users\home.php on line 16.
 1 [internal function]: CodeIgniter\Debug\Exceptions->errorHandler(2, 'Constant FCPATH already defined', 'APPPATH\\Views\\pages\\users\\home.php', 16)
 2 APPPATH\Views\pages\users\home.php(16): define('FCPATH', 'APPPATH\\Views\\pages\\users')
 3 SYSTEMPATH\View\View.php(213): include('APPPATH\\Views\\pages\\users\\home.php')
 4 SYSTEMPATH\View\View.php(216): CodeIgniter\View\View->CodeIgniter\View\{closure}()
 5 SYSTEMPATH\Common.php(1142): CodeIgniter\View\View->render('pages/users/home', [], true)
 6 APPPATH\Controllers\User\Home.php(11): view('pages/users/home')
 7 SYSTEMPATH\CodeIgniter.php(907): App\Controllers\User\Home->index()
 8 SYSTEMPATH\CodeIgniter.php(457): CodeIgniter\CodeIgniter->runController(Object(App\Controllers\User\Home))
 9 SYSTEMPATH\CodeIgniter.php(340): CodeIgniter\CodeIgniter->handleRequest(null, Object(Config\Cache), false)
10 FCPATH\index.php(67): CodeIgniter\CodeIgniter->run()
11 SYSTEMPATH\Commands\Server\rewrite.php(43): require_once('FCPATH\\index.php')
CRITICAL - 2022-09-29 02:24:01 --> Constant FCPATH already defined
in APPPATH\Views\pages\users\home.php on line 16.
 1 [internal function]: CodeIgniter\Debug\Exceptions->errorHandler(2, 'Constant FCPATH already defined', 'APPPATH\\Views\\pages\\users\\home.php', 16)
 2 APPPATH\Views\pages\users\home.php(16): define('FCPATH', 'APPPATH\\Views\\pages\\users')
 3 SYSTEMPATH\View\View.php(213): include('APPPATH\\Views\\pages\\users\\home.php')
 4 SYSTEMPATH\View\View.php(216): CodeIgniter\View\View->CodeIgniter\View\{closure}()
 5 SYSTEMPATH\Common.php(1142): CodeIgniter\View\View->render('pages/users/home', [], true)
 6 APPPATH\Controllers\User\Home.php(11): view('pages/users/home')
 7 SYSTEMPATH\CodeIgniter.php(907): App\Controllers\User\Home->index()
 8 SYSTEMPATH\CodeIgniter.php(457): CodeIgniter\CodeIgniter->runController(Object(App\Controllers\User\Home))
 9 SYSTEMPATH\CodeIgniter.php(340): CodeIgniter\CodeIgniter->handleRequest(null, Object(Config\Cache), false)
10 FCPATH\index.php(67): CodeIgniter\CodeIgniter->run()
11 SYSTEMPATH\Commands\Server\rewrite.php(43): require_once('FCPATH\\index.php')
CRITICAL - 2022-09-29 02:24:01 --> Constant FCPATH already defined
in APPPATH\Views\pages\users\home.php on line 16.
 1 [internal function]: CodeIgniter\Debug\Exceptions->errorHandler(2, 'Constant FCPATH already defined', 'APPPATH\\Views\\pages\\users\\home.php', 16)
 2 APPPATH\Views\pages\users\home.php(16): define('FCPATH', 'APPPATH\\Views\\pages\\users')
 3 SYSTEMPATH\View\View.php(213): include('APPPATH\\Views\\pages\\users\\home.php')
 4 SYSTEMPATH\View\View.php(216): CodeIgniter\View\View->CodeIgniter\View\{closure}()
 5 SYSTEMPATH\Common.php(1142): CodeIgniter\View\View->render('pages/users/home', [], true)
 6 APPPATH\Controllers\User\Home.php(11): view('pages/users/home')
 7 SYSTEMPATH\CodeIgniter.php(907): App\Controllers\User\Home->index()
 8 SYSTEMPATH\CodeIgniter.php(457): CodeIgniter\CodeIgniter->runController(Object(App\Controllers\User\Home))
 9 SYSTEMPATH\CodeIgniter.php(340): CodeIgniter\CodeIgniter->handleRequest(null, Object(Config\Cache), false)
10 FCPATH\index.php(67): CodeIgniter\CodeIgniter->run()
11 SYSTEMPATH\Commands\Server\rewrite.php(43): require_once('FCPATH\\index.php')
CRITICAL - 2022-09-29 02:24:10 --> Constant FCPATH already defined
in APPPATH\Views\pages\users\home.php on line 16.
 1 [internal function]: CodeIgniter\Debug\Exceptions->errorHandler(2, 'Constant FCPATH already defined', 'APPPATH\\Views\\pages\\users\\home.php', 16)
 2 APPPATH\Views\pages\users\home.php(16): define('FCPATH', 'APPPATH\\Views\\pages\\users')
 3 SYSTEMPATH\View\View.php(213): include('APPPATH\\Views\\pages\\users\\home.php')
 4 SYSTEMPATH\View\View.php(216): CodeIgniter\View\View->CodeIgniter\View\{closure}()
 5 SYSTEMPATH\Common.php(1142): CodeIgniter\View\View->render('pages/users/home', [], true)
 6 APPPATH\Controllers\User\Home.php(11): view('pages/users/home')
 7 SYSTEMPATH\CodeIgniter.php(907): App\Controllers\User\Home->index()
 8 SYSTEMPATH\CodeIgniter.php(457): CodeIgniter\CodeIgniter->runController(Object(App\Controllers\User\Home))
 9 SYSTEMPATH\CodeIgniter.php(340): CodeIgniter\CodeIgniter->handleRequest(null, Object(Config\Cache), false)
10 FCPATH\index.php(67): CodeIgniter\CodeIgniter->run()
11 SYSTEMPATH\Commands\Server\rewrite.php(43): require_once('FCPATH\\index.php')
