ERROR - 2022-11-30 06:02:13 --> mysqli_sql_exception: Table 'db_kas.tb_datapengguna' doesn't exist in D:\00. KULIAH\2. UNIVERSITAS JANABADRA\Semester 3\Pengembangan Aplikasi WEB\Tugas Akhir\kas_masjid\vendor\codeigniter4\framework\system\Database\MySQLi\Connection.php:292
Stack trace:
#0 D:\00. KULIAH\2. UNIVERSITAS JANABADRA\Semester 3\Pengembangan Aplikasi WEB\Tugas Akhir\kas_masjid\vendor\codeigniter4\framework\system\Database\MySQLi\Connection.php(292): mysqli->query('SELECT *\nFROM `...', 0)
#1 D:\00. KULIAH\2. UNIVERSITAS JANABADRA\Semester 3\Pengembangan Aplikasi WEB\Tugas Akhir\kas_masjid\vendor\codeigniter4\framework\system\Database\BaseConnection.php(666): CodeIgniter\Database\MySQLi\Connection->execute('SELECT *\nFROM `...')
#2 D:\00. KULIAH\2. UNIVERSITAS JANABADRA\Semester 3\Pengembangan Aplikasi WEB\Tugas Akhir\kas_masjid\vendor\codeigniter4\framework\system\Database\BaseConnection.php(593): CodeIgniter\Database\BaseConnection->simpleQuery('SELECT *\nFROM `...')
#3 D:\00. KULIAH\2. UNIVERSITAS JANABADRA\Semester 3\Pengembangan Aplikasi WEB\Tugas Akhir\kas_masjid\vendor\codeigniter4\framework\system\Database\BaseBuilder.php(1585): CodeIgniter\Database\BaseConnection->query('SELECT *\nFROM `...', Array, false)
#4 D:\00. KULIAH\2. UNIVERSITAS JANABADRA\Semester 3\Pengembangan Aplikasi WEB\Tugas Akhir\kas_masjid\vendor\codeigniter4\framework\system\Model.php(250): CodeIgniter\Database\BaseBuilder->get()
#5 D:\00. KULIAH\2. UNIVERSITAS JANABADRA\Semester 3\Pengembangan Aplikasi WEB\Tugas Akhir\kas_masjid\vendor\codeigniter4\framework\system\BaseModel.php(623): CodeIgniter\Model->doFirst()
#6 D:\00. KULIAH\2. UNIVERSITAS JANABADRA\Semester 3\Pengembangan Aplikasi WEB\Tugas Akhir\kas_masjid\app\Controllers\LoginController.php(35): CodeIgniter\BaseModel->first()
#7 D:\00. KULIAH\2. UNIVERSITAS JANABADRA\Semester 3\Pengembangan Aplikasi WEB\Tugas Akhir\kas_masjid\vendor\codeigniter4\framework\system\CodeIgniter.php(927): App\Controllers\LoginController->login()
#8 D:\00. KULIAH\2. UNIVERSITAS JANABADRA\Semester 3\Pengembangan Aplikasi WEB\Tugas Akhir\kas_masjid\vendor\codeigniter4\framework\system\CodeIgniter.php(482): CodeIgniter\CodeIgniter->runController(Object(App\Controllers\LoginController))
#9 D:\00. KULIAH\2. UNIVERSITAS JANABADRA\Semester 3\Pengembangan Aplikasi WEB\Tugas Akhir\kas_masjid\vendor\codeigniter4\framework\system\CodeIgniter.php(351): CodeIgniter\CodeIgniter->handleRequest(NULL, Object(Config\Cache), false)
#10 D:\00. KULIAH\2. UNIVERSITAS JANABADRA\Semester 3\Pengembangan Aplikasi WEB\Tugas Akhir\kas_masjid\public\index.php(67): CodeIgniter\CodeIgniter->run()
#11 D:\00. KULIAH\2. UNIVERSITAS JANABADRA\Semester 3\Pengembangan Aplikasi WEB\Tugas Akhir\kas_masjid\vendor\codeigniter4\framework\system\Commands\Server\rewrite.php(46): require_once('D:\\00. KULIAH\\2...')
#12 {main}
CRITICAL - 2022-11-30 06:02:13 --> Table 'db_kas.tb_datapengguna' doesn't exist
in SYSTEMPATH\Database\MySQLi\Connection.php on line 292.
 1 SYSTEMPATH\Database\MySQLi\Connection.php(292): mysqli->query('SELECT *
FROM `tb_datapengguna`
WHERE `username` = \'ridho\'
 LIMIT 1', 0)
 2 SYSTEMPATH\Database\BaseConnection.php(666): CodeIgniter\Database\MySQLi\Connection->execute('SELECT *
FROM `tb_datapengguna`
WHERE `username` = \'ridho\'
 LIMIT 1')
 3 SYSTEMPATH\Database\BaseConnection.php(593): CodeIgniter\Database\BaseConnection->simpleQuery('SELECT *
FROM `tb_datapengguna`
WHERE `username` = \'ridho\'
 LIMIT 1')
 4 SYSTEMPATH\Database\BaseBuilder.php(1585): CodeIgniter\Database\BaseConnection->query('SELECT *
FROM `tb_datapengguna`
WHERE `username` = :username:
 LIMIT 1', [...], false)
 5 SYSTEMPATH\Model.php(250): CodeIgniter\Database\BaseBuilder->get()
 6 SYSTEMPATH\BaseModel.php(623): CodeIgniter\Model->doFirst()
 7 APPPATH\Controllers\LoginController.php(35): CodeIgniter\BaseModel->first()
 8 SYSTEMPATH\CodeIgniter.php(927): App\Controllers\LoginController->login()
 9 SYSTEMPATH\CodeIgniter.php(482): CodeIgniter\CodeIgniter->runController(Object(App\Controllers\LoginController))
10 SYSTEMPATH\CodeIgniter.php(351): CodeIgniter\CodeIgniter->handleRequest(null, Object(Config\Cache), false)
11 FCPATH\index.php(67): CodeIgniter\CodeIgniter->run()
12 SYSTEMPATH\Commands\Server\rewrite.php(46): require_once('FCPATH\\index.php')
CRITICAL - 2022-11-30 08:57:06 --> Invalid file: Hello.php
in SYSTEMPATH\Exceptions\FrameworkException.php on line 33.
 1 SYSTEMPATH\View\View.php(201): CodeIgniter\Exceptions\FrameworkException::forInvalidFile('Hello.php')
 2 SYSTEMPATH\Common.php(1134): CodeIgniter\View\View->render('Hello', [], true)
 3 APPPATH\Controllers\HomeController.php(11): view('Hello')
 4 SYSTEMPATH\CodeIgniter.php(927): App\Controllers\HomeController->home()
 5 SYSTEMPATH\CodeIgniter.php(482): CodeIgniter\CodeIgniter->runController(Object(App\Controllers\HomeController))
 6 SYSTEMPATH\CodeIgniter.php(351): CodeIgniter\CodeIgniter->handleRequest(null, Object(Config\Cache), false)
 7 FCPATH\index.php(67): CodeIgniter\CodeIgniter->run()
 8 SYSTEMPATH\Commands\Server\rewrite.php(46): require_once('FCPATH\\index.php')
CRITICAL - 2022-11-30 08:57:38 --> Invalid file: user.home
in SYSTEMPATH\Exceptions\FrameworkException.php on line 33.
 1 SYSTEMPATH\View\View.php(201): CodeIgniter\Exceptions\FrameworkException::forInvalidFile('user.home')
 2 SYSTEMPATH\Common.php(1134): CodeIgniter\View\View->render('user.home', [], true)
 3 APPPATH\Controllers\HomeController.php(11): view('user.home')
 4 SYSTEMPATH\CodeIgniter.php(927): App\Controllers\HomeController->home()
 5 SYSTEMPATH\CodeIgniter.php(482): CodeIgniter\CodeIgniter->runController(Object(App\Controllers\HomeController))
 6 SYSTEMPATH\CodeIgniter.php(351): CodeIgniter\CodeIgniter->handleRequest(null, Object(Config\Cache), false)
 7 FCPATH\index.php(67): CodeIgniter\CodeIgniter->run()
 8 SYSTEMPATH\Commands\Server\rewrite.php(46): require_once('FCPATH\\index.php')
CRITICAL - 2022-11-30 08:57:39 --> Invalid file: user.home
in SYSTEMPATH\Exceptions\FrameworkException.php on line 33.
 1 SYSTEMPATH\View\View.php(201): CodeIgniter\Exceptions\FrameworkException::forInvalidFile('user.home')
 2 SYSTEMPATH\Common.php(1134): CodeIgniter\View\View->render('user.home', [], true)
 3 APPPATH\Controllers\HomeController.php(11): view('user.home')
 4 SYSTEMPATH\CodeIgniter.php(927): App\Controllers\HomeController->home()
 5 SYSTEMPATH\CodeIgniter.php(482): CodeIgniter\CodeIgniter->runController(Object(App\Controllers\HomeController))
 6 SYSTEMPATH\CodeIgniter.php(351): CodeIgniter\CodeIgniter->handleRequest(null, Object(Config\Cache), false)
 7 FCPATH\index.php(67): CodeIgniter\CodeIgniter->run()
 8 SYSTEMPATH\Commands\Server\rewrite.php(46): require_once('FCPATH\\index.php')
CRITICAL - 2022-11-30 08:57:45 --> Invalid file: pages.user.home
in SYSTEMPATH\Exceptions\FrameworkException.php on line 33.
 1 SYSTEMPATH\View\View.php(201): CodeIgniter\Exceptions\FrameworkException::forInvalidFile('pages.user.home')
 2 SYSTEMPATH\Common.php(1134): CodeIgniter\View\View->render('pages.user.home', [], true)
 3 APPPATH\Controllers\HomeController.php(11): view('pages.user.home')
 4 SYSTEMPATH\CodeIgniter.php(927): App\Controllers\HomeController->home()
 5 SYSTEMPATH\CodeIgniter.php(482): CodeIgniter\CodeIgniter->runController(Object(App\Controllers\HomeController))
 6 SYSTEMPATH\CodeIgniter.php(351): CodeIgniter\CodeIgniter->handleRequest(null, Object(Config\Cache), false)
 7 FCPATH\index.php(67): CodeIgniter\CodeIgniter->run()
 8 SYSTEMPATH\Commands\Server\rewrite.php(46): require_once('FCPATH\\index.php')
CRITICAL - 2022-11-30 08:57:46 --> Invalid file: pages.user.home
in SYSTEMPATH\Exceptions\FrameworkException.php on line 33.
 1 SYSTEMPATH\View\View.php(201): CodeIgniter\Exceptions\FrameworkException::forInvalidFile('pages.user.home')
 2 SYSTEMPATH\Common.php(1134): CodeIgniter\View\View->render('pages.user.home', [], true)
 3 APPPATH\Controllers\HomeController.php(11): view('pages.user.home')
 4 SYSTEMPATH\CodeIgniter.php(927): App\Controllers\HomeController->home()
 5 SYSTEMPATH\CodeIgniter.php(482): CodeIgniter\CodeIgniter->runController(Object(App\Controllers\HomeController))
 6 SYSTEMPATH\CodeIgniter.php(351): CodeIgniter\CodeIgniter->handleRequest(null, Object(Config\Cache), false)
 7 FCPATH\index.php(67): CodeIgniter\CodeIgniter->run()
 8 SYSTEMPATH\Commands\Server\rewrite.php(46): require_once('FCPATH\\index.php')
